[ 2016-09-05T14:06:26+08:00 ] 127.0.0.1 /signup/
INFO: [ app_init ] --START--
INFO: Run Behavior\BuildLiteBehavior [ RunTime:0.000024s ]
INFO: [ app_init ] --END-- [ RunTime:0.010638s ]
INFO: [ app_begin ] --START--
INFO: Run Behavior\ReadHtmlCacheBehavior [ RunTime:0.014971s ]
INFO: [ app_begin ] --END-- [ RunTime:0.015031s ]
INFO: [ view_parse ] --START--
INFO: [ template_filter ] --START--
INFO: Run Behavior\ContentReplaceBehavior [ RunTime:0.014368s ]
INFO: [ template_filter ] --END-- [ RunTime:0.014447s ]
INFO: Run Behavior\ParseTemplateBehavior [ RunTime:0.081880s ]
INFO: [ view_parse ] --END-- [ RunTime:0.081986s ]
INFO: [ view_filter ] --START--
INFO: Run Behavior\WriteHtmlCacheBehavior [ RunTime:0.011109s ]
INFO: [ view_filter ] --END-- [ RunTime:0.011167s ]
INFO: [ app_end ] --START--
INFO: Run Behavior\ShowPageTraceBehavior [ RunTime:0.008250s ]
INFO: [ app_end ] --END-- [ RunTime:0.008287s ]

[ 2016-09-05T17:14:43+08:00 ] 127.0.0.1 /signup/
INFO: [ app_init ] --START--
INFO: Run Behavior\BuildLiteBehavior [ RunTime:0.000022s ]
INFO: [ app_init ] --END-- [ RunTime:0.009930s ]
INFO: [ app_begin ] --START--
INFO: Run Behavior\ReadHtmlCacheBehavior [ RunTime:0.014941s ]
INFO: [ app_begin ] --END-- [ RunTime:0.015009s ]
INFO: [ view_parse ] --START--
INFO: [ template_filter ] --START--
INFO: Run Behavior\ContentReplaceBehavior [ RunTime:0.024637s ]
INFO: [ template_filter ] --END-- [ RunTime:0.024702s ]
INFO: Run Behavior\ParseTemplateBehavior [ RunTime:0.093974s ]
INFO: [ view_parse ] --END-- [ RunTime:0.094047s ]
INFO: [ view_filter ] --START--
INFO: Run Behavior\WriteHtmlCacheBehavior [ RunTime:0.010169s ]
INFO: [ view_filter ] --END-- [ RunTime:0.010214s ]
INFO: [ app_end ] --START--
INFO: Run Behavior\ShowPageTraceBehavior [ RunTime:0.008402s ]
INFO: [ app_end ] --END-- [ RunTime:0.008449s ]

[ 2016-09-05T17:23:08+08:00 ] 127.0.0.1 /signup/
INFO: [ app_init ] --START--
INFO: Run Behavior\BuildLiteBehavior [ RunTime:0.000023s ]
INFO: [ app_init ] --END-- [ RunTime:0.023815s ]
INFO: [ app_begin ] --START--
INFO: Run Behavior\ReadHtmlCacheBehavior [ RunTime:0.015147s ]
INFO: [ app_begin ] --END-- [ RunTime:0.015231s ]
INFO: [ view_parse ] --START--
INFO: [ template_filter ] --START--
INFO: Run Behavior\ContentReplaceBehavior [ RunTime:0.025276s ]
INFO: [ template_filter ] --END-- [ RunTime:0.025342s ]
INFO: Run Behavior\ParseTemplateBehavior [ RunTime:0.138079s ]
INFO: [ view_parse ] --END-- [ RunTime:0.138153s ]
INFO: [ view_filter ] --START--
INFO: Run Behavior\WriteHtmlCacheBehavior [ RunTime:0.010395s ]
INFO: [ view_filter ] --END-- [ RunTime:0.010435s ]
INFO: [ app_end ] --START--
INFO: Run Behavior\ShowPageTraceBehavior [ RunTime:0.008253s ]
INFO: [ app_end ] --END-- [ RunTime:0.008287s ]

[ 2016-09-05T17:28:50+08:00 ] 127.0.0.1 /signup/index.php/Home/Index/login.html
INFO: [ app_init ] --START--
INFO: Run Behavior\BuildLiteBehavior [ RunTime:0.000012s ]
INFO: [ app_init ] --END-- [ RunTime:0.000701s ]
INFO: [ app_begin ] --START--
INFO: Run Behavior\ReadHtmlCacheBehavior [ RunTime:0.000704s ]
INFO: [ app_begin ] --END-- [ RunTime:0.000740s ]
SQL: SHOW COLUMNS FROM `reg_student` [ RunTime:0.1230s ]
SQL: SELECT * FROM `reg_student` WHERE `code` = 'cehui1701' LIMIT 1   [ RunTime:0.0080s ]
INFO: [ view_parse ] --START--
INFO: [ template_filter ] --START--
INFO: Run Behavior\ContentReplaceBehavior [ RunTime:0.000029s ]
INFO: [ template_filter ] --END-- [ RunTime:0.000068s ]
INFO: Run Behavior\ParseTemplateBehavior [ RunTime:0.005719s ]
INFO: [ view_parse ] --END-- [ RunTime:0.005767s ]
INFO: [ view_filter ] --START--
INFO: Run Behavior\WriteHtmlCacheBehavior [ RunTime:0.000660s ]
INFO: [ view_filter ] --END-- [ RunTime:0.000691s ]

[ 2016-09-05T17:32:05+08:00 ] 127.0.0.1 /signup/index.php/Home/Index/login.html
INFO: [ app_init ] --START--
INFO: Run Behavior\BuildLiteBehavior [ RunTime:0.000010s ]
INFO: [ app_init ] --END-- [ RunTime:0.000604s ]
INFO: [ app_begin ] --START--
INFO: Run Behavior\ReadHtmlCacheBehavior [ RunTime:0.000669s ]
INFO: [ app_begin ] --END-- [ RunTime:0.000707s ]
SQL: SHOW COLUMNS FROM `reg_student` [ RunTime:0.0040s ]
SQL: SELECT * FROM `reg_student` WHERE `code` = 'jsj1693' LIMIT 1   [ RunTime:0.0003s ]

[ 2016-09-05T17:32:05+08:00 ] 127.0.0.1 /signup/index.php/Home/Student/index.html
INFO: [ app_init ] --START--
INFO: Run Behavior\BuildLiteBehavior [ RunTime:0.000009s ]
INFO: [ app_init ] --END-- [ RunTime:0.000490s ]
INFO: [ app_begin ] --START--
INFO: Run Behavior\ReadHtmlCacheBehavior [ RunTime:0.000580s ]
INFO: [ app_begin ] --END-- [ RunTime:0.000616s ]
SQL: SHOW COLUMNS FROM `reg_student` [ RunTime:0.0040s ]
SQL: SELECT * FROM `reg_student` WHERE `id` = 61 AND `code` = 'jsj1693' LIMIT 1   [ RunTime:0.0003s ]
SQL: SHOW COLUMNS FROM `reg_match` [ RunTime:0.0038s ]
SQL: SELECT * FROM `reg_match` WHERE `id` = 169 LIMIT 1   [ RunTime:0.0003s ]
INFO: [ view_parse ] --START--
INFO: [ template_filter ] --START--
INFO: Run Behavior\ContentReplaceBehavior [ RunTime:0.000045s ]
INFO: [ template_filter ] --END-- [ RunTime:0.000087s ]
INFO: Run Behavior\ParseTemplateBehavior [ RunTime:0.007636s ]
INFO: [ view_parse ] --END-- [ RunTime:0.007676s ]
INFO: [ view_filter ] --START--
INFO: Run Behavior\WriteHtmlCacheBehavior [ RunTime:0.000558s ]
INFO: [ view_filter ] --END-- [ RunTime:0.000587s ]
INFO: [ app_end ] --START--
INFO: Run Behavior\ShowPageTraceBehavior [ RunTime:0.000714s ]
INFO: [ app_end ] --END-- [ RunTime:0.000743s ]

[ 2016-09-05T17:32:52+08:00 ] 127.0.0.1 /signup/index.php/Home/Student/runUpload.html
INFO: [ app_init ] --START--
INFO: Run Behavior\BuildLiteBehavior [ RunTime:0.000011s ]
INFO: [ app_init ] --END-- [ RunTime:0.000572s ]
INFO: [ app_begin ] --START--
INFO: Run Behavior\ReadHtmlCacheBehavior [ RunTime:0.000597s ]
INFO: [ app_begin ] --END-- [ RunTime:0.000633s ]
SQL: SHOW COLUMNS FROM `reg_student` [ RunTime:0.0055s ]
SQL: SELECT * FROM `reg_student` WHERE `id` = 61 AND `code` = 'jsj1693' LIMIT 1   [ RunTime:0.0004s ]
SQL: SHOW COLUMNS FROM `reg_match` [ RunTime:0.0039s ]
SQL: SELECT * FROM `reg_match` WHERE `id` = 169 LIMIT 1   [ RunTime:0.0003s ]
SQL: SHOW COLUMNS FROM `reg_reginfo` [ RunTime:0.0036s ]
SQL: SELECT * FROM `reg_reginfo` WHERE `code` = 'jsj1693' LIMIT 1   [ RunTime:0.0003s ]
NOTIC: [2] call_user_func() expects parameter 1 to be a valid callback, no array or string given D:\phpStudy\WWW\signup\ThinkPHP\Library\Think\Upload.class.php 第 170 行.
NOTIC: [2] finfo_file(): Empty filename or path D:\phpStudy\WWW\signup\ThinkPHP\Library\Think\Upload.class.php 第 152 行.
NOTIC: [2] finfo_file(): Empty filename or path D:\phpStudy\WWW\signup\ThinkPHP\Library\Think\Upload.class.php 第 152 行.
NOTIC: [2] finfo_file(): Empty filename or path D:\phpStudy\WWW\signup\ThinkPHP\Library\Think\Upload.class.php 第 152 行.
SQL: INSERT INTO `reg_reginfo` (`code`,`stuid`,`team`,`title`,`info`,`teaminfo`,`collegeid`,`matchid`,`fileroute`,`date`,`status`) VALUES ('jsj1693','61','测试空白队员','我是来测试的','测试一下下','[\"1\",\"2\",\"\",\"3\",\"4\"]','6','169','[{\"key\":\"file\",\"name\":\"\\u5934\\u50cf.png\",\"type\":\"image\\/png\",\"size\":163121,\"ext\":\"png\",\"savename\":\"57cd3bc3f0815.png\",\"savepath\":\"\\/Match\\/Stu\\/jsj1693\\/\"}]','1473067972','0') [ RunTime:0.0182s ]
INFO: [ view_parse ] --START--
INFO: [ template_filter ] --START--
INFO: Run Behavior\ContentReplaceBehavior [ RunTime:0.000028s ]
INFO: [ template_filter ] --END-- [ RunTime:0.000070s ]
INFO: Run Behavior\ParseTemplateBehavior [ RunTime:0.008467s ]
INFO: [ view_parse ] --END-- [ RunTime:0.008511s ]
INFO: [ view_filter ] --START--
INFO: Run Behavior\WriteHtmlCacheBehavior [ RunTime:0.000892s ]
INFO: [ view_filter ] --END-- [ RunTime:0.000924s ]
INFO: [ app_end ] --START--
INFO: Run Behavior\ShowPageTraceBehavior [ RunTime:0.001055s ]
INFO: [ app_end ] --END-- [ RunTime:0.001086s ]

[ 2016-09-05T17:32:53+08:00 ] 127.0.0.1 /signup/index.php/Home/Student/index.html
INFO: [ app_init ] --START--
INFO: Run Behavior\BuildLiteBehavior [ RunTime:0.000011s ]
INFO: [ app_init ] --END-- [ RunTime:0.000686s ]
INFO: [ app_begin ] --START--
INFO: Run Behavior\ReadHtmlCacheBehavior [ RunTime:0.000803s ]
INFO: [ app_begin ] --END-- [ RunTime:0.000844s ]
SQL: SHOW COLUMNS FROM `reg_student` [ RunTime:0.0058s ]
SQL: SELECT * FROM `reg_student` WHERE `id` = 61 AND `code` = 'jsj1693' LIMIT 1   [ RunTime:0.0004s ]
SQL: SHOW COLUMNS FROM `reg_match` [ RunTime:0.0038s ]
SQL: SELECT * FROM `reg_match` WHERE `id` = 169 LIMIT 1   [ RunTime:0.0003s ]
INFO: [ view_parse ] --START--
INFO: [ template_filter ] --START--
INFO: Run Behavior\ContentReplaceBehavior [ RunTime:0.000040s ]
INFO: [ template_filter ] --END-- [ RunTime:0.000080s ]
INFO: Run Behavior\ParseTemplateBehavior [ RunTime:0.009177s ]
INFO: [ view_parse ] --END-- [ RunTime:0.009221s ]
INFO: [ view_filter ] --START--
INFO: Run Behavior\WriteHtmlCacheBehavior [ RunTime:0.000649s ]
INFO: [ view_filter ] --END-- [ RunTime:0.000678s ]
INFO: [ app_end ] --START--
INFO: Run Behavior\ShowPageTraceBehavior [ RunTime:0.000798s ]
INFO: [ app_end ] --END-- [ RunTime:0.000828s ]

[ 2016-09-05T17:40:01+08:00 ] 127.0.0.1 /signup/index.php/Home/Index/logout/type/student.html
INFO: [ app_init ] --START--
INFO: Run Behavior\BuildLiteBehavior [ RunTime:0.000016s ]
INFO: [ app_init ] --END-- [ RunTime:0.001046s ]
INFO: [ app_begin ] --START--
INFO: Run Behavior\ReadHtmlCacheBehavior [ RunTime:0.000790s ]
INFO: [ app_begin ] --END-- [ RunTime:0.000828s ]
INFO: [ view_parse ] --START--
INFO: [ template_filter ] --START--
INFO: Run Behavior\ContentReplaceBehavior [ RunTime:0.000029s ]
INFO: [ template_filter ] --END-- [ RunTime:0.000072s ]
INFO: Run Behavior\ParseTemplateBehavior [ RunTime:0.007378s ]
INFO: [ view_parse ] --END-- [ RunTime:0.007436s ]
INFO: [ view_filter ] --START--
INFO: Run Behavior\WriteHtmlCacheBehavior [ RunTime:0.000790s ]
INFO: [ view_filter ] --END-- [ RunTime:0.000836s ]
INFO: [ app_end ] --START--
INFO: Run Behavior\ShowPageTraceBehavior [ RunTime:0.000813s ]
INFO: [ app_end ] --END-- [ RunTime:0.000845s ]

[ 2016-09-05T17:40:03+08:00 ] 127.0.0.1 /signup/index.php/Home/Index/index.html
INFO: [ app_init ] --START--
INFO: Run Behavior\BuildLiteBehavior [ RunTime:0.000010s ]
INFO: [ app_init ] --END-- [ RunTime:0.000774s ]
INFO: [ app_begin ] --START--
INFO: Run Behavior\ReadHtmlCacheBehavior [ RunTime:0.000786s ]
INFO: [ app_begin ] --END-- [ RunTime:0.000832s ]
INFO: [ view_parse ] --START--
INFO: [ template_filter ] --START--
INFO: Run Behavior\ContentReplaceBehavior [ RunTime:0.000024s ]
INFO: [ template_filter ] --END-- [ RunTime:0.000060s ]
INFO: Run Behavior\ParseTemplateBehavior [ RunTime:0.006880s ]
INFO: [ view_parse ] --END-- [ RunTime:0.006924s ]
INFO: [ view_filter ] --START--
INFO: Run Behavior\WriteHtmlCacheBehavior [ RunTime:0.000674s ]
INFO: [ view_filter ] --END-- [ RunTime:0.000707s ]
INFO: [ app_end ] --START--
INFO: Run Behavior\ShowPageTraceBehavior [ RunTime:0.000767s ]
INFO: [ app_end ] --END-- [ RunTime:0.000794s ]

[ 2016-09-05T17:40:18+08:00 ] 127.0.0.1 /signup/index.php/Home/Index/login.html
INFO: [ app_init ] --START--
INFO: Run Behavior\BuildLiteBehavior [ RunTime:0.000009s ]
INFO: [ app_init ] --END-- [ RunTime:0.000665s ]
INFO: [ app_begin ] --START--
INFO: Run Behavior\ReadHtmlCacheBehavior [ RunTime:0.000705s ]
INFO: [ app_begin ] --END-- [ RunTime:0.000742s ]
SQL: SHOW COLUMNS FROM `reg_teacher` [ RunTime:0.0825s ]
SQL: SELECT * FROM `reg_teacher` WHERE `code` = 'hpu1691t' LIMIT 1   [ RunTime:0.0178s ]

[ 2016-09-05T17:40:18+08:00 ] 127.0.0.1 /signup/index.php/Home/Teacher/index.html
INFO: [ app_init ] --START--
INFO: Run Behavior\BuildLiteBehavior [ RunTime:0.000009s ]
INFO: [ app_init ] --END-- [ RunTime:0.000591s ]
INFO: [ app_begin ] --START--
INFO: Run Behavior\ReadHtmlCacheBehavior [ RunTime:0.000894s ]
INFO: [ app_begin ] --END-- [ RunTime:0.000947s ]
SQL: SHOW COLUMNS FROM `reg_teacher` [ RunTime:0.0041s ]
SQL: SELECT * FROM `reg_teacher` WHERE `id` = 104 AND `code` = 'hpu1691t' LIMIT 1   [ RunTime:0.0003s ]
SQL: SHOW COLUMNS FROM `reg_college` [ RunTime:0.0037s ]
SQL: SELECT * FROM `reg_college` WHERE `id` = null LIMIT 1   [ RunTime:0.0003s ]
SQL: SHOW COLUMNS FROM `reg_match` [ RunTime:0.0038s ]
SQL: SELECT * FROM `reg_match` WHERE `id` = 169 LIMIT 1   [ RunTime:0.0003s ]
SQL: SHOW COLUMNS FROM `reg_reginfo` [ RunTime:0.0036s ]
NOTIC: [8] Undefined index: p D:\phpStudy\WWW\signup\App\Home\Controller\TeacherController.class.php 第 50 行.
NOTIC: [8] Undefined index: limit D:\phpStudy\WWW\signup\ThinkPHP\Library\Think\Db\Driver.class.php 第 961 行.
SQL: SELECT * FROM `reg_reginfo` WHERE `matchid` = 169 ORDER BY id asc LIMIT 0,20   [ RunTime:0.0004s ]
SQL: SELECT COUNT(*) AS tp_count FROM `reg_reginfo` WHERE `matchid` = 169 LIMIT 1   [ RunTime:0.0002s ]
INFO: [ view_parse ] --START--
INFO: [ template_filter ] --START--
INFO: Run Behavior\ContentReplaceBehavior [ RunTime:0.000032s ]
INFO: [ template_filter ] --END-- [ RunTime:0.000069s ]
INFO: Run Behavior\ParseTemplateBehavior [ RunTime:0.008057s ]
INFO: [ view_parse ] --END-- [ RunTime:0.008095s ]
INFO: [ view_filter ] --START--
INFO: Run Behavior\WriteHtmlCacheBehavior [ RunTime:0.000638s ]
INFO: [ view_filter ] --END-- [ RunTime:0.000665s ]
INFO: [ app_end ] --START--
INFO: Run Behavior\ShowPageTraceBehavior [ RunTime:0.000757s ]
INFO: [ app_end ] --END-- [ RunTime:0.000782s ]

[ 2016-09-05T17:41:33+08:00 ] 127.0.0.1 /signup/index.php/Home/Teacher/index.html
INFO: [ app_init ] --START--
INFO: Run Behavior\BuildLiteBehavior [ RunTime:0.000010s ]
INFO: [ app_init ] --END-- [ RunTime:0.000623s ]
INFO: [ app_begin ] --START--
INFO: Run Behavior\ReadHtmlCacheBehavior [ RunTime:0.000876s ]
INFO: [ app_begin ] --END-- [ RunTime:0.000920s ]
SQL: SHOW COLUMNS FROM `reg_teacher` [ RunTime:0.0048s ]
SQL: SELECT * FROM `reg_teacher` WHERE `id` = 104 AND `code` = 'hpu1691t' LIMIT 1   [ RunTime:0.0004s ]
SQL: SHOW COLUMNS FROM `reg_college` [ RunTime:0.0037s ]
SQL: SELECT * FROM `reg_college` WHERE `id` = null LIMIT 1   [ RunTime:0.0003s ]
SQL: SHOW COLUMNS FROM `reg_match` [ RunTime:0.0036s ]
SQL: SELECT * FROM `reg_match` WHERE `id` = 169 LIMIT 1   [ RunTime:0.0003s ]
SQL: SHOW COLUMNS FROM `reg_reginfo` [ RunTime:0.0038s ]
NOTIC: [8] Undefined index: p D:\phpStudy\WWW\signup\App\Home\Controller\TeacherController.class.php 第 50 行.
NOTIC: [8] Undefined index: limit D:\phpStudy\WWW\signup\ThinkPHP\Library\Think\Db\Driver.class.php 第 961 行.
SQL: SELECT * FROM `reg_reginfo` WHERE `matchid` = 169 ORDER BY id asc LIMIT 0,20   [ RunTime:0.0005s ]
SQL: SELECT COUNT(*) AS tp_count FROM `reg_reginfo` WHERE `matchid` = 169 LIMIT 1   [ RunTime:0.0003s ]
INFO: [ view_parse ] --START--
INFO: [ template_filter ] --START--
INFO: Run Behavior\ContentReplaceBehavior [ RunTime:0.000032s ]
INFO: [ template_filter ] --END-- [ RunTime:0.000072s ]
INFO: Run Behavior\ParseTemplateBehavior [ RunTime:0.007760s ]
INFO: [ view_parse ] --END-- [ RunTime:0.007801s ]
INFO: [ view_filter ] --START--
INFO: Run Behavior\WriteHtmlCacheBehavior [ RunTime:0.000617s ]
INFO: [ view_filter ] --END-- [ RunTime:0.000644s ]
INFO: [ app_end ] --START--
INFO: Run Behavior\ShowPageTraceBehavior [ RunTime:0.000787s ]
INFO: [ app_end ] --END-- [ RunTime:0.000814s ]

[ 2016-09-05T17:41:43+08:00 ] 127.0.0.1 /signup/index.php/Home/Teacher/index.html
INFO: [ app_init ] --START--
INFO: Run Behavior\BuildLiteBehavior [ RunTime:0.000014s ]
INFO: [ app_init ] --END-- [ RunTime:0.000702s ]
INFO: [ app_begin ] --START--
INFO: Run Behavior\ReadHtmlCacheBehavior [ RunTime:0.001045s ]
INFO: [ app_begin ] --END-- [ RunTime:0.001102s ]
SQL: SHOW COLUMNS FROM `reg_teacher` [ RunTime:0.0041s ]
SQL: SELECT * FROM `reg_teacher` WHERE `id` = 104 AND `code` = 'hpu1691t' LIMIT 1   [ RunTime:0.0004s ]
SQL: SHOW COLUMNS FROM `reg_college` [ RunTime:0.0036s ]
SQL: SELECT * FROM `reg_college` WHERE `id` = null LIMIT 1   [ RunTime:0.0003s ]
SQL: SHOW COLUMNS FROM `reg_match` [ RunTime:0.0046s ]
SQL: SELECT * FROM `reg_match` WHERE `id` = 169 LIMIT 1   [ RunTime:0.0003s ]
SQL: SHOW COLUMNS FROM `reg_reginfo` [ RunTime:0.0041s ]
NOTIC: [8] Undefined index: p D:\phpStudy\WWW\signup\App\Home\Controller\TeacherController.class.php 第 50 行.
NOTIC: [8] Undefined index: limit D:\phpStudy\WWW\signup\ThinkPHP\Library\Think\Db\Driver.class.php 第 961 行.
SQL: SELECT * FROM `reg_reginfo` WHERE `matchid` = 169 ORDER BY id asc LIMIT 0,20   [ RunTime:0.0004s ]
SQL: SELECT COUNT(*) AS tp_count FROM `reg_reginfo` WHERE `matchid` = 169 LIMIT 1   [ RunTime:0.0002s ]
INFO: [ view_parse ] --START--
INFO: [ template_filter ] --START--
INFO: Run Behavior\ContentReplaceBehavior [ RunTime:0.000033s ]
INFO: [ template_filter ] --END-- [ RunTime:0.000067s ]
NOTIC: [2] date() expects parameter 2 to be integer, string given D:\phpStudy\WWW\signup\App\Runtime\Cache\Home\8e5fca75fb24ee56cf23213399bf09c4.php 第 93 行.
NOTIC: [2] date() expects parameter 2 to be integer, string given D:\phpStudy\WWW\signup\App\Runtime\Cache\Home\8e5fca75fb24ee56cf23213399bf09c4.php 第 93 行.
NOTIC: [2] date() expects parameter 2 to be integer, string given D:\phpStudy\WWW\signup\App\Runtime\Cache\Home\8e5fca75fb24ee56cf23213399bf09c4.php 第 93 行.
INFO: Run Behavior\ParseTemplateBehavior [ RunTime:0.007652s ]
INFO: [ view_parse ] --END-- [ RunTime:0.007696s ]
INFO: [ view_filter ] --START--
INFO: Run Behavior\WriteHtmlCacheBehavior [ RunTime:0.001128s ]
INFO: [ view_filter ] --END-- [ RunTime:0.001207s ]
INFO: [ app_end ] --START--
INFO: Run Behavior\ShowPageTraceBehavior [ RunTime:0.000961s ]
INFO: [ app_end ] --END-- [ RunTime:0.000996s ]

[ 2016-09-05T17:42:06+08:00 ] 127.0.0.1 /signup/index.php/Home/Teacher/index.html
INFO: [ app_init ] --START--
INFO: Run Behavior\BuildLiteBehavior [ RunTime:0.000011s ]
INFO: [ app_init ] --END-- [ RunTime:0.000774s ]
INFO: [ app_begin ] --START--
INFO: Run Behavior\ReadHtmlCacheBehavior [ RunTime:0.000778s ]
INFO: [ app_begin ] --END-- [ RunTime:0.000815s ]
SQL: SHOW COLUMNS FROM `reg_teacher` [ RunTime:0.0040s ]
SQL: SELECT * FROM `reg_teacher` WHERE `id` = 104 AND `code` = 'hpu1691t' LIMIT 1   [ RunTime:0.0003s ]
SQL: SHOW COLUMNS FROM `reg_college` [ RunTime:0.0038s ]
SQL: SELECT * FROM `reg_college` WHERE `id` = null LIMIT 1   [ RunTime:0.0003s ]
SQL: SHOW COLUMNS FROM `reg_match` [ RunTime:0.0037s ]
SQL: SELECT * FROM `reg_match` WHERE `id` = 169 LIMIT 1   [ RunTime:0.0003s ]
SQL: SHOW COLUMNS FROM `reg_reginfo` [ RunTime:0.0040s ]
NOTIC: [8] Undefined index: p D:\phpStudy\WWW\signup\App\Home\Controller\TeacherController.class.php 第 50 行.
NOTIC: [8] Undefined index: limit D:\phpStudy\WWW\signup\ThinkPHP\Library\Think\Db\Driver.class.php 第 961 行.
SQL: SELECT * FROM `reg_reginfo` WHERE `matchid` = 169 ORDER BY id asc LIMIT 0,20   [ RunTime:0.0004s ]
SQL: SELECT COUNT(*) AS tp_count FROM `reg_reginfo` WHERE `matchid` = 169 LIMIT 1   [ RunTime:0.0002s ]
INFO: [ view_parse ] --START--
INFO: [ template_filter ] --START--
INFO: Run Behavior\ContentReplaceBehavior [ RunTime:0.000038s ]
INFO: [ template_filter ] --END-- [ RunTime:0.000075s ]
INFO: Run Behavior\ParseTemplateBehavior [ RunTime:0.007521s ]
INFO: [ view_parse ] --END-- [ RunTime:0.007567s ]
INFO: [ view_filter ] --START--
INFO: Run Behavior\WriteHtmlCacheBehavior [ RunTime:0.000607s ]
INFO: [ view_filter ] --END-- [ RunTime:0.000634s ]
INFO: [ app_end ] --START--
INFO: Run Behavior\ShowPageTraceBehavior [ RunTime:0.000759s ]
INFO: [ app_end ] --END-- [ RunTime:0.000786s ]

[ 2016-09-05T17:42:56+08:00 ] 127.0.0.1 /signup/index.php/Home/Teacher/index.html
INFO: [ app_init ] --START--
INFO: Run Behavior\BuildLiteBehavior [ RunTime:0.000010s ]
INFO: [ app_init ] --END-- [ RunTime:0.000702s ]
INFO: [ app_begin ] --START--
INFO: Run Behavior\ReadHtmlCacheBehavior [ RunTime:0.000770s ]
INFO: [ app_begin ] --END-- [ RunTime:0.000807s ]
SQL: SHOW COLUMNS FROM `reg_teacher` [ RunTime:0.0063s ]
SQL: SELECT * FROM `reg_teacher` WHERE `id` = 104 AND `code` = 'hpu1691t' LIMIT 1   [ RunTime:0.0003s ]
SQL: SHOW COLUMNS FROM `reg_college` [ RunTime:0.0035s ]
SQL: SELECT * FROM `reg_college` WHERE `id` = null LIMIT 1   [ RunTime:0.0003s ]
SQL: SHOW COLUMNS FROM `reg_match` [ RunTime:0.0039s ]
SQL: SELECT * FROM `reg_match` WHERE `id` = 169 LIMIT 1   [ RunTime:0.0003s ]
SQL: SHOW COLUMNS FROM `reg_reginfo` [ RunTime:0.0043s ]
NOTIC: [8] Undefined index: p D:\phpStudy\WWW\signup\App\Home\Controller\TeacherController.class.php 第 50 行.
NOTIC: [8] Undefined index: limit D:\phpStudy\WWW\signup\ThinkPHP\Library\Think\Db\Driver.class.php 第 961 行.
SQL: SELECT * FROM `reg_reginfo` WHERE `matchid` = 169 ORDER BY id asc LIMIT 0,20   [ RunTime:0.0005s ]
SQL: SELECT COUNT(*) AS tp_count FROM `reg_reginfo` WHERE `matchid` = 169 LIMIT 1   [ RunTime:0.0002s ]
INFO: [ view_parse ] --START--
INFO: [ template_filter ] --START--
INFO: Run Behavior\ContentReplaceBehavior [ RunTime:0.000035s ]
INFO: [ template_filter ] --END-- [ RunTime:0.000076s ]
INFO: Run Behavior\ParseTemplateBehavior [ RunTime:0.007628s ]
INFO: [ view_parse ] --END-- [ RunTime:0.007671s ]
INFO: [ view_filter ] --START--
INFO: Run Behavior\WriteHtmlCacheBehavior [ RunTime:0.000752s ]
INFO: [ view_filter ] --END-- [ RunTime:0.000787s ]
INFO: [ app_end ] --START--
INFO: Run Behavior\ShowPageTraceBehavior [ RunTime:0.000806s ]
INFO: [ app_end ] --END-- [ RunTime:0.000835s ]

[ 2016-09-05T17:42:58+08:00 ] 127.0.0.1 /signup/index.php/Home/Teacher/index.html
INFO: [ app_init ] --START--
INFO: Run Behavior\BuildLiteBehavior [ RunTime:0.000011s ]
INFO: [ app_init ] --END-- [ RunTime:0.000590s ]
INFO: [ app_begin ] --START--
INFO: Run Behavior\ReadHtmlCacheBehavior [ RunTime:0.000724s ]
INFO: [ app_begin ] --END-- [ RunTime:0.000760s ]
SQL: SHOW COLUMNS FROM `reg_teacher` [ RunTime:0.0054s ]
SQL: SELECT * FROM `reg_teacher` WHERE `id` = 104 AND `code` = 'hpu1691t' LIMIT 1   [ RunTime:0.0003s ]
SQL: SHOW COLUMNS FROM `reg_college` [ RunTime:0.0039s ]
SQL: SELECT * FROM `reg_college` WHERE `id` = null LIMIT 1   [ RunTime:0.0003s ]
SQL: SHOW COLUMNS FROM `reg_match` [ RunTime:0.0039s ]
SQL: SELECT * FROM `reg_match` WHERE `id` = 169 LIMIT 1   [ RunTime:0.0003s ]
SQL: SHOW COLUMNS FROM `reg_reginfo` [ RunTime:0.0038s ]
NOTIC: [8] Undefined index: p D:\phpStudy\WWW\signup\App\Home\Controller\TeacherController.class.php 第 50 行.
NOTIC: [8] Undefined index: limit D:\phpStudy\WWW\signup\ThinkPHP\Library\Think\Db\Driver.class.php 第 961 行.
SQL: SELECT * FROM `reg_reginfo` WHERE `matchid` = 169 ORDER BY id asc LIMIT 0,20   [ RunTime:0.0004s ]
SQL: SELECT COUNT(*) AS tp_count FROM `reg_reginfo` WHERE `matchid` = 169 LIMIT 1   [ RunTime:0.0002s ]
INFO: [ view_parse ] --START--
INFO: [ template_filter ] --START--
INFO: Run Behavior\ContentReplaceBehavior [ RunTime:0.000033s ]
INFO: [ template_filter ] --END-- [ RunTime:0.000074s ]
INFO: Run Behavior\ParseTemplateBehavior [ RunTime:0.008749s ]
INFO: [ view_parse ] --END-- [ RunTime:0.008785s ]
INFO: [ view_filter ] --START--
INFO: Run Behavior\WriteHtmlCacheBehavior [ RunTime:0.000617s ]
INFO: [ view_filter ] --END-- [ RunTime:0.000643s ]
INFO: [ app_end ] --START--
INFO: Run Behavior\ShowPageTraceBehavior [ RunTime:0.000784s ]
INFO: [ app_end ] --END-- [ RunTime:0.000810s ]

[ 2016-09-05T17:43:02+08:00 ] 127.0.0.1 /signup/index.php/Home/Teacher/index.html
INFO: [ app_init ] --START--
INFO: Run Behavior\BuildLiteBehavior [ RunTime:0.000011s ]
INFO: [ app_init ] --END-- [ RunTime:0.000715s ]
INFO: [ app_begin ] --START--
INFO: Run Behavior\ReadHtmlCacheBehavior [ RunTime:0.000797s ]
INFO: [ app_begin ] --END-- [ RunTime:0.000842s ]
SQL: SHOW COLUMNS FROM `reg_teacher` [ RunTime:0.0041s ]
SQL: SELECT * FROM `reg_teacher` WHERE `id` = 104 AND `code` = 'hpu1691t' LIMIT 1   [ RunTime:0.0004s ]
SQL: SHOW COLUMNS FROM `reg_college` [ RunTime:0.0042s ]
SQL: SELECT * FROM `reg_college` WHERE `id` = null LIMIT 1   [ RunTime:0.0003s ]
SQL: SHOW COLUMNS FROM `reg_match` [ RunTime:0.0040s ]
SQL: SELECT * FROM `reg_match` WHERE `id` = 169 LIMIT 1   [ RunTime:0.0003s ]
SQL: SHOW COLUMNS FROM `reg_reginfo` [ RunTime:0.0040s ]
NOTIC: [8] Undefined index: p D:\phpStudy\WWW\signup\App\Home\Controller\TeacherController.class.php 第 50 行.
NOTIC: [8] Undefined index: limit D:\phpStudy\WWW\signup\ThinkPHP\Library\Think\Db\Driver.class.php 第 961 行.
SQL: SELECT * FROM `reg_reginfo` WHERE `matchid` = 169 ORDER BY id asc LIMIT 0,20   [ RunTime:0.0004s ]
SQL: SELECT COUNT(*) AS tp_count FROM `reg_reginfo` WHERE `matchid` = 169 LIMIT 1   [ RunTime:0.0002s ]
INFO: [ view_parse ] --START--
INFO: [ template_filter ] --START--
INFO: Run Behavior\ContentReplaceBehavior [ RunTime:0.000035s ]
INFO: [ template_filter ] --END-- [ RunTime:0.000070s ]
NOTIC: [2] date() expects parameter 2 to be integer, string given D:\phpStudy\WWW\signup\App\Runtime\Cache\Home\8e5fca75fb24ee56cf23213399bf09c4.php 第 93 行.
INFO: Run Behavior\ParseTemplateBehavior [ RunTime:0.007775s ]
INFO: [ view_parse ] --END-- [ RunTime:0.007809s ]
INFO: [ view_filter ] --START--
INFO: Run Behavior\WriteHtmlCacheBehavior [ RunTime:0.000611s ]
INFO: [ view_filter ] --END-- [ RunTime:0.000647s ]
INFO: [ app_end ] --START--
INFO: Run Behavior\ShowPageTraceBehavior [ RunTime:0.000765s ]
INFO: [ app_end ] --END-- [ RunTime:0.000792s ]

[ 2016-09-05T17:43:13+08:00 ] 127.0.0.1 /signup/index.php/Home/Teacher/index.html
INFO: [ app_init ] --START--
INFO: Run Behavior\BuildLiteBehavior [ RunTime:0.000020s ]
INFO: [ app_init ] --END-- [ RunTime:0.000633s ]
INFO: [ app_begin ] --START--
INFO: Run Behavior\ReadHtmlCacheBehavior [ RunTime:0.000736s ]
INFO: [ app_begin ] --END-- [ RunTime:0.000770s ]
SQL: SHOW COLUMNS FROM `reg_teacher` [ RunTime:0.0060s ]
SQL: SELECT * FROM `reg_teacher` WHERE `id` = 104 AND `code` = 'hpu1691t' LIMIT 1   [ RunTime:0.0004s ]
SQL: SHOW COLUMNS FROM `reg_college` [ RunTime:0.0035s ]
SQL: SELECT * FROM `reg_college` WHERE `id` = null LIMIT 1   [ RunTime:0.0003s ]
SQL: SHOW COLUMNS FROM `reg_match` [ RunTime:0.0036s ]
SQL: SELECT * FROM `reg_match` WHERE `id` = 169 LIMIT 1   [ RunTime:0.0003s ]
SQL: SHOW COLUMNS FROM `reg_reginfo` [ RunTime:0.0041s ]
NOTIC: [8] Undefined index: p D:\phpStudy\WWW\signup\App\Home\Controller\TeacherController.class.php 第 50 行.
NOTIC: [8] Undefined index: limit D:\phpStudy\WWW\signup\ThinkPHP\Library\Think\Db\Driver.class.php 第 961 行.
SQL: SELECT * FROM `reg_reginfo` WHERE `matchid` = 169 ORDER BY id asc LIMIT 0,20   [ RunTime:0.0004s ]
SQL: SELECT COUNT(*) AS tp_count FROM `reg_reginfo` WHERE `matchid` = 169 LIMIT 1   [ RunTime:0.0003s ]
INFO: [ view_parse ] --START--
INFO: [ template_filter ] --START--
INFO: Run Behavior\ContentReplaceBehavior [ RunTime:0.000033s ]
INFO: [ template_filter ] --END-- [ RunTime:0.000070s ]
INFO: Run Behavior\ParseTemplateBehavior [ RunTime:0.007607s ]
INFO: [ view_parse ] --END-- [ RunTime:0.007659s ]
INFO: [ view_filter ] --START--
INFO: Run Behavior\WriteHtmlCacheBehavior [ RunTime:0.000614s ]
INFO: [ view_filter ] --END-- [ RunTime:0.000641s ]
INFO: [ app_end ] --START--
INFO: Run Behavior\ShowPageTraceBehavior [ RunTime:0.000811s ]
INFO: [ app_end ] --END-- [ RunTime:0.000897s ]

[ 2016-09-05T17:43:18+08:00 ] 127.0.0.1 /signup/index.php/Home/Examine/examineTeam/id/93.html
INFO: [ app_init ] --START--
INFO: Run Behavior\BuildLiteBehavior [ RunTime:0.000009s ]
INFO: [ app_init ] --END-- [ RunTime:0.000592s ]
INFO: [ app_begin ] --START--
INFO: Run Behavior\ReadHtmlCacheBehavior [ RunTime:0.000736s ]
INFO: [ app_begin ] --END-- [ RunTime:0.000769s ]
SQL: SHOW COLUMNS FROM `reg_reginfo` [ RunTime:0.0049s ]
SQL: SELECT * FROM `reg_reginfo` WHERE `id` = 93 LIMIT 1   [ RunTime:0.0004s ]
SQL: SHOW COLUMNS FROM `reg_teacher` [ RunTime:0.0045s ]
SQL: SELECT * FROM `reg_teacher` WHERE `id` = 104 AND `code` = 'hpu1691t' LIMIT 1   [ RunTime:0.0004s ]
INFO: [ view_parse ] --START--
INFO: [ template_filter ] --START--
INFO: Run Behavior\ContentReplaceBehavior [ RunTime:0.000051s ]
INFO: [ template_filter ] --END-- [ RunTime:0.000095s ]
NOTIC: [8] Undefined offset: 1 D:\phpStudy\WWW\signup\App\Runtime\Cache\Home\6c4adc63195ab2af1589de513bfade4a.php 第 150 行.
NOTIC: [8] Undefined offset: 1 D:\phpStudy\WWW\signup\App\Runtime\Cache\Home\6c4adc63195ab2af1589de513bfade4a.php 第 150 行.
NOTIC: [8] Undefined offset: 1 D:\phpStudy\WWW\signup\App\Runtime\Cache\Home\6c4adc63195ab2af1589de513bfade4a.php 第 150 行.
NOTIC: [8] Undefined offset: 2 D:\phpStudy\WWW\signup\App\Runtime\Cache\Home\6c4adc63195ab2af1589de513bfade4a.php 第 153 行.
NOTIC: [8] Undefined offset: 2 D:\phpStudy\WWW\signup\App\Runtime\Cache\Home\6c4adc63195ab2af1589de513bfade4a.php 第 153 行.
NOTIC: [8] Undefined offset: 2 D:\phpStudy\WWW\signup\App\Runtime\Cache\Home\6c4adc63195ab2af1589de513bfade4a.php 第 153 行.
NOTIC: [8] Undefined offset: 3 D:\phpStudy\WWW\signup\App\Runtime\Cache\Home\6c4adc63195ab2af1589de513bfade4a.php 第 156 行.
NOTIC: [8] Undefined offset: 3 D:\phpStudy\WWW\signup\App\Runtime\Cache\Home\6c4adc63195ab2af1589de513bfade4a.php 第 156 行.
NOTIC: [8] Undefined offset: 3 D:\phpStudy\WWW\signup\App\Runtime\Cache\Home\6c4adc63195ab2af1589de513bfade4a.php 第 156 行.
INFO: Run Behavior\ParseTemplateBehavior [ RunTime:0.008291s ]
INFO: [ view_parse ] --END-- [ RunTime:0.008325s ]
INFO: [ view_filter ] --START--
INFO: Run Behavior\WriteHtmlCacheBehavior [ RunTime:0.000677s ]
INFO: [ view_filter ] --END-- [ RunTime:0.000704s ]
INFO: [ app_end ] --START--
INFO: Run Behavior\ShowPageTraceBehavior [ RunTime:0.000876s ]
INFO: [ app_end ] --END-- [ RunTime:0.000905s ]

[ 2016-09-05T17:43:44+08:00 ] 127.0.0.1 /signup/index.php/Home/Examine/examineTrue/id/93.html
INFO: [ app_init ] --START--
INFO: Run Behavior\BuildLiteBehavior [ RunTime:0.000010s ]
INFO: [ app_init ] --END-- [ RunTime:0.000571s ]
INFO: [ app_begin ] --START--
INFO: Run Behavior\ReadHtmlCacheBehavior [ RunTime:0.000849s ]
INFO: [ app_begin ] --END-- [ RunTime:0.000920s ]
SQL: SHOW COLUMNS FROM `reg_teacher` [ RunTime:0.0042s ]
SQL: SELECT * FROM `reg_teacher` WHERE `id` = 104 AND `code` = 'hpu1691t' LIMIT 1   [ RunTime:0.0003s ]
SQL: SHOW COLUMNS FROM `reg_reginfo` [ RunTime:0.0039s ]
SQL: SELECT * FROM `reg_reginfo` WHERE `id` = 93 LIMIT 1   [ RunTime:0.0004s ]
INFO: [ view_parse ] --START--
INFO: [ template_filter ] --START--
INFO: Run Behavior\ContentReplaceBehavior [ RunTime:0.000029s ]
INFO: [ template_filter ] --END-- [ RunTime:0.000070s ]
INFO: Run Behavior\ParseTemplateBehavior [ RunTime:0.006744s ]
INFO: [ view_parse ] --END-- [ RunTime:0.006784s ]
INFO: [ view_filter ] --START--
INFO: Run Behavior\WriteHtmlCacheBehavior [ RunTime:0.000583s ]
INFO: [ view_filter ] --END-- [ RunTime:0.000611s ]

[ 2016-09-05T17:43:46+08:00 ] 127.0.0.1 /signup/index.php/Home/Teacher/index.html
INFO: [ app_init ] --START--
INFO: Run Behavior\BuildLiteBehavior [ RunTime:0.000010s ]
INFO: [ app_init ] --END-- [ RunTime:0.000659s ]
INFO: [ app_begin ] --START--
INFO: Run Behavior\ReadHtmlCacheBehavior [ RunTime:0.000781s ]
INFO: [ app_begin ] --END-- [ RunTime:0.000816s ]
SQL: SHOW COLUMNS FROM `reg_teacher` [ RunTime:0.0041s ]
SQL: SELECT * FROM `reg_teacher` WHERE `id` = 104 AND `code` = 'hpu1691t' LIMIT 1   [ RunTime:0.0003s ]
SQL: SHOW COLUMNS FROM `reg_college` [ RunTime:0.0037s ]
SQL: SELECT * FROM `reg_college` WHERE `id` = null LIMIT 1   [ RunTime:0.0002s ]
SQL: SHOW COLUMNS FROM `reg_match` [ RunTime:0.0036s ]
SQL: SELECT * FROM `reg_match` WHERE `id` = 169 LIMIT 1   [ RunTime:0.0003s ]
SQL: SHOW COLUMNS FROM `reg_reginfo` [ RunTime:0.0043s ]
NOTIC: [8] Undefined index: p D:\phpStudy\WWW\signup\App\Home\Controller\TeacherController.class.php 第 50 行.
NOTIC: [8] Undefined index: limit D:\phpStudy\WWW\signup\ThinkPHP\Library\Think\Db\Driver.class.php 第 961 行.
SQL: SELECT * FROM `reg_reginfo` WHERE `matchid` = 169 ORDER BY id asc LIMIT 0,20   [ RunTime:0.0004s ]
SQL: SELECT COUNT(*) AS tp_count FROM `reg_reginfo` WHERE `matchid` = 169 LIMIT 1   [ RunTime:0.0002s ]
INFO: [ view_parse ] --START--
INFO: [ template_filter ] --START--
INFO: Run Behavior\ContentReplaceBehavior [ RunTime:0.000032s ]
INFO: [ template_filter ] --END-- [ RunTime:0.000070s ]
INFO: Run Behavior\ParseTemplateBehavior [ RunTime:0.007506s ]
INFO: [ view_parse ] --END-- [ RunTime:0.007545s ]
INFO: [ view_filter ] --START--
INFO: Run Behavior\WriteHtmlCacheBehavior [ RunTime:0.000624s ]
INFO: [ view_filter ] --END-- [ RunTime:0.000657s ]
INFO: [ app_end ] --START--
INFO: Run Behavior\ShowPageTraceBehavior [ RunTime:0.000795s ]
INFO: [ app_end ] --END-- [ RunTime:0.000826s ]

[ 2016-09-05T17:44:20+08:00 ] 127.0.0.1 /signup/index.php/Home/Examine/examineTeam/id/93.html
INFO: [ app_init ] --START--
INFO: Run Behavior\BuildLiteBehavior [ RunTime:0.000011s ]
INFO: [ app_init ] --END-- [ RunTime:0.000588s ]
INFO: [ app_begin ] --START--
INFO: Run Behavior\ReadHtmlCacheBehavior [ RunTime:0.000732s ]
INFO: [ app_begin ] --END-- [ RunTime:0.000766s ]
SQL: SHOW COLUMNS FROM `reg_reginfo` [ RunTime:0.0042s ]
SQL: SELECT * FROM `reg_reginfo` WHERE `id` = 93 LIMIT 1   [ RunTime:0.0004s ]
SQL: SHOW COLUMNS FROM `reg_teacher` [ RunTime:0.0037s ]
SQL: SELECT * FROM `reg_teacher` WHERE `id` = 104 AND `code` = 'hpu1691t' LIMIT 1   [ RunTime:0.0003s ]
INFO: [ view_parse ] --START--
INFO: [ template_filter ] --START--
INFO: Run Behavior\ContentReplaceBehavior [ RunTime:0.000044s ]
INFO: [ template_filter ] --END-- [ RunTime:0.000081s ]
NOTIC: [8] Undefined offset: 1 D:\phpStudy\WWW\signup\App\Runtime\Cache\Home\6c4adc63195ab2af1589de513bfade4a.php 第 150 行.
NOTIC: [8] Undefined offset: 1 D:\phpStudy\WWW\signup\App\Runtime\Cache\Home\6c4adc63195ab2af1589de513bfade4a.php 第 150 行.
NOTIC: [8] Undefined offset: 1 D:\phpStudy\WWW\signup\App\Runtime\Cache\Home\6c4adc63195ab2af1589de513bfade4a.php 第 150 行.
NOTIC: [8] Undefined offset: 2 D:\phpStudy\WWW\signup\App\Runtime\Cache\Home\6c4adc63195ab2af1589de513bfade4a.php 第 153 行.
NOTIC: [8] Undefined offset: 2 D:\phpStudy\WWW\signup\App\Runtime\Cache\Home\6c4adc63195ab2af1589de513bfade4a.php 第 153 行.
NOTIC: [8] Undefined offset: 2 D:\phpStudy\WWW\signup\App\Runtime\Cache\Home\6c4adc63195ab2af1589de513bfade4a.php 第 153 行.
NOTIC: [8] Undefined offset: 3 D:\phpStudy\WWW\signup\App\Runtime\Cache\Home\6c4adc63195ab2af1589de513bfade4a.php 第 156 行.
NOTIC: [8] Undefined offset: 3 D:\phpStudy\WWW\signup\App\Runtime\Cache\Home\6c4adc63195ab2af1589de513bfade4a.php 第 156 行.
NOTIC: [8] Undefined offset: 3 D:\phpStudy\WWW\signup\App\Runtime\Cache\Home\6c4adc63195ab2af1589de513bfade4a.php 第 156 行.
INFO: Run Behavior\ParseTemplateBehavior [ RunTime:0.008319s ]
INFO: [ view_parse ] --END-- [ RunTime:0.008351s ]
INFO: [ view_filter ] --START--
INFO: Run Behavior\WriteHtmlCacheBehavior [ RunTime:0.000709s ]
INFO: [ view_filter ] --END-- [ RunTime:0.000754s ]
INFO: [ app_end ] --START--
INFO: Run Behavior\ShowPageTraceBehavior [ RunTime:0.000909s ]
INFO: [ app_end ] --END-- [ RunTime:0.000941s ]

[ 2016-09-05T17:44:25+08:00 ] 127.0.0.1 /signup/index.php/Home/Index/logout/type/teacher.html
INFO: [ app_init ] --START--
INFO: Run Behavior\BuildLiteBehavior [ RunTime:0.000012s ]
INFO: [ app_init ] --END-- [ RunTime:0.000632s ]
INFO: [ app_begin ] --START--
INFO: Run Behavior\ReadHtmlCacheBehavior [ RunTime:0.000769s ]
INFO: [ app_begin ] --END-- [ RunTime:0.000816s ]
INFO: [ view_parse ] --START--
INFO: [ template_filter ] --START--
INFO: Run Behavior\ContentReplaceBehavior [ RunTime:0.000031s ]
INFO: [ template_filter ] --END-- [ RunTime:0.000077s ]
INFO: Run Behavior\ParseTemplateBehavior [ RunTime:0.007711s ]
INFO: [ view_parse ] --END-- [ RunTime:0.007760s ]
INFO: [ view_filter ] --START--
INFO: Run Behavior\WriteHtmlCacheBehavior [ RunTime:0.000603s ]
INFO: [ view_filter ] --END-- [ RunTime:0.000634s ]
INFO: [ app_end ] --START--
INFO: Run Behavior\ShowPageTraceBehavior [ RunTime:0.000793s ]
INFO: [ app_end ] --END-- [ RunTime:0.000825s ]

[ 2016-09-05T17:44:27+08:00 ] 127.0.0.1 /signup/index.php/Home/Index/index.html
INFO: [ app_init ] --START--
INFO: Run Behavior\BuildLiteBehavior [ RunTime:0.000013s ]
INFO: [ app_init ] --END-- [ RunTime:0.000777s ]
INFO: [ app_begin ] --START--
INFO: Run Behavior\ReadHtmlCacheBehavior [ RunTime:0.001082s ]
INFO: [ app_begin ] --END-- [ RunTime:0.001136s ]
INFO: [ view_parse ] --START--
INFO: [ template_filter ] --START--
INFO: Run Behavior\ContentReplaceBehavior [ RunTime:0.000028s ]
INFO: [ template_filter ] --END-- [ RunTime:0.000072s ]
INFO: Run Behavior\ParseTemplateBehavior [ RunTime:0.006732s ]
INFO: [ view_parse ] --END-- [ RunTime:0.006773s ]
INFO: [ view_filter ] --START--
INFO: Run Behavior\WriteHtmlCacheBehavior [ RunTime:0.000669s ]
INFO: [ view_filter ] --END-- [ RunTime:0.000708s ]
INFO: [ app_end ] --START--
INFO: Run Behavior\ShowPageTraceBehavior [ RunTime:0.001211s ]
INFO: [ app_end ] --END-- [ RunTime:0.001280s ]

[ 2016-09-05T17:44:34+08:00 ] 127.0.0.1 /signup/index.php/Home/Index/login.html
INFO: [ app_init ] --START--
INFO: Run Behavior\BuildLiteBehavior [ RunTime:0.000011s ]
INFO: [ app_init ] --END-- [ RunTime:0.000640s ]
INFO: [ app_begin ] --START--
INFO: Run Behavior\ReadHtmlCacheBehavior [ RunTime:0.000795s ]
INFO: [ app_begin ] --END-- [ RunTime:0.000851s ]
SQL: SHOW COLUMNS FROM `reg_student` [ RunTime:0.0048s ]
SQL: SELECT * FROM `reg_student` WHERE `code` = 'jsj1694' LIMIT 1   [ RunTime:0.0004s ]

[ 2016-09-05T17:44:34+08:00 ] 127.0.0.1 /signup/index.php/Home/Student/index.html
INFO: [ app_init ] --START--
INFO: Run Behavior\BuildLiteBehavior [ RunTime:0.000011s ]
INFO: [ app_init ] --END-- [ RunTime:0.000619s ]
INFO: [ app_begin ] --START--
INFO: Run Behavior\ReadHtmlCacheBehavior [ RunTime:0.000774s ]
INFO: [ app_begin ] --END-- [ RunTime:0.000821s ]
SQL: SHOW COLUMNS FROM `reg_student` [ RunTime:0.0045s ]
SQL: SELECT * FROM `reg_student` WHERE `id` = 62 AND `code` = 'jsj1694' LIMIT 1   [ RunTime:0.0003s ]
SQL: SHOW COLUMNS FROM `reg_match` [ RunTime:0.0044s ]
SQL: SELECT * FROM `reg_match` WHERE `id` = 169 LIMIT 1   [ RunTime:0.0003s ]
INFO: [ view_parse ] --START--
INFO: [ template_filter ] --START--
INFO: Run Behavior\ContentReplaceBehavior [ RunTime:0.000043s ]
INFO: [ template_filter ] --END-- [ RunTime:0.000084s ]
INFO: Run Behavior\ParseTemplateBehavior [ RunTime:0.007569s ]
INFO: [ view_parse ] --END-- [ RunTime:0.007604s ]
INFO: [ view_filter ] --START--
INFO: Run Behavior\WriteHtmlCacheBehavior [ RunTime:0.000623s ]
INFO: [ view_filter ] --END-- [ RunTime:0.000655s ]
INFO: [ app_end ] --START--
INFO: Run Behavior\ShowPageTraceBehavior [ RunTime:0.000765s ]
INFO: [ app_end ] --END-- [ RunTime:0.000792s ]

[ 2016-09-05T17:44:53+08:00 ] 127.0.0.1 /signup/index.php/Home/Student/runUpload.html
INFO: [ app_init ] --START--
INFO: Run Behavior\BuildLiteBehavior [ RunTime:0.000013s ]
INFO: [ app_init ] --END-- [ RunTime:0.000767s ]
INFO: [ app_begin ] --START--
INFO: Run Behavior\ReadHtmlCacheBehavior [ RunTime:0.000812s ]
INFO: [ app_begin ] --END-- [ RunTime:0.000860s ]
SQL: SHOW COLUMNS FROM `reg_student` [ RunTime:0.0043s ]
SQL: SELECT * FROM `reg_student` WHERE `id` = 62 AND `code` = 'jsj1694' LIMIT 1   [ RunTime:0.0005s ]
SQL: SHOW COLUMNS FROM `reg_match` [ RunTime:0.0045s ]
SQL: SELECT * FROM `reg_match` WHERE `id` = 169 LIMIT 1   [ RunTime:0.0003s ]
SQL: SHOW COLUMNS FROM `reg_reginfo` [ RunTime:0.0039s ]
SQL: SELECT * FROM `reg_reginfo` WHERE `code` = 'jsj1694' LIMIT 1   [ RunTime:0.0003s ]
NOTIC: [2] call_user_func() expects parameter 1 to be a valid callback, no array or string given D:\phpStudy\WWW\signup\ThinkPHP\Library\Think\Upload.class.php 第 170 行.
NOTIC: [2] finfo_file(): Empty filename or path D:\phpStudy\WWW\signup\ThinkPHP\Library\Think\Upload.class.php 第 152 行.
NOTIC: [2] finfo_file(): Empty filename or path D:\phpStudy\WWW\signup\ThinkPHP\Library\Think\Upload.class.php 第 152 行.
NOTIC: [2] finfo_file(): Empty filename or path D:\phpStudy\WWW\signup\ThinkPHP\Library\Think\Upload.class.php 第 152 行.
SQL: INSERT INTO `reg_reginfo` (`code`,`stuid`,`team`,`title`,`info`,`teaminfo`,`collegeid`,`matchid`,`fileroute`,`date`,`status`) VALUES ('jsj1694','62','1','2','3','[\"1\",\"\",\"\",\"\",\"\",\"2\"]','6','169','[{\"key\":\"file\",\"name\":\"\\u5934\\u50cf.png\",\"type\":\"image\\/png\",\"size\":163121,\"ext\":\"png\",\"savename\":\"57cd3e953584f.png\",\"savepath\":\"\\/Match\\/Stu\\/jsj1694\\/\"}]','1473068693','0') [ RunTime:0.0004s ]
INFO: [ view_parse ] --START--
INFO: [ template_filter ] --START--
INFO: Run Behavior\ContentReplaceBehavior [ RunTime:0.000029s ]
INFO: [ template_filter ] --END-- [ RunTime:0.000066s ]
INFO: Run Behavior\ParseTemplateBehavior [ RunTime:0.006417s ]
INFO: [ view_parse ] --END-- [ RunTime:0.006459s ]
INFO: [ view_filter ] --START--
INFO: Run Behavior\WriteHtmlCacheBehavior [ RunTime:0.000609s ]
INFO: [ view_filter ] --END-- [ RunTime:0.000635s ]
INFO: [ app_end ] --START--
INFO: Run Behavior\ShowPageTraceBehavior [ RunTime:0.000752s ]
INFO: [ app_end ] --END-- [ RunTime:0.000779s ]

[ 2016-09-05T17:44:54+08:00 ] 127.0.0.1 /signup/index.php/Home/Student/index.html
INFO: [ app_init ] --START--
INFO: Run Behavior\BuildLiteBehavior [ RunTime:0.000011s ]
INFO: [ app_init ] --END-- [ RunTime:0.000714s ]
INFO: [ app_begin ] --START--
INFO: Run Behavior\ReadHtmlCacheBehavior [ RunTime:0.000754s ]
INFO: [ app_begin ] --END-- [ RunTime:0.000797s ]
SQL: SHOW COLUMNS FROM `reg_student` [ RunTime:0.0051s ]
SQL: SELECT * FROM `reg_student` WHERE `id` = 62 AND `code` = 'jsj1694' LIMIT 1   [ RunTime:0.0004s ]
SQL: SHOW COLUMNS FROM `reg_match` [ RunTime:0.0042s ]
SQL: SELECT * FROM `reg_match` WHERE `id` = 169 LIMIT 1   [ RunTime:0.0004s ]
INFO: [ view_parse ] --START--
INFO: [ template_filter ] --START--
INFO: Run Behavior\ContentReplaceBehavior [ RunTime:0.000041s ]
INFO: [ template_filter ] --END-- [ RunTime:0.000083s ]
INFO: Run Behavior\ParseTemplateBehavior [ RunTime:0.007740s ]
INFO: [ view_parse ] --END-- [ RunTime:0.007777s ]
INFO: [ view_filter ] --START--
INFO: Run Behavior\WriteHtmlCacheBehavior [ RunTime:0.000650s ]
INFO: [ view_filter ] --END-- [ RunTime:0.000677s ]
INFO: [ app_end ] --START--
INFO: Run Behavior\ShowPageTraceBehavior [ RunTime:0.000881s ]
INFO: [ app_end ] --END-- [ RunTime:0.000918s ]

[ 2016-09-05T17:45:48+08:00 ] 127.0.0.1 /signup/index.php/Home/Student/index.html
INFO: [ app_init ] --START--
INFO: Run Behavior\BuildLiteBehavior [ RunTime:0.000010s ]
INFO: [ app_init ] --END-- [ RunTime:0.000714s ]
INFO: [ app_begin ] --START--
INFO: Run Behavior\ReadHtmlCacheBehavior [ RunTime:0.000769s ]
INFO: [ app_begin ] --END-- [ RunTime:0.000804s ]
SQL: SHOW COLUMNS FROM `reg_student` [ RunTime:0.0039s ]
SQL: SELECT * FROM `reg_student` WHERE `id` = 62 AND `code` = 'jsj1694' LIMIT 1   [ RunTime:0.0003s ]
SQL: SHOW COLUMNS FROM `reg_match` [ RunTime:0.0036s ]
SQL: SELECT * FROM `reg_match` WHERE `id` = 169 LIMIT 1   [ RunTime:0.0003s ]
INFO: [ view_parse ] --START--
INFO: [ template_filter ] --START--
INFO: Run Behavior\ContentReplaceBehavior [ RunTime:0.000043s ]
INFO: [ template_filter ] --END-- [ RunTime:0.000084s ]
INFO: Run Behavior\ParseTemplateBehavior [ RunTime:0.007968s ]
INFO: [ view_parse ] --END-- [ RunTime:0.008008s ]
INFO: [ view_filter ] --START--
INFO: Run Behavior\WriteHtmlCacheBehavior [ RunTime:0.000648s ]
INFO: [ view_filter ] --END-- [ RunTime:0.000680s ]
INFO: [ app_end ] --START--
INFO: Run Behavior\ShowPageTraceBehavior [ RunTime:0.000786s ]
INFO: [ app_end ] --END-- [ RunTime:0.000816s ]

[ 2016-09-05T17:46:01+08:00 ] 127.0.0.1 /signup/index.php/Home/Student/runUpload.html
INFO: [ app_init ] --START--
INFO: Run Behavior\BuildLiteBehavior [ RunTime:0.000010s ]
INFO: [ app_init ] --END-- [ RunTime:0.000610s ]
INFO: [ app_begin ] --START--
INFO: Run Behavior\ReadHtmlCacheBehavior [ RunTime:0.000721s ]
INFO: [ app_begin ] --END-- [ RunTime:0.000756s ]
SQL: SHOW COLUMNS FROM `reg_student` [ RunTime:0.0040s ]
SQL: SELECT * FROM `reg_student` WHERE `id` = 62 AND `code` = 'jsj1694' LIMIT 1   [ RunTime:0.0003s ]
SQL: SHOW COLUMNS FROM `reg_match` [ RunTime:0.0037s ]
SQL: SELECT * FROM `reg_match` WHERE `id` = 169 LIMIT 1   [ RunTime:0.0003s ]
SQL: SHOW COLUMNS FROM `reg_reginfo` [ RunTime:0.0038s ]
SQL: SELECT * FROM `reg_reginfo` WHERE `code` = 'jsj1694' LIMIT 1   [ RunTime:0.0003s ]
NOTIC: [2] call_user_func() expects parameter 1 to be a valid callback, no array or string given D:\phpStudy\WWW\signup\ThinkPHP\Library\Think\Upload.class.php 第 170 行.
NOTIC: [2] finfo_file(): Empty filename or path D:\phpStudy\WWW\signup\ThinkPHP\Library\Think\Upload.class.php 第 152 行.
NOTIC: [2] finfo_file(): Empty filename or path D:\phpStudy\WWW\signup\ThinkPHP\Library\Think\Upload.class.php 第 152 行.
NOTIC: [2] finfo_file(): Empty filename or path D:\phpStudy\WWW\signup\ThinkPHP\Library\Think\Upload.class.php 第 152 行.
SQL: INSERT INTO `reg_reginfo` (`code`,`stuid`,`team`,`title`,`info`,`teaminfo`,`collegeid`,`matchid`,`fileroute`,`date`,`status`) VALUES ('jsj1694','62','1','2','3','{\"0\":\"1\",\"7\":\"2\"}','6','169','[{\"key\":\"file\",\"name\":\"\\u5fae\\u4fe1\\u516c\\u4f17\\u5e73\\u53f0\\u7ba1\\u7406\\u9875\\u9762\\u56fe\\u7247.png\",\"type\":\"image\\/png\",\"size\":159488,\"ext\":\"png\",\"savename\":\"57cd3ed99dc1f.png\",\"savepath\":\"\\/Match\\/Stu\\/jsj1694\\/\"}]','1473068761','0') [ RunTime:0.0004s ]
INFO: [ view_parse ] --START--
INFO: [ template_filter ] --START--
INFO: Run Behavior\ContentReplaceBehavior [ RunTime:0.000027s ]
INFO: [ template_filter ] --END-- [ RunTime:0.000063s ]
INFO: Run Behavior\ParseTemplateBehavior [ RunTime:0.006287s ]
INFO: [ view_parse ] --END-- [ RunTime:0.006324s ]
INFO: [ view_filter ] --START--
INFO: Run Behavior\WriteHtmlCacheBehavior [ RunTime:0.000579s ]
INFO: [ view_filter ] --END-- [ RunTime:0.000606s ]
INFO: [ app_end ] --START--
INFO: Run Behavior\ShowPageTraceBehavior [ RunTime:0.000769s ]
INFO: [ app_end ] --END-- [ RunTime:0.000797s ]

[ 2016-09-05T17:46:02+08:00 ] 127.0.0.1 /signup/index.php/Home/Student/index.html
INFO: [ app_init ] --START--
INFO: Run Behavior\BuildLiteBehavior [ RunTime:0.000011s ]
INFO: [ app_init ] --END-- [ RunTime:0.000682s ]
INFO: [ app_begin ] --START--
INFO: Run Behavior\ReadHtmlCacheBehavior [ RunTime:0.000779s ]
INFO: [ app_begin ] --END-- [ RunTime:0.000816s ]
SQL: SHOW COLUMNS FROM `reg_student` [ RunTime:0.0040s ]
SQL: SELECT * FROM `reg_student` WHERE `id` = 62 AND `code` = 'jsj1694' LIMIT 1   [ RunTime:0.0003s ]
SQL: SHOW COLUMNS FROM `reg_match` [ RunTime:0.0039s ]
SQL: SELECT * FROM `reg_match` WHERE `id` = 169 LIMIT 1   [ RunTime:0.0003s ]
INFO: [ view_parse ] --START--
INFO: [ template_filter ] --START--
INFO: Run Behavior\ContentReplaceBehavior [ RunTime:0.000042s ]
INFO: [ template_filter ] --END-- [ RunTime:0.000089s ]
INFO: Run Behavior\ParseTemplateBehavior [ RunTime:0.008180s ]
INFO: [ view_parse ] --END-- [ RunTime:0.008215s ]
INFO: [ view_filter ] --START--
INFO: Run Behavior\WriteHtmlCacheBehavior [ RunTime:0.000613s ]
INFO: [ view_filter ] --END-- [ RunTime:0.000640s ]
INFO: [ app_end ] --START--
INFO: Run Behavior\ShowPageTraceBehavior [ RunTime:0.000767s ]
INFO: [ app_end ] --END-- [ RunTime:0.000793s ]

[ 2016-09-05T17:46:16+08:00 ] 127.0.0.1 /signup/index.php/Home/Index/logout/type/student.html
INFO: [ app_init ] --START--
INFO: Run Behavior\BuildLiteBehavior [ RunTime:0.000011s ]
INFO: [ app_init ] --END-- [ RunTime:0.000689s ]
INFO: [ app_begin ] --START--
INFO: Run Behavior\ReadHtmlCacheBehavior [ RunTime:0.000771s ]
INFO: [ app_begin ] --END-- [ RunTime:0.000806s ]
INFO: [ view_parse ] --START--
INFO: [ template_filter ] --START--
INFO: Run Behavior\ContentReplaceBehavior [ RunTime:0.000028s ]
INFO: [ template_filter ] --END-- [ RunTime:0.000073s ]
INFO: Run Behavior\ParseTemplateBehavior [ RunTime:0.006242s ]
INFO: [ view_parse ] --END-- [ RunTime:0.006283s ]
INFO: [ view_filter ] --START--
INFO: Run Behavior\WriteHtmlCacheBehavior [ RunTime:0.000603s ]
INFO: [ view_filter ] --END-- [ RunTime:0.000628s ]
INFO: [ app_end ] --START--
INFO: Run Behavior\ShowPageTraceBehavior [ RunTime:0.000769s ]
INFO: [ app_end ] --END-- [ RunTime:0.000797s ]

[ 2016-09-05T17:46:18+08:00 ] 127.0.0.1 /signup/index.php/Home/Index/index.html
INFO: [ app_init ] --START--
INFO: Run Behavior\BuildLiteBehavior [ RunTime:0.000011s ]
INFO: [ app_init ] --END-- [ RunTime:0.000710s ]
INFO: [ app_begin ] --START--
INFO: Run Behavior\ReadHtmlCacheBehavior [ RunTime:0.000785s ]
INFO: [ app_begin ] --END-- [ RunTime:0.000823s ]
INFO: [ view_parse ] --START--
INFO: [ template_filter ] --START--
INFO: Run Behavior\ContentReplaceBehavior [ RunTime:0.000029s ]
INFO: [ template_filter ] --END-- [ RunTime:0.000075s ]
INFO: Run Behavior\ParseTemplateBehavior [ RunTime:0.007240s ]
INFO: [ view_parse ] --END-- [ RunTime:0.007276s ]
INFO: [ view_filter ] --START--
INFO: Run Behavior\WriteHtmlCacheBehavior [ RunTime:0.000721s ]
INFO: [ view_filter ] --END-- [ RunTime:0.000756s ]
INFO: [ app_end ] --START--
INFO: Run Behavior\ShowPageTraceBehavior [ RunTime:0.000880s ]
INFO: [ app_end ] --END-- [ RunTime:0.000914s ]

[ 2016-09-05T17:46:31+08:00 ] 127.0.0.1 /signup/index.php/Home/Index/login.html
INFO: [ app_init ] --START--
INFO: Run Behavior\BuildLiteBehavior [ RunTime:0.000014s ]
INFO: [ app_init ] --END-- [ RunTime:0.000764s ]
INFO: [ app_begin ] --START--
INFO: Run Behavior\ReadHtmlCacheBehavior [ RunTime:0.000764s ]
INFO: [ app_begin ] --END-- [ RunTime:0.000806s ]
SQL: SHOW COLUMNS FROM `reg_teacher` [ RunTime:0.0051s ]
SQL: SELECT * FROM `reg_teacher` WHERE `code` = 'hpu1691t' LIMIT 1   [ RunTime:0.0004s ]

[ 2016-09-05T17:46:31+08:00 ] 127.0.0.1 /signup/index.php/Home/Teacher/index.html
INFO: [ app_init ] --START--
INFO: Run Behavior\BuildLiteBehavior [ RunTime:0.000009s ]
INFO: [ app_init ] --END-- [ RunTime:0.000565s ]
INFO: [ app_begin ] --START--
INFO: Run Behavior\ReadHtmlCacheBehavior [ RunTime:0.001134s ]
INFO: [ app_begin ] --END-- [ RunTime:0.001203s ]
SQL: SHOW COLUMNS FROM `reg_teacher` [ RunTime:0.0047s ]
SQL: SELECT * FROM `reg_teacher` WHERE `id` = 104 AND `code` = 'hpu1691t' LIMIT 1   [ RunTime:0.0004s ]
SQL: SHOW COLUMNS FROM `reg_college` [ RunTime:0.0044s ]
SQL: SELECT * FROM `reg_college` WHERE `id` = null LIMIT 1   [ RunTime:0.0003s ]
SQL: SHOW COLUMNS FROM `reg_match` [ RunTime:0.0043s ]
SQL: SELECT * FROM `reg_match` WHERE `id` = 169 LIMIT 1   [ RunTime:0.0003s ]
SQL: SHOW COLUMNS FROM `reg_reginfo` [ RunTime:0.0045s ]
NOTIC: [8] Undefined index: p D:\phpStudy\WWW\signup\App\Home\Controller\TeacherController.class.php 第 50 行.
NOTIC: [8] Undefined index: limit D:\phpStudy\WWW\signup\ThinkPHP\Library\Think\Db\Driver.class.php 第 961 行.
SQL: SELECT * FROM `reg_reginfo` WHERE `matchid` = 169 ORDER BY id asc LIMIT 0,20   [ RunTime:0.0005s ]
SQL: SELECT COUNT(*) AS tp_count FROM `reg_reginfo` WHERE `matchid` = 169 LIMIT 1   [ RunTime:0.0004s ]
INFO: [ view_parse ] --START--
INFO: [ template_filter ] --START--
INFO: Run Behavior\ContentReplaceBehavior [ RunTime:0.000035s ]
INFO: [ template_filter ] --END-- [ RunTime:0.000076s ]
INFO: Run Behavior\ParseTemplateBehavior [ RunTime:0.008285s ]
INFO: [ view_parse ] --END-- [ RunTime:0.008326s ]
INFO: [ view_filter ] --START--
INFO: Run Behavior\WriteHtmlCacheBehavior [ RunTime:0.000590s ]
INFO: [ view_filter ] --END-- [ RunTime:0.000616s ]
INFO: [ app_end ] --START--
INFO: Run Behavior\ShowPageTraceBehavior [ RunTime:0.000741s ]
INFO: [ app_end ] --END-- [ RunTime:0.000769s ]

[ 2016-09-05T17:46:34+08:00 ] 127.0.0.1 /signup/index.php/Home/Examine/examineTeam/id/95.html
INFO: [ app_init ] --START--
INFO: Run Behavior\BuildLiteBehavior [ RunTime:0.000010s ]
INFO: [ app_init ] --END-- [ RunTime:0.000596s ]
INFO: [ app_begin ] --START--
INFO: Run Behavior\ReadHtmlCacheBehavior [ RunTime:0.000721s ]
INFO: [ app_begin ] --END-- [ RunTime:0.000755s ]
SQL: SHOW COLUMNS FROM `reg_reginfo` [ RunTime:0.0057s ]
SQL: SELECT * FROM `reg_reginfo` WHERE `id` = 95 LIMIT 1   [ RunTime:0.0004s ]
SQL: SHOW COLUMNS FROM `reg_teacher` [ RunTime:0.0036s ]
SQL: SELECT * FROM `reg_teacher` WHERE `id` = 104 AND `code` = 'hpu1691t' LIMIT 1   [ RunTime:0.0003s ]
INFO: [ view_parse ] --START--
INFO: [ template_filter ] --START--
INFO: Run Behavior\ContentReplaceBehavior [ RunTime:0.000070s ]
INFO: [ template_filter ] --END-- [ RunTime:0.000127s ]
NOTIC: [8] Undefined offset: 1 D:\phpStudy\WWW\signup\App\Runtime\Cache\Home\6c4adc63195ab2af1589de513bfade4a.php 第 150 行.
NOTIC: [8] Undefined offset: 1 D:\phpStudy\WWW\signup\App\Runtime\Cache\Home\6c4adc63195ab2af1589de513bfade4a.php 第 150 行.
NOTIC: [8] Undefined offset: 1 D:\phpStudy\WWW\signup\App\Runtime\Cache\Home\6c4adc63195ab2af1589de513bfade4a.php 第 150 行.
NOTIC: [8] Undefined offset: 2 D:\phpStudy\WWW\signup\App\Runtime\Cache\Home\6c4adc63195ab2af1589de513bfade4a.php 第 153 行.
NOTIC: [8] Undefined offset: 2 D:\phpStudy\WWW\signup\App\Runtime\Cache\Home\6c4adc63195ab2af1589de513bfade4a.php 第 153 行.
NOTIC: [8] Undefined offset: 2 D:\phpStudy\WWW\signup\App\Runtime\Cache\Home\6c4adc63195ab2af1589de513bfade4a.php 第 153 行.
NOTIC: [8] Undefined offset: 3 D:\phpStudy\WWW\signup\App\Runtime\Cache\Home\6c4adc63195ab2af1589de513bfade4a.php 第 156 行.
NOTIC: [8] Undefined offset: 3 D:\phpStudy\WWW\signup\App\Runtime\Cache\Home\6c4adc63195ab2af1589de513bfade4a.php 第 156 行.
NOTIC: [8] Undefined offset: 3 D:\phpStudy\WWW\signup\App\Runtime\Cache\Home\6c4adc63195ab2af1589de513bfade4a.php 第 156 行.
INFO: Run Behavior\ParseTemplateBehavior [ RunTime:0.008886s ]
INFO: [ view_parse ] --END-- [ RunTime:0.008923s ]
INFO: [ view_filter ] --START--
INFO: Run Behavior\WriteHtmlCacheBehavior [ RunTime:0.000643s ]
INFO: [ view_filter ] --END-- [ RunTime:0.000670s ]
INFO: [ app_end ] --START--
INFO: Run Behavior\ShowPageTraceBehavior [ RunTime:0.000833s ]
INFO: [ app_end ] --END-- [ RunTime:0.000859s ]

