[ 2016-10-29T16:19:43+08:00 ] 127.0.0.1 /signup/
INFO: [ app_init ] --START--
INFO: Run Behavior\BuildLiteBehavior [ RunTime:0.000036s ]
INFO: [ app_init ] --END-- [ RunTime:0.001336s ]
INFO: [ app_begin ] --START--
INFO: Run Behavior\ReadHtmlCacheBehavior [ RunTime:0.001097s ]
INFO: [ app_begin ] --END-- [ RunTime:0.001298s ]
INFO: [ view_parse ] --START--
INFO: [ template_filter ] --START--
INFO: Run Behavior\ContentReplaceBehavior [ RunTime:0.000126s ]
INFO: [ template_filter ] --END-- [ RunTime:0.000294s ]
INFO: Run Behavior\ParseTemplateBehavior [ RunTime:0.021493s ]
INFO: [ view_parse ] --END-- [ RunTime:0.021667s ]
INFO: [ view_filter ] --START--
INFO: Run Behavior\WriteHtmlCacheBehavior [ RunTime:0.000804s ]
INFO: [ view_filter ] --END-- [ RunTime:0.000999s ]
INFO: [ app_end ] --START--
INFO: Run Behavior\ShowPageTraceBehavior [ RunTime:0.001151s ]
INFO: [ app_end ] --END-- [ RunTime:0.001314s ]

[ 2016-10-29T16:20:01+08:00 ] 127.0.0.1 /signup/index.php/Home/Index/login.html
INFO: [ app_init ] --START--
INFO: Run Behavior\BuildLiteBehavior [ RunTime:0.000034s ]
INFO: [ app_init ] --END-- [ RunTime:0.000882s ]
INFO: [ app_begin ] --START--
INFO: Run Behavior\ReadHtmlCacheBehavior [ RunTime:0.001069s ]
INFO: [ app_begin ] --END-- [ RunTime:0.001244s ]
SQL: SHOW COLUMNS FROM `reg_teacher` [ RunTime:0.0027s ]
SQL: SELECT * FROM `reg_teacher` WHERE `code` = 'jsj11t' LIMIT 1   [ RunTime:0.0007s ]

[ 2016-10-29T16:20:01+08:00 ] 127.0.0.1 /signup/index.php/Home/Teacher/index.html
INFO: [ app_init ] --START--
INFO: Run Behavior\BuildLiteBehavior [ RunTime:0.000032s ]
INFO: [ app_init ] --END-- [ RunTime:0.000726s ]
INFO: [ app_begin ] --START--
INFO: Run Behavior\ReadHtmlCacheBehavior [ RunTime:0.000843s ]
INFO: [ app_begin ] --END-- [ RunTime:0.001007s ]
SQL: SHOW COLUMNS FROM `reg_teacher` [ RunTime:0.0011s ]
SQL: SELECT * FROM `reg_teacher` WHERE `id` = 1 AND `code` = 'jsj11t' LIMIT 1   [ RunTime:0.0006s ]
SQL: SHOW COLUMNS FROM `reg_college` [ RunTime:0.0008s ]
SQL: SELECT * FROM `reg_college` WHERE `id` = 1 LIMIT 1   [ RunTime:0.0004s ]
SQL: SHOW COLUMNS FROM `reg_match` [ RunTime:0.0011s ]
SQL: SELECT * FROM `reg_match` WHERE `id` = 1 LIMIT 1   [ RunTime:0.0004s ]
SQL: SHOW COLUMNS FROM `reg_reginfo` [ RunTime:0.0010s ]
NOTIC: [8] Undefined index: p D:\wamp64\www\signup\App\Home\Controller\TeacherController.class.php 第 53 行.
NOTIC: [8] Undefined index: limit D:\wamp64\www\signup\ThinkPHP\Library\Think\Db\Driver.class.php 第 961 行.
SQL: SELECT * FROM `reg_reginfo` WHERE `collegeid` = 1 AND `matchid` = 1 ORDER BY id asc LIMIT 0,20   [ RunTime:0.0162s ]
SQL: SELECT COUNT(*) AS tp_count FROM `reg_reginfo` WHERE `collegeid` = 1 AND `matchid` = 1 LIMIT 1   [ RunTime:0.0319s ]
INFO: [ view_parse ] --START--
INFO: [ template_filter ] --START--
INFO: Run Behavior\ContentReplaceBehavior [ RunTime:0.000107s ]
INFO: [ template_filter ] --END-- [ RunTime:0.000303s ]
INFO: Run Behavior\ParseTemplateBehavior [ RunTime:0.016203s ]
INFO: [ view_parse ] --END-- [ RunTime:0.016373s ]
INFO: [ view_filter ] --START--
INFO: Run Behavior\WriteHtmlCacheBehavior [ RunTime:0.000885s ]
INFO: [ view_filter ] --END-- [ RunTime:0.001019s ]
INFO: [ app_end ] --START--
INFO: Run Behavior\ShowPageTraceBehavior [ RunTime:0.001048s ]
INFO: [ app_end ] --END-- [ RunTime:0.001187s ]

[ 2016-10-29T16:20:02+08:00 ] 127.0.0.1 /signup/index.php/Home/Index/logout/type/teacher.html
INFO: [ app_init ] --START--
INFO: Run Behavior\BuildLiteBehavior [ RunTime:0.000033s ]
INFO: [ app_init ] --END-- [ RunTime:0.000831s ]
INFO: [ app_begin ] --START--
INFO: Run Behavior\ReadHtmlCacheBehavior [ RunTime:0.001175s ]
INFO: [ app_begin ] --END-- [ RunTime:0.001338s ]
INFO: [ view_parse ] --START--
INFO: [ template_filter ] --START--
INFO: Run Behavior\ContentReplaceBehavior [ RunTime:0.000180s ]
INFO: [ template_filter ] --END-- [ RunTime:0.000366s ]
INFO: Run Behavior\ParseTemplateBehavior [ RunTime:0.025489s ]
INFO: [ view_parse ] --END-- [ RunTime:0.025708s ]
INFO: [ view_filter ] --START--
INFO: Run Behavior\WriteHtmlCacheBehavior [ RunTime:0.001203s ]
INFO: [ view_filter ] --END-- [ RunTime:0.001395s ]
INFO: [ app_end ] --START--
INFO: Run Behavior\ShowPageTraceBehavior [ RunTime:0.001223s ]
INFO: [ app_end ] --END-- [ RunTime:0.001390s ]

[ 2016-10-29T16:20:04+08:00 ] 127.0.0.1 /signup/index.php/Home/Index/index.html
INFO: [ app_init ] --START--
INFO: Run Behavior\BuildLiteBehavior [ RunTime:0.000033s ]
INFO: [ app_init ] --END-- [ RunTime:0.000806s ]
INFO: [ app_begin ] --START--
INFO: Run Behavior\ReadHtmlCacheBehavior [ RunTime:0.000933s ]
INFO: [ app_begin ] --END-- [ RunTime:0.001104s ]
INFO: [ view_parse ] --START--
INFO: [ template_filter ] --START--
INFO: Run Behavior\ContentReplaceBehavior [ RunTime:0.000082s ]
INFO: [ template_filter ] --END-- [ RunTime:0.000235s ]
INFO: Run Behavior\ParseTemplateBehavior [ RunTime:0.009494s ]
INFO: [ view_parse ] --END-- [ RunTime:0.009685s ]
INFO: [ view_filter ] --START--
INFO: Run Behavior\WriteHtmlCacheBehavior [ RunTime:0.000879s ]
INFO: [ view_filter ] --END-- [ RunTime:0.001021s ]
INFO: [ app_end ] --START--
INFO: Run Behavior\ShowPageTraceBehavior [ RunTime:0.001051s ]
INFO: [ app_end ] --END-- [ RunTime:0.001195s ]

[ 2016-10-29T16:20:18+08:00 ] 127.0.0.1 /signup/index.php/Home/Index/login.html
INFO: [ app_init ] --START--
INFO: Run Behavior\BuildLiteBehavior [ RunTime:0.000034s ]
INFO: [ app_init ] --END-- [ RunTime:0.000869s ]
INFO: [ app_begin ] --START--
INFO: Run Behavior\ReadHtmlCacheBehavior [ RunTime:0.001599s ]
INFO: [ app_begin ] --END-- [ RunTime:0.001861s ]
SQL: SHOW COLUMNS FROM `reg_teacher` [ RunTime:0.0013s ]
SQL: SELECT * FROM `reg_teacher` WHERE `code` = 'jsj11t' LIMIT 1   [ RunTime:0.0004s ]
INFO: [ view_parse ] --START--
INFO: [ template_filter ] --START--
INFO: Run Behavior\ContentReplaceBehavior [ RunTime:0.000098s ]
INFO: [ template_filter ] --END-- [ RunTime:0.000267s ]
INFO: Run Behavior\ParseTemplateBehavior [ RunTime:0.026972s ]
INFO: [ view_parse ] --END-- [ RunTime:0.027169s ]
INFO: [ view_filter ] --START--
INFO: Run Behavior\WriteHtmlCacheBehavior [ RunTime:0.000866s ]
INFO: [ view_filter ] --END-- [ RunTime:0.001083s ]

[ 2016-10-29T16:24:57+08:00 ] 127.0.0.1 /signup/index.php/Home/Index/login.html
INFO: [ app_init ] --START--
INFO: Run Behavior\BuildLiteBehavior [ RunTime:0.000033s ]
INFO: [ app_init ] --END-- [ RunTime:0.000840s ]
INFO: [ app_begin ] --START--
INFO: Run Behavior\ReadHtmlCacheBehavior [ RunTime:0.000923s ]
INFO: [ app_begin ] --END-- [ RunTime:0.001184s ]
SQL: SHOW COLUMNS FROM `reg_student` [ RunTime:0.0009s ]
SQL: SELECT * FROM `reg_student` WHERE `code` = 'jsj31' LIMIT 1   [ RunTime:0.0005s ]
SQL: SHOW COLUMNS FROM `reg_match` [ RunTime:0.0008s ]
SQL: SELECT * FROM `reg_match` WHERE `id` = 3 LIMIT 1   [ RunTime:0.0004s ]
INFO: [ view_parse ] --START--
INFO: [ template_filter ] --START--
INFO: Run Behavior\ContentReplaceBehavior [ RunTime:0.000097s ]
INFO: [ template_filter ] --END-- [ RunTime:0.000263s ]
INFO: Run Behavior\ParseTemplateBehavior [ RunTime:0.008906s ]
INFO: [ view_parse ] --END-- [ RunTime:0.009084s ]
INFO: [ view_filter ] --START--
INFO: Run Behavior\WriteHtmlCacheBehavior [ RunTime:0.000800s ]
INFO: [ view_filter ] --END-- [ RunTime:0.000937s ]

[ 2016-10-29T16:25:04+08:00 ] 127.0.0.1 /signup/index.php/Home/Index/login.html
INFO: [ app_init ] --START--
INFO: Run Behavior\BuildLiteBehavior [ RunTime:0.000034s ]
INFO: [ app_init ] --END-- [ RunTime:0.000736s ]
INFO: [ app_begin ] --START--
INFO: Run Behavior\ReadHtmlCacheBehavior [ RunTime:0.000759s ]
INFO: [ app_begin ] --END-- [ RunTime:0.000920s ]
SQL: SHOW COLUMNS FROM `reg_student` [ RunTime:0.0008s ]
SQL: SELECT * FROM `reg_student` WHERE `code` = 'jsj31' LIMIT 1   [ RunTime:0.0004s ]
SQL: SHOW COLUMNS FROM `reg_match` [ RunTime:0.0007s ]
SQL: SELECT * FROM `reg_match` WHERE `id` = 3 LIMIT 1   [ RunTime:0.0004s ]

[ 2016-10-29T16:25:04+08:00 ] 127.0.0.1 /signup/index.php/Home/Student/index.html
INFO: [ app_init ] --START--
INFO: Run Behavior\BuildLiteBehavior [ RunTime:0.000035s ]
INFO: [ app_init ] --END-- [ RunTime:0.000813s ]
INFO: [ app_begin ] --START--
INFO: Run Behavior\ReadHtmlCacheBehavior [ RunTime:0.000763s ]
INFO: [ app_begin ] --END-- [ RunTime:0.000926s ]
SQL: SHOW COLUMNS FROM `reg_student` [ RunTime:0.0010s ]
SQL: SELECT * FROM `reg_student` WHERE `id` = 5 AND `code` = 'jsj31' LIMIT 1   [ RunTime:0.0006s ]
SQL: SHOW COLUMNS FROM `reg_match` [ RunTime:0.0009s ]
SQL: SELECT * FROM `reg_match` WHERE `id` = 3 LIMIT 1   [ RunTime:0.0005s ]
SQL: SHOW COLUMNS FROM `reg_reginfo` [ RunTime:0.0017s ]
SQL: SELECT * FROM `reg_reginfo` WHERE `code` = 'jsj31' LIMIT 1   [ RunTime:0.0005s ]
SQL: SHOW COLUMNS FROM `reg_typelink` [ RunTime:0.0014s ]
SQL: SELECT * FROM `reg_typelink` WHERE `match_id` = 3  [ RunTime:0.0003s ]
SQL: SHOW COLUMNS FROM `reg_type` [ RunTime:0.0009s ]
SQL: SELECT `type` FROM `reg_type` WHERE `id` = 1 LIMIT 1   [ RunTime:0.0005s ]
INFO: [ view_parse ] --START--
INFO: [ template_filter ] --START--
INFO: Run Behavior\ContentReplaceBehavior [ RunTime:0.000234s ]
INFO: [ template_filter ] --END-- [ RunTime:0.000545s ]
INFO: Run Behavior\ParseTemplateBehavior [ RunTime:0.048309s ]
INFO: [ view_parse ] --END-- [ RunTime:0.048480s ]
INFO: [ view_filter ] --START--
INFO: Run Behavior\WriteHtmlCacheBehavior [ RunTime:0.000840s ]
INFO: [ view_filter ] --END-- [ RunTime:0.000983s ]
INFO: [ app_end ] --START--
INFO: Run Behavior\ShowPageTraceBehavior [ RunTime:0.000988s ]
INFO: [ app_end ] --END-- [ RunTime:0.001145s ]

[ 2016-10-29T23:39:32+08:00 ] 127.0.0.1 /signup/
INFO: [ app_init ] --START--
INFO: Run Behavior\BuildLiteBehavior [ RunTime:0.000042s ]
INFO: [ app_init ] --END-- [ RunTime:0.036218s ]
INFO: [ app_begin ] --START--
INFO: Run Behavior\ReadHtmlCacheBehavior [ RunTime:0.024025s ]
INFO: [ app_begin ] --END-- [ RunTime:0.024338s ]
INFO: [ view_parse ] --START--
INFO: [ template_filter ] --START--
INFO: Run Behavior\ContentReplaceBehavior [ RunTime:0.002098s ]
INFO: [ template_filter ] --END-- [ RunTime:0.002373s ]
INFO: Run Behavior\ParseTemplateBehavior [ RunTime:0.057499s ]
INFO: [ view_parse ] --END-- [ RunTime:0.057683s ]
INFO: [ view_filter ] --START--
INFO: Run Behavior\WriteHtmlCacheBehavior [ RunTime:0.023241s ]
INFO: [ view_filter ] --END-- [ RunTime:0.023410s ]
INFO: [ app_end ] --START--
INFO: Run Behavior\ShowPageTraceBehavior [ RunTime:0.010478s ]
INFO: [ app_end ] --END-- [ RunTime:0.010639s ]

