[ 2016-10-28T20:03:40+08:00 ] 127.0.0.1 /signup/
INFO: [ app_init ] --START--
INFO: Run Behavior\BuildLiteBehavior [ RunTime:0.000038s ]
INFO: [ app_init ] --END-- [ RunTime:0.001921s ]
INFO: [ app_begin ] --START--
INFO: Run Behavior\ReadHtmlCacheBehavior [ RunTime:0.001296s ]
INFO: [ app_begin ] --END-- [ RunTime:0.001554s ]
INFO: [ view_parse ] --START--
INFO: [ template_filter ] --START--
INFO: Run Behavior\ContentReplaceBehavior [ RunTime:0.002619s ]
INFO: [ template_filter ] --END-- [ RunTime:0.002802s ]
INFO: Run Behavior\ParseTemplateBehavior [ RunTime:0.023054s ]
INFO: [ view_parse ] --END-- [ RunTime:0.023331s ]
INFO: [ view_filter ] --START--
INFO: Run Behavior\WriteHtmlCacheBehavior [ RunTime:0.001309s ]
INFO: [ view_filter ] --END-- [ RunTime:0.001474s ]
INFO: [ app_end ] --START--
INFO: Run Behavior\ShowPageTraceBehavior [ RunTime:0.001162s ]
INFO: [ app_end ] --END-- [ RunTime:0.001312s ]

[ 2016-10-28T21:04:44+08:00 ] 127.0.0.1 /signup/
INFO: [ app_init ] --START--
INFO: Run Behavior\BuildLiteBehavior [ RunTime:0.000045s ]
INFO: [ app_init ] --END-- [ RunTime:0.000998s ]
INFO: [ app_begin ] --START--
INFO: Run Behavior\ReadHtmlCacheBehavior [ RunTime:0.001134s ]
INFO: [ app_begin ] --END-- [ RunTime:0.001473s ]
INFO: [ view_parse ] --START--
INFO: [ template_filter ] --START--
INFO: Run Behavior\ContentReplaceBehavior [ RunTime:0.000159s ]
INFO: [ template_filter ] --END-- [ RunTime:0.000405s ]
INFO: Run Behavior\ParseTemplateBehavior [ RunTime:0.013233s ]
INFO: [ view_parse ] --END-- [ RunTime:0.013471s ]
INFO: [ view_filter ] --START--
INFO: Run Behavior\WriteHtmlCacheBehavior [ RunTime:0.001166s ]
INFO: [ view_filter ] --END-- [ RunTime:0.001378s ]
INFO: [ app_end ] --START--
INFO: Run Behavior\ShowPageTraceBehavior [ RunTime:0.001490s ]
INFO: [ app_end ] --END-- [ RunTime:0.001741s ]

[ 2016-10-28T21:04:51+08:00 ] 127.0.0.1 /signup/index.php/Home/Index/login.html
INFO: [ app_init ] --START--
INFO: Run Behavior\BuildLiteBehavior [ RunTime:0.000039s ]
INFO: [ app_init ] --END-- [ RunTime:0.000897s ]
INFO: [ app_begin ] --START--
INFO: Run Behavior\ReadHtmlCacheBehavior [ RunTime:0.001008s ]
INFO: [ app_begin ] --END-- [ RunTime:0.001181s ]
SQL: SHOW COLUMNS FROM `reg_student` [ RunTime:0.0034s ]
SQL: SELECT * FROM `reg_student` WHERE `code` = 'jsj31t' LIMIT 1   [ RunTime:0.0005s ]
INFO: [ view_parse ] --START--
INFO: [ template_filter ] --START--
INFO: Run Behavior\ContentReplaceBehavior [ RunTime:0.000099s ]
INFO: [ template_filter ] --END-- [ RunTime:0.000272s ]
INFO: Run Behavior\ParseTemplateBehavior [ RunTime:0.010125s ]
INFO: [ view_parse ] --END-- [ RunTime:0.010359s ]
INFO: [ view_filter ] --START--
INFO: Run Behavior\WriteHtmlCacheBehavior [ RunTime:0.000737s ]
INFO: [ view_filter ] --END-- [ RunTime:0.000891s ]

[ 2016-10-28T21:04:58+08:00 ] 127.0.0.1 /signup/index.php/Home/Index/login.html
INFO: [ app_init ] --START--
INFO: Run Behavior\BuildLiteBehavior [ RunTime:0.000034s ]
INFO: [ app_init ] --END-- [ RunTime:0.000860s ]
INFO: [ app_begin ] --START--
INFO: Run Behavior\ReadHtmlCacheBehavior [ RunTime:0.001030s ]
INFO: [ app_begin ] --END-- [ RunTime:0.001265s ]
SQL: SHOW COLUMNS FROM `reg_student` [ RunTime:0.0016s ]
SQL: SELECT * FROM `reg_student` WHERE `code` = 'jsj31' LIMIT 1   [ RunTime:0.0004s ]
SQL: SHOW COLUMNS FROM `reg_match` [ RunTime:0.0009s ]
SQL: SELECT * FROM `reg_match` WHERE `id` = 3 LIMIT 1   [ RunTime:0.0005s ]

[ 2016-10-28T21:04:58+08:00 ] 127.0.0.1 /signup/index.php/Home/Student/index.html
INFO: [ app_init ] --START--
INFO: Run Behavior\BuildLiteBehavior [ RunTime:0.000032s ]
INFO: [ app_init ] --END-- [ RunTime:0.000752s ]
INFO: [ app_begin ] --START--
INFO: Run Behavior\ReadHtmlCacheBehavior [ RunTime:0.000797s ]
INFO: [ app_begin ] --END-- [ RunTime:0.000964s ]
SQL: SHOW COLUMNS FROM `reg_student` [ RunTime:0.0015s ]
SQL: SELECT * FROM `reg_student` WHERE `id` = 5 AND `code` = 'jsj31' LIMIT 1   [ RunTime:0.0005s ]
SQL: SHOW COLUMNS FROM `reg_match` [ RunTime:0.0008s ]
SQL: SELECT * FROM `reg_match` WHERE `id` = 3 LIMIT 1   [ RunTime:0.0004s ]
SQL: SHOW COLUMNS FROM `reg_reginfo` [ RunTime:0.0014s ]
SQL: SELECT * FROM `reg_reginfo` WHERE `code` = 'jsj31' LIMIT 1   [ RunTime:0.0004s ]
INFO: [ view_parse ] --START--
INFO: [ template_filter ] --START--
INFO: Run Behavior\ContentReplaceBehavior [ RunTime:0.000254s ]
INFO: [ template_filter ] --END-- [ RunTime:0.000489s ]
INFO: Run Behavior\ParseTemplateBehavior [ RunTime:0.014373s ]
INFO: [ view_parse ] --END-- [ RunTime:0.014568s ]
INFO: [ view_filter ] --START--
INFO: Run Behavior\WriteHtmlCacheBehavior [ RunTime:0.001220s ]
INFO: [ view_filter ] --END-- [ RunTime:0.001411s ]
INFO: [ app_end ] --START--
INFO: Run Behavior\ShowPageTraceBehavior [ RunTime:0.001226s ]
INFO: [ app_end ] --END-- [ RunTime:0.001378s ]

[ 2016-10-28T21:05:39+08:00 ] 127.0.0.1 /signup/index.php/Home/Student/index.html
INFO: [ app_init ] --START--
INFO: Run Behavior\BuildLiteBehavior [ RunTime:0.000036s ]
INFO: [ app_init ] --END-- [ RunTime:0.000929s ]
INFO: [ app_begin ] --START--
INFO: Run Behavior\ReadHtmlCacheBehavior [ RunTime:0.001080s ]
INFO: [ app_begin ] --END-- [ RunTime:0.001278s ]
SQL: SHOW COLUMNS FROM `reg_student` [ RunTime:0.0008s ]
SQL: SELECT * FROM `reg_student` WHERE `id` = 5 AND `code` = 'jsj31' LIMIT 1   [ RunTime:0.0005s ]
SQL: SHOW COLUMNS FROM `reg_match` [ RunTime:0.0009s ]
SQL: SELECT * FROM `reg_match` WHERE `id` = 3 LIMIT 1   [ RunTime:0.0005s ]
SQL: SHOW COLUMNS FROM `reg_reginfo` [ RunTime:0.0011s ]
SQL: SELECT * FROM `reg_reginfo` WHERE `code` = 'jsj31' LIMIT 1   [ RunTime:0.0005s ]
INFO: [ view_parse ] --START--
INFO: [ template_filter ] --START--
INFO: Run Behavior\ContentReplaceBehavior [ RunTime:0.000140s ]
INFO: [ template_filter ] --END-- [ RunTime:0.000301s ]
INFO: Run Behavior\ParseTemplateBehavior [ RunTime:0.015221s ]
INFO: [ view_parse ] --END-- [ RunTime:0.015397s ]
INFO: [ view_filter ] --START--
INFO: Run Behavior\WriteHtmlCacheBehavior [ RunTime:0.001016s ]
INFO: [ view_filter ] --END-- [ RunTime:0.001168s ]
INFO: [ app_end ] --START--
INFO: Run Behavior\ShowPageTraceBehavior [ RunTime:0.001052s ]
INFO: [ app_end ] --END-- [ RunTime:0.001213s ]

[ 2016-10-28T21:10:11+08:00 ] 127.0.0.1 /signup/index.php/Home/Student/index.html
INFO: [ app_init ] --START--
INFO: Run Behavior\BuildLiteBehavior [ RunTime:0.000036s ]
INFO: [ app_init ] --END-- [ RunTime:0.001041s ]
INFO: [ app_begin ] --START--
INFO: Run Behavior\ReadHtmlCacheBehavior [ RunTime:0.001058s ]
INFO: [ app_begin ] --END-- [ RunTime:0.001228s ]
SQL: SHOW COLUMNS FROM `reg_student` [ RunTime:0.0035s ]
SQL: SELECT * FROM `reg_student` WHERE `id` = 5 AND `code` = 'jsj31' LIMIT 1   [ RunTime:0.0007s ]
SQL: SHOW COLUMNS FROM `reg_match` [ RunTime:0.0010s ]
SQL: SELECT * FROM `reg_match` WHERE `id` = 3 LIMIT 1   [ RunTime:0.0004s ]
SQL: SHOW COLUMNS FROM `reg_reginfo` [ RunTime:0.0011s ]
SQL: SELECT * FROM `reg_reginfo` WHERE `code` = 'jsj31' LIMIT 1   [ RunTime:0.0006s ]
SQL: SHOW COLUMNS FROM `reg_typelink` [ RunTime:0.0008s ]
SQL: SELECT * FROM `reg_typelink` WHERE `match_id` = 3  [ RunTime:0.0004s ]
SQL: SHOW COLUMNS FROM `reg_type` [ RunTime:0.0008s ]
SQL: SELECT `type` FROM `reg_type` WHERE `id` = 3 LIMIT 1   [ RunTime:0.0004s ]
INFO: [ view_parse ] --START--
INFO: [ template_filter ] --START--
INFO: Run Behavior\ContentReplaceBehavior [ RunTime:0.000143s ]
INFO: [ template_filter ] --END-- [ RunTime:0.000310s ]
INFO: Run Behavior\ParseTemplateBehavior [ RunTime:0.015049s ]
INFO: [ view_parse ] --END-- [ RunTime:0.015227s ]
INFO: [ view_filter ] --START--
INFO: Run Behavior\WriteHtmlCacheBehavior [ RunTime:0.000843s ]
INFO: [ view_filter ] --END-- [ RunTime:0.000979s ]
INFO: [ app_end ] --START--
INFO: Run Behavior\ShowPageTraceBehavior [ RunTime:0.000939s ]
INFO: [ app_end ] --END-- [ RunTime:0.001084s ]

[ 2016-10-28T21:10:33+08:00 ] 127.0.0.1 /signup/index.php/Home/Student/index.html
INFO: [ app_init ] --START--
INFO: Run Behavior\BuildLiteBehavior [ RunTime:0.000031s ]
INFO: [ app_init ] --END-- [ RunTime:0.000872s ]
INFO: [ app_begin ] --START--
INFO: Run Behavior\ReadHtmlCacheBehavior [ RunTime:0.000854s ]
INFO: [ app_begin ] --END-- [ RunTime:0.001026s ]
SQL: SHOW COLUMNS FROM `reg_student` [ RunTime:0.0012s ]
SQL: SELECT * FROM `reg_student` WHERE `id` = 5 AND `code` = 'jsj31' LIMIT 1   [ RunTime:0.0006s ]
SQL: SHOW COLUMNS FROM `reg_match` [ RunTime:0.0011s ]
SQL: SELECT * FROM `reg_match` WHERE `id` = 3 LIMIT 1   [ RunTime:0.0005s ]
SQL: SHOW COLUMNS FROM `reg_reginfo` [ RunTime:0.0015s ]
SQL: SELECT * FROM `reg_reginfo` WHERE `code` = 'jsj31' LIMIT 1   [ RunTime:0.0004s ]
SQL: SHOW COLUMNS FROM `reg_typelink` [ RunTime:0.0008s ]
SQL: SELECT * FROM `reg_typelink` WHERE `match_id` = 3  [ RunTime:0.0004s ]
SQL: SHOW COLUMNS FROM `reg_type` [ RunTime:0.0007s ]
SQL: SELECT `type` FROM `reg_type` WHERE `id` = 3 LIMIT 1   [ RunTime:0.0005s ]
SQL: SELECT `type` FROM `reg_type` WHERE `id` = 1 LIMIT 1   [ RunTime:0.0003s ]
INFO: [ view_parse ] --START--
INFO: [ template_filter ] --START--
INFO: Run Behavior\ContentReplaceBehavior [ RunTime:0.000143s ]
INFO: [ template_filter ] --END-- [ RunTime:0.000334s ]
INFO: Run Behavior\ParseTemplateBehavior [ RunTime:0.015486s ]
INFO: [ view_parse ] --END-- [ RunTime:0.015657s ]
INFO: [ view_filter ] --START--
INFO: Run Behavior\WriteHtmlCacheBehavior [ RunTime:0.000991s ]
INFO: [ view_filter ] --END-- [ RunTime:0.001194s ]
INFO: [ app_end ] --START--
INFO: Run Behavior\ShowPageTraceBehavior [ RunTime:0.001355s ]
INFO: [ app_end ] --END-- [ RunTime:0.001535s ]

[ 2016-10-28T21:10:41+08:00 ] 127.0.0.1 /signup/index.php/Home/Student/index.html
INFO: [ app_init ] --START--
INFO: Run Behavior\BuildLiteBehavior [ RunTime:0.000036s ]
INFO: [ app_init ] --END-- [ RunTime:0.000944s ]
INFO: [ app_begin ] --START--
INFO: Run Behavior\ReadHtmlCacheBehavior [ RunTime:0.000773s ]
INFO: [ app_begin ] --END-- [ RunTime:0.000935s ]
SQL: SHOW COLUMNS FROM `reg_student` [ RunTime:0.0014s ]
SQL: SELECT * FROM `reg_student` WHERE `id` = 5 AND `code` = 'jsj31' LIMIT 1   [ RunTime:0.0005s ]
SQL: SHOW COLUMNS FROM `reg_match` [ RunTime:0.0011s ]
SQL: SELECT * FROM `reg_match` WHERE `id` = 3 LIMIT 1   [ RunTime:0.0005s ]
SQL: SHOW COLUMNS FROM `reg_reginfo` [ RunTime:0.0016s ]
SQL: SELECT * FROM `reg_reginfo` WHERE `code` = 'jsj31' LIMIT 1   [ RunTime:0.0004s ]
SQL: SHOW COLUMNS FROM `reg_typelink` [ RunTime:0.0006s ]
SQL: SELECT * FROM `reg_typelink` WHERE `match_id` = 3  [ RunTime:0.0005s ]
SQL: SHOW COLUMNS FROM `reg_type` [ RunTime:0.0014s ]
SQL: SELECT `type` FROM `reg_type` WHERE `id` = 1 LIMIT 1   [ RunTime:0.0005s ]
INFO: [ view_parse ] --START--
INFO: [ template_filter ] --START--
INFO: Run Behavior\ContentReplaceBehavior [ RunTime:0.000193s ]
INFO: [ template_filter ] --END-- [ RunTime:0.000447s ]
INFO: Run Behavior\ParseTemplateBehavior [ RunTime:0.023712s ]
INFO: [ view_parse ] --END-- [ RunTime:0.024020s ]
INFO: [ view_filter ] --START--
INFO: Run Behavior\WriteHtmlCacheBehavior [ RunTime:0.001157s ]
INFO: [ view_filter ] --END-- [ RunTime:0.001384s ]
INFO: [ app_end ] --START--
INFO: Run Behavior\ShowPageTraceBehavior [ RunTime:0.001288s ]
INFO: [ app_end ] --END-- [ RunTime:0.001487s ]

[ 2016-10-28T21:11:11+08:00 ] 127.0.0.1 /signup/index.php/Home/Student/index.html
INFO: [ app_init ] --START--
INFO: Run Behavior\BuildLiteBehavior [ RunTime:0.000036s ]
INFO: [ app_init ] --END-- [ RunTime:0.000988s ]
INFO: [ app_begin ] --START--
INFO: Run Behavior\ReadHtmlCacheBehavior [ RunTime:0.001463s ]
INFO: [ app_begin ] --END-- [ RunTime:0.001630s ]
SQL: SHOW COLUMNS FROM `reg_student` [ RunTime:0.0041s ]
SQL: SELECT * FROM `reg_student` WHERE `id` = 5 AND `code` = 'jsj31' LIMIT 1   [ RunTime:0.0010s ]
SQL: SHOW COLUMNS FROM `reg_match` [ RunTime:0.0014s ]
SQL: SELECT * FROM `reg_match` WHERE `id` = 3 LIMIT 1   [ RunTime:0.0006s ]
SQL: SHOW COLUMNS FROM `reg_reginfo` [ RunTime:0.0016s ]
SQL: SELECT * FROM `reg_reginfo` WHERE `code` = 'jsj31' LIMIT 1   [ RunTime:0.0004s ]
SQL: SHOW COLUMNS FROM `reg_typelink` [ RunTime:0.0008s ]
SQL: SELECT * FROM `reg_typelink` WHERE `match_id` = 3  [ RunTime:0.0004s ]
SQL: SHOW COLUMNS FROM `reg_type` [ RunTime:0.0006s ]
SQL: SELECT `type` FROM `reg_type` WHERE `id` = 1 LIMIT 1   [ RunTime:0.0004s ]
INFO: [ view_parse ] --START--
INFO: [ template_filter ] --START--
INFO: Run Behavior\ContentReplaceBehavior [ RunTime:0.000155s ]
INFO: [ template_filter ] --END-- [ RunTime:0.000325s ]
INFO: Run Behavior\ParseTemplateBehavior [ RunTime:0.016473s ]
INFO: [ view_parse ] --END-- [ RunTime:0.016647s ]
INFO: [ view_filter ] --START--
INFO: Run Behavior\WriteHtmlCacheBehavior [ RunTime:0.001127s ]
INFO: [ view_filter ] --END-- [ RunTime:0.001259s ]
INFO: [ app_end ] --START--
INFO: Run Behavior\ShowPageTraceBehavior [ RunTime:0.001153s ]
INFO: [ app_end ] --END-- [ RunTime:0.001301s ]

