[ 2016-11-11T16:58:18+08:00 ] 127.0.0.1 /signup/
INFO: [ app_init ] --START--
INFO: Run Behavior\BuildLiteBehavior [ RunTime:0.000064s ]
INFO: [ app_init ] --END-- [ RunTime:0.002062s ]
INFO: [ app_begin ] --START--
INFO: Run Behavior\ReadHtmlCacheBehavior [ RunTime:0.001336s ]
INFO: [ app_begin ] --END-- [ RunTime:0.001614s ]
INFO: [ view_parse ] --START--
INFO: [ template_filter ] --START--
INFO: Run Behavior\ContentReplaceBehavior [ RunTime:0.001520s ]
INFO: [ template_filter ] --END-- [ RunTime:0.001734s ]
INFO: Run Behavior\ParseTemplateBehavior [ RunTime:0.071255s ]
INFO: [ view_parse ] --END-- [ RunTime:0.071489s ]
INFO: [ view_filter ] --START--
INFO: Run Behavior\WriteHtmlCacheBehavior [ RunTime:0.000928s ]
INFO: [ view_filter ] --END-- [ RunTime:0.001112s ]
INFO: [ app_end ] --START--
INFO: Run Behavior\ShowPageTraceBehavior [ RunTime:0.001012s ]
INFO: [ app_end ] --END-- [ RunTime:0.001138s ]

[ 2016-11-11T17:03:32+08:00 ] 127.0.0.1 /signup/index.php/Home/Index/login.html
INFO: [ app_init ] --START--
INFO: Run Behavior\BuildLiteBehavior [ RunTime:0.000032s ]
INFO: [ app_init ] --END-- [ RunTime:0.000683s ]
INFO: [ app_begin ] --START--
INFO: Run Behavior\ReadHtmlCacheBehavior [ RunTime:0.000673s ]
INFO: [ app_begin ] --END-- [ RunTime:0.000901s ]
SQL: SHOW COLUMNS FROM `reg_teacher` [ RunTime:0.0074s ]
SQL: SELECT * FROM `reg_teacher` WHERE `code` = 'pw11t' LIMIT 1   [ RunTime:0.0003s ]

[ 2016-11-11T17:03:33+08:00 ] 127.0.0.1 /signup/index.php/Home/Teacher/index.html
INFO: [ app_init ] --START--
INFO: Run Behavior\BuildLiteBehavior [ RunTime:0.000030s ]
INFO: [ app_init ] --END-- [ RunTime:0.000525s ]
INFO: [ app_begin ] --START--
INFO: Run Behavior\ReadHtmlCacheBehavior [ RunTime:0.000635s ]
INFO: [ app_begin ] --END-- [ RunTime:0.000781s ]
SQL: SHOW COLUMNS FROM `reg_teacher` [ RunTime:0.0071s ]
SQL: SELECT * FROM `reg_teacher` WHERE `id` = 3 AND `code` = 'pw11t' LIMIT 1   [ RunTime:0.0005s ]
SQL: SHOW COLUMNS FROM `reg_college` [ RunTime:0.0055s ]
SQL: SELECT * FROM `reg_college` WHERE `id` = null LIMIT 1   [ RunTime:0.0003s ]
SQL: SHOW COLUMNS FROM `reg_match` [ RunTime:0.0056s ]
SQL: SELECT * FROM `reg_match` WHERE `id` = 1 LIMIT 1   [ RunTime:0.0004s ]
SQL: SHOW COLUMNS FROM `reg_task` [ RunTime:0.0666s ]
SQL: SELECT * FROM `reg_task` WHERE `pwid` = 3  [ RunTime:0.0004s ]
SQL: SHOW COLUMNS FROM `reg_reginfo` [ RunTime:0.0391s ]
NOTIC: [8] Undefined index: p D:\phpStudy\WWW\signup\App\Home\Controller\TeacherController.class.php 第 58 行.
NOTIC: [8] Undefined index: limit D:\phpStudy\WWW\signup\ThinkPHP\Library\Think\Db\Driver.class.php 第 961 行.
SQL: SELECT * FROM `reg_reginfo` WHERE `id` IN ('6','7') ORDER BY id asc LIMIT 0,20   [ RunTime:0.0240s ]
SQL: SELECT COUNT(*) AS tp_count FROM `reg_reginfo` WHERE `id` IN ('6','7') LIMIT 1   [ RunTime:0.0004s ]
INFO: [ view_parse ] --START--
INFO: [ template_filter ] --START--
INFO: Run Behavior\ContentReplaceBehavior [ RunTime:0.000090s ]
INFO: [ template_filter ] --END-- [ RunTime:0.000254s ]
INFO: Run Behavior\ParseTemplateBehavior [ RunTime:0.066860s ]
INFO: [ view_parse ] --END-- [ RunTime:0.067018s ]
INFO: [ view_filter ] --START--
INFO: Run Behavior\WriteHtmlCacheBehavior [ RunTime:0.000326s ]
INFO: [ view_filter ] --END-- [ RunTime:0.000453s ]
INFO: [ app_end ] --START--
INFO: Run Behavior\ShowPageTraceBehavior [ RunTime:0.000474s ]
INFO: [ app_end ] --END-- [ RunTime:0.000592s ]

[ 2016-11-11T17:03:35+08:00 ] 127.0.0.1 /signup/index.php/Home/Evaluate/teamInfo/id/6.html
INFO: [ app_init ] --START--
INFO: Run Behavior\BuildLiteBehavior [ RunTime:0.000030s ]
INFO: [ app_init ] --END-- [ RunTime:0.000742s ]
INFO: [ app_begin ] --START--
INFO: Run Behavior\ReadHtmlCacheBehavior [ RunTime:0.000485s ]
INFO: [ app_begin ] --END-- [ RunTime:0.000616s ]
SQL: SHOW COLUMNS FROM `reg_reginfo` [ RunTime:0.0075s ]
SQL: SELECT * FROM `reg_reginfo` WHERE `id` = 6 LIMIT 1   [ RunTime:0.0004s ]
SQL: SHOW COLUMNS FROM `reg_task` [ RunTime:0.0052s ]
SQL: SELECT * FROM `reg_task` left join reg_teacher on reg_task.pwid=reg_teacher.id  WHERE `projectid` = '6'  [ RunTime:0.0004s ]
NOTIC: [8] Undefined index: ppt D:\phpStudy\WWW\signup\App\Home\Model\CommonModel.class.php 第 164 行.
NOTIC: [8] Undefined index: tupian D:\phpStudy\WWW\signup\App\Home\Model\CommonModel.class.php 第 170 行.
NOTIC: [8] Undefined index: shuoming D:\phpStudy\WWW\signup\App\Home\Model\CommonModel.class.php 第 176 行.
INFO: [ view_parse ] --START--
INFO: [ template_filter ] --START--
INFO: Run Behavior\ContentReplaceBehavior [ RunTime:0.000101s ]
INFO: [ template_filter ] --END-- [ RunTime:0.000244s ]
NOTIC: [8] Undefined index: ppt D:\phpStudy\WWW\signup\App\Runtime\Cache\Home\b52136c0ce0f953bf0c775e57fd2ad71.php 第 164 行.
NOTIC: [8] Undefined index: tupian D:\phpStudy\WWW\signup\App\Runtime\Cache\Home\b52136c0ce0f953bf0c775e57fd2ad71.php 第 168 行.
NOTIC: [8] Undefined index: shuoming D:\phpStudy\WWW\signup\App\Runtime\Cache\Home\b52136c0ce0f953bf0c775e57fd2ad71.php 第 172 行.
INFO: Run Behavior\ParseTemplateBehavior [ RunTime:0.027247s ]
INFO: [ view_parse ] --END-- [ RunTime:0.027385s ]
INFO: [ view_filter ] --START--
INFO: Run Behavior\WriteHtmlCacheBehavior [ RunTime:0.000313s ]
INFO: [ view_filter ] --END-- [ RunTime:0.000425s ]
INFO: [ app_end ] --START--
INFO: Run Behavior\ShowPageTraceBehavior [ RunTime:0.000457s ]
INFO: [ app_end ] --END-- [ RunTime:0.000587s ]

[ 2016-11-11T17:05:34+08:00 ] 127.0.0.1 /signup/index.php/Home/Evaluate/teamInfo/id/6.html
INFO: [ app_init ] --START--
INFO: Run Behavior\BuildLiteBehavior [ RunTime:0.000038s ]
INFO: [ app_init ] --END-- [ RunTime:0.000569s ]
INFO: [ app_begin ] --START--
INFO: Run Behavior\ReadHtmlCacheBehavior [ RunTime:0.000515s ]
INFO: [ app_begin ] --END-- [ RunTime:0.000634s ]
SQL: SHOW COLUMNS FROM `reg_reginfo` [ RunTime:0.0069s ]
SQL: SELECT * FROM `reg_reginfo` WHERE `id` = 6 LIMIT 1   [ RunTime:0.0007s ]
SQL: SHOW COLUMNS FROM `reg_task` [ RunTime:0.0053s ]
SQL: SELECT * FROM `reg_task` left join reg_teacher on reg_task.pwid=reg_teacher.id  WHERE `projectid` = '6'  [ RunTime:0.0006s ]
NOTIC: [8] Undefined index: ppt D:\phpStudy\WWW\signup\App\Home\Model\CommonModel.class.php 第 164 行.
NOTIC: [8] Undefined index: tupian D:\phpStudy\WWW\signup\App\Home\Model\CommonModel.class.php 第 170 行.
NOTIC: [8] Undefined index: shuoming D:\phpStudy\WWW\signup\App\Home\Model\CommonModel.class.php 第 176 行.
INFO: [ view_parse ] --START--
INFO: [ template_filter ] --START--
INFO: Run Behavior\ContentReplaceBehavior [ RunTime:0.000106s ]
INFO: [ template_filter ] --END-- [ RunTime:0.000251s ]
NOTIC: [8] Undefined index: ppt D:\phpStudy\WWW\signup\App\Runtime\Cache\Home\b52136c0ce0f953bf0c775e57fd2ad71.php 第 166 行.
NOTIC: [8] Undefined index: tupian D:\phpStudy\WWW\signup\App\Runtime\Cache\Home\b52136c0ce0f953bf0c775e57fd2ad71.php 第 170 行.
NOTIC: [8] Undefined index: shuoming D:\phpStudy\WWW\signup\App\Runtime\Cache\Home\b52136c0ce0f953bf0c775e57fd2ad71.php 第 174 行.
INFO: Run Behavior\ParseTemplateBehavior [ RunTime:0.017264s ]
INFO: [ view_parse ] --END-- [ RunTime:0.017442s ]
INFO: [ view_filter ] --START--
INFO: Run Behavior\WriteHtmlCacheBehavior [ RunTime:0.000487s ]
INFO: [ view_filter ] --END-- [ RunTime:0.000606s ]
INFO: [ app_end ] --START--
INFO: Run Behavior\ShowPageTraceBehavior [ RunTime:0.000608s ]
INFO: [ app_end ] --END-- [ RunTime:0.000729s ]

[ 2016-11-11T17:05:50+08:00 ] 127.0.0.1 /signup/index.php/Home/Evaluate/teamInfo/id/6.html
INFO: [ app_init ] --START--
INFO: Run Behavior\BuildLiteBehavior [ RunTime:0.000027s ]
INFO: [ app_init ] --END-- [ RunTime:0.000456s ]
INFO: [ app_begin ] --START--
INFO: Run Behavior\ReadHtmlCacheBehavior [ RunTime:0.000440s ]
INFO: [ app_begin ] --END-- [ RunTime:0.000609s ]
SQL: SHOW COLUMNS FROM `reg_reginfo` [ RunTime:0.0055s ]
SQL: SELECT * FROM `reg_reginfo` WHERE `id` = 6 LIMIT 1   [ RunTime:0.0004s ]
SQL: SHOW COLUMNS FROM `reg_task` [ RunTime:0.0061s ]
SQL: SELECT * FROM `reg_task` left join reg_teacher on reg_task.pwid=reg_teacher.id  WHERE `projectid` = '6'  [ RunTime:0.0004s ]
NOTIC: [8] Undefined index: ppt D:\phpStudy\WWW\signup\App\Home\Model\CommonModel.class.php 第 164 行.
NOTIC: [8] Undefined index: tupian D:\phpStudy\WWW\signup\App\Home\Model\CommonModel.class.php 第 170 行.
NOTIC: [8] Undefined index: shuoming D:\phpStudy\WWW\signup\App\Home\Model\CommonModel.class.php 第 176 行.
INFO: [ view_parse ] --START--
INFO: [ template_filter ] --START--
INFO: Run Behavior\ContentReplaceBehavior [ RunTime:0.000090s ]
INFO: [ template_filter ] --END-- [ RunTime:0.000215s ]
NOTIC: [8] Undefined index: ppt D:\phpStudy\WWW\signup\App\Runtime\Cache\Home\b52136c0ce0f953bf0c775e57fd2ad71.php 第 165 行.
NOTIC: [8] Undefined index: tupian D:\phpStudy\WWW\signup\App\Runtime\Cache\Home\b52136c0ce0f953bf0c775e57fd2ad71.php 第 169 行.
NOTIC: [8] Undefined index: shuoming D:\phpStudy\WWW\signup\App\Runtime\Cache\Home\b52136c0ce0f953bf0c775e57fd2ad71.php 第 173 行.
INFO: Run Behavior\ParseTemplateBehavior [ RunTime:0.013721s ]
INFO: [ view_parse ] --END-- [ RunTime:0.013856s ]
INFO: [ view_filter ] --START--
INFO: Run Behavior\WriteHtmlCacheBehavior [ RunTime:0.000662s ]
INFO: [ view_filter ] --END-- [ RunTime:0.000954s ]
INFO: [ app_end ] --START--
INFO: Run Behavior\ShowPageTraceBehavior [ RunTime:0.000898s ]
INFO: [ app_end ] --END-- [ RunTime:0.001058s ]

[ 2016-11-11T17:05:57+08:00 ] 127.0.0.1 /signup/index.php/Home/Evaluate/runEvaluate.html
INFO: [ app_init ] --START--
INFO: Run Behavior\BuildLiteBehavior [ RunTime:0.000036s ]
INFO: [ app_init ] --END-- [ RunTime:0.000475s ]
INFO: [ app_begin ] --START--
INFO: Run Behavior\ReadHtmlCacheBehavior [ RunTime:0.000444s ]
INFO: [ app_begin ] --END-- [ RunTime:0.000561s ]
SQL: SHOW COLUMNS FROM `reg_teacher` [ RunTime:0.0060s ]
SQL: SELECT * FROM `reg_teacher` WHERE `id` = 3 AND `code` = 'pw11t' LIMIT 1   [ RunTime:0.0004s ]
SQL: SHOW COLUMNS FROM `reg_reginfo` [ RunTime:0.0054s ]
SQL: SELECT * FROM `reg_reginfo` WHERE `id` = 6 LIMIT 1   [ RunTime:0.0004s ]
SQL: UPDATE `reg_reginfo` SET `status`='3' WHERE `id` = 6 [ RunTime:0.0003s ]
SQL: SHOW COLUMNS FROM `reg_task` [ RunTime:0.0054s ]
SQL: UPDATE `reg_task` SET `score`='99',`suggest`='111' WHERE `projectid` = 6 AND `pwid` = 3 [ RunTime:0.0004s ]
INFO: [ view_parse ] --START--
INFO: [ template_filter ] --START--
INFO: Run Behavior\ContentReplaceBehavior [ RunTime:0.000072s ]
INFO: [ template_filter ] --END-- [ RunTime:0.000212s ]
INFO: Run Behavior\ParseTemplateBehavior [ RunTime:0.010028s ]
INFO: [ view_parse ] --END-- [ RunTime:0.010156s ]
INFO: [ view_filter ] --START--
INFO: Run Behavior\WriteHtmlCacheBehavior [ RunTime:0.000450s ]
INFO: [ view_filter ] --END-- [ RunTime:0.000575s ]
INFO: [ app_end ] --START--
INFO: Run Behavior\ShowPageTraceBehavior [ RunTime:0.000585s ]
INFO: [ app_end ] --END-- [ RunTime:0.000768s ]

[ 2016-11-11T17:05:59+08:00 ] 127.0.0.1 /signup/index.php/Home/Teacher/index.html
INFO: [ app_init ] --START--
INFO: Run Behavior\BuildLiteBehavior [ RunTime:0.000031s ]
INFO: [ app_init ] --END-- [ RunTime:0.000762s ]
INFO: [ app_begin ] --START--
INFO: Run Behavior\ReadHtmlCacheBehavior [ RunTime:0.000704s ]
INFO: [ app_begin ] --END-- [ RunTime:0.000848s ]
SQL: SHOW COLUMNS FROM `reg_teacher` [ RunTime:0.0067s ]
SQL: SELECT * FROM `reg_teacher` WHERE `id` = 3 AND `code` = 'pw11t' LIMIT 1   [ RunTime:0.0003s ]
SQL: SHOW COLUMNS FROM `reg_college` [ RunTime:0.0047s ]
SQL: SELECT * FROM `reg_college` WHERE `id` = null LIMIT 1   [ RunTime:0.0002s ]
SQL: SHOW COLUMNS FROM `reg_match` [ RunTime:0.0051s ]
SQL: SELECT * FROM `reg_match` WHERE `id` = 1 LIMIT 1   [ RunTime:0.0005s ]
SQL: SHOW COLUMNS FROM `reg_task` [ RunTime:0.0050s ]
SQL: SELECT * FROM `reg_task` WHERE `pwid` = 3  [ RunTime:0.0003s ]
SQL: SHOW COLUMNS FROM `reg_reginfo` [ RunTime:0.0052s ]
NOTIC: [8] Undefined index: p D:\phpStudy\WWW\signup\App\Home\Controller\TeacherController.class.php 第 58 行.
NOTIC: [8] Undefined index: limit D:\phpStudy\WWW\signup\ThinkPHP\Library\Think\Db\Driver.class.php 第 961 行.
SQL: SELECT * FROM `reg_reginfo` WHERE `id` IN ('6','7') ORDER BY id asc LIMIT 0,20   [ RunTime:0.0004s ]
SQL: SELECT COUNT(*) AS tp_count FROM `reg_reginfo` WHERE `id` IN ('6','7') LIMIT 1   [ RunTime:0.0003s ]
SQL: SELECT * FROM `reg_teacher` WHERE `id` = 3 LIMIT 1   [ RunTime:0.0003s ]
SQL: SELECT `score` FROM `reg_task` WHERE `pwid` = 3 AND `projectid` = 6 LIMIT 1   [ RunTime:0.0002s ]
INFO: [ view_parse ] --START--
INFO: [ template_filter ] --START--
INFO: Run Behavior\ContentReplaceBehavior [ RunTime:0.000098s ]
INFO: [ template_filter ] --END-- [ RunTime:0.000239s ]
INFO: Run Behavior\ParseTemplateBehavior [ RunTime:0.019869s ]
INFO: [ view_parse ] --END-- [ RunTime:0.020009s ]
INFO: [ view_filter ] --START--
INFO: Run Behavior\WriteHtmlCacheBehavior [ RunTime:0.000420s ]
INFO: [ view_filter ] --END-- [ RunTime:0.000534s ]
INFO: [ app_end ] --START--
INFO: Run Behavior\ShowPageTraceBehavior [ RunTime:0.000582s ]
INFO: [ app_end ] --END-- [ RunTime:0.000694s ]

[ 2016-11-11T17:06:01+08:00 ] 127.0.0.1 /signup/index.php/Home/Evaluate/teamInfo/id/6.html
INFO: [ app_init ] --START--
INFO: Run Behavior\BuildLiteBehavior [ RunTime:0.000039s ]
INFO: [ app_init ] --END-- [ RunTime:0.000501s ]
INFO: [ app_begin ] --START--
INFO: Run Behavior\ReadHtmlCacheBehavior [ RunTime:0.000511s ]
INFO: [ app_begin ] --END-- [ RunTime:0.000636s ]
SQL: SHOW COLUMNS FROM `reg_reginfo` [ RunTime:0.0058s ]
SQL: SELECT * FROM `reg_reginfo` WHERE `id` = 6 LIMIT 1   [ RunTime:0.0004s ]
SQL: SHOW COLUMNS FROM `reg_teacher` [ RunTime:0.0052s ]
SQL: SELECT * FROM `reg_teacher` WHERE `id` = 3 LIMIT 1   [ RunTime:0.0003s ]
SQL: SHOW COLUMNS FROM `reg_task` [ RunTime:0.0046s ]
SQL: SELECT `score` FROM `reg_task` WHERE `pwid` = 3 LIMIT 1   [ RunTime:0.0002s ]
SQL: SELECT * FROM `reg_task` left join reg_teacher on reg_task.pwid=reg_teacher.id  WHERE `projectid` = '6'  [ RunTime:0.0004s ]
NOTIC: [8] Undefined index: ppt D:\phpStudy\WWW\signup\App\Home\Model\CommonModel.class.php 第 164 行.
NOTIC: [8] Undefined index: tupian D:\phpStudy\WWW\signup\App\Home\Model\CommonModel.class.php 第 170 行.
NOTIC: [8] Undefined index: shuoming D:\phpStudy\WWW\signup\App\Home\Model\CommonModel.class.php 第 176 行.
INFO: [ view_parse ] --START--
INFO: [ template_filter ] --START--
INFO: Run Behavior\ContentReplaceBehavior [ RunTime:0.000105s ]
INFO: [ template_filter ] --END-- [ RunTime:0.000252s ]
NOTIC: [8] Undefined index: ppt D:\phpStudy\WWW\signup\App\Runtime\Cache\Home\b52136c0ce0f953bf0c775e57fd2ad71.php 第 165 行.
NOTIC: [8] Undefined index: tupian D:\phpStudy\WWW\signup\App\Runtime\Cache\Home\b52136c0ce0f953bf0c775e57fd2ad71.php 第 169 行.
NOTIC: [8] Undefined index: shuoming D:\phpStudy\WWW\signup\App\Runtime\Cache\Home\b52136c0ce0f953bf0c775e57fd2ad71.php 第 173 行.
INFO: Run Behavior\ParseTemplateBehavior [ RunTime:0.014391s ]
INFO: [ view_parse ] --END-- [ RunTime:0.014587s ]
INFO: [ view_filter ] --START--
INFO: Run Behavior\WriteHtmlCacheBehavior [ RunTime:0.000407s ]
INFO: [ view_filter ] --END-- [ RunTime:0.000526s ]
INFO: [ app_end ] --START--
INFO: Run Behavior\ShowPageTraceBehavior [ RunTime:0.000601s ]
INFO: [ app_end ] --END-- [ RunTime:0.000734s ]

[ 2016-11-11T17:07:15+08:00 ] 127.0.0.1 /signup/index.php/Home/Index/logout/type/teacher.html
INFO: [ app_init ] --START--
INFO: Run Behavior\BuildLiteBehavior [ RunTime:0.000028s ]
INFO: [ app_init ] --END-- [ RunTime:0.000427s ]
INFO: [ app_begin ] --START--
INFO: Run Behavior\ReadHtmlCacheBehavior [ RunTime:0.000424s ]
INFO: [ app_begin ] --END-- [ RunTime:0.000543s ]
INFO: [ view_parse ] --START--
INFO: [ template_filter ] --START--
INFO: Run Behavior\ContentReplaceBehavior [ RunTime:0.000079s ]
INFO: [ template_filter ] --END-- [ RunTime:0.000230s ]
INFO: Run Behavior\ParseTemplateBehavior [ RunTime:0.006626s ]
INFO: [ view_parse ] --END-- [ RunTime:0.006763s ]
INFO: [ view_filter ] --START--
INFO: Run Behavior\WriteHtmlCacheBehavior [ RunTime:0.000297s ]
INFO: [ view_filter ] --END-- [ RunTime:0.000413s ]
INFO: [ app_end ] --START--
INFO: Run Behavior\ShowPageTraceBehavior [ RunTime:0.000472s ]
INFO: [ app_end ] --END-- [ RunTime:0.000591s ]

[ 2016-11-11T17:07:17+08:00 ] 127.0.0.1 /signup/index.php/Home/Index/index.html
INFO: [ app_init ] --START--
INFO: Run Behavior\BuildLiteBehavior [ RunTime:0.000028s ]
INFO: [ app_init ] --END-- [ RunTime:0.000472s ]
INFO: [ app_begin ] --START--
INFO: Run Behavior\ReadHtmlCacheBehavior [ RunTime:0.000465s ]
INFO: [ app_begin ] --END-- [ RunTime:0.000594s ]
INFO: [ view_parse ] --START--
INFO: [ template_filter ] --START--
INFO: Run Behavior\ContentReplaceBehavior [ RunTime:0.000078s ]
INFO: [ template_filter ] --END-- [ RunTime:0.000227s ]
INFO: Run Behavior\ParseTemplateBehavior [ RunTime:0.007967s ]
INFO: [ view_parse ] --END-- [ RunTime:0.008160s ]
INFO: [ view_filter ] --START--
INFO: Run Behavior\WriteHtmlCacheBehavior [ RunTime:0.000583s ]
INFO: [ view_filter ] --END-- [ RunTime:0.000780s ]
INFO: [ app_end ] --START--
INFO: Run Behavior\ShowPageTraceBehavior [ RunTime:0.000602s ]
INFO: [ app_end ] --END-- [ RunTime:0.000723s ]

[ 2016-11-11T17:07:32+08:00 ] 127.0.0.1 /signup/index.php/Home/Index/login.html
INFO: [ app_init ] --START--
INFO: Run Behavior\BuildLiteBehavior [ RunTime:0.000028s ]
INFO: [ app_init ] --END-- [ RunTime:0.000461s ]
INFO: [ app_begin ] --START--
INFO: Run Behavior\ReadHtmlCacheBehavior [ RunTime:0.000416s ]
INFO: [ app_begin ] --END-- [ RunTime:0.000538s ]
SQL: SHOW COLUMNS FROM `reg_student` [ RunTime:0.0064s ]
SQL: SELECT * FROM `reg_student` WHERE `code` = 'jsj11' LIMIT 1   [ RunTime:0.0003s ]
SQL: SHOW COLUMNS FROM `reg_match` [ RunTime:0.0054s ]
SQL: SELECT * FROM `reg_match` WHERE `id` = 1 LIMIT 1   [ RunTime:0.0003s ]

[ 2016-11-11T17:07:33+08:00 ] 127.0.0.1 /signup/index.php/Home/Student/index.html
INFO: [ app_init ] --START--
INFO: Run Behavior\BuildLiteBehavior [ RunTime:0.000028s ]
INFO: [ app_init ] --END-- [ RunTime:0.000544s ]
INFO: [ app_begin ] --START--
INFO: Run Behavior\ReadHtmlCacheBehavior [ RunTime:0.000632s ]
INFO: [ app_begin ] --END-- [ RunTime:0.000802s ]
SQL: SHOW COLUMNS FROM `reg_student` [ RunTime:0.0053s ]
SQL: SELECT * FROM `reg_student` WHERE `id` = 1 AND `code` = 'jsj11' LIMIT 1   [ RunTime:0.0004s ]
SQL: SHOW COLUMNS FROM `reg_match` [ RunTime:0.0060s ]
SQL: SELECT * FROM `reg_match` WHERE `id` = 1 LIMIT 1   [ RunTime:0.0003s ]
SQL: SHOW COLUMNS FROM `reg_reginfo` [ RunTime:0.0063s ]
SQL: SELECT * FROM `reg_reginfo` WHERE `code` = 'jsj11' LIMIT 1   [ RunTime:0.0003s ]
SQL: SELECT `matchid` FROM `reg_student` WHERE `id` = 1 AND `code` = 'jsj11' LIMIT 1   [ RunTime:0.0002s ]
SQL: SELECT * FROM `reg_match` WHERE `id` = 1 LIMIT 1   [ RunTime:0.0002s ]
SQL: SELECT * FROM `reg_reginfo` WHERE `matchid` = 1  [ RunTime:0.0002s ]
SQL: SHOW COLUMNS FROM `reg_teacher` [ RunTime:0.0061s ]
SQL: SELECT * FROM `reg_teacher` WHERE `id` = null LIMIT 1   [ RunTime:0.0003s ]
INFO: [ view_parse ] --START--
INFO: [ template_filter ] --START--
INFO: Run Behavior\ContentReplaceBehavior [ RunTime:0.000085s ]
INFO: [ template_filter ] --END-- [ RunTime:0.000228s ]
INFO: Run Behavior\ParseTemplateBehavior [ RunTime:0.019722s ]
INFO: [ view_parse ] --END-- [ RunTime:0.019915s ]
INFO: [ view_filter ] --START--
INFO: Run Behavior\WriteHtmlCacheBehavior [ RunTime:0.000554s ]
INFO: [ view_filter ] --END-- [ RunTime:0.000823s ]
INFO: [ app_end ] --START--
INFO: Run Behavior\ShowPageTraceBehavior [ RunTime:0.001020s ]
INFO: [ app_end ] --END-- [ RunTime:0.001289s ]

[ 2016-11-11T17:14:30+08:00 ] 127.0.0.1 /signup/index.php/Home/Student/index.html
INFO: [ app_init ] --START--
INFO: Run Behavior\BuildLiteBehavior [ RunTime:0.000031s ]
INFO: [ app_init ] --END-- [ RunTime:0.000667s ]
INFO: [ app_begin ] --START--
INFO: Run Behavior\ReadHtmlCacheBehavior [ RunTime:0.000687s ]
INFO: [ app_begin ] --END-- [ RunTime:0.000839s ]
SQL: SHOW COLUMNS FROM `reg_student` [ RunTime:0.0089s ]
SQL: SELECT * FROM `reg_student` WHERE `id` = 1 AND `code` = 'jsj11' LIMIT 1   [ RunTime:0.0006s ]
SQL: SHOW COLUMNS FROM `reg_match` [ RunTime:0.0070s ]
SQL: SELECT * FROM `reg_match` WHERE `id` = 1 LIMIT 1   [ RunTime:0.0004s ]
SQL: SHOW COLUMNS FROM `reg_reginfo` [ RunTime:0.0055s ]
SQL: SELECT * FROM `reg_reginfo` WHERE `code` = 'jsj11' LIMIT 1   [ RunTime:0.0004s ]
SQL: SELECT `matchid` FROM `reg_student` WHERE `id` = 1 AND `code` = 'jsj11' LIMIT 1   [ RunTime:0.0003s ]
SQL: SELECT * FROM `reg_match` WHERE `id` = 1 LIMIT 1   [ RunTime:0.0002s ]
SQL: SELECT * FROM `reg_reginfo` WHERE `code` = 'jsj11' LIMIT 1   [ RunTime:0.0002s ]
INFO: [ view_parse ] --START--
INFO: [ template_filter ] --START--
INFO: Run Behavior\ContentReplaceBehavior [ RunTime:0.000095s ]
INFO: [ template_filter ] --END-- [ RunTime:0.000241s ]
NOTIC: [8] Undefined variable: list D:\phpStudy\WWW\signup\App\Runtime\Cache\Home\32e3cd11c51390ec0ba711aa36868e23.php 第 86 行.
INFO: Run Behavior\ParseTemplateBehavior [ RunTime:0.020353s ]
INFO: [ view_parse ] --END-- [ RunTime:0.020493s ]
INFO: [ view_filter ] --START--
INFO: Run Behavior\WriteHtmlCacheBehavior [ RunTime:0.000534s ]
INFO: [ view_filter ] --END-- [ RunTime:0.000649s ]
INFO: [ app_end ] --START--
INFO: Run Behavior\ShowPageTraceBehavior [ RunTime:0.000644s ]
INFO: [ app_end ] --END-- [ RunTime:0.000764s ]

[ 2016-11-11T17:14:31+08:00 ] 127.0.0.1 /signup/index.php/Home/Student/index.js.map
INFO: [ app_init ] --START--
INFO: Run Behavior\BuildLiteBehavior [ RunTime:0.000054s ]
INFO: [ app_init ] --END-- [ RunTime:0.000770s ]
INFO: [ app_begin ] --START--
INFO: Run Behavior\ReadHtmlCacheBehavior [ RunTime:0.000772s ]
INFO: [ app_begin ] --END-- [ RunTime:0.000977s ]
ERR: 非法操作:index.js.map

[ 2016-11-11T17:14:33+08:00 ] 127.0.0.1 /signup/index.php/Home/Student/myinfo.html
INFO: [ app_init ] --START--
INFO: Run Behavior\BuildLiteBehavior [ RunTime:0.000028s ]
INFO: [ app_init ] --END-- [ RunTime:0.000539s ]
INFO: [ app_begin ] --START--
INFO: Run Behavior\ReadHtmlCacheBehavior [ RunTime:0.000849s ]
INFO: [ app_begin ] --END-- [ RunTime:0.001003s ]
SQL: SHOW COLUMNS FROM `reg_reginfo` [ RunTime:0.0063s ]
SQL: SELECT * FROM `reg_reginfo` WHERE `stuid` = '1' AND `code` = 'jsj11' LIMIT 1   [ RunTime:0.0004s ]
SQL: SHOW COLUMNS FROM `reg_task` [ RunTime:0.0056s ]
SQL: SELECT * FROM `reg_task` left join reg_teacher on reg_task.pwid=reg_teacher.id  WHERE `projectid` = '6'  [ RunTime:0.0009s ]
NOTIC: [8] Undefined index: ppt D:\phpStudy\WWW\signup\App\Home\Model\CommonModel.class.php 第 164 行.
NOTIC: [8] Undefined index: tupian D:\phpStudy\WWW\signup\App\Home\Model\CommonModel.class.php 第 170 行.
NOTIC: [8] Undefined index: shuoming D:\phpStudy\WWW\signup\App\Home\Model\CommonModel.class.php 第 176 行.
INFO: [ view_parse ] --START--
INFO: [ template_filter ] --START--
INFO: Run Behavior\ContentReplaceBehavior [ RunTime:0.000179s ]
INFO: [ template_filter ] --END-- [ RunTime:0.000517s ]
NOTIC: [8] Undefined index: ppt D:\phpStudy\WWW\signup\App\Runtime\Cache\Home\a49936a11659c63b40092a434b54cb70.php 第 151 行.
NOTIC: [8] Undefined index: tupian D:\phpStudy\WWW\signup\App\Runtime\Cache\Home\a49936a11659c63b40092a434b54cb70.php 第 155 行.
NOTIC: [8] Undefined index: shuoming D:\phpStudy\WWW\signup\App\Runtime\Cache\Home\a49936a11659c63b40092a434b54cb70.php 第 159 行.
NOTIC: [8] Use of undefined constant 暂无建议 - assumed '暂无建议' D:\phpStudy\WWW\signup\App\Runtime\Cache\Home\a49936a11659c63b40092a434b54cb70.php 第 183 行.
INFO: Run Behavior\ParseTemplateBehavior [ RunTime:0.081291s ]
INFO: [ view_parse ] --END-- [ RunTime:0.081418s ]
INFO: [ view_filter ] --START--
INFO: Run Behavior\WriteHtmlCacheBehavior [ RunTime:0.000322s ]
INFO: [ view_filter ] --END-- [ RunTime:0.000436s ]
INFO: [ app_end ] --START--
INFO: Run Behavior\ShowPageTraceBehavior [ RunTime:0.000461s ]
INFO: [ app_end ] --END-- [ RunTime:0.000579s ]

[ 2016-11-11T17:14:33+08:00 ] 127.0.0.1 /signup/index.php/Home/Student/index.js.map
INFO: [ app_init ] --START--
INFO: Run Behavior\BuildLiteBehavior [ RunTime:0.000053s ]
INFO: [ app_init ] --END-- [ RunTime:0.000834s ]
INFO: [ app_begin ] --START--
INFO: Run Behavior\ReadHtmlCacheBehavior [ RunTime:0.000564s ]
INFO: [ app_begin ] --END-- [ RunTime:0.000703s ]
ERR: 非法操作:index.js.map

[ 2016-11-11T17:15:08+08:00 ] 127.0.0.1 /signup/index.php/Home/Student/index.html
INFO: [ app_init ] --START--
INFO: Run Behavior\BuildLiteBehavior [ RunTime:0.000026s ]
INFO: [ app_init ] --END-- [ RunTime:0.000435s ]
INFO: [ app_begin ] --START--
INFO: Run Behavior\ReadHtmlCacheBehavior [ RunTime:0.000431s ]
INFO: [ app_begin ] --END-- [ RunTime:0.000562s ]
SQL: SHOW COLUMNS FROM `reg_student` [ RunTime:0.0064s ]
SQL: SELECT * FROM `reg_student` WHERE `id` = 1 AND `code` = 'jsj11' LIMIT 1   [ RunTime:0.0003s ]
SQL: SHOW COLUMNS FROM `reg_match` [ RunTime:0.0054s ]
SQL: SELECT * FROM `reg_match` WHERE `id` = 1 LIMIT 1   [ RunTime:0.0003s ]
SQL: SHOW COLUMNS FROM `reg_reginfo` [ RunTime:0.0053s ]
SQL: SELECT * FROM `reg_reginfo` WHERE `code` = 'jsj11' LIMIT 1   [ RunTime:0.0003s ]
SQL: SELECT `matchid` FROM `reg_student` WHERE `id` = 1 AND `code` = 'jsj11' LIMIT 1   [ RunTime:0.0002s ]
SQL: SELECT * FROM `reg_match` WHERE `id` = 1 LIMIT 1   [ RunTime:0.0002s ]
SQL: SELECT * FROM `reg_reginfo` WHERE `code` = 'jsj11' LIMIT 1   [ RunTime:0.0002s ]
INFO: [ view_parse ] --START--
INFO: [ template_filter ] --START--
INFO: Run Behavior\ContentReplaceBehavior [ RunTime:0.000077s ]
INFO: [ template_filter ] --END-- [ RunTime:0.000214s ]
NOTIC: [8] Undefined variable: list D:\phpStudy\WWW\signup\App\Runtime\Cache\Home\32e3cd11c51390ec0ba711aa36868e23.php 第 86 行.
INFO: Run Behavior\ParseTemplateBehavior [ RunTime:0.011076s ]
INFO: [ view_parse ] --END-- [ RunTime:0.011202s ]
INFO: [ view_filter ] --START--
INFO: Run Behavior\WriteHtmlCacheBehavior [ RunTime:0.000472s ]
INFO: [ view_filter ] --END-- [ RunTime:0.000580s ]
INFO: [ app_end ] --START--
INFO: Run Behavior\ShowPageTraceBehavior [ RunTime:0.000468s ]
INFO: [ app_end ] --END-- [ RunTime:0.000577s ]

[ 2016-11-11T17:15:21+08:00 ] 127.0.0.1 /signup/index.php/Home/Student/index.html
INFO: [ app_init ] --START--
INFO: Run Behavior\BuildLiteBehavior [ RunTime:0.000031s ]
INFO: [ app_init ] --END-- [ RunTime:0.000662s ]
INFO: [ app_begin ] --START--
INFO: Run Behavior\ReadHtmlCacheBehavior [ RunTime:0.000465s ]
INFO: [ app_begin ] --END-- [ RunTime:0.000585s ]
SQL: SHOW COLUMNS FROM `reg_student` [ RunTime:0.0063s ]
SQL: SELECT * FROM `reg_student` WHERE `id` = 1 AND `code` = 'jsj11' LIMIT 1   [ RunTime:0.0004s ]
SQL: SHOW COLUMNS FROM `reg_match` [ RunTime:0.0052s ]
SQL: SELECT * FROM `reg_match` WHERE `id` = 1 LIMIT 1   [ RunTime:0.0003s ]
SQL: SHOW COLUMNS FROM `reg_reginfo` [ RunTime:0.0054s ]
SQL: SELECT * FROM `reg_reginfo` WHERE `code` = 'jsj11' LIMIT 1   [ RunTime:0.0006s ]
SQL: SELECT `matchid` FROM `reg_student` WHERE `id` = 1 AND `code` = 'jsj11' LIMIT 1   [ RunTime:0.0002s ]
SQL: SELECT * FROM `reg_match` WHERE `id` = 1 LIMIT 1   [ RunTime:0.0002s ]
SQL: SELECT * FROM `reg_reginfo` WHERE `code` = 'jsj11' LIMIT 1   [ RunTime:0.0002s ]
INFO: [ view_parse ] --START--
INFO: [ template_filter ] --START--
INFO: Run Behavior\ContentReplaceBehavior [ RunTime:0.000092s ]
INFO: [ template_filter ] --END-- [ RunTime:0.000272s ]
NOTIC: [8] Undefined variable: list D:\phpStudy\WWW\signup\App\Runtime\Cache\Home\32e3cd11c51390ec0ba711aa36868e23.php 第 86 行.
INFO: Run Behavior\ParseTemplateBehavior [ RunTime:0.012906s ]
INFO: [ view_parse ] --END-- [ RunTime:0.013030s ]
INFO: [ view_filter ] --START--
INFO: Run Behavior\WriteHtmlCacheBehavior [ RunTime:0.000414s ]
INFO: [ view_filter ] --END-- [ RunTime:0.000541s ]
INFO: [ app_end ] --START--
INFO: Run Behavior\ShowPageTraceBehavior [ RunTime:0.000506s ]
INFO: [ app_end ] --END-- [ RunTime:0.000623s ]

[ 2016-11-11T17:50:22+08:00 ] 127.0.0.1 /signup/index.php/Home/Index/logout/type/student.html
INFO: [ app_init ] --START--
INFO: Run Behavior\BuildLiteBehavior [ RunTime:0.000029s ]
INFO: [ app_init ] --END-- [ RunTime:0.000461s ]
INFO: [ app_begin ] --START--
INFO: Run Behavior\ReadHtmlCacheBehavior [ RunTime:0.000457s ]
INFO: [ app_begin ] --END-- [ RunTime:0.000576s ]
INFO: [ view_parse ] --START--
INFO: [ template_filter ] --START--
INFO: Run Behavior\ContentReplaceBehavior [ RunTime:0.000072s ]
INFO: [ template_filter ] --END-- [ RunTime:0.000206s ]
INFO: Run Behavior\ParseTemplateBehavior [ RunTime:0.007092s ]
INFO: [ view_parse ] --END-- [ RunTime:0.007233s ]
INFO: [ view_filter ] --START--
INFO: Run Behavior\WriteHtmlCacheBehavior [ RunTime:0.000398s ]
INFO: [ view_filter ] --END-- [ RunTime:0.000587s ]
INFO: [ app_end ] --START--
INFO: Run Behavior\ShowPageTraceBehavior [ RunTime:0.000755s ]
INFO: [ app_end ] --END-- [ RunTime:0.000968s ]

[ 2016-11-11T17:50:24+08:00 ] 127.0.0.1 /signup/index.php/Home/Index/index.html
INFO: [ app_init ] --START--
INFO: Run Behavior\BuildLiteBehavior [ RunTime:0.000027s ]
INFO: [ app_init ] --END-- [ RunTime:0.000458s ]
INFO: [ app_begin ] --START--
INFO: Run Behavior\ReadHtmlCacheBehavior [ RunTime:0.000455s ]
INFO: [ app_begin ] --END-- [ RunTime:0.000584s ]
INFO: [ view_parse ] --START--
INFO: [ template_filter ] --START--
INFO: Run Behavior\ContentReplaceBehavior [ RunTime:0.000124s ]
INFO: [ template_filter ] --END-- [ RunTime:0.000338s ]
INFO: Run Behavior\ParseTemplateBehavior [ RunTime:0.007980s ]
INFO: [ view_parse ] --END-- [ RunTime:0.008127s ]
INFO: [ view_filter ] --START--
INFO: Run Behavior\WriteHtmlCacheBehavior [ RunTime:0.000811s ]
INFO: [ view_filter ] --END-- [ RunTime:0.000934s ]
INFO: [ app_end ] --START--
INFO: Run Behavior\ShowPageTraceBehavior [ RunTime:0.000505s ]
INFO: [ app_end ] --END-- [ RunTime:0.000625s ]

