[ 2016-10-20T10:19:02+08:00 ] 122.207.174.98 /signup/
INFO: [ app_init ] --START--
INFO: Run Behavior\BuildLiteBehavior [ RunTime:0.000148s ]
INFO: [ app_init ] --END-- [ RunTime:0.010014s ]
INFO: [ app_begin ] --START--
INFO: Run Behavior\ReadHtmlCacheBehavior [ RunTime:0.013380s ]
INFO: [ app_begin ] --END-- [ RunTime:0.014228s ]
INFO: [ view_parse ] --START--
INFO: [ template_filter ] --START--
INFO: Run Behavior\ContentReplaceBehavior [ RunTime:0.001474s ]
INFO: [ template_filter ] --END-- [ RunTime:0.002264s ]
INFO: Run Behavior\ParseTemplateBehavior [ RunTime:0.161555s ]
INFO: [ view_parse ] --END-- [ RunTime:0.162385s ]
INFO: [ view_filter ] --START--
INFO: Run Behavior\WriteHtmlCacheBehavior [ RunTime:0.007570s ]
INFO: [ view_filter ] --END-- [ RunTime:0.008338s ]
INFO: [ app_end ] --START--
INFO: Run Behavior\ShowPageTraceBehavior [ RunTime:0.006643s ]
INFO: [ app_end ] --END-- [ RunTime:0.007442s ]

[ 2016-10-20T10:19:09+08:00 ] 122.207.174.98 /signup/
INFO: [ app_init ] --START--
INFO: Run Behavior\BuildLiteBehavior [ RunTime:0.000155s ]
INFO: [ app_init ] --END-- [ RunTime:0.001648s ]
INFO: [ app_begin ] --START--
INFO: Run Behavior\ReadHtmlCacheBehavior [ RunTime:0.001371s ]
INFO: [ app_begin ] --END-- [ RunTime:0.002123s ]
INFO: [ view_parse ] --START--
INFO: [ template_filter ] --START--
INFO: Run Behavior\ContentReplaceBehavior [ RunTime:0.000361s ]
INFO: [ template_filter ] --END-- [ RunTime:0.001153s ]
INFO: Run Behavior\ParseTemplateBehavior [ RunTime:0.020677s ]
INFO: [ view_parse ] --END-- [ RunTime:0.021538s ]
INFO: [ view_filter ] --START--
INFO: Run Behavior\WriteHtmlCacheBehavior [ RunTime:0.001093s ]
INFO: [ view_filter ] --END-- [ RunTime:0.001878s ]
INFO: [ app_end ] --START--
INFO: Run Behavior\ShowPageTraceBehavior [ RunTime:0.001469s ]
INFO: [ app_end ] --END-- [ RunTime:0.002329s ]

