[ 2016-08-17T00:24:54+08:00 ] 127.0.0.1 /admin.php/Home/Login
INFO: [ app_init ] --START--
INFO: Run Behavior\BuildLiteBehavior [ RunTime:0.000000s ]
INFO: [ app_init ] --END-- [ RunTime:0.001000s ]
INFO: [ app_begin ] --START--
INFO: Run Behavior\ReadHtmlCacheBehavior [ RunTime:0.000000s ]
INFO: [ app_begin ] --END-- [ RunTime:0.000000s ]
INFO: [ view_parse ] --START--
INFO: [ template_filter ] --START--
INFO: Run Behavior\ContentReplaceBehavior [ RunTime:0.000000s ]
INFO: [ template_filter ] --END-- [ RunTime:0.000000s ]
INFO: Run Behavior\ParseTemplateBehavior [ RunTime:0.005000s ]
INFO: [ view_parse ] --END-- [ RunTime:0.005000s ]
INFO: [ view_filter ] --START--
INFO: Run Behavior\WriteHtmlCacheBehavior [ RunTime:0.000000s ]
INFO: [ view_filter ] --END-- [ RunTime:0.000000s ]
INFO: [ app_end ] --START--
INFO: Run Behavior\ShowPageTraceBehavior [ RunTime:0.000000s ]
INFO: [ app_end ] --END-- [ RunTime:0.001000s ]

[ 2016-08-17T00:24:55+08:00 ] 127.0.0.1 /admin.php/Home/Login/verify.html
INFO: [ app_init ] --START--
INFO: Run Behavior\BuildLiteBehavior [ RunTime:0.000000s ]
INFO: [ app_init ] --END-- [ RunTime:0.001000s ]
INFO: [ app_begin ] --START--
INFO: Run Behavior\ReadHtmlCacheBehavior [ RunTime:0.000000s ]
INFO: [ app_begin ] --END-- [ RunTime:0.001000s ]
INFO: [ app_end ] --START--
INFO: Run Behavior\ShowPageTraceBehavior [ RunTime:0.000000s ]
INFO: [ app_end ] --END-- [ RunTime:0.000000s ]

[ 2016-08-17T00:25:36+08:00 ] 127.0.0.1 /admin.php/Home/Login/login.html
INFO: [ app_init ] --START--
INFO: Run Behavior\BuildLiteBehavior [ RunTime:0.000000s ]
INFO: [ app_init ] --END-- [ RunTime:0.000000s ]
INFO: [ app_begin ] --START--
INFO: Run Behavior\ReadHtmlCacheBehavior [ RunTime:0.000000s ]
INFO: [ app_begin ] --END-- [ RunTime:0.000000s ]
SQL: SHOW COLUMNS FROM `reg_admin` [ RunTime:0.0040s ]
SQL: SELECT * FROM `reg_admin` WHERE `username` = '杰哥' AND `password` = '501e0bbac99eb3673e5df715eacd9d0efb5601f5' LIMIT 1   [ RunTime:0.0000s ]
INFO: [ view_parse ] --START--
INFO: [ template_filter ] --START--
INFO: Run Behavior\ContentReplaceBehavior [ RunTime:0.000000s ]
INFO: [ template_filter ] --END-- [ RunTime:0.000000s ]
INFO: Run Behavior\ParseTemplateBehavior [ RunTime:0.005000s ]
INFO: [ view_parse ] --END-- [ RunTime:0.005000s ]
INFO: [ view_filter ] --START--
INFO: Run Behavior\WriteHtmlCacheBehavior [ RunTime:0.000000s ]
INFO: [ view_filter ] --END-- [ RunTime:0.000000s ]

[ 2016-08-17T00:25:39+08:00 ] 127.0.0.1 /admin.php/Home/Login/index.html
INFO: [ app_init ] --START--
INFO: Run Behavior\BuildLiteBehavior [ RunTime:0.000000s ]
INFO: [ app_init ] --END-- [ RunTime:0.000000s ]
INFO: [ app_begin ] --START--
INFO: Run Behavior\ReadHtmlCacheBehavior [ RunTime:0.003001s ]
INFO: [ app_begin ] --END-- [ RunTime:0.003001s ]
INFO: [ view_parse ] --START--
INFO: [ template_filter ] --START--
INFO: Run Behavior\ContentReplaceBehavior [ RunTime:0.000000s ]
INFO: [ template_filter ] --END-- [ RunTime:0.001000s ]
INFO: Run Behavior\ParseTemplateBehavior [ RunTime:0.005000s ]
INFO: [ view_parse ] --END-- [ RunTime:0.005000s ]
INFO: [ view_filter ] --START--
INFO: Run Behavior\WriteHtmlCacheBehavior [ RunTime:0.000000s ]
INFO: [ view_filter ] --END-- [ RunTime:0.000000s ]
INFO: [ app_end ] --START--
INFO: Run Behavior\ShowPageTraceBehavior [ RunTime:0.001000s ]
INFO: [ app_end ] --END-- [ RunTime:0.001000s ]

[ 2016-08-17T00:25:40+08:00 ] 127.0.0.1 /admin.php/Home/Login/verify.html
INFO: [ app_init ] --START--
INFO: Run Behavior\BuildLiteBehavior [ RunTime:0.000000s ]
INFO: [ app_init ] --END-- [ RunTime:0.000000s ]
INFO: [ app_begin ] --START--
INFO: Run Behavior\ReadHtmlCacheBehavior [ RunTime:0.001000s ]
INFO: [ app_begin ] --END-- [ RunTime:0.001000s ]
INFO: [ app_end ] --START--
INFO: Run Behavior\ShowPageTraceBehavior [ RunTime:0.001000s ]
INFO: [ app_end ] --END-- [ RunTime:0.001000s ]

[ 2016-08-17T00:25:52+08:00 ] 127.0.0.1 /admin.php/Home/Login/login.html
INFO: [ app_init ] --START--
INFO: Run Behavior\BuildLiteBehavior [ RunTime:0.000000s ]
INFO: [ app_init ] --END-- [ RunTime:0.001000s ]
INFO: [ app_begin ] --START--
INFO: Run Behavior\ReadHtmlCacheBehavior [ RunTime:0.000000s ]
INFO: [ app_begin ] --END-- [ RunTime:0.000000s ]
SQL: SHOW COLUMNS FROM `reg_admin` [ RunTime:0.0050s ]
SQL: SELECT * FROM `reg_admin` WHERE `username` = '杰哥' AND `password` = '91afc4c2917059721285db729422445840ce77e8' LIMIT 1   [ RunTime:0.0000s ]
SQL: UPDATE `reg_admin` SET `logindate`='2016-08-17 00:25:52',`loginip`='127.0.0.1' WHERE `username` = '杰哥' AND `password` = '91afc4c2917059721285db729422445840ce77e8' [ RunTime:0.0290s ]
INFO: [ view_parse ] --START--
INFO: [ template_filter ] --START--
INFO: Run Behavior\ContentReplaceBehavior [ RunTime:0.000000s ]
INFO: [ template_filter ] --END-- [ RunTime:0.000000s ]
INFO: Run Behavior\ParseTemplateBehavior [ RunTime:0.004000s ]
INFO: [ view_parse ] --END-- [ RunTime:0.004000s ]
INFO: [ view_filter ] --START--
INFO: Run Behavior\WriteHtmlCacheBehavior [ RunTime:0.001000s ]
INFO: [ view_filter ] --END-- [ RunTime:0.001000s ]
INFO: [ app_end ] --START--
INFO: Run Behavior\ShowPageTraceBehavior [ RunTime:0.000000s ]
INFO: [ app_end ] --END-- [ RunTime:0.000000s ]

[ 2016-08-17T00:25:53+08:00 ] 127.0.0.1 /admin.php/Home/Index/index.html
INFO: [ app_init ] --START--
INFO: Run Behavior\BuildLiteBehavior [ RunTime:0.000000s ]
INFO: [ app_init ] --END-- [ RunTime:0.000000s ]
INFO: [ app_begin ] --START--
INFO: Run Behavior\ReadHtmlCacheBehavior [ RunTime:0.001000s ]
INFO: [ app_begin ] --END-- [ RunTime:0.001000s ]
INFO: [ view_parse ] --START--
INFO: [ template_filter ] --START--
INFO: Run Behavior\ContentReplaceBehavior [ RunTime:0.000000s ]
INFO: [ template_filter ] --END-- [ RunTime:0.000000s ]
INFO: Run Behavior\ParseTemplateBehavior [ RunTime:0.005000s ]
INFO: [ view_parse ] --END-- [ RunTime:0.005000s ]
INFO: [ view_filter ] --START--
INFO: Run Behavior\WriteHtmlCacheBehavior [ RunTime:0.000000s ]
INFO: [ view_filter ] --END-- [ RunTime:0.000000s ]
INFO: [ app_end ] --START--
INFO: Run Behavior\ShowPageTraceBehavior [ RunTime:0.000000s ]
INFO: [ app_end ] --END-- [ RunTime:0.000000s ]

[ 2016-08-17T00:26:06+08:00 ] 127.0.0.1 /admin.php/Home/Teashow/index.html
INFO: [ app_init ] --START--
INFO: Run Behavior\BuildLiteBehavior [ RunTime:0.000000s ]
INFO: [ app_init ] --END-- [ RunTime:0.001000s ]
INFO: [ app_begin ] --START--
INFO: Run Behavior\ReadHtmlCacheBehavior [ RunTime:0.000000s ]
INFO: [ app_begin ] --END-- [ RunTime:0.000000s ]
SQL: SHOW COLUMNS FROM `reg_teashow` [ RunTime:0.0030s ]
NOTIC: [8] Undefined index: p D:\phpStudy\WWW\signup\Admin\Home\Controller\TeashowController.class.php 第 13 行.
SQL: SELECT * FROM `reg_teashow` ORDER BY id asc LIMIT 0,10   [ RunTime:0.0010s ]
SQL: SELECT COUNT(*) AS tp_count FROM `reg_teashow` LIMIT 1   [ RunTime:0.0010s ]
INFO: [ view_parse ] --START--
INFO: [ template_filter ] --START--
INFO: Run Behavior\ContentReplaceBehavior [ RunTime:0.000000s ]
INFO: [ template_filter ] --END-- [ RunTime:0.000000s ]
INFO: Run Behavior\ParseTemplateBehavior [ RunTime:0.006001s ]
INFO: [ view_parse ] --END-- [ RunTime:0.006001s ]
INFO: [ view_filter ] --START--
INFO: Run Behavior\WriteHtmlCacheBehavior [ RunTime:0.000000s ]
INFO: [ view_filter ] --END-- [ RunTime:0.000000s ]
INFO: [ app_end ] --START--
INFO: Run Behavior\ShowPageTraceBehavior [ RunTime:0.001000s ]
INFO: [ app_end ] --END-- [ RunTime:0.001000s ]

[ 2016-08-17T00:26:32+08:00 ] 127.0.0.1 /admin.php/Home/Teashow/fix/id/1.html
INFO: [ app_init ] --START--
INFO: Run Behavior\BuildLiteBehavior [ RunTime:0.000000s ]
INFO: [ app_init ] --END-- [ RunTime:0.000000s ]
INFO: [ app_begin ] --START--
INFO: Run Behavior\ReadHtmlCacheBehavior [ RunTime:0.001000s ]
INFO: [ app_begin ] --END-- [ RunTime:0.001000s ]
SQL: SHOW COLUMNS FROM `reg_teashow` [ RunTime:0.0070s ]
SQL: SELECT * FROM `reg_teashow` WHERE `id` = 1 LIMIT 1   [ RunTime:0.0000s ]
INFO: [ view_parse ] --START--
INFO: [ template_filter ] --START--
INFO: Run Behavior\ContentReplaceBehavior [ RunTime:0.000000s ]
INFO: [ template_filter ] --END-- [ RunTime:0.000000s ]
INFO: Run Behavior\ParseTemplateBehavior [ RunTime:0.006000s ]
INFO: [ view_parse ] --END-- [ RunTime:0.006000s ]
INFO: [ view_filter ] --START--
INFO: Run Behavior\WriteHtmlCacheBehavior [ RunTime:0.000000s ]
INFO: [ view_filter ] --END-- [ RunTime:0.000000s ]
INFO: [ app_end ] --START--
INFO: Run Behavior\ShowPageTraceBehavior [ RunTime:0.001000s ]
INFO: [ app_end ] --END-- [ RunTime:0.001000s ]

[ 2016-08-17T00:27:07+08:00 ] 127.0.0.1 /admin.php/Home/People/add.html
INFO: [ app_init ] --START--
INFO: Run Behavior\BuildLiteBehavior [ RunTime:0.000000s ]
INFO: [ app_init ] --END-- [ RunTime:0.000000s ]
INFO: [ app_begin ] --START--
INFO: Run Behavior\ReadHtmlCacheBehavior [ RunTime:0.000000s ]
INFO: [ app_begin ] --END-- [ RunTime:0.000000s ]
ERR: 无法加载控制器:People

[ 2016-08-17T00:27:32+08:00 ] 127.0.0.1 /admin.php/Home/Teashow/fix/id/1.html
INFO: [ app_init ] --START--
INFO: Run Behavior\BuildLiteBehavior [ RunTime:0.000000s ]
INFO: [ app_init ] --END-- [ RunTime:0.001000s ]
INFO: [ app_begin ] --START--
INFO: Run Behavior\ReadHtmlCacheBehavior [ RunTime:0.001000s ]
INFO: [ app_begin ] --END-- [ RunTime:0.001000s ]
SQL: SHOW COLUMNS FROM `reg_teashow` [ RunTime:0.0040s ]
SQL: SELECT * FROM `reg_teashow` WHERE `id` = 1 LIMIT 1   [ RunTime:0.0000s ]
INFO: [ view_parse ] --START--
INFO: [ template_filter ] --START--
INFO: Run Behavior\ContentReplaceBehavior [ RunTime:0.000000s ]
INFO: [ template_filter ] --END-- [ RunTime:0.000000s ]
INFO: Run Behavior\ParseTemplateBehavior [ RunTime:0.007000s ]
INFO: [ view_parse ] --END-- [ RunTime:0.007000s ]
INFO: [ view_filter ] --START--
INFO: Run Behavior\WriteHtmlCacheBehavior [ RunTime:0.000000s ]
INFO: [ view_filter ] --END-- [ RunTime:0.000000s ]
INFO: [ app_end ] --START--
INFO: Run Behavior\ShowPageTraceBehavior [ RunTime:0.001001s ]
INFO: [ app_end ] --END-- [ RunTime:0.001001s ]

[ 2016-08-17T00:27:34+08:00 ] 127.0.0.1 /admin.php/Home/Teashow/add.html
INFO: [ app_init ] --START--
INFO: Run Behavior\BuildLiteBehavior [ RunTime:0.000000s ]
INFO: [ app_init ] --END-- [ RunTime:0.000000s ]
INFO: [ app_begin ] --START--
INFO: Run Behavior\ReadHtmlCacheBehavior [ RunTime:0.001001s ]
INFO: [ app_begin ] --END-- [ RunTime:0.001001s ]
INFO: [ view_parse ] --START--
INFO: [ template_filter ] --START--
INFO: Run Behavior\ContentReplaceBehavior [ RunTime:0.000000s ]
INFO: [ template_filter ] --END-- [ RunTime:0.000000s ]
INFO: Run Behavior\ParseTemplateBehavior [ RunTime:0.004000s ]
INFO: [ view_parse ] --END-- [ RunTime:0.004000s ]
INFO: [ view_filter ] --START--
INFO: Run Behavior\WriteHtmlCacheBehavior [ RunTime:0.000000s ]
INFO: [ view_filter ] --END-- [ RunTime:0.001000s ]
INFO: [ app_end ] --START--
INFO: Run Behavior\ShowPageTraceBehavior [ RunTime:0.000000s ]
INFO: [ app_end ] --END-- [ RunTime:0.000000s ]

[ 2016-08-17T00:27:50+08:00 ] 127.0.0.1 /admin.php/Home/Match/index.html
INFO: [ app_init ] --START--
INFO: Run Behavior\BuildLiteBehavior [ RunTime:0.000000s ]
INFO: [ app_init ] --END-- [ RunTime:0.001000s ]
INFO: [ app_begin ] --START--
INFO: Run Behavior\ReadHtmlCacheBehavior [ RunTime:0.000000s ]
INFO: [ app_begin ] --END-- [ RunTime:0.000000s ]
SQL: SHOW COLUMNS FROM `reg_match` [ RunTime:0.0050s ]
NOTIC: [8] Undefined index: p D:\phpStudy\WWW\signup\Admin\Home\Controller\MatchController.class.php 第 11 行.
SQL: SELECT * FROM `reg_match` ORDER BY id desc LIMIT 0,20   [ RunTime:0.0010s ]
SQL: SELECT COUNT(*) AS tp_count FROM `reg_match` LIMIT 1   [ RunTime:0.0000s ]
INFO: [ view_parse ] --START--
INFO: [ template_filter ] --START--
INFO: Run Behavior\ContentReplaceBehavior [ RunTime:0.000000s ]
INFO: [ template_filter ] --END-- [ RunTime:0.000000s ]
INFO: Run Behavior\ParseTemplateBehavior [ RunTime:0.006000s ]
INFO: [ view_parse ] --END-- [ RunTime:0.006000s ]
INFO: [ view_filter ] --START--
INFO: Run Behavior\WriteHtmlCacheBehavior [ RunTime:0.000000s ]
INFO: [ view_filter ] --END-- [ RunTime:0.000000s ]
INFO: [ app_end ] --START--
INFO: Run Behavior\ShowPageTraceBehavior [ RunTime:0.001000s ]
INFO: [ app_end ] --END-- [ RunTime:0.001000s ]

[ 2016-08-17T00:28:36+08:00 ] 127.0.0.1 /admin.php/Home/Match/fix/id/153.html
INFO: [ app_init ] --START--
INFO: Run Behavior\BuildLiteBehavior [ RunTime:0.000000s ]
INFO: [ app_init ] --END-- [ RunTime:0.001000s ]
INFO: [ app_begin ] --START--
INFO: Run Behavior\ReadHtmlCacheBehavior [ RunTime:0.000000s ]
INFO: [ app_begin ] --END-- [ RunTime:0.000000s ]
SQL: SHOW COLUMNS FROM `reg_match` [ RunTime:0.0040s ]
SQL: SELECT * FROM `reg_match` WHERE `id` = 153 LIMIT 1   [ RunTime:0.0000s ]
INFO: [ view_parse ] --START--
INFO: [ template_filter ] --START--
INFO: Run Behavior\ContentReplaceBehavior [ RunTime:0.001000s ]
INFO: [ template_filter ] --END-- [ RunTime:0.001000s ]
INFO: Run Behavior\ParseTemplateBehavior [ RunTime:0.006000s ]
INFO: [ view_parse ] --END-- [ RunTime:0.006000s ]
INFO: [ view_filter ] --START--
INFO: Run Behavior\WriteHtmlCacheBehavior [ RunTime:0.000000s ]
INFO: [ view_filter ] --END-- [ RunTime:0.000000s ]
INFO: [ app_end ] --START--
INFO: Run Behavior\ShowPageTraceBehavior [ RunTime:0.001000s ]
INFO: [ app_end ] --END-- [ RunTime:0.001000s ]

[ 2016-08-17T00:29:06+08:00 ] 127.0.0.1 /admin.php/Home/College/index.html
INFO: [ app_init ] --START--
INFO: Run Behavior\BuildLiteBehavior [ RunTime:0.000000s ]
INFO: [ app_init ] --END-- [ RunTime:0.001000s ]
INFO: [ app_begin ] --START--
INFO: Run Behavior\ReadHtmlCacheBehavior [ RunTime:0.000000s ]
INFO: [ app_begin ] --END-- [ RunTime:0.000000s ]
SQL: SHOW COLUMNS FROM `reg_college` [ RunTime:0.0030s ]
SQL: SELECT * FROM `reg_college` ORDER BY id asc  [ RunTime:0.0000s ]
INFO: [ view_parse ] --START--
INFO: [ template_filter ] --START--
INFO: Run Behavior\ContentReplaceBehavior [ RunTime:0.000000s ]
INFO: [ template_filter ] --END-- [ RunTime:0.000000s ]
INFO: Run Behavior\ParseTemplateBehavior [ RunTime:0.005000s ]
INFO: [ view_parse ] --END-- [ RunTime:0.005000s ]
INFO: [ view_filter ] --START--
INFO: Run Behavior\WriteHtmlCacheBehavior [ RunTime:0.000000s ]
INFO: [ view_filter ] --END-- [ RunTime:0.000000s ]
INFO: [ app_end ] --START--
INFO: Run Behavior\ShowPageTraceBehavior [ RunTime:0.001001s ]
INFO: [ app_end ] --END-- [ RunTime:0.001001s ]

[ 2016-08-17T00:30:03+08:00 ] 127.0.0.1 /admin.php/Home/Account/adminlist.html
INFO: [ app_init ] --START--
INFO: Run Behavior\BuildLiteBehavior [ RunTime:0.000000s ]
INFO: [ app_init ] --END-- [ RunTime:0.000000s ]
INFO: [ app_begin ] --START--
INFO: Run Behavior\ReadHtmlCacheBehavior [ RunTime:0.000000s ]
INFO: [ app_begin ] --END-- [ RunTime:0.000000s ]
SQL: SHOW COLUMNS FROM `reg_admin` [ RunTime:0.0050s ]
NOTIC: [8] Undefined index: p D:\phpStudy\WWW\signup\Admin\Home\Controller\AccountController.class.php 第 16 行.
SQL: SELECT * FROM `reg_admin` ORDER BY id asc LIMIT 0,10   [ RunTime:0.0010s ]
SQL: SELECT COUNT(*) AS tp_count FROM `reg_admin` LIMIT 1   [ RunTime:0.0000s ]
INFO: [ view_parse ] --START--
INFO: [ template_filter ] --START--
INFO: Run Behavior\ContentReplaceBehavior [ RunTime:0.000000s ]
INFO: [ template_filter ] --END-- [ RunTime:0.001000s ]
INFO: Run Behavior\ParseTemplateBehavior [ RunTime:0.007000s ]
INFO: [ view_parse ] --END-- [ RunTime:0.007000s ]
INFO: [ view_filter ] --START--
INFO: Run Behavior\WriteHtmlCacheBehavior [ RunTime:0.001000s ]
INFO: [ view_filter ] --END-- [ RunTime:0.001000s ]
INFO: [ app_end ] --START--
INFO: Run Behavior\ShowPageTraceBehavior [ RunTime:0.000000s ]
INFO: [ app_end ] --END-- [ RunTime:0.000000s ]

[ 2016-08-17T00:30:50+08:00 ] 127.0.0.1 /admin.php/Home/Account/adminlist.html
INFO: [ app_init ] --START--
INFO: Run Behavior\BuildLiteBehavior [ RunTime:0.000000s ]
INFO: [ app_init ] --END-- [ RunTime:0.001000s ]
INFO: [ app_begin ] --START--
INFO: Run Behavior\ReadHtmlCacheBehavior [ RunTime:0.000000s ]
INFO: [ app_begin ] --END-- [ RunTime:0.000000s ]
SQL: SHOW COLUMNS FROM `reg_admin` [ RunTime:0.0040s ]
NOTIC: [8] Undefined index: p D:\phpStudy\WWW\signup\Admin\Home\Controller\AccountController.class.php 第 16 行.
SQL: SELECT * FROM `reg_admin` ORDER BY id asc LIMIT 0,10   [ RunTime:0.0010s ]
SQL: SELECT COUNT(*) AS tp_count FROM `reg_admin` LIMIT 1   [ RunTime:0.0000s ]
INFO: [ view_parse ] --START--
INFO: [ template_filter ] --START--
INFO: Run Behavior\ContentReplaceBehavior [ RunTime:0.000000s ]
INFO: [ template_filter ] --END-- [ RunTime:0.000000s ]
INFO: Run Behavior\ParseTemplateBehavior [ RunTime:0.006001s ]
INFO: [ view_parse ] --END-- [ RunTime:0.006001s ]
INFO: [ view_filter ] --START--
INFO: Run Behavior\WriteHtmlCacheBehavior [ RunTime:0.000000s ]
INFO: [ view_filter ] --END-- [ RunTime:0.000000s ]
INFO: [ app_end ] --START--
INFO: Run Behavior\ShowPageTraceBehavior [ RunTime:0.001000s ]
INFO: [ app_end ] --END-- [ RunTime:0.001000s ]

[ 2016-08-17T00:31:37+08:00 ] 127.0.0.1 /admin.php/Home/Account/teaList.html
INFO: [ app_init ] --START--
INFO: Run Behavior\BuildLiteBehavior [ RunTime:0.000000s ]
INFO: [ app_init ] --END-- [ RunTime:0.000000s ]
INFO: [ app_begin ] --START--
INFO: Run Behavior\ReadHtmlCacheBehavior [ RunTime:0.000000s ]
INFO: [ app_begin ] --END-- [ RunTime:0.000000s ]
SQL: SHOW COLUMNS FROM `reg_teacher` [ RunTime:0.0040s ]
NOTIC: [8] Undefined index: p D:\phpStudy\WWW\signup\Admin\Home\Controller\AccountController.class.php 第 133 行.
SQL: SELECT * FROM `reg_teacher` LIMIT 0,10   [ RunTime:0.0000s ]
SQL: SHOW COLUMNS FROM `reg_college` [ RunTime:0.0040s ]
SQL: SELECT * FROM `reg_college` WHERE `id` = 1 LIMIT 1   [ RunTime:0.0000s ]
SQL: SELECT * FROM `reg_college` WHERE `id` = 2 LIMIT 1   [ RunTime:0.0010s ]
SQL: SELECT * FROM `reg_college` WHERE `id` = 4 LIMIT 1   [ RunTime:0.0000s ]
SQL: SELECT * FROM `reg_college` WHERE `id` = 1 LIMIT 1   [ RunTime:0.0000s ]
SQL: SELECT * FROM `reg_college` WHERE `id` = 5 LIMIT 1   [ RunTime:0.0010s ]
SQL: SHOW COLUMNS FROM `reg_college` [ RunTime:0.0040s ]
SQL: SELECT * FROM `reg_college`  [ RunTime:0.0000s ]
SQL: SELECT COUNT(*) AS tp_count FROM `reg_teacher` LIMIT 1   [ RunTime:0.0000s ]
INFO: [ view_parse ] --START--
INFO: [ template_filter ] --START--
INFO: Run Behavior\ContentReplaceBehavior [ RunTime:0.000000s ]
INFO: [ template_filter ] --END-- [ RunTime:0.000000s ]
INFO: Run Behavior\ParseTemplateBehavior [ RunTime:0.006000s ]
INFO: [ view_parse ] --END-- [ RunTime:0.006000s ]
INFO: [ view_filter ] --START--
INFO: Run Behavior\WriteHtmlCacheBehavior [ RunTime:0.000000s ]
INFO: [ view_filter ] --END-- [ RunTime:0.000000s ]
INFO: [ app_end ] --START--
INFO: Run Behavior\ShowPageTraceBehavior [ RunTime:0.001000s ]
INFO: [ app_end ] --END-- [ RunTime:0.001000s ]

[ 2016-08-17T00:32:39+08:00 ] 127.0.0.1 /admin.php/Home/Account/stuList.html
INFO: [ app_init ] --START--
INFO: Run Behavior\BuildLiteBehavior [ RunTime:0.000000s ]
INFO: [ app_init ] --END-- [ RunTime:0.001000s ]
INFO: [ app_begin ] --START--
INFO: Run Behavior\ReadHtmlCacheBehavior [ RunTime:0.000000s ]
INFO: [ app_begin ] --END-- [ RunTime:0.000000s ]
SQL: SHOW COLUMNS FROM `reg_student` [ RunTime:0.0050s ]
NOTIC: [8] Undefined index: p D:\phpStudy\WWW\signup\Admin\Home\Controller\AccountController.class.php 第 90 行.
SQL: SELECT * FROM `reg_student` ORDER BY stuid asc LIMIT 0,20   [ RunTime:0.0000s ]
SQL: SELECT COUNT(*) AS tp_count FROM `reg_student` LIMIT 1   [ RunTime:0.0000s ]
INFO: [ view_parse ] --START--
INFO: [ template_filter ] --START--
INFO: Run Behavior\ContentReplaceBehavior [ RunTime:0.000000s ]
INFO: [ template_filter ] --END-- [ RunTime:0.000000s ]
INFO: Run Behavior\ParseTemplateBehavior [ RunTime:0.005000s ]
INFO: [ view_parse ] --END-- [ RunTime:0.006000s ]
INFO: [ view_filter ] --START--
INFO: Run Behavior\WriteHtmlCacheBehavior [ RunTime:0.000000s ]
INFO: [ view_filter ] --END-- [ RunTime:0.000000s ]
INFO: [ app_end ] --START--
INFO: Run Behavior\ShowPageTraceBehavior [ RunTime:0.001000s ]
INFO: [ app_end ] --END-- [ RunTime:0.001000s ]

[ 2016-08-17T00:33:01+08:00 ] 127.0.0.1 /admin.php/Home/Task/index.html
INFO: [ app_init ] --START--
INFO: Run Behavior\BuildLiteBehavior [ RunTime:0.000000s ]
INFO: [ app_init ] --END-- [ RunTime:0.001000s ]
INFO: [ app_begin ] --START--
INFO: Run Behavior\ReadHtmlCacheBehavior [ RunTime:0.001000s ]
INFO: [ app_begin ] --END-- [ RunTime:0.001000s ]
SQL: SHOW COLUMNS FROM `reg_match` [ RunTime:0.0040s ]
NOTIC: [8] Undefined index: p D:\phpStudy\WWW\signup\Admin\Home\Controller\TaskController.class.php 第 11 行.
SQL: SELECT * FROM `reg_match` ORDER BY id desc LIMIT 0,20   [ RunTime:0.0010s ]
SQL: SELECT COUNT(*) AS tp_count FROM `reg_match` LIMIT 1   [ RunTime:0.0000s ]
INFO: [ view_parse ] --START--
INFO: [ template_filter ] --START--
INFO: Run Behavior\ContentReplaceBehavior [ RunTime:0.000000s ]
INFO: [ template_filter ] --END-- [ RunTime:0.000000s ]
INFO: Run Behavior\ParseTemplateBehavior [ RunTime:0.006001s ]
INFO: [ view_parse ] --END-- [ RunTime:0.006001s ]
INFO: [ view_filter ] --START--
INFO: Run Behavior\WriteHtmlCacheBehavior [ RunTime:0.001000s ]
INFO: [ view_filter ] --END-- [ RunTime:0.001000s ]
INFO: [ app_end ] --START--
INFO: Run Behavior\ShowPageTraceBehavior [ RunTime:0.000000s ]
INFO: [ app_end ] --END-- [ RunTime:0.000000s ]

[ 2016-08-17T00:33:35+08:00 ] 127.0.0.1 /admin.php/Home/Task/taskList/mid/166.html
INFO: [ app_init ] --START--
INFO: Run Behavior\BuildLiteBehavior [ RunTime:0.000000s ]
INFO: [ app_init ] --END-- [ RunTime:0.000000s ]
INFO: [ app_begin ] --START--
INFO: Run Behavior\ReadHtmlCacheBehavior [ RunTime:0.000000s ]
INFO: [ app_begin ] --END-- [ RunTime:0.001000s ]
SQL: SHOW COLUMNS FROM `reg_match` [ RunTime:0.0030s ]
SQL: SELECT * FROM `reg_match` WHERE `id` = 166 LIMIT 1   [ RunTime:0.0010s ]
SQL: SHOW COLUMNS FROM `reg_teacher` [ RunTime:0.0030s ]
SQL: SELECT * FROM `reg_teacher` WHERE `level` = 3 ORDER BY id asc  [ RunTime:0.0000s ]
SQL: SHOW COLUMNS FROM `reg_reginfo` [ RunTime:0.0050s ]
NOTIC: [8] Undefined index: p D:\phpStudy\WWW\signup\Admin\Home\Controller\TaskController.class.php 第 26 行.
SQL: SELECT * FROM `reg_reginfo` WHERE `status` = 2 AND `matchid` = 166 ORDER BY collegeid asc LIMIT 0,20   [ RunTime:0.0010s ]
SQL: SHOW COLUMNS FROM `reg_college` [ RunTime:0.0030s ]
SQL: SELECT * FROM `reg_college` WHERE `id` = 1 LIMIT 1   [ RunTime:0.0010s ]
SQL: SHOW COLUMNS FROM `reg_task` [ RunTime:0.0040s ]
SQL: SELECT * FROM `reg_task` WHERE `projectid` = '14' LIMIT 1   [ RunTime:0.0000s ]
SQL: SELECT * FROM `reg_teacher` WHERE `id` = 10 LIMIT 1   [ RunTime:0.0000s ]
SQL: SELECT * FROM `reg_college` WHERE `id` = 1 LIMIT 1   [ RunTime:0.0000s ]
SQL: SELECT * FROM `reg_task` WHERE `projectid` = '15' LIMIT 1   [ RunTime:0.0000s ]
SQL: SELECT * FROM `reg_teacher` WHERE `id` = 13 LIMIT 1   [ RunTime:0.0000s ]
SQL: SELECT * FROM `reg_college` WHERE `id` = 1 LIMIT 1   [ RunTime:0.0000s ]
SQL: SELECT * FROM `reg_task` WHERE `projectid` = '16' LIMIT 1   [ RunTime:0.0000s ]
SQL: SELECT * FROM `reg_teacher` WHERE `id` = 10 LIMIT 1   [ RunTime:0.0010s ]
SQL: SELECT * FROM `reg_college` WHERE `id` = 1 LIMIT 1   [ RunTime:0.0000s ]
SQL: SELECT * FROM `reg_task` WHERE `projectid` = '18' LIMIT 1   [ RunTime:0.0000s ]
SQL: SELECT * FROM `reg_teacher` WHERE `id` = 13 LIMIT 1   [ RunTime:0.0000s ]
SQL: SELECT * FROM `reg_college` WHERE `id` = 1 LIMIT 1   [ RunTime:0.0010s ]
SQL: SELECT * FROM `reg_task` WHERE `projectid` = '20' LIMIT 1   [ RunTime:0.0000s ]
SQL: SELECT * FROM `reg_teacher` WHERE `id` = 13 LIMIT 1   [ RunTime:0.0000s ]
SQL: SELECT * FROM `reg_college` WHERE `id` = 1 LIMIT 1   [ RunTime:0.0000s ]
SQL: SELECT * FROM `reg_task` WHERE `projectid` = '22' LIMIT 1   [ RunTime:0.0010s ]
SQL: SELECT * FROM `reg_teacher` WHERE `id` = 10 LIMIT 1   [ RunTime:0.0000s ]
SQL: SELECT * FROM `reg_college` WHERE `id` = 1 LIMIT 1   [ RunTime:0.0000s ]
SQL: SELECT * FROM `reg_task` WHERE `projectid` = '23' LIMIT 1   [ RunTime:0.0000s ]
SQL: SELECT * FROM `reg_teacher` WHERE `id` = 13 LIMIT 1   [ RunTime:0.0010s ]
SQL: SELECT * FROM `reg_college` WHERE `id` = 1 LIMIT 1   [ RunTime:0.0000s ]
SQL: SELECT * FROM `reg_task` WHERE `projectid` = '24' LIMIT 1   [ RunTime:0.0000s ]
SQL: SELECT * FROM `reg_teacher` WHERE `id` = 10 LIMIT 1   [ RunTime:0.0000s ]
SQL: SELECT * FROM `reg_college` WHERE `id` = 1 LIMIT 1   [ RunTime:0.0000s ]
SQL: SELECT * FROM `reg_task` WHERE `projectid` = '26' LIMIT 1   [ RunTime:0.0010s ]
SQL: SELECT * FROM `reg_teacher` WHERE `id` = 13 LIMIT 1   [ RunTime:0.0000s ]
SQL: SELECT * FROM `reg_college` WHERE `id` = 1 LIMIT 1   [ RunTime:0.0000s ]
SQL: SELECT * FROM `reg_task` WHERE `projectid` = '27' LIMIT 1   [ RunTime:0.0000s ]
SQL: SELECT * FROM `reg_teacher` WHERE `id` = 10 LIMIT 1   [ RunTime:0.0000s ]
SQL: SELECT * FROM `reg_college` WHERE `id` = 1 LIMIT 1   [ RunTime:0.0010s ]
SQL: SELECT * FROM `reg_task` WHERE `projectid` = '28' LIMIT 1   [ RunTime:0.0000s ]
SQL: SELECT * FROM `reg_teacher` WHERE `id` = 13 LIMIT 1   [ RunTime:0.0000s ]
SQL: SELECT * FROM `reg_college` WHERE `id` = 1 LIMIT 1   [ RunTime:0.0000s ]
SQL: SELECT * FROM `reg_task` WHERE `projectid` = '30' LIMIT 1   [ RunTime:0.0000s ]
SQL: SELECT * FROM `reg_teacher` WHERE `id` = 10 LIMIT 1   [ RunTime:0.0000s ]
SQL: SELECT * FROM `reg_college` WHERE `id` = 1 LIMIT 1   [ RunTime:0.0000s ]
SQL: SELECT * FROM `reg_task` WHERE `projectid` = '31' LIMIT 1   [ RunTime:0.0000s ]
SQL: SELECT * FROM `reg_teacher` WHERE `id` = 13 LIMIT 1   [ RunTime:0.0000s ]
SQL: SELECT * FROM `reg_college` WHERE `id` = 1 LIMIT 1   [ RunTime:0.0010s ]
SQL: SELECT * FROM `reg_task` WHERE `projectid` = '32' LIMIT 1   [ RunTime:0.0000s ]
SQL: SELECT * FROM `reg_teacher` WHERE `id` = 10 LIMIT 1   [ RunTime:0.0000s ]
SQL: SELECT * FROM `reg_college` WHERE `id` = 1 LIMIT 1   [ RunTime:0.0000s ]
SQL: SELECT * FROM `reg_task` WHERE `projectid` = '34' LIMIT 1   [ RunTime:0.0000s ]
SQL: SELECT * FROM `reg_teacher` WHERE `id` = 13 LIMIT 1   [ RunTime:0.0010s ]
SQL: SELECT * FROM `reg_college` WHERE `id` = 1 LIMIT 1   [ RunTime:0.0000s ]
SQL: SELECT * FROM `reg_task` WHERE `projectid` = '35' LIMIT 1   [ RunTime:0.0000s ]
SQL: SELECT * FROM `reg_teacher` WHERE `id` = 10 LIMIT 1   [ RunTime:0.0000s ]
SQL: SELECT * FROM `reg_college` WHERE `id` = 1 LIMIT 1   [ RunTime:0.0000s ]
SQL: SELECT * FROM `reg_task` WHERE `projectid` = '36' LIMIT 1   [ RunTime:0.0010s ]
SQL: SELECT * FROM `reg_teacher` WHERE `id` = 13 LIMIT 1   [ RunTime:0.0000s ]
SQL: SELECT * FROM `reg_college` WHERE `id` = 1 LIMIT 1   [ RunTime:0.0000s ]
SQL: SELECT * FROM `reg_task` WHERE `projectid` = '37' LIMIT 1   [ RunTime:0.0000s ]
SQL: SELECT * FROM `reg_teacher` WHERE `id` = 10 LIMIT 1   [ RunTime:0.0010s ]
SQL: SELECT * FROM `reg_college` WHERE `id` = 1 LIMIT 1   [ RunTime:0.0000s ]
SQL: SELECT * FROM `reg_task` WHERE `projectid` = '38' LIMIT 1   [ RunTime:0.0000s ]
SQL: SELECT * FROM `reg_teacher` WHERE `id` = 13 LIMIT 1   [ RunTime:0.0000s ]
SQL: SELECT * FROM `reg_college` WHERE `id` = 1 LIMIT 1   [ RunTime:0.0010s ]
SQL: SELECT * FROM `reg_task` WHERE `projectid` = '40' LIMIT 1   [ RunTime:0.0000s ]
SQL: SELECT * FROM `reg_teacher` WHERE `id` = null LIMIT 1   [ RunTime:0.0000s ]
SQL: SELECT COUNT(*) AS tp_count FROM `reg_reginfo` WHERE `status` = 2 LIMIT 1   [ RunTime:0.0000s ]
INFO: [ view_parse ] --START--
INFO: [ template_filter ] --START--
INFO: Run Behavior\ContentReplaceBehavior [ RunTime:0.000000s ]
INFO: [ template_filter ] --END-- [ RunTime:0.000000s ]
INFO: Run Behavior\ParseTemplateBehavior [ RunTime:0.005000s ]
INFO: [ view_parse ] --END-- [ RunTime:0.005000s ]
INFO: [ view_filter ] --START--
INFO: Run Behavior\WriteHtmlCacheBehavior [ RunTime:0.001000s ]
INFO: [ view_filter ] --END-- [ RunTime:0.001000s ]
INFO: [ app_end ] --START--
INFO: Run Behavior\ShowPageTraceBehavior [ RunTime:0.001000s ]
INFO: [ app_end ] --END-- [ RunTime:0.001000s ]

[ 2016-08-17T00:34:51+08:00 ] 127.0.0.1 /admin.php/Home/Task/taskList/mid/166/p/3.html
INFO: [ app_init ] --START--
INFO: Run Behavior\BuildLiteBehavior [ RunTime:0.000000s ]
INFO: [ app_init ] --END-- [ RunTime:0.000000s ]
INFO: [ app_begin ] --START--
INFO: Run Behavior\ReadHtmlCacheBehavior [ RunTime:0.001000s ]
INFO: [ app_begin ] --END-- [ RunTime:0.001000s ]
SQL: SHOW COLUMNS FROM `reg_match` [ RunTime:0.0040s ]
SQL: SELECT * FROM `reg_match` WHERE `id` = 166 LIMIT 1   [ RunTime:0.0000s ]
SQL: SHOW COLUMNS FROM `reg_teacher` [ RunTime:0.0040s ]
SQL: SELECT * FROM `reg_teacher` WHERE `level` = 3 ORDER BY id asc  [ RunTime:0.0000s ]
SQL: SHOW COLUMNS FROM `reg_reginfo` [ RunTime:0.0050s ]
SQL: SELECT * FROM `reg_reginfo` WHERE `status` = 2 AND `matchid` = 166 ORDER BY collegeid asc LIMIT 40,20   [ RunTime:0.0010s ]
SQL: SHOW COLUMNS FROM `reg_college` [ RunTime:0.0030s ]
SQL: SELECT * FROM `reg_college` WHERE `id` = 1 LIMIT 1   [ RunTime:0.0000s ]
SQL: SHOW COLUMNS FROM `reg_task` [ RunTime:0.0030s ]
SQL: SELECT * FROM `reg_task` WHERE `projectid` = '67' LIMIT 1   [ RunTime:0.0000s ]
SQL: SELECT * FROM `reg_teacher` WHERE `id` = null LIMIT 1   [ RunTime:0.0010s ]
SQL: SELECT * FROM `reg_college` WHERE `id` = 1 LIMIT 1   [ RunTime:0.0000s ]
SQL: SELECT * FROM `reg_task` WHERE `projectid` = '68' LIMIT 1   [ RunTime:0.0000s ]
SQL: SELECT * FROM `reg_teacher` WHERE `id` = null LIMIT 1   [ RunTime:0.0000s ]
SQL: SELECT * FROM `reg_college` WHERE `id` = 1 LIMIT 1   [ RunTime:0.0010s ]
SQL: SELECT * FROM `reg_task` WHERE `projectid` = '70' LIMIT 1   [ RunTime:0.0000s ]
SQL: SELECT * FROM `reg_teacher` WHERE `id` = null LIMIT 1   [ RunTime:0.0000s ]
SQL: SELECT * FROM `reg_college` WHERE `id` = 1 LIMIT 1   [ RunTime:0.0000s ]
SQL: SELECT * FROM `reg_task` WHERE `projectid` = '71' LIMIT 1   [ RunTime:0.0000s ]
SQL: SELECT * FROM `reg_teacher` WHERE `id` = null LIMIT 1   [ RunTime:0.0010s ]
SQL: SELECT * FROM `reg_college` WHERE `id` = 1 LIMIT 1   [ RunTime:0.0000s ]
SQL: SELECT * FROM `reg_task` WHERE `projectid` = '72' LIMIT 1   [ RunTime:0.0000s ]
SQL: SELECT * FROM `reg_teacher` WHERE `id` = null LIMIT 1   [ RunTime:0.0000s ]
SQL: SELECT * FROM `reg_college` WHERE `id` = 1 LIMIT 1   [ RunTime:0.0010s ]
SQL: SELECT * FROM `reg_task` WHERE `projectid` = '74' LIMIT 1   [ RunTime:0.0000s ]
SQL: SELECT * FROM `reg_teacher` WHERE `id` = null LIMIT 1   [ RunTime:0.0000s ]
SQL: SELECT * FROM `reg_college` WHERE `id` = 1 LIMIT 1   [ RunTime:0.0000s ]
SQL: SELECT * FROM `reg_task` WHERE `projectid` = '76' LIMIT 1   [ RunTime:0.0000s ]
SQL: SELECT * FROM `reg_teacher` WHERE `id` = null LIMIT 1   [ RunTime:0.0010s ]
SQL: SELECT * FROM `reg_college` WHERE `id` = 2 LIMIT 1   [ RunTime:0.0000s ]
SQL: SELECT * FROM `reg_task` WHERE `projectid` = '17' LIMIT 1   [ RunTime:0.0000s ]
SQL: SELECT * FROM `reg_teacher` WHERE `id` = null LIMIT 1   [ RunTime:0.0000s ]
SQL: SELECT * FROM `reg_college` WHERE `id` = 2 LIMIT 1   [ RunTime:0.0010s ]
SQL: SELECT * FROM `reg_task` WHERE `projectid` = '21' LIMIT 1   [ RunTime:0.0000s ]
SQL: SELECT * FROM `reg_teacher` WHERE `id` = null LIMIT 1   [ RunTime:0.0000s ]
SQL: SELECT * FROM `reg_college` WHERE `id` = 2 LIMIT 1   [ RunTime:0.0010s ]
SQL: SELECT * FROM `reg_task` WHERE `projectid` = '25' LIMIT 1   [ RunTime:0.0000s ]
SQL: SELECT * FROM `reg_teacher` WHERE `id` = null LIMIT 1   [ RunTime:0.0010s ]
SQL: SELECT * FROM `reg_college` WHERE `id` = 2 LIMIT 1   [ RunTime:0.0000s ]
SQL: SELECT * FROM `reg_task` WHERE `projectid` = '29' LIMIT 1   [ RunTime:0.0000s ]
SQL: SELECT * FROM `reg_teacher` WHERE `id` = null LIMIT 1   [ RunTime:0.0000s ]
SQL: SELECT * FROM `reg_college` WHERE `id` = 2 LIMIT 1   [ RunTime:0.0010s ]
SQL: SELECT * FROM `reg_task` WHERE `projectid` = '33' LIMIT 1   [ RunTime:0.0000s ]
SQL: SELECT * FROM `reg_teacher` WHERE `id` = null LIMIT 1   [ RunTime:0.0000s ]
SQL: SELECT * FROM `reg_college` WHERE `id` = 2 LIMIT 1   [ RunTime:0.0000s ]
SQL: SELECT * FROM `reg_task` WHERE `projectid` = '39' LIMIT 1   [ RunTime:0.0000s ]
SQL: SELECT * FROM `reg_teacher` WHERE `id` = null LIMIT 1   [ RunTime:0.0000s ]
SQL: SELECT * FROM `reg_college` WHERE `id` = 2 LIMIT 1   [ RunTime:0.0010s ]
SQL: SELECT * FROM `reg_task` WHERE `projectid` = '43' LIMIT 1   [ RunTime:0.0000s ]
SQL: SELECT * FROM `reg_teacher` WHERE `id` = null LIMIT 1   [ RunTime:0.0000s ]
SQL: SELECT * FROM `reg_college` WHERE `id` = 2 LIMIT 1   [ RunTime:0.0000s ]
SQL: SELECT * FROM `reg_task` WHERE `projectid` = '45' LIMIT 1   [ RunTime:0.0010s ]
SQL: SELECT * FROM `reg_teacher` WHERE `id` = null LIMIT 1   [ RunTime:0.0000s ]
SQL: SELECT * FROM `reg_college` WHERE `id` = 2 LIMIT 1   [ RunTime:0.0000s ]
SQL: SELECT * FROM `reg_task` WHERE `projectid` = '49' LIMIT 1   [ RunTime:0.0000s ]
SQL: SELECT * FROM `reg_teacher` WHERE `id` = null LIMIT 1   [ RunTime:0.0000s ]
SQL: SELECT * FROM `reg_college` WHERE `id` = 2 LIMIT 1   [ RunTime:0.0010s ]
SQL: SELECT * FROM `reg_task` WHERE `projectid` = '55' LIMIT 1   [ RunTime:0.0000s ]
SQL: SELECT * FROM `reg_teacher` WHERE `id` = null LIMIT 1   [ RunTime:0.0000s ]
SQL: SELECT * FROM `reg_college` WHERE `id` = 2 LIMIT 1   [ RunTime:0.0000s ]
SQL: SELECT * FROM `reg_task` WHERE `projectid` = '59' LIMIT 1   [ RunTime:0.0010s ]
SQL: SELECT * FROM `reg_teacher` WHERE `id` = null LIMIT 1   [ RunTime:0.0000s ]
SQL: SELECT * FROM `reg_college` WHERE `id` = 2 LIMIT 1   [ RunTime:0.0000s ]
SQL: SELECT * FROM `reg_task` WHERE `projectid` = '63' LIMIT 1   [ RunTime:0.0000s ]
SQL: SELECT * FROM `reg_teacher` WHERE `id` = null LIMIT 1   [ RunTime:0.0010s ]
SQL: SELECT * FROM `reg_college` WHERE `id` = 2 LIMIT 1   [ RunTime:0.0000s ]
SQL: SELECT * FROM `reg_task` WHERE `projectid` = '69' LIMIT 1   [ RunTime:0.0000s ]
SQL: SELECT * FROM `reg_teacher` WHERE `id` = null LIMIT 1   [ RunTime:0.0000s ]
SQL: SELECT COUNT(*) AS tp_count FROM `reg_reginfo` WHERE `status` = 2 LIMIT 1   [ RunTime:0.0010s ]
INFO: [ view_parse ] --START--
INFO: [ template_filter ] --START--
INFO: Run Behavior\ContentReplaceBehavior [ RunTime:0.000000s ]
INFO: [ template_filter ] --END-- [ RunTime:0.000000s ]
INFO: Run Behavior\ParseTemplateBehavior [ RunTime:0.006000s ]
INFO: [ view_parse ] --END-- [ RunTime:0.006000s ]
INFO: [ view_filter ] --START--
INFO: Run Behavior\WriteHtmlCacheBehavior [ RunTime:0.000000s ]
INFO: [ view_filter ] --END-- [ RunTime:0.000000s ]
INFO: [ app_end ] --START--
INFO: Run Behavior\ShowPageTraceBehavior [ RunTime:0.001000s ]
INFO: [ app_end ] --END-- [ RunTime:0.001000s ]

[ 2016-08-17T00:34:53+08:00 ] 127.0.0.1 /admin.php/Home/Task/taskList/mid/166/p/1.html
INFO: [ app_init ] --START--
INFO: Run Behavior\BuildLiteBehavior [ RunTime:0.000000s ]
INFO: [ app_init ] --END-- [ RunTime:0.000000s ]
INFO: [ app_begin ] --START--
INFO: Run Behavior\ReadHtmlCacheBehavior [ RunTime:0.001000s ]
INFO: [ app_begin ] --END-- [ RunTime:0.001000s ]
SQL: SHOW COLUMNS FROM `reg_match` [ RunTime:0.0050s ]
SQL: SELECT * FROM `reg_match` WHERE `id` = 166 LIMIT 1   [ RunTime:0.0000s ]
SQL: SHOW COLUMNS FROM `reg_teacher` [ RunTime:0.0040s ]
SQL: SELECT * FROM `reg_teacher` WHERE `level` = 3 ORDER BY id asc  [ RunTime:0.0000s ]
SQL: SHOW COLUMNS FROM `reg_reginfo` [ RunTime:0.0040s ]
SQL: SELECT * FROM `reg_reginfo` WHERE `status` = 2 AND `matchid` = 166 ORDER BY collegeid asc LIMIT 0,20   [ RunTime:0.0010s ]
SQL: SHOW COLUMNS FROM `reg_college` [ RunTime:0.0040s ]
SQL: SELECT * FROM `reg_college` WHERE `id` = 1 LIMIT 1   [ RunTime:0.0000s ]
SQL: SHOW COLUMNS FROM `reg_task` [ RunTime:0.0030s ]
SQL: SELECT * FROM `reg_task` WHERE `projectid` = '14' LIMIT 1   [ RunTime:0.0000s ]
SQL: SELECT * FROM `reg_teacher` WHERE `id` = 10 LIMIT 1   [ RunTime:0.0010s ]
SQL: SELECT * FROM `reg_college` WHERE `id` = 1 LIMIT 1   [ RunTime:0.0000s ]
SQL: SELECT * FROM `reg_task` WHERE `projectid` = '15' LIMIT 1   [ RunTime:0.0000s ]
SQL: SELECT * FROM `reg_teacher` WHERE `id` = 13 LIMIT 1   [ RunTime:0.0000s ]
SQL: SELECT * FROM `reg_college` WHERE `id` = 1 LIMIT 1   [ RunTime:0.0010s ]
SQL: SELECT * FROM `reg_task` WHERE `projectid` = '16' LIMIT 1   [ RunTime:0.0000s ]
SQL: SELECT * FROM `reg_teacher` WHERE `id` = 10 LIMIT 1   [ RunTime:0.0000s ]
SQL: SELECT * FROM `reg_college` WHERE `id` = 1 LIMIT 1   [ RunTime:0.0000s ]
SQL: SELECT * FROM `reg_task` WHERE `projectid` = '18' LIMIT 1   [ RunTime:0.0010s ]
SQL: SELECT * FROM `reg_teacher` WHERE `id` = 13 LIMIT 1   [ RunTime:0.0000s ]
SQL: SELECT * FROM `reg_college` WHERE `id` = 1 LIMIT 1   [ RunTime:0.0000s ]
SQL: SELECT * FROM `reg_task` WHERE `projectid` = '20' LIMIT 1   [ RunTime:0.0000s ]
SQL: SELECT * FROM `reg_teacher` WHERE `id` = 13 LIMIT 1   [ RunTime:0.0000s ]
SQL: SELECT * FROM `reg_college` WHERE `id` = 1 LIMIT 1   [ RunTime:0.0000s ]
SQL: SELECT * FROM `reg_task` WHERE `projectid` = '22' LIMIT 1   [ RunTime:0.0000s ]
SQL: SELECT * FROM `reg_teacher` WHERE `id` = 10 LIMIT 1   [ RunTime:0.0000s ]
SQL: SELECT * FROM `reg_college` WHERE `id` = 1 LIMIT 1   [ RunTime:0.0000s ]
SQL: SELECT * FROM `reg_task` WHERE `projectid` = '23' LIMIT 1   [ RunTime:0.0000s ]
SQL: SELECT * FROM `reg_teacher` WHERE `id` = 13 LIMIT 1   [ RunTime:0.0000s ]
SQL: SELECT * FROM `reg_college` WHERE `id` = 1 LIMIT 1   [ RunTime:0.0000s ]
SQL: SELECT * FROM `reg_task` WHERE `projectid` = '24' LIMIT 1   [ RunTime:0.0000s ]
SQL: SELECT * FROM `reg_teacher` WHERE `id` = 10 LIMIT 1   [ RunTime:0.0000s ]
SQL: SELECT * FROM `reg_college` WHERE `id` = 1 LIMIT 1   [ RunTime:0.0000s ]
SQL: SELECT * FROM `reg_task` WHERE `projectid` = '26' LIMIT 1   [ RunTime:0.0000s ]
SQL: SELECT * FROM `reg_teacher` WHERE `id` = 13 LIMIT 1   [ RunTime:0.0010s ]
SQL: SELECT * FROM `reg_college` WHERE `id` = 1 LIMIT 1   [ RunTime:0.0000s ]
SQL: SELECT * FROM `reg_task` WHERE `projectid` = '27' LIMIT 1   [ RunTime:0.0000s ]
SQL: SELECT * FROM `reg_teacher` WHERE `id` = 10 LIMIT 1   [ RunTime:0.0000s ]
SQL: SELECT * FROM `reg_college` WHERE `id` = 1 LIMIT 1   [ RunTime:0.0000s ]
SQL: SELECT * FROM `reg_task` WHERE `projectid` = '28' LIMIT 1   [ RunTime:0.0000s ]
SQL: SELECT * FROM `reg_teacher` WHERE `id` = 13 LIMIT 1   [ RunTime:0.0000s ]
SQL: SELECT * FROM `reg_college` WHERE `id` = 1 LIMIT 1   [ RunTime:0.0000s ]
SQL: SELECT * FROM `reg_task` WHERE `projectid` = '30' LIMIT 1   [ RunTime:0.0000s ]
SQL: SELECT * FROM `reg_teacher` WHERE `id` = 10 LIMIT 1   [ RunTime:0.0000s ]
SQL: SELECT * FROM `reg_college` WHERE `id` = 1 LIMIT 1   [ RunTime:0.0000s ]
SQL: SELECT * FROM `reg_task` WHERE `projectid` = '31' LIMIT 1   [ RunTime:0.0000s ]
SQL: SELECT * FROM `reg_teacher` WHERE `id` = 13 LIMIT 1   [ RunTime:0.0010s ]
SQL: SELECT * FROM `reg_college` WHERE `id` = 1 LIMIT 1   [ RunTime:0.0000s ]
SQL: SELECT * FROM `reg_task` WHERE `projectid` = '32' LIMIT 1   [ RunTime:0.0000s ]
SQL: SELECT * FROM `reg_teacher` WHERE `id` = 10 LIMIT 1   [ RunTime:0.0000s ]
SQL: SELECT * FROM `reg_college` WHERE `id` = 1 LIMIT 1   [ RunTime:0.0010s ]
SQL: SELECT * FROM `reg_task` WHERE `projectid` = '34' LIMIT 1   [ RunTime:0.0000s ]
SQL: SELECT * FROM `reg_teacher` WHERE `id` = 13 LIMIT 1   [ RunTime:0.0000s ]
SQL: SELECT * FROM `reg_college` WHERE `id` = 1 LIMIT 1   [ RunTime:0.0000s ]
SQL: SELECT * FROM `reg_task` WHERE `projectid` = '35' LIMIT 1   [ RunTime:0.0000s ]
SQL: SELECT * FROM `reg_teacher` WHERE `id` = 10 LIMIT 1   [ RunTime:0.0010s ]
SQL: SELECT * FROM `reg_college` WHERE `id` = 1 LIMIT 1   [ RunTime:0.0000s ]
SQL: SELECT * FROM `reg_task` WHERE `projectid` = '36' LIMIT 1   [ RunTime:0.0000s ]
SQL: SELECT * FROM `reg_teacher` WHERE `id` = 13 LIMIT 1   [ RunTime:0.0000s ]
SQL: SELECT * FROM `reg_college` WHERE `id` = 1 LIMIT 1   [ RunTime:0.0000s ]
SQL: SELECT * FROM `reg_task` WHERE `projectid` = '37' LIMIT 1   [ RunTime:0.0010s ]
SQL: SELECT * FROM `reg_teacher` WHERE `id` = 10 LIMIT 1   [ RunTime:0.0000s ]
SQL: SELECT * FROM `reg_college` WHERE `id` = 1 LIMIT 1   [ RunTime:0.0000s ]
SQL: SELECT * FROM `reg_task` WHERE `projectid` = '38' LIMIT 1   [ RunTime:0.0000s ]
SQL: SELECT * FROM `reg_teacher` WHERE `id` = 13 LIMIT 1   [ RunTime:0.0000s ]
SQL: SELECT * FROM `reg_college` WHERE `id` = 1 LIMIT 1   [ RunTime:0.0000s ]
SQL: SELECT * FROM `reg_task` WHERE `projectid` = '40' LIMIT 1   [ RunTime:0.0000s ]
SQL: SELECT * FROM `reg_teacher` WHERE `id` = null LIMIT 1   [ RunTime:0.0000s ]
SQL: SELECT COUNT(*) AS tp_count FROM `reg_reginfo` WHERE `status` = 2 LIMIT 1   [ RunTime:0.0010s ]
INFO: [ view_parse ] --START--
INFO: [ template_filter ] --START--
INFO: Run Behavior\ContentReplaceBehavior [ RunTime:0.000000s ]
INFO: [ template_filter ] --END-- [ RunTime:0.000000s ]
INFO: Run Behavior\ParseTemplateBehavior [ RunTime:0.006000s ]
INFO: [ view_parse ] --END-- [ RunTime:0.006000s ]
INFO: [ view_filter ] --START--
INFO: Run Behavior\WriteHtmlCacheBehavior [ RunTime:0.000000s ]
INFO: [ view_filter ] --END-- [ RunTime:0.000000s ]
INFO: [ app_end ] --START--
INFO: Run Behavior\ShowPageTraceBehavior [ RunTime:0.001000s ]
INFO: [ app_end ] --END-- [ RunTime:0.001000s ]

[ 2016-08-17T00:34:56+08:00 ] 127.0.0.1 /admin.php/Home/Task/taskList/mid/166/p/2.html
INFO: [ app_init ] --START--
INFO: Run Behavior\BuildLiteBehavior [ RunTime:0.000000s ]
INFO: [ app_init ] --END-- [ RunTime:0.000000s ]
INFO: [ app_begin ] --START--
INFO: Run Behavior\ReadHtmlCacheBehavior [ RunTime:0.000000s ]
INFO: [ app_begin ] --END-- [ RunTime:0.000000s ]
SQL: SHOW COLUMNS FROM `reg_match` [ RunTime:0.0040s ]
SQL: SELECT * FROM `reg_match` WHERE `id` = 166 LIMIT 1   [ RunTime:0.0010s ]
SQL: SHOW COLUMNS FROM `reg_teacher` [ RunTime:0.0030s ]
SQL: SELECT * FROM `reg_teacher` WHERE `level` = 3 ORDER BY id asc  [ RunTime:0.0010s ]
SQL: SHOW COLUMNS FROM `reg_reginfo` [ RunTime:0.0030s ]
SQL: SELECT * FROM `reg_reginfo` WHERE `status` = 2 AND `matchid` = 166 ORDER BY collegeid asc LIMIT 20,20   [ RunTime:0.0030s ]
SQL: SHOW COLUMNS FROM `reg_college` [ RunTime:0.0030s ]
SQL: SELECT * FROM `reg_college` WHERE `id` = 1 LIMIT 1   [ RunTime:0.0010s ]
SQL: SHOW COLUMNS FROM `reg_task` [ RunTime:0.0040s ]
SQL: SELECT * FROM `reg_task` WHERE `projectid` = '41' LIMIT 1   [ RunTime:0.0000s ]
SQL: SELECT * FROM `reg_teacher` WHERE `id` = null LIMIT 1   [ RunTime:0.0000s ]
SQL: SELECT * FROM `reg_college` WHERE `id` = 1 LIMIT 1   [ RunTime:0.0000s ]
SQL: SELECT * FROM `reg_task` WHERE `projectid` = '42' LIMIT 1   [ RunTime:0.0000s ]
SQL: SELECT * FROM `reg_teacher` WHERE `id` = null LIMIT 1   [ RunTime:0.0000s ]
SQL: SELECT * FROM `reg_college` WHERE `id` = 1 LIMIT 1   [ RunTime:0.0010s ]
SQL: SELECT * FROM `reg_task` WHERE `projectid` = '44' LIMIT 1   [ RunTime:0.0000s ]
SQL: SELECT * FROM `reg_teacher` WHERE `id` = null LIMIT 1   [ RunTime:0.0000s ]
SQL: SELECT * FROM `reg_college` WHERE `id` = 1 LIMIT 1   [ RunTime:0.0000s ]
SQL: SELECT * FROM `reg_task` WHERE `projectid` = '46' LIMIT 1   [ RunTime:0.0000s ]
SQL: SELECT * FROM `reg_teacher` WHERE `id` = null LIMIT 1   [ RunTime:0.0000s ]
SQL: SELECT * FROM `reg_college` WHERE `id` = 1 LIMIT 1   [ RunTime:0.0000s ]
SQL: SELECT * FROM `reg_task` WHERE `projectid` = '47' LIMIT 1   [ RunTime:0.0000s ]
SQL: SELECT * FROM `reg_teacher` WHERE `id` = null LIMIT 1   [ RunTime:0.0000s ]
SQL: SELECT * FROM `reg_college` WHERE `id` = 1 LIMIT 1   [ RunTime:0.0000s ]
SQL: SELECT * FROM `reg_task` WHERE `projectid` = '48' LIMIT 1   [ RunTime:0.0000s ]
SQL: SELECT * FROM `reg_teacher` WHERE `id` = null LIMIT 1   [ RunTime:0.0000s ]
SQL: SELECT * FROM `reg_college` WHERE `id` = 1 LIMIT 1   [ RunTime:0.0000s ]
SQL: SELECT * FROM `reg_task` WHERE `projectid` = '50' LIMIT 1   [ RunTime:0.0000s ]
SQL: SELECT * FROM `reg_teacher` WHERE `id` = null LIMIT 1   [ RunTime:0.0010s ]
SQL: SELECT * FROM `reg_college` WHERE `id` = 1 LIMIT 1   [ RunTime:0.0000s ]
SQL: SELECT * FROM `reg_task` WHERE `projectid` = '51' LIMIT 1   [ RunTime:0.0000s ]
SQL: SELECT * FROM `reg_teacher` WHERE `id` = null LIMIT 1   [ RunTime:0.0000s ]
SQL: SELECT * FROM `reg_college` WHERE `id` = 1 LIMIT 1   [ RunTime:0.0000s ]
SQL: SELECT * FROM `reg_task` WHERE `projectid` = '52' LIMIT 1   [ RunTime:0.0010s ]
SQL: SELECT * FROM `reg_teacher` WHERE `id` = null LIMIT 1   [ RunTime:0.0000s ]
SQL: SELECT * FROM `reg_college` WHERE `id` = 1 LIMIT 1   [ RunTime:0.0000s ]
SQL: SELECT * FROM `reg_task` WHERE `projectid` = '53' LIMIT 1   [ RunTime:0.0000s ]
SQL: SELECT * FROM `reg_teacher` WHERE `id` = null LIMIT 1   [ RunTime:0.0000s ]
SQL: SELECT * FROM `reg_college` WHERE `id` = 1 LIMIT 1   [ RunTime:0.0010s ]
SQL: SELECT * FROM `reg_task` WHERE `projectid` = '54' LIMIT 1   [ RunTime:0.0000s ]
SQL: SELECT * FROM `reg_teacher` WHERE `id` = 10 LIMIT 1   [ RunTime:0.0000s ]
SQL: SELECT * FROM `reg_college` WHERE `id` = 1 LIMIT 1   [ RunTime:0.0000s ]
SQL: SELECT * FROM `reg_task` WHERE `projectid` = '56' LIMIT 1   [ RunTime:0.0010s ]
SQL: SELECT * FROM `reg_teacher` WHERE `id` = null LIMIT 1   [ RunTime:0.0000s ]
SQL: SELECT * FROM `reg_college` WHERE `id` = 1 LIMIT 1   [ RunTime:0.0000s ]
SQL: SELECT * FROM `reg_task` WHERE `projectid` = '57' LIMIT 1   [ RunTime:0.0000s ]
SQL: SELECT * FROM `reg_teacher` WHERE `id` = null LIMIT 1   [ RunTime:0.0010s ]
SQL: SELECT * FROM `reg_college` WHERE `id` = 1 LIMIT 1   [ RunTime:0.0000s ]
SQL: SELECT * FROM `reg_task` WHERE `projectid` = '58' LIMIT 1   [ RunTime:0.0000s ]
SQL: SELECT * FROM `reg_teacher` WHERE `id` = null LIMIT 1   [ RunTime:0.0000s ]
SQL: SELECT * FROM `reg_college` WHERE `id` = 1 LIMIT 1   [ RunTime:0.0010s ]
SQL: SELECT * FROM `reg_task` WHERE `projectid` = '60' LIMIT 1   [ RunTime:0.0000s ]
SQL: SELECT * FROM `reg_teacher` WHERE `id` = null LIMIT 1   [ RunTime:0.0000s ]
SQL: SELECT * FROM `reg_college` WHERE `id` = 1 LIMIT 1   [ RunTime:0.0000s ]
SQL: SELECT * FROM `reg_task` WHERE `projectid` = '61' LIMIT 1   [ RunTime:0.0000s ]
SQL: SELECT * FROM `reg_teacher` WHERE `id` = null LIMIT 1   [ RunTime:0.0000s ]
SQL: SELECT * FROM `reg_college` WHERE `id` = 1 LIMIT 1   [ RunTime:0.0000s ]
SQL: SELECT * FROM `reg_task` WHERE `projectid` = '62' LIMIT 1   [ RunTime:0.0000s ]
SQL: SELECT * FROM `reg_teacher` WHERE `id` = null LIMIT 1   [ RunTime:0.0000s ]
SQL: SELECT * FROM `reg_college` WHERE `id` = 1 LIMIT 1   [ RunTime:0.0000s ]
SQL: SELECT * FROM `reg_task` WHERE `projectid` = '64' LIMIT 1   [ RunTime:0.0000s ]
SQL: SELECT * FROM `reg_teacher` WHERE `id` = null LIMIT 1   [ RunTime:0.0000s ]
SQL: SELECT * FROM `reg_college` WHERE `id` = 1 LIMIT 1   [ RunTime:0.0000s ]
SQL: SELECT * FROM `reg_task` WHERE `projectid` = '65' LIMIT 1   [ RunTime:0.0000s ]
SQL: SELECT * FROM `reg_teacher` WHERE `id` = null LIMIT 1   [ RunTime:0.0010s ]
SQL: SELECT * FROM `reg_college` WHERE `id` = 1 LIMIT 1   [ RunTime:0.0000s ]
SQL: SELECT * FROM `reg_task` WHERE `projectid` = '66' LIMIT 1   [ RunTime:0.0000s ]
SQL: SELECT * FROM `reg_teacher` WHERE `id` = null LIMIT 1   [ RunTime:0.0000s ]
SQL: SELECT COUNT(*) AS tp_count FROM `reg_reginfo` WHERE `status` = 2 LIMIT 1   [ RunTime:0.0010s ]
INFO: [ view_parse ] --START--
INFO: [ template_filter ] --START--
INFO: Run Behavior\ContentReplaceBehavior [ RunTime:0.000000s ]
INFO: [ template_filter ] --END-- [ RunTime:0.000000s ]
INFO: Run Behavior\ParseTemplateBehavior [ RunTime:0.006001s ]
INFO: [ view_parse ] --END-- [ RunTime:0.006001s ]
INFO: [ view_filter ] --START--
INFO: Run Behavior\WriteHtmlCacheBehavior [ RunTime:0.000000s ]
INFO: [ view_filter ] --END-- [ RunTime:0.000000s ]
INFO: [ app_end ] --START--
INFO: Run Behavior\ShowPageTraceBehavior [ RunTime:0.000000s ]
INFO: [ app_end ] --END-- [ RunTime:0.000000s ]

[ 2016-08-17T00:35:00+08:00 ] 127.0.0.1 /admin.php/Home/Task/runAddTask.html
INFO: [ app_init ] --START--
INFO: Run Behavior\BuildLiteBehavior [ RunTime:0.000000s ]
INFO: [ app_init ] --END-- [ RunTime:0.001000s ]
INFO: [ app_begin ] --START--
INFO: Run Behavior\ReadHtmlCacheBehavior [ RunTime:0.001000s ]
INFO: [ app_begin ] --END-- [ RunTime:0.001000s ]
SQL: SHOW COLUMNS FROM `reg_task` [ RunTime:0.0060s ]
SQL: SELECT * FROM `reg_task` WHERE `projectid` = '41' LIMIT 1   [ RunTime:0.0010s ]
SQL: INSERT INTO `reg_task` (`teaid`,`matchid`,`projectid`) VALUES ('10','166','41') [ RunTime:0.0000s ]
SQL: SELECT * FROM `reg_task` WHERE `projectid` = '47' LIMIT 1   [ RunTime:0.0000s ]
SQL: INSERT INTO `reg_task` (`teaid`,`matchid`,`projectid`) VALUES ('10','166','47') [ RunTime:0.0010s ]
SQL: SELECT * FROM `reg_task` WHERE `projectid` = '48' LIMIT 1   [ RunTime:0.0000s ]
SQL: INSERT INTO `reg_task` (`teaid`,`matchid`,`projectid`) VALUES ('10','166','48') [ RunTime:0.0000s ]
INFO: [ view_parse ] --START--
INFO: [ template_filter ] --START--
INFO: Run Behavior\ContentReplaceBehavior [ RunTime:0.000000s ]
INFO: [ template_filter ] --END-- [ RunTime:0.000000s ]
INFO: Run Behavior\ParseTemplateBehavior [ RunTime:0.004000s ]
INFO: [ view_parse ] --END-- [ RunTime:0.004000s ]
INFO: [ view_filter ] --START--
INFO: Run Behavior\WriteHtmlCacheBehavior [ RunTime:0.001000s ]
INFO: [ view_filter ] --END-- [ RunTime:0.001000s ]
INFO: [ app_end ] --START--
INFO: Run Behavior\ShowPageTraceBehavior [ RunTime:0.000000s ]
INFO: [ app_end ] --END-- [ RunTime:0.000000s ]

[ 2016-08-17T00:35:05+08:00 ] 127.0.0.1 /admin.php/Home/Task/taskList/mid/166/p/2.html
INFO: [ app_init ] --START--
INFO: Run Behavior\BuildLiteBehavior [ RunTime:0.000000s ]
INFO: [ app_init ] --END-- [ RunTime:0.003000s ]
INFO: [ app_begin ] --START--
INFO: Run Behavior\ReadHtmlCacheBehavior [ RunTime:0.001000s ]
INFO: [ app_begin ] --END-- [ RunTime:0.001000s ]
SQL: SHOW COLUMNS FROM `reg_match` [ RunTime:0.0040s ]
SQL: SELECT * FROM `reg_match` WHERE `id` = 166 LIMIT 1   [ RunTime:0.0000s ]
SQL: SHOW COLUMNS FROM `reg_teacher` [ RunTime:0.0060s ]
SQL: SELECT * FROM `reg_teacher` WHERE `level` = 3 ORDER BY id asc  [ RunTime:0.0000s ]
SQL: SHOW COLUMNS FROM `reg_reginfo` [ RunTime:0.0050s ]
SQL: SELECT * FROM `reg_reginfo` WHERE `status` = 2 AND `matchid` = 166 ORDER BY collegeid asc LIMIT 20,20   [ RunTime:0.0010s ]
SQL: SHOW COLUMNS FROM `reg_college` [ RunTime:0.0040s ]
SQL: SELECT * FROM `reg_college` WHERE `id` = 1 LIMIT 1   [ RunTime:0.0010s ]
SQL: SHOW COLUMNS FROM `reg_task` [ RunTime:0.0040s ]
SQL: SELECT * FROM `reg_task` WHERE `projectid` = '41' LIMIT 1   [ RunTime:0.0000s ]
SQL: SELECT * FROM `reg_teacher` WHERE `id` = 10 LIMIT 1   [ RunTime:0.0000s ]
SQL: SELECT * FROM `reg_college` WHERE `id` = 1 LIMIT 1   [ RunTime:0.0000s ]
SQL: SELECT * FROM `reg_task` WHERE `projectid` = '42' LIMIT 1   [ RunTime:0.0000s ]
SQL: SELECT * FROM `reg_teacher` WHERE `id` = null LIMIT 1   [ RunTime:0.0000s ]
SQL: SELECT * FROM `reg_college` WHERE `id` = 1 LIMIT 1   [ RunTime:0.0000s ]
SQL: SELECT * FROM `reg_task` WHERE `projectid` = '44' LIMIT 1   [ RunTime:0.0000s ]
SQL: SELECT * FROM `reg_teacher` WHERE `id` = null LIMIT 1   [ RunTime:0.0000s ]
SQL: SELECT * FROM `reg_college` WHERE `id` = 1 LIMIT 1   [ RunTime:0.0000s ]
SQL: SELECT * FROM `reg_task` WHERE `projectid` = '46' LIMIT 1   [ RunTime:0.0010s ]
SQL: SELECT * FROM `reg_teacher` WHERE `id` = null LIMIT 1   [ RunTime:0.0000s ]
SQL: SELECT * FROM `reg_college` WHERE `id` = 1 LIMIT 1   [ RunTime:0.0000s ]
SQL: SELECT * FROM `reg_task` WHERE `projectid` = '47' LIMIT 1   [ RunTime:0.0000s ]
SQL: SELECT * FROM `reg_teacher` WHERE `id` = 10 LIMIT 1   [ RunTime:0.0000s ]
SQL: SELECT * FROM `reg_college` WHERE `id` = 1 LIMIT 1   [ RunTime:0.0010s ]
SQL: SELECT * FROM `reg_task` WHERE `projectid` = '48' LIMIT 1   [ RunTime:0.0000s ]
SQL: SELECT * FROM `reg_teacher` WHERE `id` = 10 LIMIT 1   [ RunTime:0.0000s ]
SQL: SELECT * FROM `reg_college` WHERE `id` = 1 LIMIT 1   [ RunTime:0.0010s ]
SQL: SELECT * FROM `reg_task` WHERE `projectid` = '50' LIMIT 1   [ RunTime:0.0000s ]
SQL: SELECT * FROM `reg_teacher` WHERE `id` = null LIMIT 1   [ RunTime:0.0010s ]
SQL: SELECT * FROM `reg_college` WHERE `id` = 1 LIMIT 1   [ RunTime:0.0000s ]
SQL: SELECT * FROM `reg_task` WHERE `projectid` = '51' LIMIT 1   [ RunTime:0.0000s ]
SQL: SELECT * FROM `reg_teacher` WHERE `id` = null LIMIT 1   [ RunTime:0.0000s ]
SQL: SELECT * FROM `reg_college` WHERE `id` = 1 LIMIT 1   [ RunTime:0.0000s ]
SQL: SELECT * FROM `reg_task` WHERE `projectid` = '52' LIMIT 1   [ RunTime:0.0010s ]
SQL: SELECT * FROM `reg_teacher` WHERE `id` = null LIMIT 1   [ RunTime:0.0000s ]
SQL: SELECT * FROM `reg_college` WHERE `id` = 1 LIMIT 1   [ RunTime:0.0000s ]
SQL: SELECT * FROM `reg_task` WHERE `projectid` = '53' LIMIT 1   [ RunTime:0.0000s ]
SQL: SELECT * FROM `reg_teacher` WHERE `id` = null LIMIT 1   [ RunTime:0.0000s ]
SQL: SELECT * FROM `reg_college` WHERE `id` = 1 LIMIT 1   [ RunTime:0.0010s ]
SQL: SELECT * FROM `reg_task` WHERE `projectid` = '54' LIMIT 1   [ RunTime:0.0000s ]
SQL: SELECT * FROM `reg_teacher` WHERE `id` = 10 LIMIT 1   [ RunTime:0.0000s ]
SQL: SELECT * FROM `reg_college` WHERE `id` = 1 LIMIT 1   [ RunTime:0.0000s ]
SQL: SELECT * FROM `reg_task` WHERE `projectid` = '56' LIMIT 1   [ RunTime:0.0000s ]
SQL: SELECT * FROM `reg_teacher` WHERE `id` = null LIMIT 1   [ RunTime:0.0000s ]
SQL: SELECT * FROM `reg_college` WHERE `id` = 1 LIMIT 1   [ RunTime:0.0000s ]
SQL: SELECT * FROM `reg_task` WHERE `projectid` = '57' LIMIT 1   [ RunTime:0.0000s ]
SQL: SELECT * FROM `reg_teacher` WHERE `id` = null LIMIT 1   [ RunTime:0.0000s ]
SQL: SELECT * FROM `reg_college` WHERE `id` = 1 LIMIT 1   [ RunTime:0.0000s ]
SQL: SELECT * FROM `reg_task` WHERE `projectid` = '58' LIMIT 1   [ RunTime:0.0000s ]
SQL: SELECT * FROM `reg_teacher` WHERE `id` = null LIMIT 1   [ RunTime:0.0000s ]
SQL: SELECT * FROM `reg_college` WHERE `id` = 1 LIMIT 1   [ RunTime:0.0000s ]
SQL: SELECT * FROM `reg_task` WHERE `projectid` = '60' LIMIT 1   [ RunTime:0.0000s ]
SQL: SELECT * FROM `reg_teacher` WHERE `id` = null LIMIT 1   [ RunTime:0.0000s ]
SQL: SELECT * FROM `reg_college` WHERE `id` = 1 LIMIT 1   [ RunTime:0.0000s ]
SQL: SELECT * FROM `reg_task` WHERE `projectid` = '61' LIMIT 1   [ RunTime:0.0010s ]
SQL: SELECT * FROM `reg_teacher` WHERE `id` = null LIMIT 1   [ RunTime:0.0000s ]
SQL: SELECT * FROM `reg_college` WHERE `id` = 1 LIMIT 1   [ RunTime:0.0000s ]
SQL: SELECT * FROM `reg_task` WHERE `projectid` = '62' LIMIT 1   [ RunTime:0.0000s ]
SQL: SELECT * FROM `reg_teacher` WHERE `id` = null LIMIT 1   [ RunTime:0.0000s ]
SQL: SELECT * FROM `reg_college` WHERE `id` = 1 LIMIT 1   [ RunTime:0.0000s ]
SQL: SELECT * FROM `reg_task` WHERE `projectid` = '64' LIMIT 1   [ RunTime:0.0000s ]
SQL: SELECT * FROM `reg_teacher` WHERE `id` = null LIMIT 1   [ RunTime:0.0000s ]
SQL: SELECT * FROM `reg_college` WHERE `id` = 1 LIMIT 1   [ RunTime:0.0000s ]
SQL: SELECT * FROM `reg_task` WHERE `projectid` = '65' LIMIT 1   [ RunTime:0.0010s ]
SQL: SELECT * FROM `reg_teacher` WHERE `id` = null LIMIT 1   [ RunTime:0.0000s ]
SQL: SELECT * FROM `reg_college` WHERE `id` = 1 LIMIT 1   [ RunTime:0.0000s ]
SQL: SELECT * FROM `reg_task` WHERE `projectid` = '66' LIMIT 1   [ RunTime:0.0010s ]
SQL: SELECT * FROM `reg_teacher` WHERE `id` = null LIMIT 1   [ RunTime:0.0000s ]
SQL: SELECT COUNT(*) AS tp_count FROM `reg_reginfo` WHERE `status` = 2 LIMIT 1   [ RunTime:0.0000s ]
INFO: [ view_parse ] --START--
INFO: [ template_filter ] --START--
INFO: Run Behavior\ContentReplaceBehavior [ RunTime:0.001000s ]
INFO: [ template_filter ] --END-- [ RunTime:0.001000s ]
INFO: Run Behavior\ParseTemplateBehavior [ RunTime:0.005000s ]
INFO: [ view_parse ] --END-- [ RunTime:0.006000s ]
INFO: [ view_filter ] --START--
INFO: Run Behavior\WriteHtmlCacheBehavior [ RunTime:0.000000s ]
INFO: [ view_filter ] --END-- [ RunTime:0.000000s ]
INFO: [ app_end ] --START--
INFO: Run Behavior\ShowPageTraceBehavior [ RunTime:0.001000s ]
INFO: [ app_end ] --END-- [ RunTime:0.001000s ]

[ 2016-08-17T00:35:16+08:00 ] 127.0.0.1 /admin.php/Home/Task/runAddTask.html
INFO: [ app_init ] --START--
INFO: Run Behavior\BuildLiteBehavior [ RunTime:0.000000s ]
INFO: [ app_init ] --END-- [ RunTime:0.000000s ]
INFO: [ app_begin ] --START--
INFO: Run Behavior\ReadHtmlCacheBehavior [ RunTime:0.001000s ]
INFO: [ app_begin ] --END-- [ RunTime:0.001000s ]
SQL: SHOW COLUMNS FROM `reg_task` [ RunTime:0.0040s ]
SQL: SELECT * FROM `reg_task` WHERE `projectid` = '58' LIMIT 1   [ RunTime:0.0000s ]
SQL: INSERT INTO `reg_task` (`teaid`,`matchid`,`projectid`) VALUES ('12','166','58') [ RunTime:0.0000s ]
INFO: [ view_parse ] --START--
INFO: [ template_filter ] --START--
INFO: Run Behavior\ContentReplaceBehavior [ RunTime:0.000000s ]
INFO: [ template_filter ] --END-- [ RunTime:0.000000s ]
INFO: Run Behavior\ParseTemplateBehavior [ RunTime:0.004000s ]
INFO: [ view_parse ] --END-- [ RunTime:0.004000s ]
INFO: [ view_filter ] --START--
INFO: Run Behavior\WriteHtmlCacheBehavior [ RunTime:0.001000s ]
INFO: [ view_filter ] --END-- [ RunTime:0.001000s ]
INFO: [ app_end ] --START--
INFO: Run Behavior\ShowPageTraceBehavior [ RunTime:0.000000s ]
INFO: [ app_end ] --END-- [ RunTime:0.000000s ]

[ 2016-08-17T00:35:19+08:00 ] 127.0.0.1 /admin.php/Home/Task/taskList/mid/166/p/2.html
INFO: [ app_init ] --START--
INFO: Run Behavior\BuildLiteBehavior [ RunTime:0.000000s ]
INFO: [ app_init ] --END-- [ RunTime:0.000000s ]
INFO: [ app_begin ] --START--
INFO: Run Behavior\ReadHtmlCacheBehavior [ RunTime:0.000000s ]
INFO: [ app_begin ] --END-- [ RunTime:0.000000s ]
SQL: SHOW COLUMNS FROM `reg_match` [ RunTime:0.0040s ]
SQL: SELECT * FROM `reg_match` WHERE `id` = 166 LIMIT 1   [ RunTime:0.0000s ]
SQL: SHOW COLUMNS FROM `reg_teacher` [ RunTime:0.0030s ]
SQL: SELECT * FROM `reg_teacher` WHERE `level` = 3 ORDER BY id asc  [ RunTime:0.0000s ]
SQL: SHOW COLUMNS FROM `reg_reginfo` [ RunTime:0.0040s ]
SQL: SELECT * FROM `reg_reginfo` WHERE `status` = 2 AND `matchid` = 166 ORDER BY collegeid asc LIMIT 20,20   [ RunTime:0.0010s ]
SQL: SHOW COLUMNS FROM `reg_college` [ RunTime:0.0040s ]
SQL: SELECT * FROM `reg_college` WHERE `id` = 1 LIMIT 1   [ RunTime:0.0000s ]
SQL: SHOW COLUMNS FROM `reg_task` [ RunTime:0.0040s ]
SQL: SELECT * FROM `reg_task` WHERE `projectid` = '41' LIMIT 1   [ RunTime:0.0000s ]
SQL: SELECT * FROM `reg_teacher` WHERE `id` = 10 LIMIT 1   [ RunTime:0.0000s ]
SQL: SELECT * FROM `reg_college` WHERE `id` = 1 LIMIT 1   [ RunTime:0.0010s ]
SQL: SELECT * FROM `reg_task` WHERE `projectid` = '42' LIMIT 1   [ RunTime:0.0000s ]
SQL: SELECT * FROM `reg_teacher` WHERE `id` = null LIMIT 1   [ RunTime:0.0000s ]
SQL: SELECT * FROM `reg_college` WHERE `id` = 1 LIMIT 1   [ RunTime:0.0000s ]
SQL: SELECT * FROM `reg_task` WHERE `projectid` = '44' LIMIT 1   [ RunTime:0.0000s ]
SQL: SELECT * FROM `reg_teacher` WHERE `id` = null LIMIT 1   [ RunTime:0.0000s ]
SQL: SELECT * FROM `reg_college` WHERE `id` = 1 LIMIT 1   [ RunTime:0.0000s ]
SQL: SELECT * FROM `reg_task` WHERE `projectid` = '46' LIMIT 1   [ RunTime:0.0000s ]
SQL: SELECT * FROM `reg_teacher` WHERE `id` = null LIMIT 1   [ RunTime:0.0000s ]
SQL: SELECT * FROM `reg_college` WHERE `id` = 1 LIMIT 1   [ RunTime:0.0000s ]
SQL: SELECT * FROM `reg_task` WHERE `projectid` = '47' LIMIT 1   [ RunTime:0.0000s ]
SQL: SELECT * FROM `reg_teacher` WHERE `id` = 10 LIMIT 1   [ RunTime:0.0000s ]
SQL: SELECT * FROM `reg_college` WHERE `id` = 1 LIMIT 1   [ RunTime:0.0000s ]
SQL: SELECT * FROM `reg_task` WHERE `projectid` = '48' LIMIT 1   [ RunTime:0.0000s ]
SQL: SELECT * FROM `reg_teacher` WHERE `id` = 10 LIMIT 1   [ RunTime:0.0000s ]
SQL: SELECT * FROM `reg_college` WHERE `id` = 1 LIMIT 1   [ RunTime:0.0000s ]
SQL: SELECT * FROM `reg_task` WHERE `projectid` = '50' LIMIT 1   [ RunTime:0.0000s ]
SQL: SELECT * FROM `reg_teacher` WHERE `id` = null LIMIT 1   [ RunTime:0.0000s ]
SQL: SELECT * FROM `reg_college` WHERE `id` = 1 LIMIT 1   [ RunTime:0.0010s ]
SQL: SELECT * FROM `reg_task` WHERE `projectid` = '51' LIMIT 1   [ RunTime:0.0000s ]
SQL: SELECT * FROM `reg_teacher` WHERE `id` = null LIMIT 1   [ RunTime:0.0000s ]
SQL: SELECT * FROM `reg_college` WHERE `id` = 1 LIMIT 1   [ RunTime:0.0000s ]
SQL: SELECT * FROM `reg_task` WHERE `projectid` = '52' LIMIT 1   [ RunTime:0.0000s ]
SQL: SELECT * FROM `reg_teacher` WHERE `id` = null LIMIT 1   [ RunTime:0.0000s ]
SQL: SELECT * FROM `reg_college` WHERE `id` = 1 LIMIT 1   [ RunTime:0.0000s ]
SQL: SELECT * FROM `reg_task` WHERE `projectid` = '53' LIMIT 1   [ RunTime:0.0000s ]
SQL: SELECT * FROM `reg_teacher` WHERE `id` = null LIMIT 1   [ RunTime:0.0000s ]
SQL: SELECT * FROM `reg_college` WHERE `id` = 1 LIMIT 1   [ RunTime:0.0000s ]
SQL: SELECT * FROM `reg_task` WHERE `projectid` = '54' LIMIT 1   [ RunTime:0.0000s ]
SQL: SELECT * FROM `reg_teacher` WHERE `id` = 10 LIMIT 1   [ RunTime:0.0000s ]
SQL: SELECT * FROM `reg_college` WHERE `id` = 1 LIMIT 1   [ RunTime:0.0000s ]
SQL: SELECT * FROM `reg_task` WHERE `projectid` = '56' LIMIT 1   [ RunTime:0.0000s ]
SQL: SELECT * FROM `reg_teacher` WHERE `id` = null LIMIT 1   [ RunTime:0.0010s ]
SQL: SELECT * FROM `reg_college` WHERE `id` = 1 LIMIT 1   [ RunTime:0.0000s ]
SQL: SELECT * FROM `reg_task` WHERE `projectid` = '57' LIMIT 1   [ RunTime:0.0000s ]
SQL: SELECT * FROM `reg_teacher` WHERE `id` = null LIMIT 1   [ RunTime:0.0000s ]
SQL: SELECT * FROM `reg_college` WHERE `id` = 1 LIMIT 1   [ RunTime:0.0010s ]
SQL: SELECT * FROM `reg_task` WHERE `projectid` = '58' LIMIT 1   [ RunTime:0.0000s ]
SQL: SELECT * FROM `reg_teacher` WHERE `id` = 12 LIMIT 1   [ RunTime:0.0000s ]
SQL: SELECT * FROM `reg_college` WHERE `id` = 1 LIMIT 1   [ RunTime:0.0000s ]
SQL: SELECT * FROM `reg_task` WHERE `projectid` = '60' LIMIT 1   [ RunTime:0.0010s ]
SQL: SELECT * FROM `reg_teacher` WHERE `id` = null LIMIT 1   [ RunTime:0.0000s ]
SQL: SELECT * FROM `reg_college` WHERE `id` = 1 LIMIT 1   [ RunTime:0.0000s ]
SQL: SELECT * FROM `reg_task` WHERE `projectid` = '61' LIMIT 1   [ RunTime:0.0000s ]
SQL: SELECT * FROM `reg_teacher` WHERE `id` = null LIMIT 1   [ RunTime:0.0010s ]
SQL: SELECT * FROM `reg_college` WHERE `id` = 1 LIMIT 1   [ RunTime:0.0000s ]
SQL: SELECT * FROM `reg_task` WHERE `projectid` = '62' LIMIT 1   [ RunTime:0.0000s ]
SQL: SELECT * FROM `reg_teacher` WHERE `id` = null LIMIT 1   [ RunTime:0.0000s ]
SQL: SELECT * FROM `reg_college` WHERE `id` = 1 LIMIT 1   [ RunTime:0.0010s ]
SQL: SELECT * FROM `reg_task` WHERE `projectid` = '64' LIMIT 1   [ RunTime:0.0000s ]
SQL: SELECT * FROM `reg_teacher` WHERE `id` = null LIMIT 1   [ RunTime:0.0000s ]
SQL: SELECT * FROM `reg_college` WHERE `id` = 1 LIMIT 1   [ RunTime:0.0000s ]
SQL: SELECT * FROM `reg_task` WHERE `projectid` = '65' LIMIT 1   [ RunTime:0.0010s ]
SQL: SELECT * FROM `reg_teacher` WHERE `id` = null LIMIT 1   [ RunTime:0.0000s ]
SQL: SELECT * FROM `reg_college` WHERE `id` = 1 LIMIT 1   [ RunTime:0.0000s ]
SQL: SELECT * FROM `reg_task` WHERE `projectid` = '66' LIMIT 1   [ RunTime:0.0000s ]
SQL: SELECT * FROM `reg_teacher` WHERE `id` = null LIMIT 1   [ RunTime:0.0000s ]
SQL: SELECT COUNT(*) AS tp_count FROM `reg_reginfo` WHERE `status` = 2 LIMIT 1   [ RunTime:0.0010s ]
INFO: [ view_parse ] --START--
INFO: [ template_filter ] --START--
INFO: Run Behavior\ContentReplaceBehavior [ RunTime:0.000000s ]
INFO: [ template_filter ] --END-- [ RunTime:0.000000s ]
INFO: Run Behavior\ParseTemplateBehavior [ RunTime:0.005000s ]
INFO: [ view_parse ] --END-- [ RunTime:0.005000s ]
INFO: [ view_filter ] --START--
INFO: Run Behavior\WriteHtmlCacheBehavior [ RunTime:0.001000s ]
INFO: [ view_filter ] --END-- [ RunTime:0.001000s ]
INFO: [ app_end ] --START--
INFO: Run Behavior\ShowPageTraceBehavior [ RunTime:0.000000s ]
INFO: [ app_end ] --END-- [ RunTime:0.000000s ]

[ 2016-08-17T00:41:02+08:00 ] 127.0.0.1 /admin.php/Home/
INFO: [ app_init ] --START--
INFO: Run Behavior\BuildLiteBehavior [ RunTime:0.000000s ]
INFO: [ app_init ] --END-- [ RunTime:0.001000s ]
INFO: [ app_begin ] --START--
INFO: Run Behavior\ReadHtmlCacheBehavior [ RunTime:0.000000s ]
INFO: [ app_begin ] --END-- [ RunTime:0.000000s ]
SQL: SHOW COLUMNS FROM `reg_admin` [ RunTime:0.0060s ]
SQL: SELECT * FROM `reg_admin` WHERE `id` = null LIMIT 1   [ RunTime:0.0000s ]

[ 2016-08-17T00:41:02+08:00 ] 127.0.0.1 /admin.php/Home/Login/index.html
INFO: [ app_init ] --START--
INFO: Run Behavior\BuildLiteBehavior [ RunTime:0.000000s ]
INFO: [ app_init ] --END-- [ RunTime:0.001000s ]
INFO: [ app_begin ] --START--
INFO: Run Behavior\ReadHtmlCacheBehavior [ RunTime:0.001000s ]
INFO: [ app_begin ] --END-- [ RunTime:0.001000s ]
INFO: [ view_parse ] --START--
INFO: [ template_filter ] --START--
INFO: Run Behavior\ContentReplaceBehavior [ RunTime:0.000000s ]
INFO: [ template_filter ] --END-- [ RunTime:0.001000s ]
INFO: Run Behavior\ParseTemplateBehavior [ RunTime:0.004000s ]
INFO: [ view_parse ] --END-- [ RunTime:0.005000s ]
INFO: [ view_filter ] --START--
INFO: Run Behavior\WriteHtmlCacheBehavior [ RunTime:0.000000s ]
INFO: [ view_filter ] --END-- [ RunTime:0.000000s ]
INFO: [ app_end ] --START--
INFO: Run Behavior\ShowPageTraceBehavior [ RunTime:0.000000s ]
INFO: [ app_end ] --END-- [ RunTime:0.000000s ]

[ 2016-08-17T00:41:02+08:00 ] 127.0.0.1 /admin.php/Home/Login/verify.html
INFO: [ app_init ] --START--
INFO: Run Behavior\BuildLiteBehavior [ RunTime:0.000000s ]
INFO: [ app_init ] --END-- [ RunTime:0.000000s ]
INFO: [ app_begin ] --START--
INFO: Run Behavior\ReadHtmlCacheBehavior [ RunTime:0.000000s ]
INFO: [ app_begin ] --END-- [ RunTime:0.000000s ]
INFO: [ app_end ] --START--
INFO: Run Behavior\ShowPageTraceBehavior [ RunTime:0.000000s ]
INFO: [ app_end ] --END-- [ RunTime:0.001000s ]

[ 2016-08-17T00:41:14+08:00 ] 127.0.0.1 /admin.php/Home/Login/login.html
INFO: [ app_init ] --START--
INFO: Run Behavior\BuildLiteBehavior [ RunTime:0.000000s ]
INFO: [ app_init ] --END-- [ RunTime:0.000000s ]
INFO: [ app_begin ] --START--
INFO: Run Behavior\ReadHtmlCacheBehavior [ RunTime:0.000000s ]
INFO: [ app_begin ] --END-- [ RunTime:0.000000s ]
SQL: SHOW COLUMNS FROM `reg_admin` [ RunTime:0.0050s ]
SQL: SELECT * FROM `reg_admin` WHERE `username` = '杰哥' AND `password` = '501e0bbac99eb3673e5df715eacd9d0efb5601f5' LIMIT 1   [ RunTime:0.0000s ]
INFO: [ view_parse ] --START--
INFO: [ template_filter ] --START--
INFO: Run Behavior\ContentReplaceBehavior [ RunTime:0.000000s ]
INFO: [ template_filter ] --END-- [ RunTime:0.000000s ]
INFO: Run Behavior\ParseTemplateBehavior [ RunTime:0.006000s ]
INFO: [ view_parse ] --END-- [ RunTime:0.006000s ]
INFO: [ view_filter ] --START--
INFO: Run Behavior\WriteHtmlCacheBehavior [ RunTime:0.001000s ]
INFO: [ view_filter ] --END-- [ RunTime:0.001000s ]

[ 2016-08-17T00:41:16+08:00 ] 127.0.0.1 /admin.php/Home/Login/verify.html
INFO: [ app_init ] --START--
INFO: Run Behavior\BuildLiteBehavior [ RunTime:0.000000s ]
INFO: [ app_init ] --END-- [ RunTime:0.000000s ]
INFO: [ app_begin ] --START--
INFO: Run Behavior\ReadHtmlCacheBehavior [ RunTime:0.001000s ]
INFO: [ app_begin ] --END-- [ RunTime:0.001000s ]
INFO: [ app_end ] --START--
INFO: Run Behavior\ShowPageTraceBehavior [ RunTime:0.000000s ]
INFO: [ app_end ] --END-- [ RunTime:0.000000s ]

[ 2016-08-17T00:41:24+08:00 ] 127.0.0.1 /admin.php/Home/Login/login.html
INFO: [ app_init ] --START--
INFO: Run Behavior\BuildLiteBehavior [ RunTime:0.000000s ]
INFO: [ app_init ] --END-- [ RunTime:0.000000s ]
INFO: [ app_begin ] --START--
INFO: Run Behavior\ReadHtmlCacheBehavior [ RunTime:0.001000s ]
INFO: [ app_begin ] --END-- [ RunTime:0.001000s ]
SQL: SHOW COLUMNS FROM `reg_admin` [ RunTime:0.0050s ]
SQL: SELECT * FROM `reg_admin` WHERE `username` = '杰哥' AND `password` = '91afc4c2917059721285db729422445840ce77e8' LIMIT 1   [ RunTime:0.0000s ]
SQL: UPDATE `reg_admin` SET `logindate`='2016-08-17 00:41:24',`loginip`='127.0.0.1' WHERE `username` = '杰哥' AND `password` = '91afc4c2917059721285db729422445840ce77e8' [ RunTime:0.0010s ]
INFO: [ view_parse ] --START--
INFO: [ template_filter ] --START--
INFO: Run Behavior\ContentReplaceBehavior [ RunTime:0.000000s ]
INFO: [ template_filter ] --END-- [ RunTime:0.000000s ]
INFO: Run Behavior\ParseTemplateBehavior [ RunTime:0.005000s ]
INFO: [ view_parse ] --END-- [ RunTime:0.005000s ]
INFO: [ view_filter ] --START--
INFO: Run Behavior\WriteHtmlCacheBehavior [ RunTime:0.000000s ]
INFO: [ view_filter ] --END-- [ RunTime:0.000000s ]
INFO: [ app_end ] --START--
INFO: Run Behavior\ShowPageTraceBehavior [ RunTime:0.001000s ]
INFO: [ app_end ] --END-- [ RunTime:0.001000s ]

[ 2016-08-17T00:41:25+08:00 ] 127.0.0.1 /admin.php/Home/Index/index.html
INFO: [ app_init ] --START--
INFO: Run Behavior\BuildLiteBehavior [ RunTime:0.000000s ]
INFO: [ app_init ] --END-- [ RunTime:0.000000s ]
INFO: [ app_begin ] --START--
INFO: Run Behavior\ReadHtmlCacheBehavior [ RunTime:0.000000s ]
INFO: [ app_begin ] --END-- [ RunTime:0.000000s ]
SQL: SHOW COLUMNS FROM `reg_admin` [ RunTime:0.0060s ]
SQL: SELECT * FROM `reg_admin` WHERE `id` = 1 LIMIT 1   [ RunTime:0.0010s ]
INFO: [ view_parse ] --START--
INFO: [ template_filter ] --START--
INFO: Run Behavior\ContentReplaceBehavior [ RunTime:0.000000s ]
INFO: [ template_filter ] --END-- [ RunTime:0.000000s ]
INFO: Run Behavior\ParseTemplateBehavior [ RunTime:0.006000s ]
INFO: [ view_parse ] --END-- [ RunTime:0.006000s ]
INFO: [ view_filter ] --START--
INFO: Run Behavior\WriteHtmlCacheBehavior [ RunTime:0.000000s ]
INFO: [ view_filter ] --END-- [ RunTime:0.000000s ]
INFO: [ app_end ] --START--
INFO: Run Behavior\ShowPageTraceBehavior [ RunTime:0.001000s ]
INFO: [ app_end ] --END-- [ RunTime:0.001000s ]

[ 2016-08-17T00:41:27+08:00 ] 127.0.0.1 /admin.php/Home/Index/index.html
INFO: [ app_init ] --START--
INFO: Run Behavior\BuildLiteBehavior [ RunTime:0.000000s ]
INFO: [ app_init ] --END-- [ RunTime:0.000000s ]
INFO: [ app_begin ] --START--
INFO: Run Behavior\ReadHtmlCacheBehavior [ RunTime:0.000000s ]
INFO: [ app_begin ] --END-- [ RunTime:0.000000s ]
SQL: SHOW COLUMNS FROM `reg_admin` [ RunTime:0.0050s ]
SQL: SELECT * FROM `reg_admin` WHERE `id` = 1 LIMIT 1   [ RunTime:0.0010s ]
INFO: [ view_parse ] --START--
INFO: [ template_filter ] --START--
INFO: Run Behavior\ContentReplaceBehavior [ RunTime:0.000000s ]
INFO: [ template_filter ] --END-- [ RunTime:0.000000s ]
INFO: Run Behavior\ParseTemplateBehavior [ RunTime:0.004000s ]
INFO: [ view_parse ] --END-- [ RunTime:0.004000s ]
INFO: [ view_filter ] --START--
INFO: Run Behavior\WriteHtmlCacheBehavior [ RunTime:0.000000s ]
INFO: [ view_filter ] --END-- [ RunTime:0.000000s ]
INFO: [ app_end ] --START--
INFO: Run Behavior\ShowPageTraceBehavior [ RunTime:0.001000s ]
INFO: [ app_end ] --END-- [ RunTime:0.001000s ]

[ 2016-08-17T00:41:28+08:00 ] 127.0.0.1 /admin.php/Home/Teashow/index.html
INFO: [ app_init ] --START--
INFO: Run Behavior\BuildLiteBehavior [ RunTime:0.000000s ]
INFO: [ app_init ] --END-- [ RunTime:0.000000s ]
INFO: [ app_begin ] --START--
INFO: Run Behavior\ReadHtmlCacheBehavior [ RunTime:0.000000s ]
INFO: [ app_begin ] --END-- [ RunTime:0.000000s ]
SQL: SHOW COLUMNS FROM `reg_admin` [ RunTime:0.0040s ]
SQL: SELECT * FROM `reg_admin` WHERE `id` = 1 LIMIT 1   [ RunTime:0.0000s ]
SQL: SHOW COLUMNS FROM `reg_teashow` [ RunTime:0.0050s ]
NOTIC: [8] Undefined index: p D:\phpStudy\WWW\signup\Admin\Home\Controller\TeashowController.class.php 第 20 行.
SQL: SELECT * FROM `reg_teashow` ORDER BY id asc LIMIT 0,10   [ RunTime:0.0000s ]
SQL: SELECT COUNT(*) AS tp_count FROM `reg_teashow` LIMIT 1   [ RunTime:0.0000s ]
INFO: [ view_parse ] --START--
INFO: [ template_filter ] --START--
INFO: Run Behavior\ContentReplaceBehavior [ RunTime:0.000000s ]
INFO: [ template_filter ] --END-- [ RunTime:0.000000s ]
INFO: Run Behavior\ParseTemplateBehavior [ RunTime:0.006001s ]
INFO: [ view_parse ] --END-- [ RunTime:0.006001s ]
INFO: [ view_filter ] --START--
INFO: Run Behavior\WriteHtmlCacheBehavior [ RunTime:0.000000s ]
INFO: [ view_filter ] --END-- [ RunTime:0.000000s ]
INFO: [ app_end ] --START--
INFO: Run Behavior\ShowPageTraceBehavior [ RunTime:0.001000s ]
INFO: [ app_end ] --END-- [ RunTime:0.001000s ]

[ 2016-08-17T00:41:29+08:00 ] 127.0.0.1 /admin.php/Home/Teashow/add.html
INFO: [ app_init ] --START--
INFO: Run Behavior\BuildLiteBehavior [ RunTime:0.000000s ]
INFO: [ app_init ] --END-- [ RunTime:0.001000s ]
INFO: [ app_begin ] --START--
INFO: Run Behavior\ReadHtmlCacheBehavior [ RunTime:0.001000s ]
INFO: [ app_begin ] --END-- [ RunTime:0.001000s ]
SQL: SHOW COLUMNS FROM `reg_admin` [ RunTime:0.0040s ]
SQL: SELECT * FROM `reg_admin` WHERE `id` = 1 LIMIT 1   [ RunTime:0.0000s ]
INFO: [ view_parse ] --START--
INFO: [ template_filter ] --START--
INFO: Run Behavior\ContentReplaceBehavior [ RunTime:0.000000s ]
INFO: [ template_filter ] --END-- [ RunTime:0.000000s ]
INFO: Run Behavior\ParseTemplateBehavior [ RunTime:0.004001s ]
INFO: [ view_parse ] --END-- [ RunTime:0.004001s ]
INFO: [ view_filter ] --START--
INFO: Run Behavior\WriteHtmlCacheBehavior [ RunTime:0.001000s ]
INFO: [ view_filter ] --END-- [ RunTime:0.001000s ]
INFO: [ app_end ] --START--
INFO: Run Behavior\ShowPageTraceBehavior [ RunTime:0.000000s ]
INFO: [ app_end ] --END-- [ RunTime:0.000000s ]

[ 2016-08-17T00:41:40+08:00 ] 127.0.0.1 /admin.php/Home/Account/stuList.html
INFO: [ app_init ] --START--
INFO: Run Behavior\BuildLiteBehavior [ RunTime:0.000000s ]
INFO: [ app_init ] --END-- [ RunTime:0.001000s ]
INFO: [ app_begin ] --START--
INFO: Run Behavior\ReadHtmlCacheBehavior [ RunTime:0.001000s ]
INFO: [ app_begin ] --END-- [ RunTime:0.001000s ]
SQL: SHOW COLUMNS FROM `reg_admin` [ RunTime:0.0050s ]
SQL: SELECT * FROM `reg_admin` WHERE `id` = 1 LIMIT 1   [ RunTime:0.0000s ]
SQL: SHOW COLUMNS FROM `reg_student` [ RunTime:0.0040s ]
NOTIC: [8] Undefined index: p D:\phpStudy\WWW\signup\Admin\Home\Controller\AccountController.class.php 第 97 行.
SQL: SELECT * FROM `reg_student` ORDER BY stuid asc LIMIT 0,20   [ RunTime:0.0010s ]
SQL: SELECT COUNT(*) AS tp_count FROM `reg_student` LIMIT 1   [ RunTime:0.0000s ]
INFO: [ view_parse ] --START--
INFO: [ template_filter ] --START--
INFO: Run Behavior\ContentReplaceBehavior [ RunTime:0.000000s ]
INFO: [ template_filter ] --END-- [ RunTime:0.000000s ]
INFO: Run Behavior\ParseTemplateBehavior [ RunTime:0.005000s ]
INFO: [ view_parse ] --END-- [ RunTime:0.005000s ]
INFO: [ view_filter ] --START--
INFO: Run Behavior\WriteHtmlCacheBehavior [ RunTime:0.001000s ]
INFO: [ view_filter ] --END-- [ RunTime:0.001000s ]
INFO: [ app_end ] --START--
INFO: Run Behavior\ShowPageTraceBehavior [ RunTime:0.000000s ]
INFO: [ app_end ] --END-- [ RunTime:0.000000s ]

[ 2016-08-17T00:42:58+08:00 ] 127.0.0.1 /admin.php/Home/Account/stuList.html
INFO: [ app_init ] --START--
INFO: Run Behavior\BuildLiteBehavior [ RunTime:0.000000s ]
INFO: [ app_init ] --END-- [ RunTime:0.001000s ]
INFO: [ app_begin ] --START--
INFO: Run Behavior\ReadHtmlCacheBehavior [ RunTime:0.000000s ]
INFO: [ app_begin ] --END-- [ RunTime:0.000000s ]
SQL: SHOW COLUMNS FROM `reg_admin` [ RunTime:0.0030s ]
SQL: SELECT * FROM `reg_admin` WHERE `id` = 1 AND `username` = '杰哥' LIMIT 1   [ RunTime:0.0010s ]
SQL: SHOW COLUMNS FROM `reg_student` [ RunTime:0.0050s ]
NOTIC: [8] Undefined index: p D:\phpStudy\WWW\signup\Admin\Home\Controller\AccountController.class.php 第 97 行.
SQL: SELECT * FROM `reg_student` ORDER BY stuid asc LIMIT 0,20   [ RunTime:0.0000s ]
SQL: SELECT COUNT(*) AS tp_count FROM `reg_student` LIMIT 1   [ RunTime:0.0010s ]
INFO: [ view_parse ] --START--
INFO: [ template_filter ] --START--
INFO: Run Behavior\ContentReplaceBehavior [ RunTime:0.000000s ]
INFO: [ template_filter ] --END-- [ RunTime:0.000000s ]
INFO: Run Behavior\ParseTemplateBehavior [ RunTime:0.006001s ]
INFO: [ view_parse ] --END-- [ RunTime:0.006001s ]
INFO: [ view_filter ] --START--
INFO: Run Behavior\WriteHtmlCacheBehavior [ RunTime:0.000000s ]
INFO: [ view_filter ] --END-- [ RunTime:0.000000s ]
INFO: [ app_end ] --START--
INFO: Run Behavior\ShowPageTraceBehavior [ RunTime:0.001000s ]
INFO: [ app_end ] --END-- [ RunTime:0.001000s ]

[ 2016-08-17T00:42:59+08:00 ] 127.0.0.1 /admin.php/Home/Account/stuList.html
INFO: [ app_init ] --START--
INFO: Run Behavior\BuildLiteBehavior [ RunTime:0.000000s ]
INFO: [ app_init ] --END-- [ RunTime:0.000000s ]
INFO: [ app_begin ] --START--
INFO: Run Behavior\ReadHtmlCacheBehavior [ RunTime:0.000000s ]
INFO: [ app_begin ] --END-- [ RunTime:0.000000s ]
SQL: SHOW COLUMNS FROM `reg_admin` [ RunTime:0.0050s ]
SQL: SELECT * FROM `reg_admin` WHERE `id` = 1 AND `username` = '杰哥' LIMIT 1   [ RunTime:0.0010s ]
SQL: SHOW COLUMNS FROM `reg_student` [ RunTime:0.0050s ]
NOTIC: [8] Undefined index: p D:\phpStudy\WWW\signup\Admin\Home\Controller\AccountController.class.php 第 97 行.
SQL: SELECT * FROM `reg_student` ORDER BY stuid asc LIMIT 0,20   [ RunTime:0.0000s ]
SQL: SELECT COUNT(*) AS tp_count FROM `reg_student` LIMIT 1   [ RunTime:0.0000s ]
INFO: [ view_parse ] --START--
INFO: [ template_filter ] --START--
INFO: Run Behavior\ContentReplaceBehavior [ RunTime:0.000000s ]
INFO: [ template_filter ] --END-- [ RunTime:0.000000s ]
INFO: Run Behavior\ParseTemplateBehavior [ RunTime:0.005000s ]
INFO: [ view_parse ] --END-- [ RunTime:0.005000s ]
INFO: [ view_filter ] --START--
INFO: Run Behavior\WriteHtmlCacheBehavior [ RunTime:0.000000s ]
INFO: [ view_filter ] --END-- [ RunTime:0.000000s ]
INFO: [ app_end ] --START--
INFO: Run Behavior\ShowPageTraceBehavior [ RunTime:0.001000s ]
INFO: [ app_end ] --END-- [ RunTime:0.001000s ]

[ 2016-08-17T00:43:02+08:00 ] 127.0.0.1 /admin.php/Home/Account/stuList.html
INFO: [ app_init ] --START--
INFO: Run Behavior\BuildLiteBehavior [ RunTime:0.000000s ]
INFO: [ app_init ] --END-- [ RunTime:0.000000s ]
INFO: [ app_begin ] --START--
INFO: Run Behavior\ReadHtmlCacheBehavior [ RunTime:0.001000s ]
INFO: [ app_begin ] --END-- [ RunTime:0.001000s ]
SQL: SHOW COLUMNS FROM `reg_admin` [ RunTime:0.0030s ]
SQL: SELECT * FROM `reg_admin` WHERE `id` = null AND `username` = '杰哥' LIMIT 1   [ RunTime:0.0010s ]
INFO: [ view_parse ] --START--
INFO: [ template_filter ] --START--
INFO: Run Behavior\ContentReplaceBehavior [ RunTime:0.000000s ]
INFO: [ template_filter ] --END-- [ RunTime:0.000000s ]
INFO: Run Behavior\ParseTemplateBehavior [ RunTime:0.005000s ]
INFO: [ view_parse ] --END-- [ RunTime:0.005000s ]
INFO: [ view_filter ] --START--
INFO: Run Behavior\WriteHtmlCacheBehavior [ RunTime:0.001000s ]
INFO: [ view_filter ] --END-- [ RunTime:0.001000s ]

[ 2016-08-17T00:43:06+08:00 ] 127.0.0.1 /admin.php/Home/Login/index.html
INFO: [ app_init ] --START--
INFO: Run Behavior\BuildLiteBehavior [ RunTime:0.000000s ]
INFO: [ app_init ] --END-- [ RunTime:0.000000s ]
INFO: [ app_begin ] --START--
INFO: Run Behavior\ReadHtmlCacheBehavior [ RunTime:0.000000s ]
INFO: [ app_begin ] --END-- [ RunTime:0.001000s ]
INFO: [ view_parse ] --START--
INFO: [ template_filter ] --START--
INFO: Run Behavior\ContentReplaceBehavior [ RunTime:0.000000s ]
INFO: [ template_filter ] --END-- [ RunTime:0.000000s ]
INFO: Run Behavior\ParseTemplateBehavior [ RunTime:0.004000s ]
INFO: [ view_parse ] --END-- [ RunTime:0.004000s ]
INFO: [ view_filter ] --START--
INFO: Run Behavior\WriteHtmlCacheBehavior [ RunTime:0.001000s ]
INFO: [ view_filter ] --END-- [ RunTime:0.001000s ]
INFO: [ app_end ] --START--
INFO: Run Behavior\ShowPageTraceBehavior [ RunTime:0.000000s ]
INFO: [ app_end ] --END-- [ RunTime:0.000000s ]

[ 2016-08-17T00:43:06+08:00 ] 127.0.0.1 /admin.php/Home/Login/verify.html
INFO: [ app_init ] --START--
INFO: Run Behavior\BuildLiteBehavior [ RunTime:0.000000s ]
INFO: [ app_init ] --END-- [ RunTime:0.000000s ]
INFO: [ app_begin ] --START--
INFO: Run Behavior\ReadHtmlCacheBehavior [ RunTime:0.001000s ]
INFO: [ app_begin ] --END-- [ RunTime:0.001000s ]
INFO: [ app_end ] --START--
INFO: Run Behavior\ShowPageTraceBehavior [ RunTime:0.001000s ]
INFO: [ app_end ] --END-- [ RunTime:0.001000s ]

[ 2016-08-17T00:44:09+08:00 ] 127.0.0.1 /admin.php/Home/Login/login.html
INFO: [ app_init ] --START--
INFO: Run Behavior\BuildLiteBehavior [ RunTime:0.000000s ]
INFO: [ app_init ] --END-- [ RunTime:0.000000s ]
INFO: [ app_begin ] --START--
INFO: Run Behavior\ReadHtmlCacheBehavior [ RunTime:0.000000s ]
INFO: [ app_begin ] --END-- [ RunTime:0.000000s ]
SQL: SHOW COLUMNS FROM `reg_admin` [ RunTime:0.0050s ]
SQL: SELECT * FROM `reg_admin` WHERE `username` = '李恒烜' AND `password` = '501e0bbac99eb3673e5df715eacd9d0efb5601f5' LIMIT 1   [ RunTime:0.0000s ]
SQL: UPDATE `reg_admin` SET `logindate`='2016-08-17 00:44:09',`loginip`='127.0.0.1' WHERE `username` = '李恒烜' AND `password` = '501e0bbac99eb3673e5df715eacd9d0efb5601f5' [ RunTime:0.0000s ]
INFO: [ view_parse ] --START--
INFO: [ template_filter ] --START--
INFO: Run Behavior\ContentReplaceBehavior [ RunTime:0.000000s ]
INFO: [ template_filter ] --END-- [ RunTime:0.000000s ]
INFO: Run Behavior\ParseTemplateBehavior [ RunTime:0.004000s ]
INFO: [ view_parse ] --END-- [ RunTime:0.004000s ]
INFO: [ view_filter ] --START--
INFO: Run Behavior\WriteHtmlCacheBehavior [ RunTime:0.000000s ]
INFO: [ view_filter ] --END-- [ RunTime:0.001000s ]
INFO: [ app_end ] --START--
INFO: Run Behavior\ShowPageTraceBehavior [ RunTime:0.000000s ]
INFO: [ app_end ] --END-- [ RunTime:0.000000s ]

[ 2016-08-17T00:44:10+08:00 ] 127.0.0.1 /admin.php/Home/Index/index.html
INFO: [ app_init ] --START--
INFO: Run Behavior\BuildLiteBehavior [ RunTime:0.000000s ]
INFO: [ app_init ] --END-- [ RunTime:0.000000s ]
INFO: [ app_begin ] --START--
INFO: Run Behavior\ReadHtmlCacheBehavior [ RunTime:0.000000s ]
INFO: [ app_begin ] --END-- [ RunTime:0.000000s ]
SQL: SHOW COLUMNS FROM `reg_admin` [ RunTime:0.0060s ]
SQL: SELECT * FROM `reg_admin` WHERE `id` = 2 AND `username` = '李恒烜' LIMIT 1   [ RunTime:0.0010s ]
INFO: [ view_parse ] --START--
INFO: [ template_filter ] --START--
INFO: Run Behavior\ContentReplaceBehavior [ RunTime:0.000000s ]
INFO: [ template_filter ] --END-- [ RunTime:0.000000s ]
INFO: Run Behavior\ParseTemplateBehavior [ RunTime:0.006001s ]
INFO: [ view_parse ] --END-- [ RunTime:0.007001s ]
INFO: [ view_filter ] --START--
INFO: Run Behavior\WriteHtmlCacheBehavior [ RunTime:0.000000s ]
INFO: [ view_filter ] --END-- [ RunTime:0.001000s ]
INFO: [ app_end ] --START--
INFO: Run Behavior\ShowPageTraceBehavior [ RunTime:0.000000s ]
INFO: [ app_end ] --END-- [ RunTime:0.000000s ]

[ 2016-08-17T00:44:13+08:00 ] 127.0.0.1 /admin.php/Home/Account/teaList.html
INFO: [ app_init ] --START--
INFO: Run Behavior\BuildLiteBehavior [ RunTime:0.000000s ]
INFO: [ app_init ] --END-- [ RunTime:0.000000s ]
INFO: [ app_begin ] --START--
INFO: Run Behavior\ReadHtmlCacheBehavior [ RunTime:0.000000s ]
INFO: [ app_begin ] --END-- [ RunTime:0.000000s ]
SQL: SHOW COLUMNS FROM `reg_admin` [ RunTime:0.0040s ]
SQL: SELECT * FROM `reg_admin` WHERE `id` = 2 AND `username` = '李恒烜' LIMIT 1   [ RunTime:0.0000s ]
SQL: SHOW COLUMNS FROM `reg_teacher` [ RunTime:0.0040s ]
NOTIC: [8] Undefined index: p D:\phpStudy\WWW\signup\Admin\Home\Controller\AccountController.class.php 第 140 行.
SQL: SELECT * FROM `reg_teacher` LIMIT 0,10   [ RunTime:0.0000s ]
SQL: SHOW COLUMNS FROM `reg_college` [ RunTime:0.0040s ]
SQL: SELECT * FROM `reg_college` WHERE `id` = 1 LIMIT 1   [ RunTime:0.0000s ]
SQL: SELECT * FROM `reg_college` WHERE `id` = 2 LIMIT 1   [ RunTime:0.0000s ]
SQL: SELECT * FROM `reg_college` WHERE `id` = 4 LIMIT 1   [ RunTime:0.0010s ]
SQL: SELECT * FROM `reg_college` WHERE `id` = 1 LIMIT 1   [ RunTime:0.0000s ]
SQL: SELECT * FROM `reg_college` WHERE `id` = 5 LIMIT 1   [ RunTime:0.0000s ]
SQL: SHOW COLUMNS FROM `reg_college` [ RunTime:0.0040s ]
SQL: SELECT * FROM `reg_college`  [ RunTime:0.0000s ]
SQL: SELECT COUNT(*) AS tp_count FROM `reg_teacher` LIMIT 1   [ RunTime:0.0010s ]
INFO: [ view_parse ] --START--
INFO: [ template_filter ] --START--
INFO: Run Behavior\ContentReplaceBehavior [ RunTime:0.000000s ]
INFO: [ template_filter ] --END-- [ RunTime:0.000000s ]
INFO: Run Behavior\ParseTemplateBehavior [ RunTime:0.006001s ]
INFO: [ view_parse ] --END-- [ RunTime:0.006001s ]
INFO: [ view_filter ] --START--
INFO: Run Behavior\WriteHtmlCacheBehavior [ RunTime:0.000000s ]
INFO: [ view_filter ] --END-- [ RunTime:0.000000s ]
INFO: [ app_end ] --START--
INFO: Run Behavior\ShowPageTraceBehavior [ RunTime:0.001000s ]
INFO: [ app_end ] --END-- [ RunTime:0.001000s ]

[ 2016-08-17T00:44:13+08:00 ] 127.0.0.1 /admin.php/Home/Account/adminlist.html
INFO: [ app_init ] --START--
INFO: Run Behavior\BuildLiteBehavior [ RunTime:0.000000s ]
INFO: [ app_init ] --END-- [ RunTime:0.000000s ]
INFO: [ app_begin ] --START--
INFO: Run Behavior\ReadHtmlCacheBehavior [ RunTime:0.000000s ]
INFO: [ app_begin ] --END-- [ RunTime:0.001000s ]
SQL: SHOW COLUMNS FROM `reg_admin` [ RunTime:0.0050s ]
SQL: SELECT * FROM `reg_admin` WHERE `id` = 2 AND `username` = '李恒烜' LIMIT 1   [ RunTime:0.0010s ]
NOTIC: [8] Undefined index: p D:\phpStudy\WWW\signup\Admin\Home\Controller\AccountController.class.php 第 23 行.
SQL: SELECT * FROM `reg_admin` ORDER BY id asc LIMIT 0,10   [ RunTime:0.0000s ]
SQL: SELECT COUNT(*) AS tp_count FROM `reg_admin` LIMIT 1   [ RunTime:0.0010s ]
INFO: [ view_parse ] --START--
INFO: [ template_filter ] --START--
INFO: Run Behavior\ContentReplaceBehavior [ RunTime:0.000000s ]
INFO: [ template_filter ] --END-- [ RunTime:0.000000s ]
INFO: Run Behavior\ParseTemplateBehavior [ RunTime:0.008001s ]
INFO: [ view_parse ] --END-- [ RunTime:0.008001s ]
INFO: [ view_filter ] --START--
INFO: Run Behavior\WriteHtmlCacheBehavior [ RunTime:0.000000s ]
INFO: [ view_filter ] --END-- [ RunTime:0.000000s ]
INFO: [ app_end ] --START--
INFO: Run Behavior\ShowPageTraceBehavior [ RunTime:0.000000s ]
INFO: [ app_end ] --END-- [ RunTime:0.000000s ]

