[ 2016-09-11T15:54:13+08:00 ] 127.0.0.1 /signup/admin.php
INFO: [ app_init ] --START--
INFO: Run Behavior\BuildLiteBehavior [ RunTime:0.000012s ]
INFO: [ app_init ] --END-- [ RunTime:0.000457s ]
INFO: [ app_begin ] --START--
INFO: Run Behavior\ReadHtmlCacheBehavior [ RunTime:0.000645s ]
INFO: [ app_begin ] --END-- [ RunTime:0.000728s ]
SQL: SHOW COLUMNS FROM `reg_admin` [ RunTime:0.0416s ]
SQL: SELECT * FROM `reg_admin` WHERE `id` = 1 AND `username` = 'HPU' LIMIT 1   [ RunTime:0.0003s ]

[ 2016-09-11T15:54:14+08:00 ] 127.0.0.1 /signup/admin.php/Home/Login/index.html
INFO: [ app_init ] --START--
INFO: Run Behavior\BuildLiteBehavior [ RunTime:0.000011s ]
INFO: [ app_init ] --END-- [ RunTime:0.000461s ]
INFO: [ app_begin ] --START--
INFO: Run Behavior\ReadHtmlCacheBehavior [ RunTime:0.000579s ]
INFO: [ app_begin ] --END-- [ RunTime:0.000619s ]
INFO: [ view_parse ] --START--
INFO: [ template_filter ] --START--
INFO: Run Behavior\ContentReplaceBehavior [ RunTime:0.000047s ]
INFO: [ template_filter ] --END-- [ RunTime:0.000107s ]
INFO: Run Behavior\ParseTemplateBehavior [ RunTime:0.044148s ]
INFO: [ view_parse ] --END-- [ RunTime:0.044212s ]
INFO: [ view_filter ] --START--
INFO: Run Behavior\WriteHtmlCacheBehavior [ RunTime:0.000847s ]
INFO: [ view_filter ] --END-- [ RunTime:0.000900s ]
INFO: [ app_end ] --START--
INFO: Run Behavior\ShowPageTraceBehavior [ RunTime:0.000759s ]
INFO: [ app_end ] --END-- [ RunTime:0.000801s ]

[ 2016-09-11T15:54:14+08:00 ] 127.0.0.1 /signup/admin.php/Home/Login/verify.html
INFO: [ app_init ] --START--
INFO: Run Behavior\BuildLiteBehavior [ RunTime:0.000012s ]
INFO: [ app_init ] --END-- [ RunTime:0.000476s ]
INFO: [ app_begin ] --START--
INFO: Run Behavior\ReadHtmlCacheBehavior [ RunTime:0.000623s ]
INFO: [ app_begin ] --END-- [ RunTime:0.000673s ]
INFO: [ app_end ] --START--
INFO: Run Behavior\ShowPageTraceBehavior [ RunTime:0.000889s ]
INFO: [ app_end ] --END-- [ RunTime:0.000953s ]

[ 2016-09-11T15:54:25+08:00 ] 127.0.0.1 /signup/admin.php/Home/Login/login.html
INFO: [ app_init ] --START--
INFO: Run Behavior\BuildLiteBehavior [ RunTime:0.000011s ]
INFO: [ app_init ] --END-- [ RunTime:0.000479s ]
INFO: [ app_begin ] --START--
INFO: Run Behavior\ReadHtmlCacheBehavior [ RunTime:0.000604s ]
INFO: [ app_begin ] --END-- [ RunTime:0.000655s ]
SQL: SHOW COLUMNS FROM `reg_admin` [ RunTime:0.0039s ]
SQL: SELECT * FROM `reg_admin` WHERE `username` = 'admin' AND `password` = '501e0bbac99eb3673e5df715eacd9d0efb5601f5' LIMIT 1   [ RunTime:0.0003s ]
SQL: UPDATE `reg_admin` SET `logindate`='2016-09-11 15:54:25',`loginip`='127.0.0.1' WHERE `username` = 'admin' AND `password` = '501e0bbac99eb3673e5df715eacd9d0efb5601f5' [ RunTime:0.0625s ]
INFO: [ view_parse ] --START--
INFO: [ template_filter ] --START--
INFO: Run Behavior\ContentReplaceBehavior [ RunTime:0.000052s ]
INFO: [ template_filter ] --END-- [ RunTime:0.000114s ]
INFO: Run Behavior\ParseTemplateBehavior [ RunTime:0.023720s ]
INFO: [ view_parse ] --END-- [ RunTime:0.023778s ]
INFO: [ view_filter ] --START--
INFO: Run Behavior\WriteHtmlCacheBehavior [ RunTime:0.000475s ]
INFO: [ view_filter ] --END-- [ RunTime:0.000507s ]
INFO: [ app_end ] --START--
INFO: Run Behavior\ShowPageTraceBehavior [ RunTime:0.000636s ]
INFO: [ app_end ] --END-- [ RunTime:0.000666s ]

[ 2016-09-11T15:54:27+08:00 ] 127.0.0.1 /signup/admin.php/Home/Index/index.html
INFO: [ app_init ] --START--
INFO: Run Behavior\BuildLiteBehavior [ RunTime:0.000014s ]
INFO: [ app_init ] --END-- [ RunTime:0.000552s ]
INFO: [ app_begin ] --START--
INFO: Run Behavior\ReadHtmlCacheBehavior [ RunTime:0.000655s ]
INFO: [ app_begin ] --END-- [ RunTime:0.000719s ]
SQL: SHOW COLUMNS FROM `reg_admin` [ RunTime:0.0052s ]
SQL: SELECT * FROM `reg_admin` WHERE `id` = 1 AND `username` = 'admin' LIMIT 1   [ RunTime:0.0003s ]
INFO: [ view_parse ] --START--
INFO: [ template_filter ] --START--
INFO: Run Behavior\ContentReplaceBehavior [ RunTime:0.000054s ]
INFO: [ template_filter ] --END-- [ RunTime:0.000109s ]
INFO: Run Behavior\ParseTemplateBehavior [ RunTime:0.080467s ]
INFO: [ view_parse ] --END-- [ RunTime:0.080533s ]
INFO: [ view_filter ] --START--
INFO: Run Behavior\WriteHtmlCacheBehavior [ RunTime:0.000707s ]
INFO: [ view_filter ] --END-- [ RunTime:0.000753s ]
INFO: [ app_end ] --START--
INFO: Run Behavior\ShowPageTraceBehavior [ RunTime:0.000874s ]
INFO: [ app_end ] --END-- [ RunTime:0.000916s ]

[ 2016-09-11T15:54:30+08:00 ] 127.0.0.1 /signup/admin.php/Home/College/index.html
INFO: [ app_init ] --START--
INFO: Run Behavior\BuildLiteBehavior [ RunTime:0.000011s ]
INFO: [ app_init ] --END-- [ RunTime:0.000519s ]
INFO: [ app_begin ] --START--
INFO: Run Behavior\ReadHtmlCacheBehavior [ RunTime:0.000910s ]
INFO: [ app_begin ] --END-- [ RunTime:0.000983s ]
SQL: SHOW COLUMNS FROM `reg_admin` [ RunTime:0.0041s ]
SQL: SELECT * FROM `reg_admin` WHERE `id` = 1 AND `username` = 'admin' LIMIT 1   [ RunTime:0.0003s ]
SQL: SHOW COLUMNS FROM `reg_college` [ RunTime:0.0291s ]
SQL: SELECT * FROM `reg_college` ORDER BY id asc  [ RunTime:0.0004s ]
INFO: [ view_parse ] --START--
INFO: [ template_filter ] --START--
INFO: Run Behavior\ContentReplaceBehavior [ RunTime:0.000041s ]
INFO: [ template_filter ] --END-- [ RunTime:0.000084s ]
INFO: Run Behavior\ParseTemplateBehavior [ RunTime:0.023545s ]
INFO: [ view_parse ] --END-- [ RunTime:0.023596s ]
INFO: [ view_filter ] --START--
INFO: Run Behavior\WriteHtmlCacheBehavior [ RunTime:0.000463s ]
INFO: [ view_filter ] --END-- [ RunTime:0.000495s ]
INFO: [ app_end ] --START--
INFO: Run Behavior\ShowPageTraceBehavior [ RunTime:0.000785s ]
INFO: [ app_end ] --END-- [ RunTime:0.000824s ]

[ 2016-09-11T15:54:32+08:00 ] 127.0.0.1 /signup/admin.php/Home/Account/stuList.html
INFO: [ app_init ] --START--
INFO: Run Behavior\BuildLiteBehavior [ RunTime:0.000011s ]
INFO: [ app_init ] --END-- [ RunTime:0.000417s ]
INFO: [ app_begin ] --START--
INFO: Run Behavior\ReadHtmlCacheBehavior [ RunTime:0.000615s ]
INFO: [ app_begin ] --END-- [ RunTime:0.000663s ]
SQL: SHOW COLUMNS FROM `reg_admin` [ RunTime:0.0050s ]
SQL: SELECT * FROM `reg_admin` WHERE `id` = 1 AND `username` = 'admin' LIMIT 1   [ RunTime:0.0003s ]
SQL: SHOW COLUMNS FROM `reg_student` [ RunTime:0.0110s ]
NOTIC: [8] Undefined index: p D:\phpStudy\WWW\signup\Admin\Home\Controller\AccountController.class.php 第 97 行.
SQL: SELECT * FROM `reg_student` ORDER BY matchid desc,collegeid asc,num asc LIMIT 0,20   [ RunTime:0.0092s ]
SQL: SHOW COLUMNS FROM `reg_match` [ RunTime:0.0330s ]
SQL: SELECT `title` FROM `reg_match` WHERE `id` = 172 LIMIT 1   [ RunTime:0.0085s ]
SQL: SHOW COLUMNS FROM `reg_college` [ RunTime:0.0034s ]
SQL: SELECT `college` FROM `reg_college` WHERE `id` = 6 LIMIT 1   [ RunTime:0.0003s ]
SQL: SELECT `title` FROM `reg_match` WHERE `id` = 172 LIMIT 1   [ RunTime:0.0002s ]
SQL: SELECT `college` FROM `reg_college` WHERE `id` = 6 LIMIT 1   [ RunTime:0.0002s ]
SQL: SELECT `title` FROM `reg_match` WHERE `id` = 172 LIMIT 1   [ RunTime:0.0002s ]
SQL: SELECT `college` FROM `reg_college` WHERE `id` = 6 LIMIT 1   [ RunTime:0.0002s ]
SQL: SELECT `title` FROM `reg_match` WHERE `id` = 172 LIMIT 1   [ RunTime:0.0003s ]
SQL: SELECT `college` FROM `reg_college` WHERE `id` = 6 LIMIT 1   [ RunTime:0.0002s ]
SQL: SELECT `title` FROM `reg_match` WHERE `id` = 172 LIMIT 1   [ RunTime:0.0002s ]
SQL: SELECT `college` FROM `reg_college` WHERE `id` = 6 LIMIT 1   [ RunTime:0.0002s ]
SQL: SELECT `title` FROM `reg_match` WHERE `id` = 172 LIMIT 1   [ RunTime:0.0002s ]
SQL: SELECT `college` FROM `reg_college` WHERE `id` = 6 LIMIT 1   [ RunTime:0.0001s ]
SQL: SELECT `title` FROM `reg_match` WHERE `id` = 172 LIMIT 1   [ RunTime:0.0001s ]
SQL: SELECT `college` FROM `reg_college` WHERE `id` = 6 LIMIT 1   [ RunTime:0.0001s ]
SQL: SELECT `title` FROM `reg_match` WHERE `id` = 172 LIMIT 1   [ RunTime:0.0001s ]
SQL: SELECT `college` FROM `reg_college` WHERE `id` = 6 LIMIT 1   [ RunTime:0.0001s ]
SQL: SELECT `title` FROM `reg_match` WHERE `id` = 172 LIMIT 1   [ RunTime:0.0002s ]
SQL: SELECT `college` FROM `reg_college` WHERE `id` = 6 LIMIT 1   [ RunTime:0.0002s ]
SQL: SELECT `title` FROM `reg_match` WHERE `id` = 172 LIMIT 1   [ RunTime:0.0001s ]
SQL: SELECT `college` FROM `reg_college` WHERE `id` = 6 LIMIT 1   [ RunTime:0.0002s ]
SQL: SELECT COUNT(*) AS tp_count FROM `reg_student` LIMIT 1   [ RunTime:0.0001s ]
SQL: SHOW COLUMNS FROM `reg_match` [ RunTime:0.0041s ]
SQL: SELECT * FROM `reg_match`  [ RunTime:0.0003s ]
SQL: SELECT * FROM `reg_college`  [ RunTime:0.0002s ]
INFO: [ view_parse ] --START--
INFO: [ template_filter ] --START--
INFO: Run Behavior\ContentReplaceBehavior [ RunTime:0.000041s ]
INFO: [ template_filter ] --END-- [ RunTime:0.000081s ]
INFO: Run Behavior\ParseTemplateBehavior [ RunTime:0.021541s ]
INFO: [ view_parse ] --END-- [ RunTime:0.021604s ]
INFO: [ view_filter ] --START--
INFO: Run Behavior\WriteHtmlCacheBehavior [ RunTime:0.000480s ]
INFO: [ view_filter ] --END-- [ RunTime:0.000509s ]
INFO: [ app_end ] --START--
INFO: Run Behavior\ShowPageTraceBehavior [ RunTime:0.000695s ]
INFO: [ app_end ] --END-- [ RunTime:0.000735s ]

[ 2016-09-11T15:57:17+08:00 ] 127.0.0.1 /signup/admin.php/Home/Task/index.html
INFO: [ app_init ] --START--
INFO: Run Behavior\BuildLiteBehavior [ RunTime:0.000017s ]
INFO: [ app_init ] --END-- [ RunTime:0.000517s ]
INFO: [ app_begin ] --START--
INFO: Run Behavior\ReadHtmlCacheBehavior [ RunTime:0.000484s ]
INFO: [ app_begin ] --END-- [ RunTime:0.000543s ]
SQL: SHOW COLUMNS FROM `reg_admin` [ RunTime:0.0055s ]
SQL: SELECT * FROM `reg_admin` WHERE `id` = 1 AND `username` = 'admin' LIMIT 1   [ RunTime:0.0003s ]
SQL: SHOW COLUMNS FROM `reg_match` [ RunTime:0.0035s ]
NOTIC: [8] Undefined index: p D:\phpStudy\WWW\signup\Admin\Home\Controller\TaskController.class.php 第 18 行.
SQL: SELECT * FROM `reg_match` ORDER BY id desc LIMIT 0,20   [ RunTime:0.0003s ]
SQL: SELECT COUNT(*) AS tp_count FROM `reg_match` LIMIT 1   [ RunTime:0.0002s ]
INFO: [ view_parse ] --START--
INFO: [ template_filter ] --START--
INFO: Run Behavior\ContentReplaceBehavior [ RunTime:0.000040s ]
INFO: [ template_filter ] --END-- [ RunTime:0.000084s ]
INFO: Run Behavior\ParseTemplateBehavior [ RunTime:0.014121s ]
INFO: [ view_parse ] --END-- [ RunTime:0.014174s ]
INFO: [ view_filter ] --START--
INFO: Run Behavior\WriteHtmlCacheBehavior [ RunTime:0.000270s ]
INFO: [ view_filter ] --END-- [ RunTime:0.000299s ]
INFO: [ app_end ] --START--
INFO: Run Behavior\ShowPageTraceBehavior [ RunTime:0.000431s ]
INFO: [ app_end ] --END-- [ RunTime:0.000462s ]

[ 2016-09-11T15:57:20+08:00 ] 127.0.0.1 /signup/admin.php/Home/Task/taskList/mid/172.html
INFO: [ app_init ] --START--
INFO: Run Behavior\BuildLiteBehavior [ RunTime:0.000012s ]
INFO: [ app_init ] --END-- [ RunTime:0.000394s ]
INFO: [ app_begin ] --START--
INFO: Run Behavior\ReadHtmlCacheBehavior [ RunTime:0.000434s ]
INFO: [ app_begin ] --END-- [ RunTime:0.000472s ]
SQL: SHOW COLUMNS FROM `reg_admin` [ RunTime:0.0051s ]
SQL: SELECT * FROM `reg_admin` WHERE `id` = 1 AND `username` = 'admin' LIMIT 1   [ RunTime:0.0003s ]
SQL: SHOW COLUMNS FROM `reg_match` [ RunTime:0.0038s ]
SQL: SELECT * FROM `reg_match` WHERE `id` = 172 LIMIT 1   [ RunTime:0.0003s ]
SQL: SHOW COLUMNS FROM `reg_teacher` [ RunTime:0.0033s ]
SQL: SELECT * FROM `reg_teacher` WHERE `level` = 3 AND `matchid` = 172 ORDER BY id asc  [ RunTime:0.0003s ]
SQL: SHOW COLUMNS FROM `reg_reginfo` [ RunTime:0.0036s ]
NOTIC: [8] Undefined index: p D:\phpStudy\WWW\signup\Admin\Home\Controller\TaskController.class.php 第 33 行.
SQL: SELECT * FROM `reg_reginfo` WHERE `status` = 2 AND `matchid` = 172 ORDER BY collegeid asc LIMIT 0,20   [ RunTime:0.0003s ]
SQL: SHOW COLUMNS FROM `reg_college` [ RunTime:0.0031s ]
SQL: SELECT * FROM `reg_college` WHERE `id` = 6 LIMIT 1   [ RunTime:0.0002s ]
SQL: SHOW COLUMNS FROM `reg_task` [ RunTime:0.0870s ]
SQL: SELECT * FROM `reg_task` WHERE `projectid` = 105 LIMIT 1   [ RunTime:0.0004s ]
SQL: SELECT * FROM `reg_teacher` WHERE `id` = null LIMIT 1   [ RunTime:0.0003s ]
SQL: SELECT COUNT(*) AS tp_count FROM `reg_reginfo` WHERE `status` = 2 LIMIT 1   [ RunTime:0.0003s ]
INFO: [ view_parse ] --START--
INFO: [ template_filter ] --START--
INFO: Run Behavior\ContentReplaceBehavior [ RunTime:0.000057s ]
INFO: [ template_filter ] --END-- [ RunTime:0.000111s ]
INFO: Run Behavior\ParseTemplateBehavior [ RunTime:0.023224s ]
INFO: [ view_parse ] --END-- [ RunTime:0.023293s ]
INFO: [ view_filter ] --START--
INFO: Run Behavior\WriteHtmlCacheBehavior [ RunTime:0.000339s ]
INFO: [ view_filter ] --END-- [ RunTime:0.000376s ]
INFO: [ app_end ] --START--
INFO: Run Behavior\ShowPageTraceBehavior [ RunTime:0.000542s ]
INFO: [ app_end ] --END-- [ RunTime:0.000580s ]

[ 2016-09-11T15:57:27+08:00 ] 127.0.0.1 /signup/admin.php/Home/Task/runAddTask.html
INFO: [ app_init ] --START--
INFO: Run Behavior\BuildLiteBehavior [ RunTime:0.000012s ]
INFO: [ app_init ] --END-- [ RunTime:0.000364s ]
INFO: [ app_begin ] --START--
INFO: Run Behavior\ReadHtmlCacheBehavior [ RunTime:0.000387s ]
INFO: [ app_begin ] --END-- [ RunTime:0.000431s ]
SQL: SHOW COLUMNS FROM `reg_admin` [ RunTime:0.0058s ]
SQL: SELECT * FROM `reg_admin` WHERE `id` = 1 AND `username` = 'admin' LIMIT 1   [ RunTime:0.0003s ]
SQL: SHOW COLUMNS FROM `reg_task` [ RunTime:0.0032s ]
SQL: SELECT * FROM `reg_task` WHERE `projectid` = 105 LIMIT 1   [ RunTime:0.0002s ]
SQL: INSERT INTO `reg_task` (`pwid`,`projectid`) VALUES ('137','105') [ RunTime:0.0003s ]
INFO: [ view_parse ] --START--
INFO: [ template_filter ] --START--
INFO: Run Behavior\ContentReplaceBehavior [ RunTime:0.000035s ]
INFO: [ template_filter ] --END-- [ RunTime:0.000073s ]
INFO: Run Behavior\ParseTemplateBehavior [ RunTime:0.004642s ]
INFO: [ view_parse ] --END-- [ RunTime:0.004687s ]
INFO: [ view_filter ] --START--
INFO: Run Behavior\WriteHtmlCacheBehavior [ RunTime:0.000273s ]
INFO: [ view_filter ] --END-- [ RunTime:0.000299s ]
INFO: [ app_end ] --START--
INFO: Run Behavior\ShowPageTraceBehavior [ RunTime:0.000377s ]
INFO: [ app_end ] --END-- [ RunTime:0.000406s ]

[ 2016-09-11T15:57:28+08:00 ] 127.0.0.1 /signup/admin.php/Home/Task/taskList/mid/172.html
INFO: [ app_init ] --START--
INFO: Run Behavior\BuildLiteBehavior [ RunTime:0.000013s ]
INFO: [ app_init ] --END-- [ RunTime:0.000388s ]
INFO: [ app_begin ] --START--
INFO: Run Behavior\ReadHtmlCacheBehavior [ RunTime:0.000473s ]
INFO: [ app_begin ] --END-- [ RunTime:0.000527s ]
SQL: SHOW COLUMNS FROM `reg_admin` [ RunTime:0.0043s ]
SQL: SELECT * FROM `reg_admin` WHERE `id` = 1 AND `username` = 'admin' LIMIT 1   [ RunTime:0.0003s ]
SQL: SHOW COLUMNS FROM `reg_match` [ RunTime:0.0033s ]
SQL: SELECT * FROM `reg_match` WHERE `id` = 172 LIMIT 1   [ RunTime:0.0003s ]
SQL: SHOW COLUMNS FROM `reg_teacher` [ RunTime:0.0036s ]
SQL: SELECT * FROM `reg_teacher` WHERE `level` = 3 AND `matchid` = 172 ORDER BY id asc  [ RunTime:0.0003s ]
SQL: SHOW COLUMNS FROM `reg_reginfo` [ RunTime:0.0044s ]
NOTIC: [8] Undefined index: p D:\phpStudy\WWW\signup\Admin\Home\Controller\TaskController.class.php 第 33 行.
SQL: SELECT * FROM `reg_reginfo` WHERE `status` = 2 AND `matchid` = 172 ORDER BY collegeid asc LIMIT 0,20   [ RunTime:0.0003s ]
SQL: SHOW COLUMNS FROM `reg_college` [ RunTime:0.0034s ]
SQL: SELECT * FROM `reg_college` WHERE `id` = 6 LIMIT 1   [ RunTime:0.0002s ]
SQL: SHOW COLUMNS FROM `reg_task` [ RunTime:0.0031s ]
SQL: SELECT * FROM `reg_task` WHERE `projectid` = 105 LIMIT 1   [ RunTime:0.0002s ]
SQL: SELECT * FROM `reg_teacher` WHERE `id` = 137 LIMIT 1   [ RunTime:0.0002s ]
SQL: SELECT COUNT(*) AS tp_count FROM `reg_reginfo` WHERE `status` = 2 LIMIT 1   [ RunTime:0.0002s ]
INFO: [ view_parse ] --START--
INFO: [ template_filter ] --START--
INFO: Run Behavior\ContentReplaceBehavior [ RunTime:0.000047s ]
INFO: [ template_filter ] --END-- [ RunTime:0.000095s ]
INFO: Run Behavior\ParseTemplateBehavior [ RunTime:0.007951s ]
INFO: [ view_parse ] --END-- [ RunTime:0.007998s ]
INFO: [ view_filter ] --START--
INFO: Run Behavior\WriteHtmlCacheBehavior [ RunTime:0.000263s ]
INFO: [ view_filter ] --END-- [ RunTime:0.000291s ]
INFO: [ app_end ] --START--
INFO: Run Behavior\ShowPageTraceBehavior [ RunTime:0.000420s ]
INFO: [ app_end ] --END-- [ RunTime:0.000456s ]

[ 2016-09-11T15:58:38+08:00 ] 127.0.0.1 /signup/admin.php/Home/Reginfo/index.html
INFO: [ app_init ] --START--
INFO: Run Behavior\BuildLiteBehavior [ RunTime:0.000012s ]
INFO: [ app_init ] --END-- [ RunTime:0.000394s ]
INFO: [ app_begin ] --START--
INFO: Run Behavior\ReadHtmlCacheBehavior [ RunTime:0.000392s ]
INFO: [ app_begin ] --END-- [ RunTime:0.000431s ]
SQL: SHOW COLUMNS FROM `reg_admin` [ RunTime:0.0057s ]
SQL: SELECT * FROM `reg_admin` WHERE `id` = 1 AND `username` = 'admin' LIMIT 1   [ RunTime:0.0003s ]
SQL: SHOW COLUMNS FROM `reg_match` [ RunTime:0.0039s ]
NOTIC: [8] Undefined index: p D:\phpStudy\WWW\signup\Admin\Home\Controller\ReginfoController.class.php 第 19 行.
SQL: SELECT * FROM `reg_match` LIMIT 0,10   [ RunTime:0.0003s ]
SQL: SELECT COUNT(*) AS tp_count FROM `reg_match` LIMIT 1   [ RunTime:0.0003s ]
INFO: [ view_parse ] --START--
INFO: [ template_filter ] --START--
INFO: Run Behavior\ContentReplaceBehavior [ RunTime:0.000056s ]
INFO: [ template_filter ] --END-- [ RunTime:0.000118s ]
INFO: Run Behavior\ParseTemplateBehavior [ RunTime:0.038745s ]
INFO: [ view_parse ] --END-- [ RunTime:0.038800s ]
INFO: [ view_filter ] --START--
INFO: Run Behavior\WriteHtmlCacheBehavior [ RunTime:0.000271s ]
INFO: [ view_filter ] --END-- [ RunTime:0.000303s ]
INFO: [ app_end ] --START--
INFO: Run Behavior\ShowPageTraceBehavior [ RunTime:0.000433s ]
INFO: [ app_end ] --END-- [ RunTime:0.000466s ]

[ 2016-09-11T15:58:41+08:00 ] 127.0.0.1 /signup/admin.php/Home/Reginfo/reginfo/m/172.html
INFO: [ app_init ] --START--
INFO: Run Behavior\BuildLiteBehavior [ RunTime:0.000011s ]
INFO: [ app_init ] --END-- [ RunTime:0.000371s ]
INFO: [ app_begin ] --START--
INFO: Run Behavior\ReadHtmlCacheBehavior [ RunTime:0.000411s ]
INFO: [ app_begin ] --END-- [ RunTime:0.000451s ]
SQL: SHOW COLUMNS FROM `reg_admin` [ RunTime:0.0048s ]
SQL: SELECT * FROM `reg_admin` WHERE `id` = 1 AND `username` = 'admin' LIMIT 1   [ RunTime:0.0003s ]
SQL: SHOW COLUMNS FROM `reg_match` [ RunTime:0.0035s ]
SQL: SELECT * FROM `reg_match` WHERE `id` = 172 LIMIT 1   [ RunTime:0.0003s ]
SQL: SHOW COLUMNS FROM `reg_reginfo` [ RunTime:0.0032s ]
SQL: SELECT * FROM `reg_reginfo` WHERE `matchid` = 172 ORDER BY date desc  [ RunTime:0.0004s ]
SQL: SHOW COLUMNS FROM `reg_college` [ RunTime:0.0031s ]
SQL: SELECT * FROM `reg_college` WHERE `id` = 6 LIMIT 1   [ RunTime:0.0002s ]
SQL: SELECT * FROM `reg_college` WHERE `id` = 6 LIMIT 1   [ RunTime:0.0002s ]
SQL: SELECT * FROM `reg_college` WHERE `id` = 6 LIMIT 1   [ RunTime:0.0002s ]
SQL: SELECT * FROM `reg_college` WHERE `id` = 6 LIMIT 1   [ RunTime:0.0002s ]
SQL: SELECT * FROM `reg_college` WHERE `id` = 6 LIMIT 1   [ RunTime:0.0001s ]
SQL: SELECT * FROM `reg_college` WHERE `id` = 6 LIMIT 1   [ RunTime:0.0001s ]
SQL: SELECT * FROM `reg_college` WHERE `id` = 6 LIMIT 1   [ RunTime:0.0001s ]
SQL: SELECT * FROM `reg_college` WHERE `id` = 6 LIMIT 1   [ RunTime:0.0001s ]
SQL: SELECT * FROM `reg_college`  [ RunTime:0.0001s ]
INFO: [ view_parse ] --START--
INFO: [ template_filter ] --START--
INFO: Run Behavior\ContentReplaceBehavior [ RunTime:0.000046s ]
INFO: [ template_filter ] --END-- [ RunTime:0.000092s ]
INFO: Run Behavior\ParseTemplateBehavior [ RunTime:0.068896s ]
INFO: [ view_parse ] --END-- [ RunTime:0.068952s ]
INFO: [ view_filter ] --START--
INFO: Run Behavior\WriteHtmlCacheBehavior [ RunTime:0.000250s ]
INFO: [ view_filter ] --END-- [ RunTime:0.000286s ]
INFO: [ app_end ] --START--
INFO: Run Behavior\ShowPageTraceBehavior [ RunTime:0.000391s ]
INFO: [ app_end ] --END-- [ RunTime:0.000433s ]

[ 2016-09-11T15:58:44+08:00 ] 127.0.0.1 /signup/admin.php/Home/Reginfo/reginfo/m/172.html
INFO: [ app_init ] --START--
INFO: Run Behavior\BuildLiteBehavior [ RunTime:0.000011s ]
INFO: [ app_init ] --END-- [ RunTime:0.000347s ]
INFO: [ app_begin ] --START--
INFO: Run Behavior\ReadHtmlCacheBehavior [ RunTime:0.000395s ]
INFO: [ app_begin ] --END-- [ RunTime:0.000433s ]
SQL: SHOW COLUMNS FROM `reg_admin` [ RunTime:0.0038s ]
SQL: SELECT * FROM `reg_admin` WHERE `id` = 1 AND `username` = 'admin' LIMIT 1   [ RunTime:0.0003s ]
SQL: SHOW COLUMNS FROM `reg_match` [ RunTime:0.0036s ]
SQL: SELECT * FROM `reg_match` WHERE `id` = 172 LIMIT 1   [ RunTime:0.0003s ]
SQL: SHOW COLUMNS FROM `reg_reginfo` [ RunTime:0.0033s ]
SQL: SELECT * FROM `reg_reginfo` WHERE `status` = 0 AND `matchid` = 172 ORDER BY date desc  [ RunTime:0.0004s ]
SQL: SHOW COLUMNS FROM `reg_college` [ RunTime:0.0032s ]
SQL: SELECT * FROM `reg_college` WHERE `id` = 6 LIMIT 1   [ RunTime:0.0002s ]
SQL: SELECT * FROM `reg_college` WHERE `id` = 6 LIMIT 1   [ RunTime:0.0002s ]
SQL: SELECT * FROM `reg_college` WHERE `id` = 6 LIMIT 1   [ RunTime:0.0002s ]
SQL: SELECT * FROM `reg_college` WHERE `id` = 6 LIMIT 1   [ RunTime:0.0001s ]
SQL: SELECT * FROM `reg_college` WHERE `id` = 6 LIMIT 1   [ RunTime:0.0001s ]
SQL: SELECT * FROM `reg_college` WHERE `id` = 6 LIMIT 1   [ RunTime:0.0002s ]
SQL: SELECT * FROM `reg_college`  [ RunTime:0.0002s ]
INFO: [ view_parse ] --START--
INFO: [ template_filter ] --START--
INFO: Run Behavior\ContentReplaceBehavior [ RunTime:0.000062s ]
INFO: [ template_filter ] --END-- [ RunTime:0.000115s ]
INFO: Run Behavior\ParseTemplateBehavior [ RunTime:0.008766s ]
INFO: [ view_parse ] --END-- [ RunTime:0.008824s ]
INFO: [ view_filter ] --START--
INFO: Run Behavior\WriteHtmlCacheBehavior [ RunTime:0.000261s ]
INFO: [ view_filter ] --END-- [ RunTime:0.000292s ]
INFO: [ app_end ] --START--
INFO: Run Behavior\ShowPageTraceBehavior [ RunTime:0.000386s ]
INFO: [ app_end ] --END-- [ RunTime:0.000415s ]

[ 2016-09-11T15:58:47+08:00 ] 127.0.0.1 /signup/admin.php/Home/Reginfo/export.html
INFO: [ app_init ] --START--
INFO: Run Behavior\BuildLiteBehavior [ RunTime:0.000011s ]
INFO: [ app_init ] --END-- [ RunTime:0.000342s ]
INFO: [ app_begin ] --START--
INFO: Run Behavior\ReadHtmlCacheBehavior [ RunTime:0.000388s ]
INFO: [ app_begin ] --END-- [ RunTime:0.000427s ]
SQL: SHOW COLUMNS FROM `reg_admin` [ RunTime:0.0036s ]
SQL: SELECT * FROM `reg_admin` WHERE `id` = 1 AND `username` = 'admin' LIMIT 1   [ RunTime:0.0003s ]
SQL: SHOW COLUMNS FROM `reg_reginfo` [ RunTime:0.0055s ]
SQL: SELECT * FROM `reg_reginfo` WHERE `status` = 0  [ RunTime:0.0004s ]
SQL: SHOW COLUMNS FROM `reg_match` [ RunTime:0.0046s ]
SQL: SELECT `title` FROM `reg_match` WHERE `id` = 172 LIMIT 1   [ RunTime:0.0003s ]
SQL: SHOW COLUMNS FROM `reg_college` [ RunTime:0.0031s ]
SQL: SELECT `college` FROM `reg_college` WHERE `id` = 6 LIMIT 1   [ RunTime:0.0002s ]
SQL: SELECT `title` FROM `reg_match` WHERE `id` = 172 LIMIT 1   [ RunTime:0.0002s ]
SQL: SELECT `college` FROM `reg_college` WHERE `id` = 6 LIMIT 1   [ RunTime:0.0001s ]
SQL: SELECT `title` FROM `reg_match` WHERE `id` = 172 LIMIT 1   [ RunTime:0.0001s ]
SQL: SELECT `college` FROM `reg_college` WHERE `id` = 6 LIMIT 1   [ RunTime:0.0001s ]
SQL: SELECT `title` FROM `reg_match` WHERE `id` = 172 LIMIT 1   [ RunTime:0.0001s ]
SQL: SELECT `college` FROM `reg_college` WHERE `id` = 6 LIMIT 1   [ RunTime:0.0001s ]
SQL: SELECT `title` FROM `reg_match` WHERE `id` = 172 LIMIT 1   [ RunTime:0.0001s ]
SQL: SELECT `college` FROM `reg_college` WHERE `id` = 6 LIMIT 1   [ RunTime:0.0001s ]
SQL: SELECT `title` FROM `reg_match` WHERE `id` = 172 LIMIT 1   [ RunTime:0.0001s ]
SQL: SELECT `college` FROM `reg_college` WHERE `id` = 6 LIMIT 1   [ RunTime:0.0001s ]

[ 2016-09-11T15:58:49+08:00 ] 127.0.0.1 /signup/admin.php/Home/Reginfo/export.html
INFO: [ app_init ] --START--
INFO: Run Behavior\BuildLiteBehavior [ RunTime:0.000013s ]
INFO: [ app_init ] --END-- [ RunTime:0.000994s ]
INFO: [ app_begin ] --START--
INFO: Run Behavior\ReadHtmlCacheBehavior [ RunTime:0.001629s ]
INFO: [ app_begin ] --END-- [ RunTime:0.001681s ]
SQL: SHOW COLUMNS FROM `reg_admin` [ RunTime:0.0060s ]
SQL: SELECT * FROM `reg_admin` WHERE `id` = 1 AND `username` = 'admin' LIMIT 1   [ RunTime:0.0003s ]
SQL: SHOW COLUMNS FROM `reg_reginfo` [ RunTime:0.0043s ]
SQL: SELECT * FROM `reg_reginfo` WHERE `status` = 0  [ RunTime:0.0004s ]
SQL: SHOW COLUMNS FROM `reg_match` [ RunTime:0.0049s ]
SQL: SELECT `title` FROM `reg_match` WHERE `id` = 172 LIMIT 1   [ RunTime:0.0003s ]
SQL: SHOW COLUMNS FROM `reg_college` [ RunTime:0.0037s ]
SQL: SELECT `college` FROM `reg_college` WHERE `id` = 6 LIMIT 1   [ RunTime:0.0003s ]
SQL: SELECT `title` FROM `reg_match` WHERE `id` = 172 LIMIT 1   [ RunTime:0.0002s ]
SQL: SELECT `college` FROM `reg_college` WHERE `id` = 6 LIMIT 1   [ RunTime:0.0004s ]
SQL: SELECT `title` FROM `reg_match` WHERE `id` = 172 LIMIT 1   [ RunTime:0.0003s ]
SQL: SELECT `college` FROM `reg_college` WHERE `id` = 6 LIMIT 1   [ RunTime:0.0003s ]
SQL: SELECT `title` FROM `reg_match` WHERE `id` = 172 LIMIT 1   [ RunTime:0.0002s ]
SQL: SELECT `college` FROM `reg_college` WHERE `id` = 6 LIMIT 1   [ RunTime:0.0002s ]
SQL: SELECT `title` FROM `reg_match` WHERE `id` = 172 LIMIT 1   [ RunTime:0.0002s ]
SQL: SELECT `college` FROM `reg_college` WHERE `id` = 6 LIMIT 1   [ RunTime:0.0002s ]
SQL: SELECT `title` FROM `reg_match` WHERE `id` = 172 LIMIT 1   [ RunTime:0.0002s ]
SQL: SELECT `college` FROM `reg_college` WHERE `id` = 6 LIMIT 1   [ RunTime:0.0002s ]

[ 2016-09-11T15:59:03+08:00 ] 127.0.0.1 /signup/admin.php/Home/Reginfo/reginfo/m/172.html
INFO: [ app_init ] --START--
INFO: Run Behavior\BuildLiteBehavior [ RunTime:0.000013s ]
INFO: [ app_init ] --END-- [ RunTime:0.000955s ]
INFO: [ app_begin ] --START--
INFO: Run Behavior\ReadHtmlCacheBehavior [ RunTime:0.001631s ]
INFO: [ app_begin ] --END-- [ RunTime:0.001677s ]
SQL: SHOW COLUMNS FROM `reg_admin` [ RunTime:0.0051s ]
SQL: SELECT * FROM `reg_admin` WHERE `id` = 1 AND `username` = 'admin' LIMIT 1   [ RunTime:0.0003s ]
SQL: SHOW COLUMNS FROM `reg_match` [ RunTime:0.0034s ]
SQL: SELECT * FROM `reg_match` WHERE `id` = 172 LIMIT 1   [ RunTime:0.0003s ]
SQL: SHOW COLUMNS FROM `reg_reginfo` [ RunTime:0.0039s ]
SQL: SELECT * FROM `reg_reginfo` WHERE `status` = 3 AND `score` > '90' AND `matchid` = 172 ORDER BY date desc  [ RunTime:0.0003s ]
SQL: SHOW COLUMNS FROM `reg_college` [ RunTime:0.0032s ]
SQL: SELECT * FROM `reg_college` WHERE `id` = 6 LIMIT 1   [ RunTime:0.0003s ]
SQL: SELECT * FROM `reg_college`  [ RunTime:0.0002s ]
INFO: [ view_parse ] --START--
INFO: [ template_filter ] --START--
INFO: Run Behavior\ContentReplaceBehavior [ RunTime:0.000047s ]
INFO: [ template_filter ] --END-- [ RunTime:0.000101s ]
INFO: Run Behavior\ParseTemplateBehavior [ RunTime:0.014357s ]
INFO: [ view_parse ] --END-- [ RunTime:0.014407s ]
INFO: [ view_filter ] --START--
INFO: Run Behavior\WriteHtmlCacheBehavior [ RunTime:0.001474s ]
INFO: [ view_filter ] --END-- [ RunTime:0.001504s ]
INFO: [ app_end ] --START--
INFO: Run Behavior\ShowPageTraceBehavior [ RunTime:0.001667s ]
INFO: [ app_end ] --END-- [ RunTime:0.001706s ]

[ 2016-09-11T15:59:07+08:00 ] 127.0.0.1 /signup/admin.php/Home/Reginfo/export.html
INFO: [ app_init ] --START--
INFO: Run Behavior\BuildLiteBehavior [ RunTime:0.000012s ]
INFO: [ app_init ] --END-- [ RunTime:0.000667s ]
INFO: [ app_begin ] --START--
INFO: Run Behavior\ReadHtmlCacheBehavior [ RunTime:0.000904s ]
INFO: [ app_begin ] --END-- [ RunTime:0.000958s ]
SQL: SHOW COLUMNS FROM `reg_admin` [ RunTime:0.0053s ]
SQL: SELECT * FROM `reg_admin` WHERE `id` = 1 AND `username` = 'admin' LIMIT 1   [ RunTime:0.0003s ]
SQL: SHOW COLUMNS FROM `reg_reginfo` [ RunTime:0.0040s ]
SQL: SELECT * FROM `reg_reginfo` WHERE `status` = 3 AND `score` > '90'  [ RunTime:0.0003s ]
SQL: SHOW COLUMNS FROM `reg_match` [ RunTime:0.0040s ]
SQL: SELECT `title` FROM `reg_match` WHERE `id` = 172 LIMIT 1   [ RunTime:0.0003s ]
SQL: SHOW COLUMNS FROM `reg_college` [ RunTime:0.0038s ]
SQL: SELECT `college` FROM `reg_college` WHERE `id` = 6 LIMIT 1   [ RunTime:0.0003s ]

[ 2016-09-11T15:59:09+08:00 ] 127.0.0.1 /signup/admin.php/Home/Reginfo/export.html
INFO: [ app_init ] --START--
INFO: Run Behavior\BuildLiteBehavior [ RunTime:0.000019s ]
INFO: [ app_init ] --END-- [ RunTime:0.000771s ]
INFO: [ app_begin ] --START--
INFO: Run Behavior\ReadHtmlCacheBehavior [ RunTime:0.001320s ]
INFO: [ app_begin ] --END-- [ RunTime:0.001426s ]
SQL: SHOW COLUMNS FROM `reg_admin` [ RunTime:0.0043s ]
SQL: SELECT * FROM `reg_admin` WHERE `id` = 1 AND `username` = 'admin' LIMIT 1   [ RunTime:0.0004s ]
SQL: SHOW COLUMNS FROM `reg_reginfo` [ RunTime:0.0054s ]
SQL: SELECT * FROM `reg_reginfo` WHERE `status` = 3 AND `score` > '90'  [ RunTime:0.0004s ]
SQL: SHOW COLUMNS FROM `reg_match` [ RunTime:0.0054s ]
SQL: SELECT `title` FROM `reg_match` WHERE `id` = 172 LIMIT 1   [ RunTime:0.0003s ]
SQL: SHOW COLUMNS FROM `reg_college` [ RunTime:0.0049s ]
SQL: SELECT `college` FROM `reg_college` WHERE `id` = 6 LIMIT 1   [ RunTime:0.0003s ]

[ 2016-09-11T15:59:20+08:00 ] 127.0.0.1 /signup/admin.php/Home/Account/stuList.html
INFO: [ app_init ] --START--
INFO: Run Behavior\BuildLiteBehavior [ RunTime:0.000010s ]
INFO: [ app_init ] --END-- [ RunTime:0.000440s ]
INFO: [ app_begin ] --START--
INFO: Run Behavior\ReadHtmlCacheBehavior [ RunTime:0.000927s ]
INFO: [ app_begin ] --END-- [ RunTime:0.001004s ]
SQL: SHOW COLUMNS FROM `reg_admin` [ RunTime:0.0036s ]
SQL: SELECT * FROM `reg_admin` WHERE `id` = 1 AND `username` = 'admin' LIMIT 1   [ RunTime:0.0003s ]
SQL: SHOW COLUMNS FROM `reg_student` [ RunTime:0.0034s ]
NOTIC: [8] Undefined index: p D:\phpStudy\WWW\signup\Admin\Home\Controller\AccountController.class.php 第 97 行.
SQL: SELECT * FROM `reg_student` ORDER BY matchid desc,collegeid asc,num asc LIMIT 0,20   [ RunTime:0.0003s ]
SQL: SHOW COLUMNS FROM `reg_match` [ RunTime:0.0034s ]
SQL: SELECT `title` FROM `reg_match` WHERE `id` = 172 LIMIT 1   [ RunTime:0.0002s ]
SQL: SHOW COLUMNS FROM `reg_college` [ RunTime:0.0036s ]
SQL: SELECT `college` FROM `reg_college` WHERE `id` = 6 LIMIT 1   [ RunTime:0.0002s ]
SQL: SELECT `title` FROM `reg_match` WHERE `id` = 172 LIMIT 1   [ RunTime:0.0002s ]
SQL: SELECT `college` FROM `reg_college` WHERE `id` = 6 LIMIT 1   [ RunTime:0.0001s ]
SQL: SELECT `title` FROM `reg_match` WHERE `id` = 172 LIMIT 1   [ RunTime:0.0002s ]
SQL: SELECT `college` FROM `reg_college` WHERE `id` = 6 LIMIT 1   [ RunTime:0.0002s ]
SQL: SELECT `title` FROM `reg_match` WHERE `id` = 172 LIMIT 1   [ RunTime:0.0001s ]
SQL: SELECT `college` FROM `reg_college` WHERE `id` = 6 LIMIT 1   [ RunTime:0.0001s ]
SQL: SELECT `title` FROM `reg_match` WHERE `id` = 172 LIMIT 1   [ RunTime:0.0001s ]
SQL: SELECT `college` FROM `reg_college` WHERE `id` = 6 LIMIT 1   [ RunTime:0.0001s ]
SQL: SELECT `title` FROM `reg_match` WHERE `id` = 172 LIMIT 1   [ RunTime:0.0001s ]
SQL: SELECT `college` FROM `reg_college` WHERE `id` = 6 LIMIT 1   [ RunTime:0.0001s ]
SQL: SELECT `title` FROM `reg_match` WHERE `id` = 172 LIMIT 1   [ RunTime:0.0001s ]
SQL: SELECT `college` FROM `reg_college` WHERE `id` = 6 LIMIT 1   [ RunTime:0.0001s ]
SQL: SELECT `title` FROM `reg_match` WHERE `id` = 172 LIMIT 1   [ RunTime:0.0001s ]
SQL: SELECT `college` FROM `reg_college` WHERE `id` = 6 LIMIT 1   [ RunTime:0.0002s ]
SQL: SELECT `title` FROM `reg_match` WHERE `id` = 172 LIMIT 1   [ RunTime:0.0002s ]
SQL: SELECT `college` FROM `reg_college` WHERE `id` = 6 LIMIT 1   [ RunTime:0.0002s ]
SQL: SELECT `title` FROM `reg_match` WHERE `id` = 172 LIMIT 1   [ RunTime:0.0001s ]
SQL: SELECT `college` FROM `reg_college` WHERE `id` = 6 LIMIT 1   [ RunTime:0.0001s ]
SQL: SELECT COUNT(*) AS tp_count FROM `reg_student` LIMIT 1   [ RunTime:0.0001s ]
SQL: SHOW COLUMNS FROM `reg_match` [ RunTime:0.0034s ]
SQL: SELECT * FROM `reg_match`  [ RunTime:0.0003s ]
SQL: SELECT * FROM `reg_college`  [ RunTime:0.0002s ]
INFO: [ view_parse ] --START--
INFO: [ template_filter ] --START--
INFO: Run Behavior\ContentReplaceBehavior [ RunTime:0.000041s ]
INFO: [ template_filter ] --END-- [ RunTime:0.000094s ]
INFO: Run Behavior\ParseTemplateBehavior [ RunTime:0.010597s ]
INFO: [ view_parse ] --END-- [ RunTime:0.010641s ]
INFO: [ view_filter ] --START--
INFO: Run Behavior\WriteHtmlCacheBehavior [ RunTime:0.000889s ]
INFO: [ view_filter ] --END-- [ RunTime:0.000931s ]
INFO: [ app_end ] --START--
INFO: Run Behavior\ShowPageTraceBehavior [ RunTime:0.001281s ]
INFO: [ app_end ] --END-- [ RunTime:0.001347s ]

[ 2016-09-11T15:59:34+08:00 ] 127.0.0.1 /signup/admin.php/Home/Account/runAddStu.html
INFO: [ app_init ] --START--
INFO: Run Behavior\BuildLiteBehavior [ RunTime:0.000013s ]
INFO: [ app_init ] --END-- [ RunTime:0.000510s ]
INFO: [ app_begin ] --START--
INFO: Run Behavior\ReadHtmlCacheBehavior [ RunTime:0.000958s ]
INFO: [ app_begin ] --END-- [ RunTime:0.001019s ]
SQL: SHOW COLUMNS FROM `reg_admin` [ RunTime:0.0037s ]
SQL: SELECT * FROM `reg_admin` WHERE `id` = 1 AND `username` = 'admin' LIMIT 1   [ RunTime:0.0003s ]
SQL: SHOW COLUMNS FROM `reg_student` [ RunTime:0.0032s ]
SQL: SELECT `num` FROM `reg_student` WHERE `matchid` = 169 AND `collegeid` = 6 ORDER BY num desc LIMIT 1   [ RunTime:0.0003s ]
SQL: SHOW COLUMNS FROM `reg_college` [ RunTime:0.0031s ]
SQL: SELECT `code` FROM `reg_college` WHERE `id` = 6 LIMIT 1   [ RunTime:0.0002s ]
SQL: INSERT INTO `reg_student` (`code`,`num`,`matchid`,`collegeid`,`password`) VALUES ('jsj1691','1','169','6','501e0bbac99eb3673e5df715eacd9d0efb5601f5') [ RunTime:0.0005s ]
SQL: INSERT INTO `reg_student` (`code`,`num`,`matchid`,`collegeid`,`password`) VALUES ('jsj1692','2','169','6','501e0bbac99eb3673e5df715eacd9d0efb5601f5') [ RunTime:0.0002s ]
SQL: INSERT INTO `reg_student` (`code`,`num`,`matchid`,`collegeid`,`password`) VALUES ('jsj1693','3','169','6','501e0bbac99eb3673e5df715eacd9d0efb5601f5') [ RunTime:0.0002s ]
SQL: INSERT INTO `reg_student` (`code`,`num`,`matchid`,`collegeid`,`password`) VALUES ('jsj1694','4','169','6','501e0bbac99eb3673e5df715eacd9d0efb5601f5') [ RunTime:0.0002s ]
SQL: INSERT INTO `reg_student` (`code`,`num`,`matchid`,`collegeid`,`password`) VALUES ('jsj1695','5','169','6','501e0bbac99eb3673e5df715eacd9d0efb5601f5') [ RunTime:0.0002s ]
SQL: INSERT INTO `reg_student` (`code`,`num`,`matchid`,`collegeid`,`password`) VALUES ('jsj1696','6','169','6','501e0bbac99eb3673e5df715eacd9d0efb5601f5') [ RunTime:0.0002s ]
SQL: INSERT INTO `reg_student` (`code`,`num`,`matchid`,`collegeid`,`password`) VALUES ('jsj1697','7','169','6','501e0bbac99eb3673e5df715eacd9d0efb5601f5') [ RunTime:0.0002s ]
SQL: INSERT INTO `reg_student` (`code`,`num`,`matchid`,`collegeid`,`password`) VALUES ('jsj1698','8','169','6','501e0bbac99eb3673e5df715eacd9d0efb5601f5') [ RunTime:0.0002s ]
SQL: INSERT INTO `reg_student` (`code`,`num`,`matchid`,`collegeid`,`password`) VALUES ('jsj1699','9','169','6','501e0bbac99eb3673e5df715eacd9d0efb5601f5') [ RunTime:0.0002s ]
SQL: INSERT INTO `reg_student` (`code`,`num`,`matchid`,`collegeid`,`password`) VALUES ('jsj16910','10','169','6','501e0bbac99eb3673e5df715eacd9d0efb5601f5') [ RunTime:0.0002s ]

[ 2016-09-11T15:59:34+08:00 ] 127.0.0.1 /signup/admin.php/Home/Account/stuList.html
INFO: [ app_init ] --START--
INFO: Run Behavior\BuildLiteBehavior [ RunTime:0.000012s ]
INFO: [ app_init ] --END-- [ RunTime:0.000493s ]
INFO: [ app_begin ] --START--
INFO: Run Behavior\ReadHtmlCacheBehavior [ RunTime:0.000798s ]
INFO: [ app_begin ] --END-- [ RunTime:0.000840s ]
SQL: SHOW COLUMNS FROM `reg_admin` [ RunTime:0.0035s ]
SQL: SELECT * FROM `reg_admin` WHERE `id` = 1 AND `username` = 'admin' LIMIT 1   [ RunTime:0.0003s ]
SQL: SHOW COLUMNS FROM `reg_student` [ RunTime:0.0035s ]
NOTIC: [8] Undefined index: p D:\phpStudy\WWW\signup\Admin\Home\Controller\AccountController.class.php 第 97 行.
SQL: SELECT * FROM `reg_student` ORDER BY matchid desc,collegeid asc,num asc LIMIT 0,20   [ RunTime:0.0003s ]
SQL: SHOW COLUMNS FROM `reg_match` [ RunTime:0.0031s ]
SQL: SELECT `title` FROM `reg_match` WHERE `id` = 172 LIMIT 1   [ RunTime:0.0002s ]
SQL: SHOW COLUMNS FROM `reg_college` [ RunTime:0.0030s ]
SQL: SELECT `college` FROM `reg_college` WHERE `id` = 6 LIMIT 1   [ RunTime:0.0002s ]
SQL: SELECT `title` FROM `reg_match` WHERE `id` = 172 LIMIT 1   [ RunTime:0.0001s ]
SQL: SELECT `college` FROM `reg_college` WHERE `id` = 6 LIMIT 1   [ RunTime:0.0001s ]
SQL: SELECT `title` FROM `reg_match` WHERE `id` = 172 LIMIT 1   [ RunTime:0.0001s ]
SQL: SELECT `college` FROM `reg_college` WHERE `id` = 6 LIMIT 1   [ RunTime:0.0002s ]
SQL: SELECT `title` FROM `reg_match` WHERE `id` = 172 LIMIT 1   [ RunTime:0.0002s ]
SQL: SELECT `college` FROM `reg_college` WHERE `id` = 6 LIMIT 1   [ RunTime:0.0001s ]
SQL: SELECT `title` FROM `reg_match` WHERE `id` = 172 LIMIT 1   [ RunTime:0.0001s ]
SQL: SELECT `college` FROM `reg_college` WHERE `id` = 6 LIMIT 1   [ RunTime:0.0001s ]
SQL: SELECT `title` FROM `reg_match` WHERE `id` = 172 LIMIT 1   [ RunTime:0.0001s ]
SQL: SELECT `college` FROM `reg_college` WHERE `id` = 6 LIMIT 1   [ RunTime:0.0002s ]
SQL: SELECT `title` FROM `reg_match` WHERE `id` = 172 LIMIT 1   [ RunTime:0.0002s ]
SQL: SELECT `college` FROM `reg_college` WHERE `id` = 6 LIMIT 1   [ RunTime:0.0002s ]
SQL: SELECT `title` FROM `reg_match` WHERE `id` = 172 LIMIT 1   [ RunTime:0.0002s ]
SQL: SELECT `college` FROM `reg_college` WHERE `id` = 6 LIMIT 1   [ RunTime:0.0001s ]
SQL: SELECT `title` FROM `reg_match` WHERE `id` = 172 LIMIT 1   [ RunTime:0.0002s ]
SQL: SELECT `college` FROM `reg_college` WHERE `id` = 6 LIMIT 1   [ RunTime:0.0002s ]
SQL: SELECT `title` FROM `reg_match` WHERE `id` = 172 LIMIT 1   [ RunTime:0.0002s ]
SQL: SELECT `college` FROM `reg_college` WHERE `id` = 6 LIMIT 1   [ RunTime:0.0001s ]
SQL: SELECT `title` FROM `reg_match` WHERE `id` = 169 LIMIT 1   [ RunTime:0.0002s ]
SQL: SELECT `college` FROM `reg_college` WHERE `id` = 6 LIMIT 1   [ RunTime:0.0002s ]
SQL: SELECT `title` FROM `reg_match` WHERE `id` = 169 LIMIT 1   [ RunTime:0.0002s ]
SQL: SELECT `college` FROM `reg_college` WHERE `id` = 6 LIMIT 1   [ RunTime:0.0001s ]
SQL: SELECT `title` FROM `reg_match` WHERE `id` = 169 LIMIT 1   [ RunTime:0.0001s ]
SQL: SELECT `college` FROM `reg_college` WHERE `id` = 6 LIMIT 1   [ RunTime:0.0001s ]
SQL: SELECT `title` FROM `reg_match` WHERE `id` = 169 LIMIT 1   [ RunTime:0.0001s ]
SQL: SELECT `college` FROM `reg_college` WHERE `id` = 6 LIMIT 1   [ RunTime:0.0001s ]
SQL: SELECT `title` FROM `reg_match` WHERE `id` = 169 LIMIT 1   [ RunTime:0.0001s ]
SQL: SELECT `college` FROM `reg_college` WHERE `id` = 6 LIMIT 1   [ RunTime:0.0002s ]
SQL: SELECT `title` FROM `reg_match` WHERE `id` = 169 LIMIT 1   [ RunTime:0.0002s ]
SQL: SELECT `college` FROM `reg_college` WHERE `id` = 6 LIMIT 1   [ RunTime:0.0002s ]
SQL: SELECT `title` FROM `reg_match` WHERE `id` = 169 LIMIT 1   [ RunTime:0.0002s ]
SQL: SELECT `college` FROM `reg_college` WHERE `id` = 6 LIMIT 1   [ RunTime:0.0001s ]
SQL: SELECT `title` FROM `reg_match` WHERE `id` = 169 LIMIT 1   [ RunTime:0.0001s ]
SQL: SELECT `college` FROM `reg_college` WHERE `id` = 6 LIMIT 1   [ RunTime:0.0001s ]
SQL: SELECT `title` FROM `reg_match` WHERE `id` = 169 LIMIT 1   [ RunTime:0.0001s ]
SQL: SELECT `college` FROM `reg_college` WHERE `id` = 6 LIMIT 1   [ RunTime:0.0001s ]
SQL: SELECT `title` FROM `reg_match` WHERE `id` = 169 LIMIT 1   [ RunTime:0.0001s ]
SQL: SELECT `college` FROM `reg_college` WHERE `id` = 6 LIMIT 1   [ RunTime:0.0001s ]
SQL: SELECT COUNT(*) AS tp_count FROM `reg_student` LIMIT 1   [ RunTime:0.0001s ]
SQL: SHOW COLUMNS FROM `reg_match` [ RunTime:0.0033s ]
SQL: SELECT * FROM `reg_match`  [ RunTime:0.0003s ]
SQL: SELECT * FROM `reg_college`  [ RunTime:0.0002s ]
INFO: [ view_parse ] --START--
INFO: [ template_filter ] --START--
INFO: Run Behavior\ContentReplaceBehavior [ RunTime:0.000043s ]
INFO: [ template_filter ] --END-- [ RunTime:0.000090s ]
INFO: Run Behavior\ParseTemplateBehavior [ RunTime:0.011747s ]
INFO: [ view_parse ] --END-- [ RunTime:0.011793s ]
INFO: [ view_filter ] --START--
INFO: Run Behavior\WriteHtmlCacheBehavior [ RunTime:0.000637s ]
INFO: [ view_filter ] --END-- [ RunTime:0.000667s ]
INFO: [ app_end ] --START--
INFO: Run Behavior\ShowPageTraceBehavior [ RunTime:0.001035s ]
INFO: [ app_end ] --END-- [ RunTime:0.001094s ]

[ 2016-09-11T15:59:42+08:00 ] 127.0.0.1 /signup/admin.php/Home/Account/teaList.html
INFO: [ app_init ] --START--
INFO: Run Behavior\BuildLiteBehavior [ RunTime:0.000011s ]
INFO: [ app_init ] --END-- [ RunTime:0.000464s ]
INFO: [ app_begin ] --START--
INFO: Run Behavior\ReadHtmlCacheBehavior [ RunTime:0.000756s ]
INFO: [ app_begin ] --END-- [ RunTime:0.000796s ]
SQL: SHOW COLUMNS FROM `reg_admin` [ RunTime:0.0035s ]
SQL: SELECT * FROM `reg_admin` WHERE `id` = 1 AND `username` = 'admin' LIMIT 1   [ RunTime:0.0003s ]
SQL: SHOW COLUMNS FROM `reg_teacher` [ RunTime:0.0038s ]
NOTIC: [8] Undefined index: p D:\phpStudy\WWW\signup\Admin\Home\Controller\AccountController.class.php 第 152 行.
SQL: SELECT * FROM `reg_teacher` ORDER BY matchid asc,type asc,num asc LIMIT 0,10   [ RunTime:0.0004s ]
SQL: SHOW COLUMNS FROM `reg_college` [ RunTime:0.0031s ]
SQL: SELECT `college` FROM `reg_college` WHERE `id` = 7 LIMIT 1   [ RunTime:0.0002s ]
SQL: SHOW COLUMNS FROM `reg_match` [ RunTime:0.0032s ]
SQL: SELECT `title` FROM `reg_match` WHERE `id` = 169 LIMIT 1   [ RunTime:0.0002s ]
SQL: SELECT `college` FROM `reg_college` WHERE `id` = null LIMIT 1   [ RunTime:0.0001s ]
SQL: SELECT `title` FROM `reg_match` WHERE `id` = 169 LIMIT 1   [ RunTime:0.0002s ]
SQL: SELECT `college` FROM `reg_college` WHERE `id` = null LIMIT 1   [ RunTime:0.0001s ]
SQL: SELECT `title` FROM `reg_match` WHERE `id` = 169 LIMIT 1   [ RunTime:0.0002s ]
SQL: SELECT `college` FROM `reg_college` WHERE `id` = null LIMIT 1   [ RunTime:0.0001s ]
SQL: SELECT `title` FROM `reg_match` WHERE `id` = 169 LIMIT 1   [ RunTime:0.0001s ]
SQL: SELECT `college` FROM `reg_college` WHERE `id` = null LIMIT 1   [ RunTime:0.0001s ]
SQL: SELECT `title` FROM `reg_match` WHERE `id` = 169 LIMIT 1   [ RunTime:0.0002s ]
SQL: SELECT `college` FROM `reg_college` WHERE `id` = null LIMIT 1   [ RunTime:0.0001s ]
SQL: SELECT `title` FROM `reg_match` WHERE `id` = 169 LIMIT 1   [ RunTime:0.0002s ]
SQL: SELECT `college` FROM `reg_college` WHERE `id` = 6 LIMIT 1   [ RunTime:0.0002s ]
SQL: SELECT `title` FROM `reg_match` WHERE `id` = 169 LIMIT 1   [ RunTime:0.0001s ]
SQL: SELECT `college` FROM `reg_college` WHERE `id` = 6 LIMIT 1   [ RunTime:0.0001s ]
SQL: SELECT `title` FROM `reg_match` WHERE `id` = 169 LIMIT 1   [ RunTime:0.0001s ]
SQL: SELECT `college` FROM `reg_college` WHERE `id` = 6 LIMIT 1   [ RunTime:0.0001s ]
SQL: SELECT `title` FROM `reg_match` WHERE `id` = 169 LIMIT 1   [ RunTime:0.0001s ]
SQL: SELECT `college` FROM `reg_college` WHERE `id` = 6 LIMIT 1   [ RunTime:0.0001s ]
SQL: SELECT `title` FROM `reg_match` WHERE `id` = 169 LIMIT 1   [ RunTime:0.0002s ]
SQL: SELECT * FROM `reg_college`  [ RunTime:0.0002s ]
SQL: SELECT * FROM `reg_match`  [ RunTime:0.0002s ]
SQL: SELECT COUNT(*) AS tp_count FROM `reg_teacher` LIMIT 1   [ RunTime:0.0001s ]
INFO: [ view_parse ] --START--
INFO: [ template_filter ] --START--
INFO: Run Behavior\ContentReplaceBehavior [ RunTime:0.000046s ]
INFO: [ template_filter ] --END-- [ RunTime:0.000104s ]
INFO: Run Behavior\ParseTemplateBehavior [ RunTime:0.027723s ]
INFO: [ view_parse ] --END-- [ RunTime:0.027792s ]
INFO: [ view_filter ] --START--
INFO: Run Behavior\WriteHtmlCacheBehavior [ RunTime:0.000698s ]
INFO: [ view_filter ] --END-- [ RunTime:0.000728s ]
INFO: [ app_end ] --START--
INFO: Run Behavior\ShowPageTraceBehavior [ RunTime:0.001191s ]
INFO: [ app_end ] --END-- [ RunTime:0.001250s ]

[ 2016-09-11T15:59:48+08:00 ] 127.0.0.1 /signup/admin.php/Home/Account/adminlist.html
INFO: [ app_init ] --START--
INFO: Run Behavior\BuildLiteBehavior [ RunTime:0.000020s ]
INFO: [ app_init ] --END-- [ RunTime:0.000604s ]
INFO: [ app_begin ] --START--
INFO: Run Behavior\ReadHtmlCacheBehavior [ RunTime:0.001057s ]
INFO: [ app_begin ] --END-- [ RunTime:0.001112s ]
SQL: SHOW COLUMNS FROM `reg_admin` [ RunTime:0.0050s ]
SQL: SELECT * FROM `reg_admin` WHERE `id` = 1 AND `username` = 'admin' LIMIT 1   [ RunTime:0.0003s ]
NOTIC: [8] Undefined index: p D:\phpStudy\WWW\signup\Admin\Home\Controller\AccountController.class.php 第 23 行.
SQL: SELECT * FROM `reg_admin` ORDER BY id asc LIMIT 0,10   [ RunTime:0.0002s ]
SQL: SELECT COUNT(*) AS tp_count FROM `reg_admin` LIMIT 1   [ RunTime:0.0001s ]
INFO: [ view_parse ] --START--
INFO: [ template_filter ] --START--
INFO: Run Behavior\ContentReplaceBehavior [ RunTime:0.000042s ]
INFO: [ template_filter ] --END-- [ RunTime:0.000088s ]
INFO: Run Behavior\ParseTemplateBehavior [ RunTime:0.063836s ]
INFO: [ view_parse ] --END-- [ RunTime:0.063892s ]
INFO: [ view_filter ] --START--
INFO: Run Behavior\WriteHtmlCacheBehavior [ RunTime:0.000678s ]
INFO: [ view_filter ] --END-- [ RunTime:0.000707s ]
INFO: [ app_end ] --START--
INFO: Run Behavior\ShowPageTraceBehavior [ RunTime:0.000786s ]
INFO: [ app_end ] --END-- [ RunTime:0.000815s ]

[ 2016-09-11T15:59:49+08:00 ] 127.0.0.1 /signup/admin.php/Home/College/index.html
INFO: [ app_init ] --START--
INFO: Run Behavior\BuildLiteBehavior [ RunTime:0.000012s ]
INFO: [ app_init ] --END-- [ RunTime:0.000437s ]
INFO: [ app_begin ] --START--
INFO: Run Behavior\ReadHtmlCacheBehavior [ RunTime:0.000758s ]
INFO: [ app_begin ] --END-- [ RunTime:0.000801s ]
SQL: SHOW COLUMNS FROM `reg_admin` [ RunTime:0.0059s ]
SQL: SELECT * FROM `reg_admin` WHERE `id` = 1 AND `username` = 'admin' LIMIT 1   [ RunTime:0.0003s ]
SQL: SHOW COLUMNS FROM `reg_college` [ RunTime:0.0034s ]
SQL: SELECT * FROM `reg_college` ORDER BY id asc  [ RunTime:0.0003s ]
INFO: [ view_parse ] --START--
INFO: [ template_filter ] --START--
INFO: Run Behavior\ContentReplaceBehavior [ RunTime:0.000041s ]
INFO: [ template_filter ] --END-- [ RunTime:0.000090s ]
INFO: Run Behavior\ParseTemplateBehavior [ RunTime:0.008517s ]
INFO: [ view_parse ] --END-- [ RunTime:0.008568s ]
INFO: [ view_filter ] --START--
INFO: Run Behavior\WriteHtmlCacheBehavior [ RunTime:0.000736s ]
INFO: [ view_filter ] --END-- [ RunTime:0.000773s ]
INFO: [ app_end ] --START--
INFO: Run Behavior\ShowPageTraceBehavior [ RunTime:0.000793s ]
INFO: [ app_end ] --END-- [ RunTime:0.000826s ]

[ 2016-09-11T15:59:53+08:00 ] 127.0.0.1 /signup/admin.php/Home/Account/teaList.html
INFO: [ app_init ] --START--
INFO: Run Behavior\BuildLiteBehavior [ RunTime:0.000011s ]
INFO: [ app_init ] --END-- [ RunTime:0.000443s ]
INFO: [ app_begin ] --START--
INFO: Run Behavior\ReadHtmlCacheBehavior [ RunTime:0.000778s ]
INFO: [ app_begin ] --END-- [ RunTime:0.000818s ]
SQL: SHOW COLUMNS FROM `reg_admin` [ RunTime:0.0061s ]
SQL: SELECT * FROM `reg_admin` WHERE `id` = 1 AND `username` = 'admin' LIMIT 1   [ RunTime:0.0003s ]
SQL: SHOW COLUMNS FROM `reg_teacher` [ RunTime:0.0034s ]
NOTIC: [8] Undefined index: p D:\phpStudy\WWW\signup\Admin\Home\Controller\AccountController.class.php 第 152 行.
SQL: SELECT * FROM `reg_teacher` ORDER BY matchid asc,type asc,num asc LIMIT 0,10   [ RunTime:0.0003s ]
SQL: SHOW COLUMNS FROM `reg_college` [ RunTime:0.0032s ]
SQL: SELECT `college` FROM `reg_college` WHERE `id` = 7 LIMIT 1   [ RunTime:0.0002s ]
SQL: SHOW COLUMNS FROM `reg_match` [ RunTime:0.0034s ]
SQL: SELECT `title` FROM `reg_match` WHERE `id` = 169 LIMIT 1   [ RunTime:0.0003s ]
SQL: SELECT `college` FROM `reg_college` WHERE `id` = null LIMIT 1   [ RunTime:0.0002s ]
SQL: SELECT `title` FROM `reg_match` WHERE `id` = 169 LIMIT 1   [ RunTime:0.0002s ]
SQL: SELECT `college` FROM `reg_college` WHERE `id` = null LIMIT 1   [ RunTime:0.0001s ]
SQL: SELECT `title` FROM `reg_match` WHERE `id` = 169 LIMIT 1   [ RunTime:0.0002s ]
SQL: SELECT `college` FROM `reg_college` WHERE `id` = null LIMIT 1   [ RunTime:0.0001s ]
SQL: SELECT `title` FROM `reg_match` WHERE `id` = 169 LIMIT 1   [ RunTime:0.0002s ]
SQL: SELECT `college` FROM `reg_college` WHERE `id` = null LIMIT 1   [ RunTime:0.0001s ]
SQL: SELECT `title` FROM `reg_match` WHERE `id` = 169 LIMIT 1   [ RunTime:0.0002s ]
SQL: SELECT `college` FROM `reg_college` WHERE `id` = null LIMIT 1   [ RunTime:0.0001s ]
SQL: SELECT `title` FROM `reg_match` WHERE `id` = 169 LIMIT 1   [ RunTime:0.0002s ]
SQL: SELECT `college` FROM `reg_college` WHERE `id` = 6 LIMIT 1   [ RunTime:0.0002s ]
SQL: SELECT `title` FROM `reg_match` WHERE `id` = 169 LIMIT 1   [ RunTime:0.0001s ]
SQL: SELECT `college` FROM `reg_college` WHERE `id` = 6 LIMIT 1   [ RunTime:0.0002s ]
SQL: SELECT `title` FROM `reg_match` WHERE `id` = 169 LIMIT 1   [ RunTime:0.0002s ]
SQL: SELECT `college` FROM `reg_college` WHERE `id` = 6 LIMIT 1   [ RunTime:0.0001s ]
SQL: SELECT `title` FROM `reg_match` WHERE `id` = 169 LIMIT 1   [ RunTime:0.0001s ]
SQL: SELECT `college` FROM `reg_college` WHERE `id` = 6 LIMIT 1   [ RunTime:0.0001s ]
SQL: SELECT `title` FROM `reg_match` WHERE `id` = 169 LIMIT 1   [ RunTime:0.0002s ]
SQL: SELECT * FROM `reg_college`  [ RunTime:0.0002s ]
SQL: SELECT * FROM `reg_match`  [ RunTime:0.0002s ]
SQL: SELECT COUNT(*) AS tp_count FROM `reg_teacher` LIMIT 1   [ RunTime:0.0001s ]
INFO: [ view_parse ] --START--
INFO: [ template_filter ] --START--
INFO: Run Behavior\ContentReplaceBehavior [ RunTime:0.000076s ]
INFO: [ template_filter ] --END-- [ RunTime:0.000143s ]
INFO: Run Behavior\ParseTemplateBehavior [ RunTime:0.010119s ]
INFO: [ view_parse ] --END-- [ RunTime:0.010176s ]
INFO: [ view_filter ] --START--
INFO: Run Behavior\WriteHtmlCacheBehavior [ RunTime:0.000830s ]
INFO: [ view_filter ] --END-- [ RunTime:0.000861s ]
INFO: [ app_end ] --START--
INFO: Run Behavior\ShowPageTraceBehavior [ RunTime:0.001147s ]
INFO: [ app_end ] --END-- [ RunTime:0.001204s ]

[ 2016-09-11T15:59:56+08:00 ] 127.0.0.1 /signup/admin.php/Home/Account/stuList.html
INFO: [ app_init ] --START--
INFO: Run Behavior\BuildLiteBehavior [ RunTime:0.000012s ]
INFO: [ app_init ] --END-- [ RunTime:0.000491s ]
INFO: [ app_begin ] --START--
INFO: Run Behavior\ReadHtmlCacheBehavior [ RunTime:0.000743s ]
INFO: [ app_begin ] --END-- [ RunTime:0.000783s ]
SQL: SHOW COLUMNS FROM `reg_admin` [ RunTime:0.0055s ]
SQL: SELECT * FROM `reg_admin` WHERE `id` = 1 AND `username` = 'admin' LIMIT 1   [ RunTime:0.0003s ]
SQL: SHOW COLUMNS FROM `reg_student` [ RunTime:0.0032s ]
NOTIC: [8] Undefined index: p D:\phpStudy\WWW\signup\Admin\Home\Controller\AccountController.class.php 第 97 行.
SQL: SELECT * FROM `reg_student` ORDER BY matchid desc,collegeid asc,num asc LIMIT 0,20   [ RunTime:0.0003s ]
SQL: SHOW COLUMNS FROM `reg_match` [ RunTime:0.0035s ]
SQL: SELECT `title` FROM `reg_match` WHERE `id` = 172 LIMIT 1   [ RunTime:0.0002s ]
SQL: SHOW COLUMNS FROM `reg_college` [ RunTime:0.0029s ]
SQL: SELECT `college` FROM `reg_college` WHERE `id` = 6 LIMIT 1   [ RunTime:0.0002s ]
SQL: SELECT `title` FROM `reg_match` WHERE `id` = 172 LIMIT 1   [ RunTime:0.0004s ]
SQL: SELECT `college` FROM `reg_college` WHERE `id` = 6 LIMIT 1   [ RunTime:0.0004s ]
SQL: SELECT `title` FROM `reg_match` WHERE `id` = 172 LIMIT 1   [ RunTime:0.0003s ]
SQL: SELECT `college` FROM `reg_college` WHERE `id` = 6 LIMIT 1   [ RunTime:0.0002s ]
SQL: SELECT `title` FROM `reg_match` WHERE `id` = 172 LIMIT 1   [ RunTime:0.0002s ]
SQL: SELECT `college` FROM `reg_college` WHERE `id` = 6 LIMIT 1   [ RunTime:0.0002s ]
SQL: SELECT `title` FROM `reg_match` WHERE `id` = 172 LIMIT 1   [ RunTime:0.0002s ]
SQL: SELECT `college` FROM `reg_college` WHERE `id` = 6 LIMIT 1   [ RunTime:0.0002s ]
SQL: SELECT `title` FROM `reg_match` WHERE `id` = 172 LIMIT 1   [ RunTime:0.0002s ]
SQL: SELECT `college` FROM `reg_college` WHERE `id` = 6 LIMIT 1   [ RunTime:0.0001s ]
SQL: SELECT `title` FROM `reg_match` WHERE `id` = 172 LIMIT 1   [ RunTime:0.0001s ]
SQL: SELECT `college` FROM `reg_college` WHERE `id` = 6 LIMIT 1   [ RunTime:0.0002s ]
SQL: SELECT `title` FROM `reg_match` WHERE `id` = 172 LIMIT 1   [ RunTime:0.0002s ]
SQL: SELECT `college` FROM `reg_college` WHERE `id` = 6 LIMIT 1   [ RunTime:0.0003s ]
SQL: SELECT `title` FROM `reg_match` WHERE `id` = 172 LIMIT 1   [ RunTime:0.0003s ]
SQL: SELECT `college` FROM `reg_college` WHERE `id` = 6 LIMIT 1   [ RunTime:0.0003s ]
SQL: SELECT `title` FROM `reg_match` WHERE `id` = 172 LIMIT 1   [ RunTime:0.0002s ]
SQL: SELECT `college` FROM `reg_college` WHERE `id` = 6 LIMIT 1   [ RunTime:0.0002s ]
SQL: SELECT `title` FROM `reg_match` WHERE `id` = 169 LIMIT 1   [ RunTime:0.0002s ]
SQL: SELECT `college` FROM `reg_college` WHERE `id` = 6 LIMIT 1   [ RunTime:0.0002s ]
SQL: SELECT `title` FROM `reg_match` WHERE `id` = 169 LIMIT 1   [ RunTime:0.0002s ]
SQL: SELECT `college` FROM `reg_college` WHERE `id` = 6 LIMIT 1   [ RunTime:0.0002s ]
SQL: SELECT `title` FROM `reg_match` WHERE `id` = 169 LIMIT 1   [ RunTime:0.0001s ]
SQL: SELECT `college` FROM `reg_college` WHERE `id` = 6 LIMIT 1   [ RunTime:0.0001s ]
SQL: SELECT `title` FROM `reg_match` WHERE `id` = 169 LIMIT 1   [ RunTime:0.0001s ]
SQL: SELECT `college` FROM `reg_college` WHERE `id` = 6 LIMIT 1   [ RunTime:0.0001s ]
SQL: SELECT `title` FROM `reg_match` WHERE `id` = 169 LIMIT 1   [ RunTime:0.0002s ]
SQL: SELECT `college` FROM `reg_college` WHERE `id` = 6 LIMIT 1   [ RunTime:0.0002s ]
SQL: SELECT `title` FROM `reg_match` WHERE `id` = 169 LIMIT 1   [ RunTime:0.0002s ]
SQL: SELECT `college` FROM `reg_college` WHERE `id` = 6 LIMIT 1   [ RunTime:0.0002s ]
SQL: SELECT `title` FROM `reg_match` WHERE `id` = 169 LIMIT 1   [ RunTime:0.0002s ]
SQL: SELECT `college` FROM `reg_college` WHERE `id` = 6 LIMIT 1   [ RunTime:0.0001s ]
SQL: SELECT `title` FROM `reg_match` WHERE `id` = 169 LIMIT 1   [ RunTime:0.0001s ]
SQL: SELECT `college` FROM `reg_college` WHERE `id` = 6 LIMIT 1   [ RunTime:0.0002s ]
SQL: SELECT `title` FROM `reg_match` WHERE `id` = 169 LIMIT 1   [ RunTime:0.0002s ]
SQL: SELECT `college` FROM `reg_college` WHERE `id` = 6 LIMIT 1   [ RunTime:0.0002s ]
SQL: SELECT `title` FROM `reg_match` WHERE `id` = 169 LIMIT 1   [ RunTime:0.0002s ]
SQL: SELECT `college` FROM `reg_college` WHERE `id` = 6 LIMIT 1   [ RunTime:0.0001s ]
SQL: SELECT COUNT(*) AS tp_count FROM `reg_student` LIMIT 1   [ RunTime:0.0001s ]
SQL: SHOW COLUMNS FROM `reg_match` [ RunTime:0.0033s ]
SQL: SELECT * FROM `reg_match`  [ RunTime:0.0007s ]
SQL: SELECT * FROM `reg_college`  [ RunTime:0.0008s ]
INFO: [ view_parse ] --START--
INFO: [ template_filter ] --START--
INFO: Run Behavior\ContentReplaceBehavior [ RunTime:0.000044s ]
INFO: [ template_filter ] --END-- [ RunTime:0.000092s ]
INFO: Run Behavior\ParseTemplateBehavior [ RunTime:0.012551s ]
INFO: [ view_parse ] --END-- [ RunTime:0.012616s ]
INFO: [ view_filter ] --START--
INFO: Run Behavior\WriteHtmlCacheBehavior [ RunTime:0.000784s ]
INFO: [ view_filter ] --END-- [ RunTime:0.000819s ]
INFO: [ app_end ] --START--
INFO: Run Behavior\ShowPageTraceBehavior [ RunTime:0.001277s ]
INFO: [ app_end ] --END-- [ RunTime:0.001360s ]

[ 2016-09-11T15:59:58+08:00 ] 127.0.0.1 /signup/admin.php/Home/Match/index.html
INFO: [ app_init ] --START--
INFO: Run Behavior\BuildLiteBehavior [ RunTime:0.000015s ]
INFO: [ app_init ] --END-- [ RunTime:0.000877s ]
INFO: [ app_begin ] --START--
INFO: Run Behavior\ReadHtmlCacheBehavior [ RunTime:0.000993s ]
INFO: [ app_begin ] --END-- [ RunTime:0.001059s ]
SQL: SHOW COLUMNS FROM `reg_admin` [ RunTime:0.0039s ]
SQL: SELECT * FROM `reg_admin` WHERE `id` = 1 AND `username` = 'admin' LIMIT 1   [ RunTime:0.0003s ]
SQL: SHOW COLUMNS FROM `reg_match` [ RunTime:0.0050s ]
NOTIC: [8] Undefined index: p D:\phpStudy\WWW\signup\Admin\Home\Controller\MatchController.class.php 第 18 行.
SQL: SELECT * FROM `reg_match` ORDER BY id desc LIMIT 0,20   [ RunTime:0.0004s ]
SQL: SELECT COUNT(*) AS tp_count FROM `reg_match` LIMIT 1   [ RunTime:0.0002s ]
INFO: [ view_parse ] --START--
INFO: [ template_filter ] --START--
INFO: Run Behavior\ContentReplaceBehavior [ RunTime:0.000082s ]
INFO: [ template_filter ] --END-- [ RunTime:0.000191s ]
INFO: Run Behavior\ParseTemplateBehavior [ RunTime:0.030190s ]
INFO: [ view_parse ] --END-- [ RunTime:0.030276s ]
INFO: [ view_filter ] --START--
INFO: Run Behavior\WriteHtmlCacheBehavior [ RunTime:0.001543s ]
INFO: [ view_filter ] --END-- [ RunTime:0.001616s ]
INFO: [ app_end ] --START--
INFO: Run Behavior\ShowPageTraceBehavior [ RunTime:0.001674s ]
INFO: [ app_end ] --END-- [ RunTime:0.001744s ]

[ 2016-09-11T16:00:06+08:00 ] 127.0.0.1 /signup/admin.php/Home/Match/fix/id/172.html
INFO: [ app_init ] --START--
INFO: Run Behavior\BuildLiteBehavior [ RunTime:0.000012s ]
INFO: [ app_init ] --END-- [ RunTime:0.000470s ]
INFO: [ app_begin ] --START--
INFO: Run Behavior\ReadHtmlCacheBehavior [ RunTime:0.000790s ]
INFO: [ app_begin ] --END-- [ RunTime:0.000834s ]
SQL: SHOW COLUMNS FROM `reg_admin` [ RunTime:0.0043s ]
SQL: SELECT * FROM `reg_admin` WHERE `id` = 1 AND `username` = 'admin' LIMIT 1   [ RunTime:0.0004s ]
SQL: SHOW COLUMNS FROM `reg_match` [ RunTime:0.0041s ]
SQL: SELECT * FROM `reg_match` WHERE `id` = 172 LIMIT 1   [ RunTime:0.0003s ]
INFO: [ view_parse ] --START--
INFO: [ template_filter ] --START--
INFO: Run Behavior\ContentReplaceBehavior [ RunTime:0.000059s ]
INFO: [ template_filter ] --END-- [ RunTime:0.000120s ]
INFO: Run Behavior\ParseTemplateBehavior [ RunTime:0.089299s ]
INFO: [ view_parse ] --END-- [ RunTime:0.089356s ]
INFO: [ view_filter ] --START--
INFO: Run Behavior\WriteHtmlCacheBehavior [ RunTime:0.000693s ]
INFO: [ view_filter ] --END-- [ RunTime:0.000726s ]
INFO: [ app_end ] --START--
INFO: Run Behavior\ShowPageTraceBehavior [ RunTime:0.000829s ]
INFO: [ app_end ] --END-- [ RunTime:0.000860s ]

[ 2016-09-11T16:00:09+08:00 ] 127.0.0.1 /signup/admin.php/Home/Match/runFix.html
INFO: [ app_init ] --START--
INFO: Run Behavior\BuildLiteBehavior [ RunTime:0.000011s ]
INFO: [ app_init ] --END-- [ RunTime:0.000440s ]
INFO: [ app_begin ] --START--
INFO: Run Behavior\ReadHtmlCacheBehavior [ RunTime:0.000744s ]
INFO: [ app_begin ] --END-- [ RunTime:0.000785s ]
SQL: SHOW COLUMNS FROM `reg_admin` [ RunTime:0.0035s ]
SQL: SELECT * FROM `reg_admin` WHERE `id` = 1 AND `username` = 'admin' LIMIT 1   [ RunTime:0.0003s ]
SQL: SHOW COLUMNS FROM `reg_match` [ RunTime:0.0032s ]
SQL: SELECT * FROM `reg_match` WHERE `id` = 172 LIMIT 1   [ RunTime:0.0003s ]
NOTIC: [8] Undefined index: doc D:\phpStudy\WWW\signup\Admin\Home\Controller\MatchController.class.php 第 151 行.
NOTIC: [8] Undefined index: img D:\phpStudy\WWW\signup\Admin\Home\Controller\MatchController.class.php 第 159 行.
SQL: UPDATE `reg_match` SET `title`='2017大挑战杯',`info`='2017大挑战杯，欢迎大家积极参与！！！',`limit`='6',`extension`='[\"zip\",\"rar\",\"7z\"]',`starttime`='2016-09-11' WHERE `id` = 172 [ RunTime:0.0579s ]
NOTIC: [2] unlink(./Uploads/Match/InfoDoc/14731450024848.pdf): No such file or directory D:\phpStudy\WWW\signup\Admin\Home\Controller\MatchController.class.php 第 201 行.
INFO: [ view_parse ] --START--
INFO: [ template_filter ] --START--
INFO: Run Behavior\ContentReplaceBehavior [ RunTime:0.000047s ]
INFO: [ template_filter ] --END-- [ RunTime:0.000109s ]
INFO: Run Behavior\ParseTemplateBehavior [ RunTime:0.008034s ]
INFO: [ view_parse ] --END-- [ RunTime:0.008095s ]
INFO: [ view_filter ] --START--
INFO: Run Behavior\WriteHtmlCacheBehavior [ RunTime:0.000843s ]
INFO: [ view_filter ] --END-- [ RunTime:0.000881s ]
INFO: [ app_end ] --START--
INFO: Run Behavior\ShowPageTraceBehavior [ RunTime:0.000933s ]
INFO: [ app_end ] --END-- [ RunTime:0.000974s ]

[ 2016-09-11T16:00:10+08:00 ] 127.0.0.1 /signup/admin.php/Home/Match/fix/id/172.html
INFO: [ app_init ] --START--
INFO: Run Behavior\BuildLiteBehavior [ RunTime:0.000043s ]
INFO: [ app_init ] --END-- [ RunTime:0.000963s ]
INFO: [ app_begin ] --START--
INFO: Run Behavior\ReadHtmlCacheBehavior [ RunTime:0.001030s ]
INFO: [ app_begin ] --END-- [ RunTime:0.001112s ]
SQL: SHOW COLUMNS FROM `reg_admin` [ RunTime:0.0046s ]
SQL: SELECT * FROM `reg_admin` WHERE `id` = 1 AND `username` = 'admin' LIMIT 1   [ RunTime:0.0005s ]
SQL: SHOW COLUMNS FROM `reg_match` [ RunTime:0.0045s ]
SQL: SELECT * FROM `reg_match` WHERE `id` = 172 LIMIT 1   [ RunTime:0.0003s ]
INFO: [ view_parse ] --START--
INFO: [ template_filter ] --START--
INFO: Run Behavior\ContentReplaceBehavior [ RunTime:0.000045s ]
INFO: [ template_filter ] --END-- [ RunTime:0.000093s ]
INFO: Run Behavior\ParseTemplateBehavior [ RunTime:0.008509s ]
INFO: [ view_parse ] --END-- [ RunTime:0.008587s ]
INFO: [ view_filter ] --START--
INFO: Run Behavior\WriteHtmlCacheBehavior [ RunTime:0.000819s ]
INFO: [ view_filter ] --END-- [ RunTime:0.000853s ]
INFO: [ app_end ] --START--
INFO: Run Behavior\ShowPageTraceBehavior [ RunTime:0.000790s ]
INFO: [ app_end ] --END-- [ RunTime:0.000823s ]

[ 2016-09-11T16:00:11+08:00 ] 127.0.0.1 /signup/admin.php/Home/Match/fix/id/172.html
INFO: [ app_init ] --START--
INFO: Run Behavior\BuildLiteBehavior [ RunTime:0.000012s ]
INFO: [ app_init ] --END-- [ RunTime:0.000468s ]
INFO: [ app_begin ] --START--
INFO: Run Behavior\ReadHtmlCacheBehavior [ RunTime:0.000897s ]
INFO: [ app_begin ] --END-- [ RunTime:0.000953s ]
SQL: SHOW COLUMNS FROM `reg_admin` [ RunTime:0.0036s ]
SQL: SELECT * FROM `reg_admin` WHERE `id` = 1 AND `username` = 'admin' LIMIT 1   [ RunTime:0.0003s ]
SQL: SHOW COLUMNS FROM `reg_match` [ RunTime:0.0036s ]
SQL: SELECT * FROM `reg_match` WHERE `id` = 172 LIMIT 1   [ RunTime:0.0003s ]
INFO: [ view_parse ] --START--
INFO: [ template_filter ] --START--
INFO: Run Behavior\ContentReplaceBehavior [ RunTime:0.000054s ]
INFO: [ template_filter ] --END-- [ RunTime:0.000110s ]
INFO: Run Behavior\ParseTemplateBehavior [ RunTime:0.008523s ]
INFO: [ view_parse ] --END-- [ RunTime:0.008578s ]
INFO: [ view_filter ] --START--
INFO: Run Behavior\WriteHtmlCacheBehavior [ RunTime:0.000766s ]
INFO: [ view_filter ] --END-- [ RunTime:0.000811s ]
INFO: [ app_end ] --START--
INFO: Run Behavior\ShowPageTraceBehavior [ RunTime:0.000842s ]
INFO: [ app_end ] --END-- [ RunTime:0.000874s ]

[ 2016-09-11T16:00:13+08:00 ] 127.0.0.1 /signup/admin.php/Home/Match/fix/id/172.html
INFO: [ app_init ] --START--
INFO: Run Behavior\BuildLiteBehavior [ RunTime:0.000014s ]
INFO: [ app_init ] --END-- [ RunTime:0.000554s ]
INFO: [ app_begin ] --START--
INFO: Run Behavior\ReadHtmlCacheBehavior [ RunTime:0.000757s ]
INFO: [ app_begin ] --END-- [ RunTime:0.000807s ]
SQL: SHOW COLUMNS FROM `reg_admin` [ RunTime:0.0049s ]
SQL: SELECT * FROM `reg_admin` WHERE `id` = 1 AND `username` = 'admin' LIMIT 1   [ RunTime:0.0003s ]
SQL: SHOW COLUMNS FROM `reg_match` [ RunTime:0.0035s ]
SQL: SELECT * FROM `reg_match` WHERE `id` = 172 LIMIT 1   [ RunTime:0.0003s ]
INFO: [ view_parse ] --START--
INFO: [ template_filter ] --START--
INFO: Run Behavior\ContentReplaceBehavior [ RunTime:0.000043s ]
INFO: [ template_filter ] --END-- [ RunTime:0.000086s ]
INFO: Run Behavior\ParseTemplateBehavior [ RunTime:0.008826s ]
INFO: [ view_parse ] --END-- [ RunTime:0.008875s ]
INFO: [ view_filter ] --START--
INFO: Run Behavior\WriteHtmlCacheBehavior [ RunTime:0.000667s ]
INFO: [ view_filter ] --END-- [ RunTime:0.000696s ]
INFO: [ app_end ] --START--
INFO: Run Behavior\ShowPageTraceBehavior [ RunTime:0.000799s ]
INFO: [ app_end ] --END-- [ RunTime:0.000831s ]

[ 2016-09-11T16:00:14+08:00 ] 127.0.0.1 /signup/admin.php/Home/Match/index.html
INFO: [ app_init ] --START--
INFO: Run Behavior\BuildLiteBehavior [ RunTime:0.000011s ]
INFO: [ app_init ] --END-- [ RunTime:0.000454s ]
INFO: [ app_begin ] --START--
INFO: Run Behavior\ReadHtmlCacheBehavior [ RunTime:0.000759s ]
INFO: [ app_begin ] --END-- [ RunTime:0.000810s ]
SQL: SHOW COLUMNS FROM `reg_admin` [ RunTime:0.0055s ]
SQL: SELECT * FROM `reg_admin` WHERE `id` = 1 AND `username` = 'admin' LIMIT 1   [ RunTime:0.0003s ]
SQL: SHOW COLUMNS FROM `reg_match` [ RunTime:0.0035s ]
NOTIC: [8] Undefined index: p D:\phpStudy\WWW\signup\Admin\Home\Controller\MatchController.class.php 第 18 行.
SQL: SELECT * FROM `reg_match` ORDER BY id desc LIMIT 0,20   [ RunTime:0.0003s ]
SQL: SELECT COUNT(*) AS tp_count FROM `reg_match` LIMIT 1   [ RunTime:0.0001s ]
INFO: [ view_parse ] --START--
INFO: [ template_filter ] --START--
INFO: Run Behavior\ContentReplaceBehavior [ RunTime:0.000043s ]
INFO: [ template_filter ] --END-- [ RunTime:0.000090s ]
INFO: Run Behavior\ParseTemplateBehavior [ RunTime:0.009617s ]
INFO: [ view_parse ] --END-- [ RunTime:0.009671s ]
INFO: [ view_filter ] --START--
INFO: Run Behavior\WriteHtmlCacheBehavior [ RunTime:0.000682s ]
INFO: [ view_filter ] --END-- [ RunTime:0.000709s ]
INFO: [ app_end ] --START--
INFO: Run Behavior\ShowPageTraceBehavior [ RunTime:0.000797s ]
INFO: [ app_end ] --END-- [ RunTime:0.000827s ]

[ 2016-09-11T16:00:19+08:00 ] 127.0.0.1 /signup/admin.php/Home/Teashow/index.html
INFO: [ app_init ] --START--
INFO: Run Behavior\BuildLiteBehavior [ RunTime:0.000011s ]
INFO: [ app_init ] --END-- [ RunTime:0.000482s ]
INFO: [ app_begin ] --START--
INFO: Run Behavior\ReadHtmlCacheBehavior [ RunTime:0.000792s ]
INFO: [ app_begin ] --END-- [ RunTime:0.000831s ]
SQL: SHOW COLUMNS FROM `reg_admin` [ RunTime:0.0035s ]
SQL: SELECT * FROM `reg_admin` WHERE `id` = 1 AND `username` = 'admin' LIMIT 1   [ RunTime:0.0003s ]
SQL: SHOW COLUMNS FROM `reg_teashow` [ RunTime:0.0219s ]
NOTIC: [8] Undefined index: p D:\phpStudy\WWW\signup\Admin\Home\Controller\TeashowController.class.php 第 20 行.
SQL: SELECT * FROM `reg_teashow` ORDER BY id asc LIMIT 0,10   [ RunTime:0.0003s ]
SQL: SELECT COUNT(*) AS tp_count FROM `reg_teashow` LIMIT 1   [ RunTime:0.0001s ]
INFO: [ view_parse ] --START--
INFO: [ template_filter ] --START--
INFO: Run Behavior\ContentReplaceBehavior [ RunTime:0.000039s ]
INFO: [ template_filter ] --END-- [ RunTime:0.000083s ]
INFO: Run Behavior\ParseTemplateBehavior [ RunTime:0.050632s ]
INFO: [ view_parse ] --END-- [ RunTime:0.050702s ]
INFO: [ view_filter ] --START--
INFO: Run Behavior\WriteHtmlCacheBehavior [ RunTime:0.000810s ]
INFO: [ view_filter ] --END-- [ RunTime:0.000851s ]
INFO: [ app_end ] --START--
INFO: Run Behavior\ShowPageTraceBehavior [ RunTime:0.000845s ]
INFO: [ app_end ] --END-- [ RunTime:0.000879s ]

[ 2016-09-11T16:00:36+08:00 ] 127.0.0.1 /signup/admin.php/Home/Teashow/fix/id/4107.html
INFO: [ app_init ] --START--
INFO: Run Behavior\BuildLiteBehavior [ RunTime:0.000011s ]
INFO: [ app_init ] --END-- [ RunTime:0.000459s ]
INFO: [ app_begin ] --START--
INFO: Run Behavior\ReadHtmlCacheBehavior [ RunTime:0.000786s ]
INFO: [ app_begin ] --END-- [ RunTime:0.000826s ]
SQL: SHOW COLUMNS FROM `reg_admin` [ RunTime:0.0039s ]
SQL: SELECT * FROM `reg_admin` WHERE `id` = 1 AND `username` = 'admin' LIMIT 1   [ RunTime:0.0003s ]
SQL: SHOW COLUMNS FROM `reg_teashow` [ RunTime:0.0037s ]
SQL: SELECT * FROM `reg_teashow` WHERE `id` = 4107 LIMIT 1   [ RunTime:0.0003s ]
INFO: [ view_parse ] --START--
INFO: [ template_filter ] --START--
INFO: Run Behavior\ContentReplaceBehavior [ RunTime:0.000051s ]
INFO: [ template_filter ] --END-- [ RunTime:0.000105s ]
INFO: Run Behavior\ParseTemplateBehavior [ RunTime:0.015554s ]
INFO: [ view_parse ] --END-- [ RunTime:0.015645s ]
INFO: [ view_filter ] --START--
INFO: Run Behavior\WriteHtmlCacheBehavior [ RunTime:0.000941s ]
INFO: [ view_filter ] --END-- [ RunTime:0.000983s ]
INFO: [ app_end ] --START--
INFO: Run Behavior\ShowPageTraceBehavior [ RunTime:0.001347s ]
INFO: [ app_end ] --END-- [ RunTime:0.001387s ]

[ 2016-09-11T16:00:42+08:00 ] 127.0.0.1 /signup/admin.php/Home/Index/index.html
INFO: [ app_init ] --START--
INFO: Run Behavior\BuildLiteBehavior [ RunTime:0.000010s ]
INFO: [ app_init ] --END-- [ RunTime:0.000411s ]
INFO: [ app_begin ] --START--
INFO: Run Behavior\ReadHtmlCacheBehavior [ RunTime:0.000762s ]
INFO: [ app_begin ] --END-- [ RunTime:0.000802s ]
SQL: SHOW COLUMNS FROM `reg_admin` [ RunTime:0.0039s ]
SQL: SELECT * FROM `reg_admin` WHERE `id` = 1 AND `username` = 'admin' LIMIT 1   [ RunTime:0.0003s ]
INFO: [ view_parse ] --START--
INFO: [ template_filter ] --START--
INFO: Run Behavior\ContentReplaceBehavior [ RunTime:0.000044s ]
INFO: [ template_filter ] --END-- [ RunTime:0.000092s ]
INFO: Run Behavior\ParseTemplateBehavior [ RunTime:0.007995s ]
INFO: [ view_parse ] --END-- [ RunTime:0.008045s ]
INFO: [ view_filter ] --START--
INFO: Run Behavior\WriteHtmlCacheBehavior [ RunTime:0.000760s ]
INFO: [ view_filter ] --END-- [ RunTime:0.000792s ]
INFO: [ app_end ] --START--
INFO: Run Behavior\ShowPageTraceBehavior [ RunTime:0.000787s ]
INFO: [ app_end ] --END-- [ RunTime:0.000818s ]

[ 2016-09-11T16:00:44+08:00 ] 127.0.0.1 /signup/admin.php/Home/Login/logout.html
INFO: [ app_init ] --START--
INFO: Run Behavior\BuildLiteBehavior [ RunTime:0.000010s ]
INFO: [ app_init ] --END-- [ RunTime:0.000406s ]
INFO: [ app_begin ] --START--
INFO: Run Behavior\ReadHtmlCacheBehavior [ RunTime:0.000748s ]
INFO: [ app_begin ] --END-- [ RunTime:0.000790s ]
INFO: [ view_parse ] --START--
INFO: [ template_filter ] --START--
INFO: Run Behavior\ContentReplaceBehavior [ RunTime:0.000038s ]
INFO: [ template_filter ] --END-- [ RunTime:0.000085s ]
INFO: Run Behavior\ParseTemplateBehavior [ RunTime:0.006557s ]
INFO: [ view_parse ] --END-- [ RunTime:0.006609s ]
INFO: [ view_filter ] --START--
INFO: Run Behavior\WriteHtmlCacheBehavior [ RunTime:0.000670s ]
INFO: [ view_filter ] --END-- [ RunTime:0.000704s ]
INFO: [ app_end ] --START--
INFO: Run Behavior\ShowPageTraceBehavior [ RunTime:0.000786s ]
INFO: [ app_end ] --END-- [ RunTime:0.000818s ]

