[ 2016-10-14T13:01:56+08:00 ] 127.0.0.1 /signup/admin.php
INFO: [ app_init ] --START--
INFO: Run Behavior\BuildLiteBehavior [ RunTime:0.000000s ]
INFO: [ app_init ] --END-- [ RunTime:0.000000s ]
INFO: [ app_begin ] --START--
INFO: Run Behavior\ReadHtmlCacheBehavior [ RunTime:0.001001s ]
INFO: [ app_begin ] --END-- [ RunTime:0.002001s ]
SQL: SHOW COLUMNS FROM `reg_admin` [ RunTime:0.0430s ]
SQL: SELECT * FROM `reg_admin` WHERE `id` = null AND `username` = null LIMIT 1   [ RunTime:0.0000s ]

[ 2016-10-14T13:01:56+08:00 ] 127.0.0.1 /signup/admin.php/Home/Login/index.html
INFO: [ app_init ] --START--
INFO: Run Behavior\BuildLiteBehavior [ RunTime:0.000000s ]
INFO: [ app_init ] --END-- [ RunTime:0.000000s ]
INFO: [ app_begin ] --START--
INFO: Run Behavior\ReadHtmlCacheBehavior [ RunTime:0.000000s ]
INFO: [ app_begin ] --END-- [ RunTime:0.000000s ]
INFO: [ view_parse ] --START--
INFO: [ template_filter ] --START--
INFO: Run Behavior\ContentReplaceBehavior [ RunTime:0.000000s ]
INFO: [ template_filter ] --END-- [ RunTime:0.001000s ]
INFO: Run Behavior\ParseTemplateBehavior [ RunTime:0.089002s ]
INFO: [ view_parse ] --END-- [ RunTime:0.090002s ]
INFO: [ view_filter ] --START--
INFO: Run Behavior\WriteHtmlCacheBehavior [ RunTime:0.000000s ]
INFO: [ view_filter ] --END-- [ RunTime:0.000000s ]
INFO: [ app_end ] --START--
INFO: Run Behavior\ShowPageTraceBehavior [ RunTime:0.000000s ]
INFO: [ app_end ] --END-- [ RunTime:0.000000s ]

[ 2016-10-14T13:01:56+08:00 ] 127.0.0.1 /signup/admin.php/Home/Login/verify.html
INFO: [ app_init ] --START--
INFO: Run Behavior\BuildLiteBehavior [ RunTime:0.000000s ]
INFO: [ app_init ] --END-- [ RunTime:0.000000s ]
INFO: [ app_begin ] --START--
INFO: Run Behavior\ReadHtmlCacheBehavior [ RunTime:0.000000s ]
INFO: [ app_begin ] --END-- [ RunTime:0.000000s ]
INFO: [ app_end ] --START--
INFO: Run Behavior\ShowPageTraceBehavior [ RunTime:0.000000s ]
INFO: [ app_end ] --END-- [ RunTime:0.010000s ]

[ 2016-10-14T13:02:00+08:00 ] 127.0.0.1 /signup/admin.php/Home/Login/login.html
INFO: [ app_init ] --START--
INFO: Run Behavior\BuildLiteBehavior [ RunTime:0.000000s ]
INFO: [ app_init ] --END-- [ RunTime:0.000000s ]
INFO: [ app_begin ] --START--
INFO: Run Behavior\ReadHtmlCacheBehavior [ RunTime:0.000000s ]
INFO: [ app_begin ] --END-- [ RunTime:0.000000s ]
SQL: SHOW COLUMNS FROM `reg_admin` [ RunTime:0.0000s ]
SQL: SELECT * FROM `reg_admin` WHERE `username` = 'admin' AND `password` = '501e0bbac99eb3673e5df715eacd9d0efb5601f5' LIMIT 1   [ RunTime:0.0000s ]
SQL: UPDATE `reg_admin` SET `logindate`='2016-10-14 13:02:00',`loginip`='127.0.0.1' WHERE `username` = 'admin' AND `password` = '501e0bbac99eb3673e5df715eacd9d0efb5601f5' [ RunTime:0.0000s ]
INFO: [ view_parse ] --START--
INFO: [ template_filter ] --START--
INFO: Run Behavior\ContentReplaceBehavior [ RunTime:0.000000s ]
INFO: [ template_filter ] --END-- [ RunTime:0.000000s ]
INFO: Run Behavior\ParseTemplateBehavior [ RunTime:0.040000s ]
INFO: [ view_parse ] --END-- [ RunTime:0.050000s ]
INFO: [ view_filter ] --START--
INFO: Run Behavior\WriteHtmlCacheBehavior [ RunTime:0.000000s ]
INFO: [ view_filter ] --END-- [ RunTime:0.000000s ]
INFO: [ app_end ] --START--
INFO: Run Behavior\ShowPageTraceBehavior [ RunTime:0.000000s ]
INFO: [ app_end ] --END-- [ RunTime:0.000000s ]

[ 2016-10-14T13:02:02+08:00 ] 127.0.0.1 /signup/admin.php/Home/Index/index.html
INFO: [ app_init ] --START--
INFO: Run Behavior\BuildLiteBehavior [ RunTime:0.000000s ]
INFO: [ app_init ] --END-- [ RunTime:0.000000s ]
INFO: [ app_begin ] --START--
INFO: Run Behavior\ReadHtmlCacheBehavior [ RunTime:0.000000s ]
INFO: [ app_begin ] --END-- [ RunTime:0.000000s ]
SQL: SHOW COLUMNS FROM `reg_admin` [ RunTime:0.0000s ]
SQL: SELECT * FROM `reg_admin` WHERE `id` = 1 AND `username` = 'admin' LIMIT 1   [ RunTime:0.0000s ]
INFO: [ view_parse ] --START--
INFO: [ template_filter ] --START--
INFO: Run Behavior\ContentReplaceBehavior [ RunTime:0.000000s ]
INFO: [ template_filter ] --END-- [ RunTime:0.010000s ]
INFO: Run Behavior\ParseTemplateBehavior [ RunTime:0.051000s ]
INFO: [ view_parse ] --END-- [ RunTime:0.051000s ]
INFO: [ view_filter ] --START--
INFO: Run Behavior\WriteHtmlCacheBehavior [ RunTime:0.000000s ]
INFO: [ view_filter ] --END-- [ RunTime:0.000000s ]
INFO: [ app_end ] --START--
INFO: Run Behavior\ShowPageTraceBehavior [ RunTime:0.000000s ]
INFO: [ app_end ] --END-- [ RunTime:0.000000s ]

[ 2016-10-14T13:02:07+08:00 ] 127.0.0.1 /signup/admin.php/Home/Reginfo/index.html
INFO: [ app_init ] --START--
INFO: Run Behavior\BuildLiteBehavior [ RunTime:0.000000s ]
INFO: [ app_init ] --END-- [ RunTime:0.002000s ]
INFO: [ app_begin ] --START--
INFO: Run Behavior\ReadHtmlCacheBehavior [ RunTime:0.001000s ]
INFO: [ app_begin ] --END-- [ RunTime:0.001000s ]
SQL: SHOW COLUMNS FROM `reg_admin` [ RunTime:0.0000s ]
SQL: SELECT * FROM `reg_admin` WHERE `id` = 1 AND `username` = 'admin' LIMIT 1   [ RunTime:0.0100s ]
SQL: SHOW COLUMNS FROM `reg_match` [ RunTime:0.0700s ]
NOTIC: [8] Undefined index: p D:\phpStudy\WWW\signup\Admin\Home\Controller\ReginfoController.class.php 第 19 行.
SQL: SELECT * FROM `reg_match` LIMIT 0,10   [ RunTime:0.0000s ]
SQL: SELECT COUNT(*) AS tp_count FROM `reg_match` LIMIT 1   [ RunTime:0.0000s ]
INFO: [ view_parse ] --START--
INFO: [ template_filter ] --START--
INFO: Run Behavior\ContentReplaceBehavior [ RunTime:0.000000s ]
INFO: [ template_filter ] --END-- [ RunTime:0.002000s ]
INFO: Run Behavior\ParseTemplateBehavior [ RunTime:0.062002s ]
INFO: [ view_parse ] --END-- [ RunTime:0.062002s ]
INFO: [ view_filter ] --START--
INFO: Run Behavior\WriteHtmlCacheBehavior [ RunTime:0.000000s ]
INFO: [ view_filter ] --END-- [ RunTime:0.000000s ]
INFO: [ app_end ] --START--
INFO: Run Behavior\ShowPageTraceBehavior [ RunTime:0.000000s ]
INFO: [ app_end ] --END-- [ RunTime:0.000000s ]

[ 2016-10-14T13:02:09+08:00 ] 127.0.0.1 /signup/admin.php/Home/Reginfo/reginfo/m/1.html
INFO: [ app_init ] --START--
INFO: Run Behavior\BuildLiteBehavior [ RunTime:0.000000s ]
INFO: [ app_init ] --END-- [ RunTime:0.002000s ]
INFO: [ app_begin ] --START--
INFO: Run Behavior\ReadHtmlCacheBehavior [ RunTime:0.001000s ]
INFO: [ app_begin ] --END-- [ RunTime:0.002000s ]
SQL: SHOW COLUMNS FROM `reg_admin` [ RunTime:0.0100s ]
SQL: SELECT * FROM `reg_admin` WHERE `id` = 1 AND `username` = 'admin' LIMIT 1   [ RunTime:0.0000s ]
SQL: SHOW COLUMNS FROM `reg_match` [ RunTime:0.0100s ]
SQL: SELECT * FROM `reg_match` WHERE `id` = 1 LIMIT 1   [ RunTime:0.0000s ]
SQL: SHOW COLUMNS FROM `reg_reginfo` [ RunTime:0.0410s ]
SQL: SELECT * FROM `reg_reginfo` WHERE `matchid` = 1 ORDER BY date desc  [ RunTime:0.0100s ]
SQL: SHOW COLUMNS FROM `reg_task` [ RunTime:0.0500s ]
SQL: SELECT TE.CODE,TA.SCORE,TA.SUGGEST FROM reg_task AS TA left join reg_teacher AS TE on TA.pwid=TE.id  WHERE `projectid` = '4'  [ RunTime:0.0490s ]
NOTIC: [2] Division by zero D:\phpStudy\WWW\signup\Admin\Home\Model\CommonModel.class.php 第 79 行.
SQL: SHOW COLUMNS FROM `reg_task` [ RunTime:0.0000s ]
SQL: SELECT TE.CODE,TA.SCORE,TA.SUGGEST FROM reg_task AS TA left join reg_teacher AS TE on TA.pwid=TE.id  WHERE `projectid` = '3'  [ RunTime:0.0000s ]
SQL: SHOW COLUMNS FROM `reg_college` [ RunTime:0.0600s ]
SQL: SELECT * FROM `reg_college` WHERE `id` = 1 LIMIT 1   [ RunTime:0.0000s ]
SQL: SELECT * FROM `reg_college` WHERE `id` = 1 LIMIT 1   [ RunTime:0.0000s ]
SQL: SELECT * FROM `reg_college`  [ RunTime:0.0000s ]
INFO: [ view_parse ] --START--
INFO: [ template_filter ] --START--
INFO: Run Behavior\ContentReplaceBehavior [ RunTime:0.000000s ]
INFO: [ template_filter ] --END-- [ RunTime:0.000000s ]
INFO: Run Behavior\ParseTemplateBehavior [ RunTime:0.080001s ]
INFO: [ view_parse ] --END-- [ RunTime:0.080001s ]
INFO: [ view_filter ] --START--
INFO: Run Behavior\WriteHtmlCacheBehavior [ RunTime:0.000000s ]
INFO: [ view_filter ] --END-- [ RunTime:0.000000s ]
INFO: [ app_end ] --START--
INFO: Run Behavior\ShowPageTraceBehavior [ RunTime:0.010000s ]
INFO: [ app_end ] --END-- [ RunTime:0.010000s ]

[ 2016-10-14T13:02:15+08:00 ] 127.0.0.1 /signup/admin.php/Home/Reginfo/reginfo/m/1.html
INFO: [ app_init ] --START--
INFO: Run Behavior\BuildLiteBehavior [ RunTime:0.000000s ]
INFO: [ app_init ] --END-- [ RunTime:0.000000s ]
INFO: [ app_begin ] --START--
INFO: Run Behavior\ReadHtmlCacheBehavior [ RunTime:0.000000s ]
INFO: [ app_begin ] --END-- [ RunTime:0.000000s ]
SQL: SHOW COLUMNS FROM `reg_admin` [ RunTime:0.0000s ]
SQL: SELECT * FROM `reg_admin` WHERE `id` = 1 AND `username` = 'admin' LIMIT 1   [ RunTime:0.0000s ]
NOTIC: [8] Undefined index: score_min D:\phpStudy\WWW\signup\Admin\Home\Controller\ReginfoController.class.php 第 33 行.
NOTIC: [8] Undefined index: score_min D:\phpStudy\WWW\signup\Admin\Home\Controller\ReginfoController.class.php 第 35 行.
NOTIC: [8] Undefined index: score_max D:\phpStudy\WWW\signup\Admin\Home\Controller\ReginfoController.class.php 第 35 行.
NOTIC: [8] Undefined index: score_min D:\phpStudy\WWW\signup\Admin\Home\Controller\ReginfoController.class.php 第 37 行.
SQL: SHOW COLUMNS FROM `reg_match` [ RunTime:0.0100s ]
SQL: SELECT * FROM `reg_match` WHERE `id` = 1 LIMIT 1   [ RunTime:0.0000s ]
SQL: SHOW COLUMNS FROM `reg_reginfo` [ RunTime:0.0000s ]
SQL: SELECT * FROM `reg_reginfo` WHERE `status` = 0 AND `matchid` = 1 ORDER BY date desc  [ RunTime:0.0000s ]
SQL: SHOW COLUMNS FROM `reg_task` [ RunTime:0.0100s ]
SQL: SELECT TE.CODE,TA.SCORE,TA.SUGGEST FROM reg_task AS TA left join reg_teacher AS TE on TA.pwid=TE.id  WHERE `projectid` = '4'  [ RunTime:0.0000s ]
NOTIC: [2] Division by zero D:\phpStudy\WWW\signup\Admin\Home\Model\CommonModel.class.php 第 79 行.
SQL: SHOW COLUMNS FROM `reg_college` [ RunTime:0.0000s ]
SQL: SELECT * FROM `reg_college` WHERE `id` = 1 LIMIT 1   [ RunTime:0.0000s ]
SQL: SELECT * FROM `reg_college`  [ RunTime:0.0000s ]
INFO: [ view_parse ] --START--
INFO: [ template_filter ] --START--
INFO: Run Behavior\ContentReplaceBehavior [ RunTime:0.000000s ]
INFO: [ template_filter ] --END-- [ RunTime:0.000000s ]
INFO: Run Behavior\ParseTemplateBehavior [ RunTime:0.060000s ]
INFO: [ view_parse ] --END-- [ RunTime:0.060000s ]
INFO: [ view_filter ] --START--
INFO: Run Behavior\WriteHtmlCacheBehavior [ RunTime:0.000000s ]
INFO: [ view_filter ] --END-- [ RunTime:0.000000s ]
INFO: [ app_end ] --START--
INFO: Run Behavior\ShowPageTraceBehavior [ RunTime:0.010000s ]
INFO: [ app_end ] --END-- [ RunTime:0.010000s ]

[ 2016-10-14T13:02:19+08:00 ] 127.0.0.1 /signup/admin.php/Home/Reginfo/reginfo/m/1.html
INFO: [ app_init ] --START--
INFO: Run Behavior\BuildLiteBehavior [ RunTime:0.000000s ]
INFO: [ app_init ] --END-- [ RunTime:0.002000s ]
INFO: [ app_begin ] --START--
INFO: Run Behavior\ReadHtmlCacheBehavior [ RunTime:0.001000s ]
INFO: [ app_begin ] --END-- [ RunTime:0.002000s ]
SQL: SHOW COLUMNS FROM `reg_admin` [ RunTime:0.0000s ]
SQL: SELECT * FROM `reg_admin` WHERE `id` = 1 AND `username` = 'admin' LIMIT 1   [ RunTime:0.0000s ]
NOTIC: [8] Undefined index: score_min D:\phpStudy\WWW\signup\Admin\Home\Controller\ReginfoController.class.php 第 33 行.
NOTIC: [8] Undefined index: score_min D:\phpStudy\WWW\signup\Admin\Home\Controller\ReginfoController.class.php 第 35 行.
NOTIC: [8] Undefined index: score_max D:\phpStudy\WWW\signup\Admin\Home\Controller\ReginfoController.class.php 第 35 行.
NOTIC: [8] Undefined index: score_min D:\phpStudy\WWW\signup\Admin\Home\Controller\ReginfoController.class.php 第 37 行.
SQL: SHOW COLUMNS FROM `reg_match` [ RunTime:0.0000s ]
SQL: SELECT * FROM `reg_match` WHERE `id` = 1 LIMIT 1   [ RunTime:0.0100s ]
SQL: SHOW COLUMNS FROM `reg_reginfo` [ RunTime:0.0000s ]
SQL: SELECT * FROM `reg_reginfo` WHERE `status` = 3 AND `matchid` = 1 ORDER BY date desc  [ RunTime:0.0000s ]
SQL: SHOW COLUMNS FROM `reg_task` [ RunTime:0.0000s ]
SQL: SELECT TE.CODE,TA.SCORE,TA.SUGGEST FROM reg_task AS TA left join reg_teacher AS TE on TA.pwid=TE.id  WHERE `projectid` = '3'  [ RunTime:0.0000s ]
SQL: SHOW COLUMNS FROM `reg_college` [ RunTime:0.0100s ]
SQL: SELECT * FROM `reg_college` WHERE `id` = 1 LIMIT 1   [ RunTime:0.0000s ]
SQL: SELECT * FROM `reg_college`  [ RunTime:0.0000s ]
INFO: [ view_parse ] --START--
INFO: [ template_filter ] --START--
INFO: Run Behavior\ContentReplaceBehavior [ RunTime:0.000000s ]
INFO: [ template_filter ] --END-- [ RunTime:0.000000s ]
INFO: Run Behavior\ParseTemplateBehavior [ RunTime:0.050001s ]
INFO: [ view_parse ] --END-- [ RunTime:0.050001s ]
INFO: [ view_filter ] --START--
INFO: Run Behavior\WriteHtmlCacheBehavior [ RunTime:0.000000s ]
INFO: [ view_filter ] --END-- [ RunTime:0.000000s ]
INFO: [ app_end ] --START--
INFO: Run Behavior\ShowPageTraceBehavior [ RunTime:0.000000s ]
INFO: [ app_end ] --END-- [ RunTime:0.000000s ]

[ 2016-10-14T13:02:21+08:00 ] 127.0.0.1 /signup/admin.php/Home/Reginfo/export.html
INFO: [ app_init ] --START--
INFO: Run Behavior\BuildLiteBehavior [ RunTime:0.000000s ]
INFO: [ app_init ] --END-- [ RunTime:0.002001s ]
INFO: [ app_begin ] --START--
INFO: Run Behavior\ReadHtmlCacheBehavior [ RunTime:0.000000s ]
INFO: [ app_begin ] --END-- [ RunTime:0.000000s ]
SQL: SHOW COLUMNS FROM `reg_admin` [ RunTime:0.0000s ]
SQL: SELECT * FROM `reg_admin` WHERE `id` = 1 AND `username` = 'admin' LIMIT 1   [ RunTime:0.0000s ]
SQL: SHOW COLUMNS FROM `reg_reginfo` [ RunTime:0.0000s ]
SQL: SELECT * FROM `reg_reginfo` WHERE `status` = 3  [ RunTime:0.0000s ]
SQL: SHOW COLUMNS FROM `reg_match` [ RunTime:0.0000s ]
SQL: SELECT `title` FROM `reg_match` WHERE `id` = 1 LIMIT 1   [ RunTime:0.0000s ]
SQL: SHOW COLUMNS FROM `reg_college` [ RunTime:0.0000s ]
SQL: SELECT `college` FROM `reg_college` WHERE `id` = 1 LIMIT 1   [ RunTime:0.0000s ]
SQL: SHOW COLUMNS FROM `reg_task` [ RunTime:0.0000s ]
SQL: SELECT TE.CODE,TA.SCORE,TA.SUGGEST FROM reg_task AS TA left join reg_teacher AS TE on TA.pwid=TE.id  WHERE `projectid` = '3'  [ RunTime:0.0000s ]
NOTIC: [8] Undefined index: score D:\phpStudy\WWW\signup\Admin\Home\Controller\ReginfoController.class.php 第 78 行.

[ 2016-10-14T13:05:35+08:00 ] 127.0.0.1 /signup/admin.php/Home/Reginfo/reginfo/m/1.html
INFO: [ app_init ] --START--
INFO: Run Behavior\BuildLiteBehavior [ RunTime:0.000000s ]
INFO: [ app_init ] --END-- [ RunTime:0.002001s ]
INFO: [ app_begin ] --START--
INFO: Run Behavior\ReadHtmlCacheBehavior [ RunTime:0.002000s ]
INFO: [ app_begin ] --END-- [ RunTime:0.003000s ]
SQL: SHOW COLUMNS FROM `reg_admin` [ RunTime:0.0100s ]
SQL: SELECT * FROM `reg_admin` WHERE `id` = 1 AND `username` = 'admin' LIMIT 1   [ RunTime:0.0000s ]
NOTIC: [8] Undefined index: score_min D:\phpStudy\WWW\signup\Admin\Home\Controller\ReginfoController.class.php 第 33 行.
NOTIC: [8] Undefined index: score_min D:\phpStudy\WWW\signup\Admin\Home\Controller\ReginfoController.class.php 第 35 行.
NOTIC: [8] Undefined index: score_max D:\phpStudy\WWW\signup\Admin\Home\Controller\ReginfoController.class.php 第 35 行.
NOTIC: [8] Undefined index: score_min D:\phpStudy\WWW\signup\Admin\Home\Controller\ReginfoController.class.php 第 37 行.
SQL: SHOW COLUMNS FROM `reg_match` [ RunTime:0.0100s ]
SQL: SELECT * FROM `reg_match` WHERE `id` = 1 LIMIT 1   [ RunTime:0.0000s ]
SQL: SHOW COLUMNS FROM `reg_reginfo` [ RunTime:0.0100s ]
SQL: SELECT * FROM `reg_reginfo` WHERE `status` = 3 AND `matchid` = 1 ORDER BY date desc  [ RunTime:0.0000s ]
SQL: SHOW COLUMNS FROM `reg_task` [ RunTime:0.0100s ]
SQL: SELECT TE.CODE,TA.SCORE,TA.SUGGEST FROM reg_task AS TA left join reg_teacher AS TE on TA.pwid=TE.id  WHERE `projectid` = '3'  [ RunTime:0.0000s ]
SQL: SHOW COLUMNS FROM `reg_college` [ RunTime:0.0110s ]
SQL: SELECT * FROM `reg_college` WHERE `id` = 1 LIMIT 1   [ RunTime:0.0000s ]
SQL: SELECT * FROM `reg_college`  [ RunTime:0.0000s ]
INFO: [ view_parse ] --START--
INFO: [ template_filter ] --START--
INFO: Run Behavior\ContentReplaceBehavior [ RunTime:0.000000s ]
INFO: [ template_filter ] --END-- [ RunTime:0.000000s ]
INFO: Run Behavior\ParseTemplateBehavior [ RunTime:0.060000s ]
INFO: [ view_parse ] --END-- [ RunTime:0.060000s ]
INFO: [ view_filter ] --START--
INFO: Run Behavior\WriteHtmlCacheBehavior [ RunTime:0.000000s ]
INFO: [ view_filter ] --END-- [ RunTime:0.000000s ]
INFO: [ app_end ] --START--
INFO: Run Behavior\ShowPageTraceBehavior [ RunTime:0.000000s ]
INFO: [ app_end ] --END-- [ RunTime:0.000000s ]

[ 2016-10-14T13:05:38+08:00 ] 127.0.0.1 /signup/admin.php/Home/Reginfo/export.html
INFO: [ app_init ] --START--
INFO: Run Behavior\BuildLiteBehavior [ RunTime:0.000000s ]
INFO: [ app_init ] --END-- [ RunTime:0.001000s ]
INFO: [ app_begin ] --START--
INFO: Run Behavior\ReadHtmlCacheBehavior [ RunTime:0.001000s ]
INFO: [ app_begin ] --END-- [ RunTime:0.003000s ]
SQL: SHOW COLUMNS FROM `reg_admin` [ RunTime:0.0100s ]
SQL: SELECT * FROM `reg_admin` WHERE `id` = 1 AND `username` = 'admin' LIMIT 1   [ RunTime:0.0000s ]
SQL: SHOW COLUMNS FROM `reg_reginfo` [ RunTime:0.0100s ]
SQL: SELECT * FROM `reg_reginfo` WHERE `status` = 3  [ RunTime:0.0000s ]
SQL: SHOW COLUMNS FROM `reg_match` [ RunTime:0.0100s ]
SQL: SELECT `title` FROM `reg_match` WHERE `id` = 1 LIMIT 1   [ RunTime:0.0000s ]
SQL: SHOW COLUMNS FROM `reg_college` [ RunTime:0.0200s ]
SQL: SELECT `college` FROM `reg_college` WHERE `id` = 1 LIMIT 1   [ RunTime:0.0000s ]
SQL: SHOW COLUMNS FROM `reg_task` [ RunTime:0.0100s ]
SQL: SELECT TE.CODE,TA.SCORE,TA.SUGGEST FROM reg_task AS TA left join reg_teacher AS TE on TA.pwid=TE.id  WHERE `projectid` = '3'  [ RunTime:0.0100s ]
NOTIC: [8] Undefined index: score D:\phpStudy\WWW\signup\Admin\Home\Controller\ReginfoController.class.php 第 78 行.

[ 2016-10-14T13:05:59+08:00 ] 127.0.0.1 /signup/admin.php/Home/Reginfo/export.html
INFO: [ app_init ] --START--
INFO: Run Behavior\BuildLiteBehavior [ RunTime:0.000000s ]
INFO: [ app_init ] --END-- [ RunTime:0.002000s ]
INFO: [ app_begin ] --START--
INFO: Run Behavior\ReadHtmlCacheBehavior [ RunTime:0.001000s ]
INFO: [ app_begin ] --END-- [ RunTime:0.002000s ]
SQL: SHOW COLUMNS FROM `reg_admin` [ RunTime:0.0110s ]
SQL: SELECT * FROM `reg_admin` WHERE `id` = 1 AND `username` = 'admin' LIMIT 1   [ RunTime:0.0000s ]
SQL: SHOW COLUMNS FROM `reg_reginfo` [ RunTime:0.0100s ]
SQL: SELECT * FROM `reg_reginfo` WHERE `status` = 3  [ RunTime:0.0000s ]
SQL: SHOW COLUMNS FROM `reg_match` [ RunTime:0.0100s ]
SQL: SELECT `title` FROM `reg_match` WHERE `id` = 1 LIMIT 1   [ RunTime:0.0000s ]
SQL: SHOW COLUMNS FROM `reg_college` [ RunTime:0.0100s ]
SQL: SELECT `college` FROM `reg_college` WHERE `id` = 1 LIMIT 1   [ RunTime:0.0000s ]
SQL: SHOW COLUMNS FROM `reg_task` [ RunTime:0.0100s ]
SQL: SELECT TE.CODE,TA.SCORE,TA.SUGGEST FROM reg_task AS TA left join reg_teacher AS TE on TA.pwid=TE.id  WHERE `projectid` = '3'  [ RunTime:0.0000s ]
NOTIC: [8] Undefined index: score D:\phpStudy\WWW\signup\Admin\Home\Controller\ReginfoController.class.php 第 78 行.

[ 2016-10-14T13:06:41+08:00 ] 127.0.0.1 /signup/admin.php/Home/Match/index.html
INFO: [ app_init ] --START--
INFO: Run Behavior\BuildLiteBehavior [ RunTime:0.000000s ]
INFO: [ app_init ] --END-- [ RunTime:0.000000s ]
INFO: [ app_begin ] --START--
INFO: Run Behavior\ReadHtmlCacheBehavior [ RunTime:0.000000s ]
INFO: [ app_begin ] --END-- [ RunTime:0.000000s ]
SQL: SHOW COLUMNS FROM `reg_admin` [ RunTime:0.0000s ]
SQL: SELECT * FROM `reg_admin` WHERE `id` = 1 AND `username` = 'admin' LIMIT 1   [ RunTime:0.0000s ]
SQL: SHOW COLUMNS FROM `reg_match` [ RunTime:0.0100s ]
NOTIC: [8] Undefined index: p D:\phpStudy\WWW\signup\Admin\Home\Controller\MatchController.class.php 第 18 行.
SQL: SELECT * FROM `reg_match` ORDER BY id desc LIMIT 0,20   [ RunTime:0.0000s ]
SQL: SELECT COUNT(*) AS tp_count FROM `reg_match` LIMIT 1   [ RunTime:0.0000s ]
INFO: [ view_parse ] --START--
INFO: [ template_filter ] --START--
INFO: Run Behavior\ContentReplaceBehavior [ RunTime:0.001000s ]
INFO: [ template_filter ] --END-- [ RunTime:0.001000s ]
INFO: Run Behavior\ParseTemplateBehavior [ RunTime:0.077002s ]
INFO: [ view_parse ] --END-- [ RunTime:0.077002s ]
INFO: [ view_filter ] --START--
INFO: Run Behavior\WriteHtmlCacheBehavior [ RunTime:0.000000s ]
INFO: [ view_filter ] --END-- [ RunTime:0.000000s ]
INFO: [ app_end ] --START--
INFO: Run Behavior\ShowPageTraceBehavior [ RunTime:0.010000s ]
INFO: [ app_end ] --END-- [ RunTime:0.010000s ]

[ 2016-10-14T13:07:04+08:00 ] 127.0.0.1 /signup/admin.php/Home/Match/toggleStatus.html
INFO: [ app_init ] --START--
INFO: Run Behavior\BuildLiteBehavior [ RunTime:0.000000s ]
INFO: [ app_init ] --END-- [ RunTime:0.002000s ]
INFO: [ app_begin ] --START--
INFO: Run Behavior\ReadHtmlCacheBehavior [ RunTime:0.000000s ]
INFO: [ app_begin ] --END-- [ RunTime:0.000000s ]
SQL: SHOW COLUMNS FROM `reg_admin` [ RunTime:0.0100s ]
SQL: SELECT * FROM `reg_admin` WHERE `id` = 1 AND `username` = 'admin' LIMIT 1   [ RunTime:0.0000s ]
SQL: SHOW COLUMNS FROM `reg_match` [ RunTime:0.0100s ]
SQL: SELECT * FROM `reg_match` WHERE `id` = 1 LIMIT 1   [ RunTime:0.0000s ]
SQL: UPDATE `reg_match` SET `status`='2' WHERE `id` = 1 [ RunTime:0.0000s ]
INFO: [ app_end ] --START--
INFO: Run Behavior\ShowPageTraceBehavior [ RunTime:0.000000s ]
INFO: [ app_end ] --END-- [ RunTime:0.000000s ]

[ 2016-10-14T13:07:05+08:00 ] 127.0.0.1 /signup/admin.php/Home/Match/index.html
INFO: [ app_init ] --START--
INFO: Run Behavior\BuildLiteBehavior [ RunTime:0.000000s ]
INFO: [ app_init ] --END-- [ RunTime:0.000000s ]
INFO: [ app_begin ] --START--
INFO: Run Behavior\ReadHtmlCacheBehavior [ RunTime:0.000000s ]
INFO: [ app_begin ] --END-- [ RunTime:0.000000s ]
SQL: SHOW COLUMNS FROM `reg_admin` [ RunTime:0.0100s ]
SQL: SELECT * FROM `reg_admin` WHERE `id` = 1 AND `username` = 'admin' LIMIT 1   [ RunTime:0.0000s ]
SQL: SHOW COLUMNS FROM `reg_match` [ RunTime:0.0100s ]
NOTIC: [8] Undefined index: p D:\phpStudy\WWW\signup\Admin\Home\Controller\MatchController.class.php 第 18 行.
SQL: SELECT * FROM `reg_match` ORDER BY id desc LIMIT 0,20   [ RunTime:0.0000s ]
SQL: SELECT COUNT(*) AS tp_count FROM `reg_match` LIMIT 1   [ RunTime:0.0000s ]
INFO: [ view_parse ] --START--
INFO: [ template_filter ] --START--
INFO: Run Behavior\ContentReplaceBehavior [ RunTime:0.000000s ]
INFO: [ template_filter ] --END-- [ RunTime:0.000000s ]
INFO: Run Behavior\ParseTemplateBehavior [ RunTime:0.050000s ]
INFO: [ view_parse ] --END-- [ RunTime:0.050000s ]
INFO: [ view_filter ] --START--
INFO: Run Behavior\WriteHtmlCacheBehavior [ RunTime:0.000000s ]
INFO: [ view_filter ] --END-- [ RunTime:0.000000s ]
INFO: [ app_end ] --START--
INFO: Run Behavior\ShowPageTraceBehavior [ RunTime:0.000000s ]
INFO: [ app_end ] --END-- [ RunTime:0.000000s ]

[ 2016-10-14T13:09:01+08:00 ] 127.0.0.1 /signup/admin.php/Home/Reginfo/index.html
INFO: [ app_init ] --START--
INFO: Run Behavior\BuildLiteBehavior [ RunTime:0.000000s ]
INFO: [ app_init ] --END-- [ RunTime:0.000000s ]
INFO: [ app_begin ] --START--
INFO: Run Behavior\ReadHtmlCacheBehavior [ RunTime:0.000000s ]
INFO: [ app_begin ] --END-- [ RunTime:0.000000s ]
SQL: SHOW COLUMNS FROM `reg_admin` [ RunTime:0.0000s ]
SQL: SELECT * FROM `reg_admin` WHERE `id` = 1 AND `username` = 'admin' LIMIT 1   [ RunTime:0.0100s ]
SQL: SHOW COLUMNS FROM `reg_match` [ RunTime:0.0000s ]
NOTIC: [8] Undefined index: p D:\phpStudy\WWW\signup\Admin\Home\Controller\ReginfoController.class.php 第 19 行.
SQL: SELECT * FROM `reg_match` LIMIT 0,10   [ RunTime:0.0100s ]
SQL: SELECT COUNT(*) AS tp_count FROM `reg_match` LIMIT 1   [ RunTime:0.0000s ]
INFO: [ view_parse ] --START--
INFO: [ template_filter ] --START--
INFO: Run Behavior\ContentReplaceBehavior [ RunTime:0.000000s ]
INFO: [ template_filter ] --END-- [ RunTime:0.002001s ]
INFO: Run Behavior\ParseTemplateBehavior [ RunTime:0.058002s ]
INFO: [ view_parse ] --END-- [ RunTime:0.058002s ]
INFO: [ view_filter ] --START--
INFO: Run Behavior\WriteHtmlCacheBehavior [ RunTime:0.000000s ]
INFO: [ view_filter ] --END-- [ RunTime:0.000000s ]
INFO: [ app_end ] --START--
INFO: Run Behavior\ShowPageTraceBehavior [ RunTime:0.000000s ]
INFO: [ app_end ] --END-- [ RunTime:0.000000s ]

[ 2016-10-14T13:09:02+08:00 ] 127.0.0.1 /signup/admin.php/Home/Reginfo/reginfo/m/1.html
INFO: [ app_init ] --START--
INFO: Run Behavior\BuildLiteBehavior [ RunTime:0.000000s ]
INFO: [ app_init ] --END-- [ RunTime:0.001000s ]
INFO: [ app_begin ] --START--
INFO: Run Behavior\ReadHtmlCacheBehavior [ RunTime:0.000000s ]
INFO: [ app_begin ] --END-- [ RunTime:0.000000s ]
SQL: SHOW COLUMNS FROM `reg_admin` [ RunTime:0.0000s ]
SQL: SELECT * FROM `reg_admin` WHERE `id` = 1 AND `username` = 'admin' LIMIT 1   [ RunTime:0.0000s ]
SQL: SHOW COLUMNS FROM `reg_match` [ RunTime:0.0100s ]
SQL: SELECT * FROM `reg_match` WHERE `id` = 1 LIMIT 1   [ RunTime:0.0000s ]
SQL: SHOW COLUMNS FROM `reg_reginfo` [ RunTime:0.0000s ]
SQL: SELECT * FROM `reg_reginfo` WHERE `matchid` = 1 ORDER BY date desc  [ RunTime:0.0000s ]
SQL: SHOW COLUMNS FROM `reg_task` [ RunTime:0.0100s ]
SQL: SELECT TE.CODE,TA.SCORE,TA.SUGGEST FROM reg_task AS TA left join reg_teacher AS TE on TA.pwid=TE.id  WHERE `projectid` = '4'  [ RunTime:0.0000s ]
NOTIC: [2] Division by zero D:\phpStudy\WWW\signup\Admin\Home\Model\CommonModel.class.php 第 79 行.
SQL: SHOW COLUMNS FROM `reg_task` [ RunTime:0.0000s ]
SQL: SELECT TE.CODE,TA.SCORE,TA.SUGGEST FROM reg_task AS TA left join reg_teacher AS TE on TA.pwid=TE.id  WHERE `projectid` = '3'  [ RunTime:0.0000s ]
SQL: SHOW COLUMNS FROM `reg_college` [ RunTime:0.0000s ]
SQL: SELECT * FROM `reg_college` WHERE `id` = 1 LIMIT 1   [ RunTime:0.0000s ]
SQL: SELECT * FROM `reg_college` WHERE `id` = 1 LIMIT 1   [ RunTime:0.0000s ]
SQL: SELECT * FROM `reg_college`  [ RunTime:0.0000s ]
INFO: [ view_parse ] --START--
INFO: [ template_filter ] --START--
INFO: Run Behavior\ContentReplaceBehavior [ RunTime:0.000000s ]
INFO: [ template_filter ] --END-- [ RunTime:0.000000s ]
INFO: Run Behavior\ParseTemplateBehavior [ RunTime:0.060000s ]
INFO: [ view_parse ] --END-- [ RunTime:0.060000s ]
INFO: [ view_filter ] --START--
INFO: Run Behavior\WriteHtmlCacheBehavior [ RunTime:0.010000s ]
INFO: [ view_filter ] --END-- [ RunTime:0.010000s ]
INFO: [ app_end ] --START--
INFO: Run Behavior\ShowPageTraceBehavior [ RunTime:0.000000s ]
INFO: [ app_end ] --END-- [ RunTime:0.000000s ]

[ 2016-10-14T13:09:03+08:00 ] 127.0.0.1 /signup/admin.php/Home/Reginfo/getAllInfo.html
INFO: [ app_init ] --START--
INFO: Run Behavior\BuildLiteBehavior [ RunTime:0.000000s ]
INFO: [ app_init ] --END-- [ RunTime:0.003001s ]
INFO: [ app_begin ] --START--
INFO: Run Behavior\ReadHtmlCacheBehavior [ RunTime:0.001000s ]
INFO: [ app_begin ] --END-- [ RunTime:0.002000s ]
SQL: SHOW COLUMNS FROM `reg_admin` [ RunTime:0.0050s ]
SQL: SELECT * FROM `reg_admin` WHERE `id` = 1 AND `username` = 'admin' LIMIT 1   [ RunTime:0.0010s ]
SQL: SHOW COLUMNS FROM `reg_reginfo` [ RunTime:0.0040s ]
SQL: SELECT * FROM `reg_reginfo` WHERE `id` = 4 LIMIT 1   [ RunTime:0.0010s ]
NOTIC: [8] Undefined index: shenbaoshu D:\phpStudy\WWW\signup\Admin\Home\Model\CommonModel.class.php 第 152 行.
NOTIC: [8] Undefined index: ppt D:\phpStudy\WWW\signup\Admin\Home\Model\CommonModel.class.php 第 155 行.
NOTIC: [8] Undefined index: tupian D:\phpStudy\WWW\signup\Admin\Home\Model\CommonModel.class.php 第 158 行.
NOTIC: [8] Undefined index: shuoming D:\phpStudy\WWW\signup\Admin\Home\Model\CommonModel.class.php 第 161 行.
NOTIC: [8] Undefined index: result D:\phpStudy\WWW\signup\Admin\Home\Model\CommonModel.class.php 第 172 行.
INFO: [ app_end ] --START--
INFO: Run Behavior\ShowPageTraceBehavior [ RunTime:0.002000s ]
INFO: [ app_end ] --END-- [ RunTime:0.002000s ]

[ 2016-10-14T13:09:06+08:00 ] 127.0.0.1 /signup/admin.php/Home/Reginfo/getAllInfo.html
INFO: [ app_init ] --START--
INFO: Run Behavior\BuildLiteBehavior [ RunTime:0.000000s ]
INFO: [ app_init ] --END-- [ RunTime:0.002000s ]
INFO: [ app_begin ] --START--
INFO: Run Behavior\ReadHtmlCacheBehavior [ RunTime:0.002000s ]
INFO: [ app_begin ] --END-- [ RunTime:0.003000s ]
SQL: SHOW COLUMNS FROM `reg_admin` [ RunTime:0.0070s ]
SQL: SELECT * FROM `reg_admin` WHERE `id` = 1 AND `username` = 'admin' LIMIT 1   [ RunTime:0.0010s ]
SQL: SHOW COLUMNS FROM `reg_reginfo` [ RunTime:0.0060s ]
SQL: SELECT * FROM `reg_reginfo` WHERE `id` = 4 LIMIT 1   [ RunTime:0.0010s ]
NOTIC: [8] Undefined index: shenbaoshu D:\phpStudy\WWW\signup\Admin\Home\Model\CommonModel.class.php 第 152 行.
NOTIC: [8] Undefined index: ppt D:\phpStudy\WWW\signup\Admin\Home\Model\CommonModel.class.php 第 155 行.
NOTIC: [8] Undefined index: tupian D:\phpStudy\WWW\signup\Admin\Home\Model\CommonModel.class.php 第 158 行.
NOTIC: [8] Undefined index: shuoming D:\phpStudy\WWW\signup\Admin\Home\Model\CommonModel.class.php 第 161 行.
NOTIC: [8] Undefined index: result D:\phpStudy\WWW\signup\Admin\Home\Model\CommonModel.class.php 第 172 行.
INFO: [ app_end ] --START--
INFO: Run Behavior\ShowPageTraceBehavior [ RunTime:0.002001s ]
INFO: [ app_end ] --END-- [ RunTime:0.003001s ]

[ 2016-10-14T13:09:09+08:00 ] 127.0.0.1 /signup/admin.php/Home/Reginfo/getAllInfo.html
INFO: [ app_init ] --START--
INFO: Run Behavior\BuildLiteBehavior [ RunTime:0.001000s ]
INFO: [ app_init ] --END-- [ RunTime:0.003000s ]
INFO: [ app_begin ] --START--
INFO: Run Behavior\ReadHtmlCacheBehavior [ RunTime:0.002000s ]
INFO: [ app_begin ] --END-- [ RunTime:0.004001s ]
SQL: SHOW COLUMNS FROM `reg_admin` [ RunTime:0.0050s ]
SQL: SELECT * FROM `reg_admin` WHERE `id` = 1 AND `username` = 'admin' LIMIT 1   [ RunTime:0.0010s ]
SQL: SHOW COLUMNS FROM `reg_reginfo` [ RunTime:0.0040s ]
SQL: SELECT * FROM `reg_reginfo` WHERE `id` = 3 LIMIT 1   [ RunTime:0.0010s ]
NOTIC: [8] Undefined index: ppt D:\phpStudy\WWW\signup\Admin\Home\Model\CommonModel.class.php 第 155 行.
NOTIC: [8] Undefined index: tupian D:\phpStudy\WWW\signup\Admin\Home\Model\CommonModel.class.php 第 158 行.
NOTIC: [8] Undefined index: zuopin D:\phpStudy\WWW\signup\Admin\Home\Model\CommonModel.class.php 第 164 行.
NOTIC: [8] Undefined index: result D:\phpStudy\WWW\signup\Admin\Home\Model\CommonModel.class.php 第 172 行.
INFO: [ app_end ] --START--
INFO: Run Behavior\ShowPageTraceBehavior [ RunTime:0.001000s ]
INFO: [ app_end ] --END-- [ RunTime:0.002000s ]

[ 2016-10-14T13:13:28+08:00 ] 127.0.0.1 /signup/admin.php/Home/Account/stuList.html
INFO: [ app_init ] --START--
INFO: Run Behavior\BuildLiteBehavior [ RunTime:0.000000s ]
INFO: [ app_init ] --END-- [ RunTime:0.010000s ]
INFO: [ app_begin ] --START--
INFO: Run Behavior\ReadHtmlCacheBehavior [ RunTime:0.000000s ]
INFO: [ app_begin ] --END-- [ RunTime:0.000000s ]
SQL: SHOW COLUMNS FROM `reg_admin` [ RunTime:0.0000s ]
SQL: SELECT * FROM `reg_admin` WHERE `id` = 1 AND `username` = 'admin' LIMIT 1   [ RunTime:0.0000s ]
SQL: SHOW COLUMNS FROM `reg_student` [ RunTime:0.0000s ]
NOTIC: [8] Undefined index: p D:\phpStudy\WWW\signup\Admin\Home\Controller\AccountController.class.php 第 97 行.
SQL: SELECT * FROM `reg_student` ORDER BY matchid desc,collegeid asc,num asc LIMIT 0,20   [ RunTime:0.0000s ]
SQL: SHOW COLUMNS FROM `reg_match` [ RunTime:0.0100s ]
SQL: SELECT `title` FROM `reg_match` WHERE `id` = 1 LIMIT 1   [ RunTime:0.0000s ]
SQL: SHOW COLUMNS FROM `reg_college` [ RunTime:0.0100s ]
SQL: SELECT `college` FROM `reg_college` WHERE `id` = 1 LIMIT 1   [ RunTime:0.0100s ]
SQL: SELECT `title` FROM `reg_match` WHERE `id` = 1 LIMIT 1   [ RunTime:0.0000s ]
SQL: SELECT `college` FROM `reg_college` WHERE `id` = 1 LIMIT 1   [ RunTime:0.0100s ]
SQL: SELECT `title` FROM `reg_match` WHERE `id` = 1 LIMIT 1   [ RunTime:0.0000s ]
SQL: SELECT `college` FROM `reg_college` WHERE `id` = 2 LIMIT 1   [ RunTime:0.0000s ]
SQL: SELECT COUNT(*) AS tp_count FROM `reg_student` LIMIT 1   [ RunTime:0.0000s ]
SQL: SHOW COLUMNS FROM `reg_match` [ RunTime:0.0100s ]
SQL: SELECT * FROM `reg_match`  [ RunTime:0.0000s ]
SQL: SELECT * FROM `reg_college`  [ RunTime:0.0100s ]
INFO: [ view_parse ] --START--
INFO: [ template_filter ] --START--
INFO: Run Behavior\ContentReplaceBehavior [ RunTime:0.001000s ]
INFO: [ template_filter ] --END-- [ RunTime:0.001000s ]
INFO: Run Behavior\ParseTemplateBehavior [ RunTime:0.095006s ]
INFO: [ view_parse ] --END-- [ RunTime:0.097006s ]
INFO: [ view_filter ] --START--
INFO: Run Behavior\WriteHtmlCacheBehavior [ RunTime:0.001000s ]
INFO: [ view_filter ] --END-- [ RunTime:0.003000s ]
INFO: [ app_end ] --START--
INFO: Run Behavior\ShowPageTraceBehavior [ RunTime:0.002000s ]
INFO: [ app_end ] --END-- [ RunTime:0.002000s ]

[ 2016-10-14T13:14:05+08:00 ] 127.0.0.1 /signup/admin.php/Home/Account/runAddStu.html
INFO: [ app_init ] --START--
INFO: Run Behavior\BuildLiteBehavior [ RunTime:0.000000s ]
INFO: [ app_init ] --END-- [ RunTime:0.002001s ]
INFO: [ app_begin ] --START--
INFO: Run Behavior\ReadHtmlCacheBehavior [ RunTime:0.001000s ]
INFO: [ app_begin ] --END-- [ RunTime:0.002000s ]
SQL: SHOW COLUMNS FROM `reg_admin` [ RunTime:0.0000s ]
SQL: SELECT * FROM `reg_admin` WHERE `id` = 1 AND `username` = 'admin' LIMIT 1   [ RunTime:0.0000s ]
SQL: SHOW COLUMNS FROM `reg_student` [ RunTime:0.0000s ]
SQL: SELECT `num` FROM `reg_student` WHERE `matchid` = 1 AND `collegeid` = 2 ORDER BY num desc LIMIT 1   [ RunTime:0.0000s ]
SQL: SHOW COLUMNS FROM `reg_college` [ RunTime:0.0000s ]
SQL: SELECT `code` FROM `reg_college` WHERE `id` = 2 LIMIT 1   [ RunTime:0.0000s ]

[ 2016-10-14T13:14:05+08:00 ] 127.0.0.1 /signup/admin.php/Home/Account/stuList.html
INFO: [ app_init ] --START--
INFO: Run Behavior\BuildLiteBehavior [ RunTime:0.000000s ]
INFO: [ app_init ] --END-- [ RunTime:0.000000s ]
INFO: [ app_begin ] --START--
INFO: Run Behavior\ReadHtmlCacheBehavior [ RunTime:0.000000s ]
INFO: [ app_begin ] --END-- [ RunTime:0.000000s ]
SQL: SHOW COLUMNS FROM `reg_admin` [ RunTime:0.0100s ]
SQL: SELECT * FROM `reg_admin` WHERE `id` = 1 AND `username` = 'admin' LIMIT 1   [ RunTime:0.0000s ]
SQL: SHOW COLUMNS FROM `reg_student` [ RunTime:0.0100s ]
NOTIC: [8] Undefined index: p D:\phpStudy\WWW\signup\Admin\Home\Controller\AccountController.class.php 第 97 行.
SQL: SELECT * FROM `reg_student` ORDER BY matchid desc,collegeid asc,num asc LIMIT 0,20   [ RunTime:0.0000s ]
SQL: SHOW COLUMNS FROM `reg_match` [ RunTime:0.0100s ]
SQL: SELECT `title` FROM `reg_match` WHERE `id` = 1 LIMIT 1   [ RunTime:0.0000s ]
SQL: SHOW COLUMNS FROM `reg_college` [ RunTime:0.0000s ]
SQL: SELECT `college` FROM `reg_college` WHERE `id` = 1 LIMIT 1   [ RunTime:0.0000s ]
SQL: SELECT `title` FROM `reg_match` WHERE `id` = 1 LIMIT 1   [ RunTime:0.0000s ]
SQL: SELECT `college` FROM `reg_college` WHERE `id` = 1 LIMIT 1   [ RunTime:0.0000s ]
SQL: SELECT `title` FROM `reg_match` WHERE `id` = 1 LIMIT 1   [ RunTime:0.0000s ]
SQL: SELECT `college` FROM `reg_college` WHERE `id` = 2 LIMIT 1   [ RunTime:0.0000s ]
SQL: SELECT COUNT(*) AS tp_count FROM `reg_student` LIMIT 1   [ RunTime:0.0000s ]
SQL: SHOW COLUMNS FROM `reg_match` [ RunTime:0.0000s ]
SQL: SELECT * FROM `reg_match`  [ RunTime:0.0000s ]
SQL: SELECT * FROM `reg_college`  [ RunTime:0.0000s ]
INFO: [ view_parse ] --START--
INFO: [ template_filter ] --START--
INFO: Run Behavior\ContentReplaceBehavior [ RunTime:0.000000s ]
INFO: [ template_filter ] --END-- [ RunTime:0.000000s ]
INFO: Run Behavior\ParseTemplateBehavior [ RunTime:0.060000s ]
INFO: [ view_parse ] --END-- [ RunTime:0.060000s ]
INFO: [ view_filter ] --START--
INFO: Run Behavior\WriteHtmlCacheBehavior [ RunTime:0.000000s ]
INFO: [ view_filter ] --END-- [ RunTime:0.000000s ]
INFO: [ app_end ] --START--
INFO: Run Behavior\ShowPageTraceBehavior [ RunTime:0.000000s ]
INFO: [ app_end ] --END-- [ RunTime:0.000000s ]

[ 2016-10-14T13:14:09+08:00 ] 127.0.0.1 /signup/admin.php/Home/Account/runAddStu.html
INFO: [ app_init ] --START--
INFO: Run Behavior\BuildLiteBehavior [ RunTime:0.001001s ]
INFO: [ app_init ] --END-- [ RunTime:0.001001s ]
INFO: [ app_begin ] --START--
INFO: Run Behavior\ReadHtmlCacheBehavior [ RunTime:0.001000s ]
INFO: [ app_begin ] --END-- [ RunTime:0.002000s ]
SQL: SHOW COLUMNS FROM `reg_admin` [ RunTime:0.0000s ]
SQL: SELECT * FROM `reg_admin` WHERE `id` = 1 AND `username` = 'admin' LIMIT 1   [ RunTime:0.0000s ]
SQL: SHOW COLUMNS FROM `reg_student` [ RunTime:0.0000s ]
SQL: SELECT `num` FROM `reg_student` WHERE `matchid` = 1 AND `collegeid` = 2 ORDER BY num desc LIMIT 1   [ RunTime:0.0000s ]
SQL: SHOW COLUMNS FROM `reg_college` [ RunTime:0.0000s ]
SQL: SELECT `code` FROM `reg_college` WHERE `id` = 2 LIMIT 1   [ RunTime:0.0100s ]
SQL: INSERT INTO `reg_student` (`code`,`num`,`matchid`,`collegeid`,`password`) VALUES ('cehui12','2','1','2','501e0bbac99eb3673e5df715eacd9d0efb5601f5') [ RunTime:0.0000s ]

[ 2016-10-14T13:14:09+08:00 ] 127.0.0.1 /signup/admin.php/Home/Account/stuList.html
INFO: [ app_init ] --START--
INFO: Run Behavior\BuildLiteBehavior [ RunTime:0.000000s ]
INFO: [ app_init ] --END-- [ RunTime:0.000000s ]
INFO: [ app_begin ] --START--
INFO: Run Behavior\ReadHtmlCacheBehavior [ RunTime:0.010000s ]
INFO: [ app_begin ] --END-- [ RunTime:0.010000s ]
SQL: SHOW COLUMNS FROM `reg_admin` [ RunTime:0.0000s ]
SQL: SELECT * FROM `reg_admin` WHERE `id` = 1 AND `username` = 'admin' LIMIT 1   [ RunTime:0.0000s ]
SQL: SHOW COLUMNS FROM `reg_student` [ RunTime:0.0000s ]
NOTIC: [8] Undefined index: p D:\phpStudy\WWW\signup\Admin\Home\Controller\AccountController.class.php 第 97 行.
SQL: SELECT * FROM `reg_student` ORDER BY matchid desc,collegeid asc,num asc LIMIT 0,20   [ RunTime:0.0000s ]
SQL: SHOW COLUMNS FROM `reg_match` [ RunTime:0.0000s ]
SQL: SELECT `title` FROM `reg_match` WHERE `id` = 1 LIMIT 1   [ RunTime:0.0000s ]
SQL: SHOW COLUMNS FROM `reg_college` [ RunTime:0.0000s ]
SQL: SELECT `college` FROM `reg_college` WHERE `id` = 1 LIMIT 1   [ RunTime:0.0000s ]
SQL: SELECT `title` FROM `reg_match` WHERE `id` = 1 LIMIT 1   [ RunTime:0.0000s ]
SQL: SELECT `college` FROM `reg_college` WHERE `id` = 1 LIMIT 1   [ RunTime:0.0000s ]
SQL: SELECT `title` FROM `reg_match` WHERE `id` = 1 LIMIT 1   [ RunTime:0.0000s ]
SQL: SELECT `college` FROM `reg_college` WHERE `id` = 2 LIMIT 1   [ RunTime:0.0000s ]
SQL: SELECT `title` FROM `reg_match` WHERE `id` = 1 LIMIT 1   [ RunTime:0.0000s ]
SQL: SELECT `college` FROM `reg_college` WHERE `id` = 2 LIMIT 1   [ RunTime:0.0000s ]
SQL: SELECT COUNT(*) AS tp_count FROM `reg_student` LIMIT 1   [ RunTime:0.0000s ]
SQL: SHOW COLUMNS FROM `reg_match` [ RunTime:0.0000s ]
SQL: SELECT * FROM `reg_match`  [ RunTime:0.0000s ]
SQL: SELECT * FROM `reg_college`  [ RunTime:0.0000s ]
INFO: [ view_parse ] --START--
INFO: [ template_filter ] --START--
INFO: Run Behavior\ContentReplaceBehavior [ RunTime:0.000000s ]
INFO: [ template_filter ] --END-- [ RunTime:0.000000s ]
INFO: Run Behavior\ParseTemplateBehavior [ RunTime:0.063000s ]
INFO: [ view_parse ] --END-- [ RunTime:0.063000s ]
INFO: [ view_filter ] --START--
INFO: Run Behavior\WriteHtmlCacheBehavior [ RunTime:0.000000s ]
INFO: [ view_filter ] --END-- [ RunTime:0.000000s ]
INFO: [ app_end ] --START--
INFO: Run Behavior\ShowPageTraceBehavior [ RunTime:0.000000s ]
INFO: [ app_end ] --END-- [ RunTime:0.000000s ]

[ 2016-10-14T13:14:20+08:00 ] 127.0.0.1 /signup/admin.php/Home/Match/index.html
INFO: [ app_init ] --START--
INFO: Run Behavior\BuildLiteBehavior [ RunTime:0.000000s ]
INFO: [ app_init ] --END-- [ RunTime:0.001000s ]
INFO: [ app_begin ] --START--
INFO: Run Behavior\ReadHtmlCacheBehavior [ RunTime:0.000000s ]
INFO: [ app_begin ] --END-- [ RunTime:0.000000s ]
SQL: SHOW COLUMNS FROM `reg_admin` [ RunTime:0.0000s ]
SQL: SELECT * FROM `reg_admin` WHERE `id` = 1 AND `username` = 'admin' LIMIT 1   [ RunTime:0.0000s ]
SQL: SHOW COLUMNS FROM `reg_match` [ RunTime:0.0000s ]
NOTIC: [8] Undefined index: p D:\phpStudy\WWW\signup\Admin\Home\Controller\MatchController.class.php 第 18 行.
SQL: SELECT * FROM `reg_match` ORDER BY id desc LIMIT 0,20   [ RunTime:0.0000s ]
SQL: SELECT COUNT(*) AS tp_count FROM `reg_match` LIMIT 1   [ RunTime:0.0000s ]
INFO: [ view_parse ] --START--
INFO: [ template_filter ] --START--
INFO: Run Behavior\ContentReplaceBehavior [ RunTime:0.000000s ]
INFO: [ template_filter ] --END-- [ RunTime:0.000000s ]
INFO: Run Behavior\ParseTemplateBehavior [ RunTime:0.075002s ]
INFO: [ view_parse ] --END-- [ RunTime:0.075002s ]
INFO: [ view_filter ] --START--
INFO: Run Behavior\WriteHtmlCacheBehavior [ RunTime:0.002000s ]
INFO: [ view_filter ] --END-- [ RunTime:0.002000s ]
INFO: [ app_end ] --START--
INFO: Run Behavior\ShowPageTraceBehavior [ RunTime:0.002000s ]
INFO: [ app_end ] --END-- [ RunTime:0.002000s ]

[ 2016-10-14T13:14:21+08:00 ] 127.0.0.1 /signup/admin.php/Home/Match/toggleStatus.html
INFO: [ app_init ] --START--
INFO: Run Behavior\BuildLiteBehavior [ RunTime:0.001000s ]
INFO: [ app_init ] --END-- [ RunTime:0.002000s ]
INFO: [ app_begin ] --START--
INFO: Run Behavior\ReadHtmlCacheBehavior [ RunTime:0.001000s ]
INFO: [ app_begin ] --END-- [ RunTime:0.001000s ]
SQL: SHOW COLUMNS FROM `reg_admin` [ RunTime:0.0030s ]
SQL: SELECT * FROM `reg_admin` WHERE `id` = 1 AND `username` = 'admin' LIMIT 1   [ RunTime:0.0010s ]
SQL: SHOW COLUMNS FROM `reg_match` [ RunTime:0.0000s ]
SQL: SELECT * FROM `reg_match` WHERE `id` = 1 LIMIT 1   [ RunTime:0.0000s ]
SQL: UPDATE `reg_match` SET `status`='1' WHERE `id` = 1 [ RunTime:0.0000s ]
INFO: [ app_end ] --START--
INFO: Run Behavior\ShowPageTraceBehavior [ RunTime:0.000000s ]
INFO: [ app_end ] --END-- [ RunTime:0.000000s ]

[ 2016-10-14T13:14:21+08:00 ] 127.0.0.1 /signup/admin.php/Home/Match/index.html
INFO: [ app_init ] --START--
INFO: Run Behavior\BuildLiteBehavior [ RunTime:0.000000s ]
INFO: [ app_init ] --END-- [ RunTime:0.000000s ]
INFO: [ app_begin ] --START--
INFO: Run Behavior\ReadHtmlCacheBehavior [ RunTime:0.000000s ]
INFO: [ app_begin ] --END-- [ RunTime:0.000000s ]
SQL: SHOW COLUMNS FROM `reg_admin` [ RunTime:0.0000s ]
SQL: SELECT * FROM `reg_admin` WHERE `id` = 1 AND `username` = 'admin' LIMIT 1   [ RunTime:0.0000s ]
SQL: SHOW COLUMNS FROM `reg_match` [ RunTime:0.0000s ]
NOTIC: [8] Undefined index: p D:\phpStudy\WWW\signup\Admin\Home\Controller\MatchController.class.php 第 18 行.
SQL: SELECT * FROM `reg_match` ORDER BY id desc LIMIT 0,20   [ RunTime:0.0000s ]
SQL: SELECT COUNT(*) AS tp_count FROM `reg_match` LIMIT 1   [ RunTime:0.0000s ]
INFO: [ view_parse ] --START--
INFO: [ template_filter ] --START--
INFO: Run Behavior\ContentReplaceBehavior [ RunTime:0.000000s ]
INFO: [ template_filter ] --END-- [ RunTime:0.000000s ]
INFO: Run Behavior\ParseTemplateBehavior [ RunTime:0.066001s ]
INFO: [ view_parse ] --END-- [ RunTime:0.067001s ]
INFO: [ view_filter ] --START--
INFO: Run Behavior\WriteHtmlCacheBehavior [ RunTime:0.001000s ]
INFO: [ view_filter ] --END-- [ RunTime:0.002000s ]
INFO: [ app_end ] --START--
INFO: Run Behavior\ShowPageTraceBehavior [ RunTime:0.001000s ]
INFO: [ app_end ] --END-- [ RunTime:0.002000s ]

