[ 2016-11-11T16:58:29+08:00 ] 127.0.0.1 /signup/admin.php
INFO: [ app_init ] --START--
INFO: Run Behavior\BuildLiteBehavior [ RunTime:0.000053s ]
INFO: [ app_init ] --END-- [ RunTime:0.000599s ]
INFO: [ app_begin ] --START--
INFO: Run Behavior\ReadHtmlCacheBehavior [ RunTime:0.000945s ]
INFO: [ app_begin ] --END-- [ RunTime:0.001172s ]
SQL: SHOW COLUMNS FROM `reg_admin` [ RunTime:0.1490s ]
SQL: SELECT * FROM `reg_admin` WHERE `id` = null AND `username` = null LIMIT 1   [ RunTime:0.0106s ]

[ 2016-11-11T16:58:29+08:00 ] 127.0.0.1 /signup/admin.php/Home/Login/index.html
INFO: [ app_init ] --START--
INFO: Run Behavior\BuildLiteBehavior [ RunTime:0.000030s ]
INFO: [ app_init ] --END-- [ RunTime:0.000567s ]
INFO: [ app_begin ] --START--
INFO: Run Behavior\ReadHtmlCacheBehavior [ RunTime:0.000485s ]
INFO: [ app_begin ] --END-- [ RunTime:0.000615s ]
INFO: [ view_parse ] --START--
INFO: [ template_filter ] --START--
INFO: Run Behavior\ContentReplaceBehavior [ RunTime:0.000071s ]
INFO: [ template_filter ] --END-- [ RunTime:0.000207s ]
INFO: Run Behavior\ParseTemplateBehavior [ RunTime:0.045791s ]
INFO: [ view_parse ] --END-- [ RunTime:0.045933s ]
INFO: [ view_filter ] --START--
INFO: Run Behavior\WriteHtmlCacheBehavior [ RunTime:0.000301s ]
INFO: [ view_filter ] --END-- [ RunTime:0.000451s ]
INFO: [ app_end ] --START--
INFO: Run Behavior\ShowPageTraceBehavior [ RunTime:0.000454s ]
INFO: [ app_end ] --END-- [ RunTime:0.000570s ]

[ 2016-11-11T16:58:29+08:00 ] 127.0.0.1 /signup/admin.php/Home/Login/verify.html
INFO: [ app_init ] --START--
INFO: Run Behavior\BuildLiteBehavior [ RunTime:0.000085s ]
INFO: [ app_init ] --END-- [ RunTime:0.000847s ]
INFO: [ app_begin ] --START--
INFO: Run Behavior\ReadHtmlCacheBehavior [ RunTime:0.001049s ]
INFO: [ app_begin ] --END-- [ RunTime:0.001351s ]
INFO: [ app_end ] --START--
INFO: Run Behavior\ShowPageTraceBehavior [ RunTime:0.000836s ]
INFO: [ app_end ] --END-- [ RunTime:0.001017s ]

[ 2016-11-11T16:58:35+08:00 ] 127.0.0.1 /signup/admin.php/Home/Login/login.html
INFO: [ app_init ] --START--
INFO: Run Behavior\BuildLiteBehavior [ RunTime:0.000053s ]
INFO: [ app_init ] --END-- [ RunTime:0.000560s ]
INFO: [ app_begin ] --START--
INFO: Run Behavior\ReadHtmlCacheBehavior [ RunTime:0.000428s ]
INFO: [ app_begin ] --END-- [ RunTime:0.000550s ]
SQL: SHOW COLUMNS FROM `reg_admin` [ RunTime:0.0038s ]
SQL: SELECT * FROM `reg_admin` WHERE `username` = 'admin' AND `password` = '501e0bbac99eb3673e5df715eacd9d0efb5601f5' LIMIT 1   [ RunTime:0.0003s ]
SQL: UPDATE `reg_admin` SET `logindate`='2016-11-11 16:58:35',`loginip`='127.0.0.1' WHERE `username` = 'admin' AND `password` = '501e0bbac99eb3673e5df715eacd9d0efb5601f5' [ RunTime:0.0453s ]
INFO: [ view_parse ] --START--
INFO: [ template_filter ] --START--
INFO: Run Behavior\ContentReplaceBehavior [ RunTime:0.000077s ]
INFO: [ template_filter ] --END-- [ RunTime:0.000216s ]
INFO: Run Behavior\ParseTemplateBehavior [ RunTime:0.028762s ]
INFO: [ view_parse ] --END-- [ RunTime:0.028921s ]
INFO: [ view_filter ] --START--
INFO: Run Behavior\WriteHtmlCacheBehavior [ RunTime:0.000350s ]
INFO: [ view_filter ] --END-- [ RunTime:0.000466s ]
INFO: [ app_end ] --START--
INFO: Run Behavior\ShowPageTraceBehavior [ RunTime:0.000499s ]
INFO: [ app_end ] --END-- [ RunTime:0.000622s ]

[ 2016-11-11T16:58:37+08:00 ] 127.0.0.1 /signup/admin.php/Home/Index/index.html
INFO: [ app_init ] --START--
INFO: Run Behavior\BuildLiteBehavior [ RunTime:0.000027s ]
INFO: [ app_init ] --END-- [ RunTime:0.000461s ]
INFO: [ app_begin ] --START--
INFO: Run Behavior\ReadHtmlCacheBehavior [ RunTime:0.000519s ]
INFO: [ app_begin ] --END-- [ RunTime:0.000647s ]
SQL: SHOW COLUMNS FROM `reg_admin` [ RunTime:0.0050s ]
SQL: SELECT * FROM `reg_admin` WHERE `id` = 1 AND `username` = 'admin' LIMIT 1   [ RunTime:0.0003s ]
INFO: [ view_parse ] --START--
INFO: [ template_filter ] --START--
INFO: Run Behavior\ContentReplaceBehavior [ RunTime:0.000078s ]
INFO: [ template_filter ] --END-- [ RunTime:0.000207s ]
INFO: Run Behavior\ParseTemplateBehavior [ RunTime:0.127530s ]
INFO: [ view_parse ] --END-- [ RunTime:0.127673s ]
INFO: [ view_filter ] --START--
INFO: Run Behavior\WriteHtmlCacheBehavior [ RunTime:0.000702s ]
INFO: [ view_filter ] --END-- [ RunTime:0.000909s ]
INFO: [ app_end ] --START--
INFO: Run Behavior\ShowPageTraceBehavior [ RunTime:0.000490s ]
INFO: [ app_end ] --END-- [ RunTime:0.000605s ]

[ 2016-11-11T16:59:22+08:00 ] 127.0.0.1 /signup/admin.php/Home/Type/index.html
INFO: [ app_init ] --START--
INFO: Run Behavior\BuildLiteBehavior [ RunTime:0.000025s ]
INFO: [ app_init ] --END-- [ RunTime:0.000443s ]
INFO: [ app_begin ] --START--
INFO: Run Behavior\ReadHtmlCacheBehavior [ RunTime:0.000429s ]
INFO: [ app_begin ] --END-- [ RunTime:0.000575s ]
SQL: SHOW COLUMNS FROM `reg_type` [ RunTime:0.1624s ]
SQL: SELECT * FROM `reg_type`  [ RunTime:0.0003s ]
INFO: [ view_parse ] --START--
INFO: [ template_filter ] --START--
INFO: Run Behavior\ContentReplaceBehavior [ RunTime:0.000075s ]
INFO: [ template_filter ] --END-- [ RunTime:0.000209s ]
INFO: Run Behavior\ParseTemplateBehavior [ RunTime:0.022134s ]
INFO: [ view_parse ] --END-- [ RunTime:0.022288s ]
INFO: [ view_filter ] --START--
INFO: Run Behavior\WriteHtmlCacheBehavior [ RunTime:0.000445s ]
INFO: [ view_filter ] --END-- [ RunTime:0.000565s ]
INFO: [ app_end ] --START--
INFO: Run Behavior\ShowPageTraceBehavior [ RunTime:0.000473s ]
INFO: [ app_end ] --END-- [ RunTime:0.000608s ]

[ 2016-11-11T17:03:22+08:00 ] 127.0.0.1 /signup/admin.php/Home/Account/teaList.html
INFO: [ app_init ] --START--
INFO: Run Behavior\BuildLiteBehavior [ RunTime:0.000027s ]
INFO: [ app_init ] --END-- [ RunTime:0.000543s ]
INFO: [ app_begin ] --START--
INFO: Run Behavior\ReadHtmlCacheBehavior [ RunTime:0.000546s ]
INFO: [ app_begin ] --END-- [ RunTime:0.000673s ]
SQL: SHOW COLUMNS FROM `reg_admin` [ RunTime:0.0069s ]
SQL: SELECT * FROM `reg_admin` WHERE `id` = 1 AND `username` = 'admin' LIMIT 1   [ RunTime:0.0003s ]
SQL: SHOW COLUMNS FROM `reg_teacher` [ RunTime:0.0455s ]
NOTIC: [8] Undefined index: p D:\phpStudy\WWW\signup\Admin\Home\Controller\AccountController.class.php 第 178 行.
SQL: SELECT * FROM `reg_teacher` ORDER BY id desc LIMIT 0,10   [ RunTime:0.0004s ]
SQL: SHOW COLUMNS FROM `reg_college` [ RunTime:0.0518s ]
SQL: SELECT `college` FROM `reg_college` WHERE `id` = 1 LIMIT 1   [ RunTime:0.0011s ]
SQL: SHOW COLUMNS FROM `reg_match` [ RunTime:0.0499s ]
SQL: SELECT `title` FROM `reg_match` WHERE `id` = 1 LIMIT 1   [ RunTime:0.0005s ]
SQL: SELECT `college` FROM `reg_college` WHERE `id` = null LIMIT 1   [ RunTime:0.0188s ]
SQL: SELECT `title` FROM `reg_match` WHERE `id` = 1 LIMIT 1   [ RunTime:0.0004s ]
SQL: SELECT `college` FROM `reg_college` WHERE `id` = null LIMIT 1   [ RunTime:0.0002s ]
SQL: SELECT `title` FROM `reg_match` WHERE `id` = 1 LIMIT 1   [ RunTime:0.0002s ]
SQL: SELECT `college` FROM `reg_college` WHERE `id` = null LIMIT 1   [ RunTime:0.0002s ]
SQL: SELECT `title` FROM `reg_match` WHERE `id` = 1 LIMIT 1   [ RunTime:0.0002s ]
SQL: SELECT `college` FROM `reg_college` WHERE `id` = 2 LIMIT 1   [ RunTime:0.0002s ]
SQL: SELECT `title` FROM `reg_match` WHERE `id` = 1 LIMIT 1   [ RunTime:0.0002s ]
SQL: SELECT `college` FROM `reg_college` WHERE `id` = 1 LIMIT 1   [ RunTime:0.0002s ]
SQL: SELECT `title` FROM `reg_match` WHERE `id` = 1 LIMIT 1   [ RunTime:0.0002s ]
SQL: SELECT * FROM `reg_college`  [ RunTime:0.0002s ]
SQL: SELECT * FROM `reg_match`  [ RunTime:0.0002s ]
SQL: SELECT COUNT(*) AS tp_count FROM `reg_teacher` LIMIT 1   [ RunTime:0.0269s ]
INFO: [ view_parse ] --START--
INFO: [ template_filter ] --START--
INFO: Run Behavior\ContentReplaceBehavior [ RunTime:0.000091s ]
INFO: [ template_filter ] --END-- [ RunTime:0.000232s ]
INFO: Run Behavior\ParseTemplateBehavior [ RunTime:0.037647s ]
INFO: [ view_parse ] --END-- [ RunTime:0.037786s ]
INFO: [ view_filter ] --START--
INFO: Run Behavior\WriteHtmlCacheBehavior [ RunTime:0.000396s ]
INFO: [ view_filter ] --END-- [ RunTime:0.000544s ]
INFO: [ app_end ] --START--
INFO: Run Behavior\ShowPageTraceBehavior [ RunTime:0.000697s ]
INFO: [ app_end ] --END-- [ RunTime:0.000885s ]

[ 2016-11-11T17:07:23+08:00 ] 127.0.0.1 /signup/admin.php/Home/Account/stuList.html
INFO: [ app_init ] --START--
INFO: Run Behavior\BuildLiteBehavior [ RunTime:0.000031s ]
INFO: [ app_init ] --END-- [ RunTime:0.000640s ]
INFO: [ app_begin ] --START--
INFO: Run Behavior\ReadHtmlCacheBehavior [ RunTime:0.000480s ]
INFO: [ app_begin ] --END-- [ RunTime:0.000609s ]
SQL: SHOW COLUMNS FROM `reg_admin` [ RunTime:0.0073s ]
SQL: SELECT * FROM `reg_admin` WHERE `id` = 1 AND `username` = 'admin' LIMIT 1   [ RunTime:0.0004s ]
SQL: SHOW COLUMNS FROM `reg_student` [ RunTime:0.0929s ]
NOTIC: [8] Undefined index: p D:\phpStudy\WWW\signup\Admin\Home\Controller\AccountController.class.php 第 111 行.
SQL: SELECT * FROM `reg_student` ORDER BY id desc LIMIT 0,20   [ RunTime:0.0005s ]
SQL: SHOW COLUMNS FROM `reg_match` [ RunTime:0.0057s ]
SQL: SELECT `title` FROM `reg_match` WHERE `id` = 3 LIMIT 1   [ RunTime:0.0003s ]
SQL: SHOW COLUMNS FROM `reg_college` [ RunTime:0.0048s ]
SQL: SELECT `college` FROM `reg_college` WHERE `id` = 1 LIMIT 1   [ RunTime:0.0003s ]
SQL: SELECT `title` FROM `reg_match` WHERE `id` = 1 LIMIT 1   [ RunTime:0.0002s ]
SQL: SELECT `college` FROM `reg_college` WHERE `id` = 2 LIMIT 1   [ RunTime:0.0002s ]
SQL: SELECT `title` FROM `reg_match` WHERE `id` = 1 LIMIT 1   [ RunTime:0.0002s ]
SQL: SELECT `college` FROM `reg_college` WHERE `id` = 1 LIMIT 1   [ RunTime:0.0002s ]
SQL: SELECT `title` FROM `reg_match` WHERE `id` = 1 LIMIT 1   [ RunTime:0.0002s ]
SQL: SELECT `college` FROM `reg_college` WHERE `id` = 2 LIMIT 1   [ RunTime:0.0003s ]
SQL: SELECT `title` FROM `reg_match` WHERE `id` = 1 LIMIT 1   [ RunTime:0.0008s ]
SQL: SELECT `college` FROM `reg_college` WHERE `id` = 1 LIMIT 1   [ RunTime:0.0003s ]
SQL: SELECT COUNT(*) AS tp_count FROM `reg_student` LIMIT 1   [ RunTime:0.0002s ]
SQL: SHOW COLUMNS FROM `reg_match` [ RunTime:0.0053s ]
SQL: SELECT * FROM `reg_match`  [ RunTime:0.0003s ]
SQL: SELECT * FROM `reg_college`  [ RunTime:0.0002s ]
INFO: [ view_parse ] --START--
INFO: [ template_filter ] --START--
INFO: Run Behavior\ContentReplaceBehavior [ RunTime:0.000085s ]
INFO: [ template_filter ] --END-- [ RunTime:0.000219s ]
INFO: Run Behavior\ParseTemplateBehavior [ RunTime:0.071600s ]
INFO: [ view_parse ] --END-- [ RunTime:0.071786s ]
INFO: [ view_filter ] --START--
INFO: Run Behavior\WriteHtmlCacheBehavior [ RunTime:0.000436s ]
INFO: [ view_filter ] --END-- [ RunTime:0.000547s ]
INFO: [ app_end ] --START--
INFO: Run Behavior\ShowPageTraceBehavior [ RunTime:0.000517s ]
INFO: [ app_end ] --END-- [ RunTime:0.000633s ]

[ 2016-11-11T17:24:43+08:00 ] 127.0.0.1 /signup/admin.php/Home/Type/index.html
INFO: [ app_init ] --START--
INFO: Run Behavior\BuildLiteBehavior [ RunTime:0.000033s ]
INFO: [ app_init ] --END-- [ RunTime:0.000674s ]
INFO: [ app_begin ] --START--
INFO: Run Behavior\ReadHtmlCacheBehavior [ RunTime:0.000792s ]
INFO: [ app_begin ] --END-- [ RunTime:0.000995s ]
SQL: SHOW COLUMNS FROM `reg_type` [ RunTime:0.0066s ]
SQL: SELECT * FROM `reg_type`  [ RunTime:0.0004s ]
INFO: [ view_parse ] --START--
INFO: [ template_filter ] --START--
INFO: Run Behavior\ContentReplaceBehavior [ RunTime:0.000101s ]
INFO: [ template_filter ] --END-- [ RunTime:0.000240s ]
INFO: Run Behavior\ParseTemplateBehavior [ RunTime:0.019749s ]
INFO: [ view_parse ] --END-- [ RunTime:0.019892s ]
INFO: [ view_filter ] --START--
INFO: Run Behavior\WriteHtmlCacheBehavior [ RunTime:0.000507s ]
INFO: [ view_filter ] --END-- [ RunTime:0.000615s ]
INFO: [ app_end ] --START--
INFO: Run Behavior\ShowPageTraceBehavior [ RunTime:0.000568s ]
INFO: [ app_end ] --END-- [ RunTime:0.000676s ]

[ 2016-11-11T17:33:01+08:00 ] 127.0.0.1 /signup/admin.php/Home/Type/index.html
INFO: [ app_init ] --START--
INFO: Run Behavior\BuildLiteBehavior [ RunTime:0.000032s ]
INFO: [ app_init ] --END-- [ RunTime:0.000612s ]
INFO: [ app_begin ] --START--
INFO: Run Behavior\ReadHtmlCacheBehavior [ RunTime:0.000941s ]
INFO: [ app_begin ] --END-- [ RunTime:0.001259s ]
SQL: SHOW COLUMNS FROM `reg_type` [ RunTime:0.0057s ]
SQL: SELECT * FROM `reg_type`  [ RunTime:0.0004s ]
INFO: [ view_parse ] --START--
INFO: [ template_filter ] --START--
INFO: Run Behavior\ContentReplaceBehavior [ RunTime:0.000097s ]
INFO: [ template_filter ] --END-- [ RunTime:0.000233s ]
INFO: Run Behavior\ParseTemplateBehavior [ RunTime:0.021663s ]
INFO: [ view_parse ] --END-- [ RunTime:0.021823s ]
INFO: [ view_filter ] --START--
INFO: Run Behavior\WriteHtmlCacheBehavior [ RunTime:0.000589s ]
INFO: [ view_filter ] --END-- [ RunTime:0.000718s ]
INFO: [ app_end ] --START--
INFO: Run Behavior\ShowPageTraceBehavior [ RunTime:0.000592s ]
INFO: [ app_end ] --END-- [ RunTime:0.000708s ]

[ 2016-11-11T17:33:29+08:00 ] 127.0.0.1 /signup/admin.php/Home/Type/index.html
INFO: [ app_init ] --START--
INFO: Run Behavior\BuildLiteBehavior [ RunTime:0.000031s ]
INFO: [ app_init ] --END-- [ RunTime:0.000519s ]
INFO: [ app_begin ] --START--
INFO: Run Behavior\ReadHtmlCacheBehavior [ RunTime:0.000955s ]
INFO: [ app_begin ] --END-- [ RunTime:0.001194s ]
SQL: SHOW COLUMNS FROM `reg_type` [ RunTime:0.0050s ]
SQL: SELECT * FROM `reg_type`  [ RunTime:0.0003s ]
INFO: [ view_parse ] --START--
INFO: [ template_filter ] --START--
INFO: Run Behavior\ContentReplaceBehavior [ RunTime:0.000145s ]
INFO: [ template_filter ] --END-- [ RunTime:0.000427s ]
INFO: Run Behavior\ParseTemplateBehavior [ RunTime:0.020116s ]
INFO: [ view_parse ] --END-- [ RunTime:0.020287s ]
INFO: [ view_filter ] --START--
INFO: Run Behavior\WriteHtmlCacheBehavior [ RunTime:0.000479s ]
INFO: [ view_filter ] --END-- [ RunTime:0.000598s ]
INFO: [ app_end ] --START--
INFO: Run Behavior\ShowPageTraceBehavior [ RunTime:0.000487s ]
INFO: [ app_end ] --END-- [ RunTime:0.000606s ]

[ 2016-11-11T17:33:48+08:00 ] 127.0.0.1 /signup/admin.php/Home/Type/index.html
INFO: [ app_init ] --START--
INFO: Run Behavior\BuildLiteBehavior [ RunTime:0.000027s ]
INFO: [ app_init ] --END-- [ RunTime:0.000475s ]
INFO: [ app_begin ] --START--
INFO: Run Behavior\ReadHtmlCacheBehavior [ RunTime:0.000445s ]
INFO: [ app_begin ] --END-- [ RunTime:0.000563s ]
SQL: SHOW COLUMNS FROM `reg_type` [ RunTime:0.0062s ]
SQL: SELECT * FROM `reg_type`  [ RunTime:0.0003s ]
INFO: [ view_parse ] --START--
INFO: [ template_filter ] --START--
INFO: Run Behavior\ContentReplaceBehavior [ RunTime:0.000176s ]
INFO: [ template_filter ] --END-- [ RunTime:0.000426s ]
INFO: Run Behavior\ParseTemplateBehavior [ RunTime:0.012213s ]
INFO: [ view_parse ] --END-- [ RunTime:0.012349s ]
INFO: [ view_filter ] --START--
INFO: Run Behavior\WriteHtmlCacheBehavior [ RunTime:0.000343s ]
INFO: [ view_filter ] --END-- [ RunTime:0.000465s ]
INFO: [ app_end ] --START--
INFO: Run Behavior\ShowPageTraceBehavior [ RunTime:0.000490s ]
INFO: [ app_end ] --END-- [ RunTime:0.000608s ]

[ 2016-11-11T17:33:54+08:00 ] 127.0.0.1 /signup/admin.php/Home/Type/add.html
INFO: [ app_init ] --START--
INFO: Run Behavior\BuildLiteBehavior [ RunTime:0.000045s ]
INFO: [ app_init ] --END-- [ RunTime:0.000602s ]
INFO: [ app_begin ] --START--
INFO: Run Behavior\ReadHtmlCacheBehavior [ RunTime:0.000472s ]
INFO: [ app_begin ] --END-- [ RunTime:0.000602s ]
SQL: SHOW COLUMNS FROM `reg_type` [ RunTime:0.0058s ]
SQL: SELECT * FROM `reg_type` WHERE `type` = '111' LIMIT 1   [ RunTime:0.0004s ]
SQL: SHOW COLUMNS FROM `reg_type` [ RunTime:0.0051s ]
SQL: INSERT INTO `reg_type` (`type`) VALUES ('111') [ RunTime:0.0750s ]
INFO: [ view_parse ] --START--
INFO: [ template_filter ] --START--
INFO: Run Behavior\ContentReplaceBehavior [ RunTime:0.000132s ]
INFO: [ template_filter ] --END-- [ RunTime:0.000365s ]
INFO: Run Behavior\ParseTemplateBehavior [ RunTime:0.007437s ]
INFO: [ view_parse ] --END-- [ RunTime:0.007636s ]
INFO: [ view_filter ] --START--
INFO: Run Behavior\WriteHtmlCacheBehavior [ RunTime:0.000328s ]
INFO: [ view_filter ] --END-- [ RunTime:0.000515s ]
INFO: [ app_end ] --START--
INFO: Run Behavior\ShowPageTraceBehavior [ RunTime:0.000542s ]
INFO: [ app_end ] --END-- [ RunTime:0.000659s ]

[ 2016-11-11T17:33:56+08:00 ] 127.0.0.1 /signup/admin.php/Home/Type/index.html
INFO: [ app_init ] --START--
INFO: Run Behavior\BuildLiteBehavior [ RunTime:0.000027s ]
INFO: [ app_init ] --END-- [ RunTime:0.000454s ]
INFO: [ app_begin ] --START--
INFO: Run Behavior\ReadHtmlCacheBehavior [ RunTime:0.000446s ]
INFO: [ app_begin ] --END-- [ RunTime:0.000567s ]
SQL: SHOW COLUMNS FROM `reg_type` [ RunTime:0.0063s ]
SQL: SELECT * FROM `reg_type`  [ RunTime:0.0003s ]
INFO: [ view_parse ] --START--
INFO: [ template_filter ] --START--
INFO: Run Behavior\ContentReplaceBehavior [ RunTime:0.000080s ]
INFO: [ template_filter ] --END-- [ RunTime:0.000234s ]
INFO: Run Behavior\ParseTemplateBehavior [ RunTime:0.012470s ]
INFO: [ view_parse ] --END-- [ RunTime:0.012614s ]
INFO: [ view_filter ] --START--
INFO: Run Behavior\WriteHtmlCacheBehavior [ RunTime:0.000446s ]
INFO: [ view_filter ] --END-- [ RunTime:0.000566s ]
INFO: [ app_end ] --START--
INFO: Run Behavior\ShowPageTraceBehavior [ RunTime:0.000519s ]
INFO: [ app_end ] --END-- [ RunTime:0.000636s ]

[ 2016-11-11T17:33:59+08:00 ] 127.0.0.1 /signup/admin.php/Home/Type/del/typeid/6.html
INFO: [ app_init ] --START--
INFO: Run Behavior\BuildLiteBehavior [ RunTime:0.000051s ]
INFO: [ app_init ] --END-- [ RunTime:0.000476s ]
INFO: [ app_begin ] --START--
INFO: Run Behavior\ReadHtmlCacheBehavior [ RunTime:0.000449s ]
INFO: [ app_begin ] --END-- [ RunTime:0.000571s ]
SQL: SHOW COLUMNS FROM `reg_type` [ RunTime:0.0063s ]
SQL: DELETE FROM `reg_type` WHERE `id` = 6 [ RunTime:0.0004s ]
INFO: [ view_parse ] --START--
INFO: [ template_filter ] --START--
INFO: Run Behavior\ContentReplaceBehavior [ RunTime:0.000074s ]
INFO: [ template_filter ] --END-- [ RunTime:0.000219s ]
INFO: Run Behavior\ParseTemplateBehavior [ RunTime:0.006448s ]
INFO: [ view_parse ] --END-- [ RunTime:0.006597s ]
INFO: [ view_filter ] --START--
INFO: Run Behavior\WriteHtmlCacheBehavior [ RunTime:0.000347s ]
INFO: [ view_filter ] --END-- [ RunTime:0.000476s ]
INFO: [ app_end ] --START--
INFO: Run Behavior\ShowPageTraceBehavior [ RunTime:0.000546s ]
INFO: [ app_end ] --END-- [ RunTime:0.000684s ]

[ 2016-11-11T17:34:00+08:00 ] 127.0.0.1 /signup/admin.php/Home/Type/index.html
INFO: [ app_init ] --START--
INFO: Run Behavior\BuildLiteBehavior [ RunTime:0.000047s ]
INFO: [ app_init ] --END-- [ RunTime:0.000625s ]
INFO: [ app_begin ] --START--
INFO: Run Behavior\ReadHtmlCacheBehavior [ RunTime:0.000479s ]
INFO: [ app_begin ] --END-- [ RunTime:0.000598s ]
SQL: SHOW COLUMNS FROM `reg_type` [ RunTime:0.0056s ]
SQL: SELECT * FROM `reg_type`  [ RunTime:0.0003s ]
INFO: [ view_parse ] --START--
INFO: [ template_filter ] --START--
INFO: Run Behavior\ContentReplaceBehavior [ RunTime:0.000103s ]
INFO: [ template_filter ] --END-- [ RunTime:0.000241s ]
INFO: Run Behavior\ParseTemplateBehavior [ RunTime:0.012361s ]
INFO: [ view_parse ] --END-- [ RunTime:0.012500s ]
INFO: [ view_filter ] --START--
INFO: Run Behavior\WriteHtmlCacheBehavior [ RunTime:0.000458s ]
INFO: [ view_filter ] --END-- [ RunTime:0.000570s ]
INFO: [ app_end ] --START--
INFO: Run Behavior\ShowPageTraceBehavior [ RunTime:0.000521s ]
INFO: [ app_end ] --END-- [ RunTime:0.000652s ]

[ 2016-11-11T17:38:06+08:00 ] 127.0.0.1 /signup/admin.php/Home/Reginfo/index.html
INFO: [ app_init ] --START--
INFO: Run Behavior\BuildLiteBehavior [ RunTime:0.000049s ]
INFO: [ app_init ] --END-- [ RunTime:0.000672s ]
INFO: [ app_begin ] --START--
INFO: Run Behavior\ReadHtmlCacheBehavior [ RunTime:0.000551s ]
INFO: [ app_begin ] --END-- [ RunTime:0.000677s ]
SQL: SHOW COLUMNS FROM `reg_admin` [ RunTime:0.0079s ]
SQL: SELECT * FROM `reg_admin` WHERE `id` = 1 AND `username` = 'admin' LIMIT 1   [ RunTime:0.0004s ]
SQL: SHOW COLUMNS FROM `reg_match` [ RunTime:0.0055s ]
NOTIC: [8] Undefined index: p D:\phpStudy\WWW\signup\Admin\Home\Controller\ReginfoController.class.php 第 19 行.
SQL: SELECT * FROM `reg_match` LIMIT 0,10   [ RunTime:0.0004s ]
SQL: SELECT COUNT(*) AS tp_count FROM `reg_match` LIMIT 1   [ RunTime:0.0005s ]
INFO: [ view_parse ] --START--
INFO: [ template_filter ] --START--
INFO: Run Behavior\ContentReplaceBehavior [ RunTime:0.000076s ]
INFO: [ template_filter ] --END-- [ RunTime:0.000218s ]
INFO: Run Behavior\ParseTemplateBehavior [ RunTime:0.027733s ]
INFO: [ view_parse ] --END-- [ RunTime:0.027910s ]
INFO: [ view_filter ] --START--
INFO: Run Behavior\WriteHtmlCacheBehavior [ RunTime:0.000899s ]
INFO: [ view_filter ] --END-- [ RunTime:0.001103s ]
INFO: [ app_end ] --START--
INFO: Run Behavior\ShowPageTraceBehavior [ RunTime:0.000721s ]
INFO: [ app_end ] --END-- [ RunTime:0.000896s ]

[ 2016-11-11T17:38:10+08:00 ] 127.0.0.1 /signup/admin.php/Home/Reginfo/reginfo/m/1.html
INFO: [ app_init ] --START--
INFO: Run Behavior\BuildLiteBehavior [ RunTime:0.000028s ]
INFO: [ app_init ] --END-- [ RunTime:0.000464s ]
INFO: [ app_begin ] --START--
INFO: Run Behavior\ReadHtmlCacheBehavior [ RunTime:0.000758s ]
INFO: [ app_begin ] --END-- [ RunTime:0.000953s ]
SQL: SHOW COLUMNS FROM `reg_admin` [ RunTime:0.0072s ]
SQL: SELECT * FROM `reg_admin` WHERE `id` = 1 AND `username` = 'admin' LIMIT 1   [ RunTime:0.0003s ]
SQL: SHOW COLUMNS FROM `reg_match` [ RunTime:0.0055s ]
SQL: SELECT * FROM `reg_match` WHERE `id` = 1 LIMIT 1   [ RunTime:0.0003s ]
SQL: SHOW COLUMNS FROM `reg_reginfo` [ RunTime:0.0060s ]
SQL: SELECT * FROM `reg_reginfo` WHERE `matchid` = 1 ORDER BY date desc  [ RunTime:0.0005s ]
SQL: SHOW COLUMNS FROM `reg_task` [ RunTime:0.0051s ]
SQL: SELECT TE.CODE,TA.SCORE,TA.SUGGEST FROM reg_task AS TA left join reg_teacher AS TE on TA.pwid=TE.id  WHERE `projectid` = '7'  [ RunTime:0.0007s ]
NOTIC: [2] Division by zero D:\phpStudy\WWW\signup\Admin\Home\Model\CommonModel.class.php 第 79 行.
SQL: SHOW COLUMNS FROM `reg_task` [ RunTime:0.0053s ]
SQL: SELECT TE.CODE,TA.SCORE,TA.SUGGEST FROM reg_task AS TA left join reg_teacher AS TE on TA.pwid=TE.id  WHERE `projectid` = '6'  [ RunTime:0.0003s ]
SQL: SHOW COLUMNS FROM `reg_college` [ RunTime:0.0052s ]
SQL: SELECT * FROM `reg_college` WHERE `id` = 1 LIMIT 1   [ RunTime:0.0003s ]
SQL: SELECT * FROM `reg_college` WHERE `id` = 1 LIMIT 1   [ RunTime:0.0002s ]
SQL: SELECT * FROM `reg_college`  [ RunTime:0.0002s ]
INFO: [ view_parse ] --START--
INFO: [ template_filter ] --START--
INFO: Run Behavior\ContentReplaceBehavior [ RunTime:0.000088s ]
INFO: [ template_filter ] --END-- [ RunTime:0.000233s ]
INFO: Run Behavior\ParseTemplateBehavior [ RunTime:0.046754s ]
INFO: [ view_parse ] --END-- [ RunTime:0.046896s ]
INFO: [ view_filter ] --START--
INFO: Run Behavior\WriteHtmlCacheBehavior [ RunTime:0.000499s ]
INFO: [ view_filter ] --END-- [ RunTime:0.000617s ]
INFO: [ app_end ] --START--
INFO: Run Behavior\ShowPageTraceBehavior [ RunTime:0.000727s ]
INFO: [ app_end ] --END-- [ RunTime:0.000846s ]

[ 2016-11-11T17:38:14+08:00 ] 127.0.0.1 /signup/admin.php/Home/Reginfo/getAllInfo.html
INFO: [ app_init ] --START--
INFO: Run Behavior\BuildLiteBehavior [ RunTime:0.000028s ]
INFO: [ app_init ] --END-- [ RunTime:0.000540s ]
INFO: [ app_begin ] --START--
INFO: Run Behavior\ReadHtmlCacheBehavior [ RunTime:0.000499s ]
INFO: [ app_begin ] --END-- [ RunTime:0.000622s ]
SQL: SHOW COLUMNS FROM `reg_admin` [ RunTime:0.0058s ]
SQL: SELECT * FROM `reg_admin` WHERE `id` = 1 AND `username` = 'admin' LIMIT 1   [ RunTime:0.0003s ]
SQL: SHOW COLUMNS FROM `reg_reginfo` [ RunTime:0.0055s ]
SQL: SELECT * FROM `reg_reginfo` WHERE `id` = 6 LIMIT 1   [ RunTime:0.0005s ]
NOTIC: [8] Undefined index: ppt D:\phpStudy\WWW\signup\Admin\Home\Model\CommonModel.class.php 第 179 行.
NOTIC: [8] Undefined index: tupian D:\phpStudy\WWW\signup\Admin\Home\Model\CommonModel.class.php 第 182 行.
NOTIC: [8] Undefined index: shuoming D:\phpStudy\WWW\signup\Admin\Home\Model\CommonModel.class.php 第 185 行.
INFO: [ app_end ] --START--
INFO: Run Behavior\ShowPageTraceBehavior [ RunTime:0.000943s ]
INFO: [ app_end ] --END-- [ RunTime:0.001156s ]

[ 2016-11-11T17:48:37+08:00 ] 127.0.0.1 /signup/admin.php/Home/Reginfo/reginfo/m/1.html
INFO: [ app_init ] --START--
INFO: Run Behavior\BuildLiteBehavior [ RunTime:0.000032s ]
INFO: [ app_init ] --END-- [ RunTime:0.000593s ]
INFO: [ app_begin ] --START--
INFO: Run Behavior\ReadHtmlCacheBehavior [ RunTime:0.000662s ]
INFO: [ app_begin ] --END-- [ RunTime:0.000817s ]
SQL: SHOW COLUMNS FROM `reg_admin` [ RunTime:0.0060s ]
SQL: SELECT * FROM `reg_admin` WHERE `id` = 1 AND `username` = 'admin' LIMIT 1   [ RunTime:0.0003s ]
SQL: SHOW COLUMNS FROM `reg_match` [ RunTime:0.0063s ]
SQL: SELECT * FROM `reg_match` WHERE `id` = 1 LIMIT 1   [ RunTime:0.0003s ]
SQL: SHOW COLUMNS FROM `reg_reginfo` [ RunTime:0.0063s ]
SQL: SELECT * FROM `reg_reginfo` WHERE `matchid` = 1 ORDER BY date desc  [ RunTime:0.0005s ]
SQL: SHOW COLUMNS FROM `reg_task` [ RunTime:0.0054s ]
SQL: SELECT TE.CODE,TA.SCORE,TA.SUGGEST FROM reg_task AS TA left join reg_teacher AS TE on TA.pwid=TE.id  WHERE `projectid` = '7'  [ RunTime:0.0004s ]
NOTIC: [2] Division by zero D:\phpStudy\WWW\signup\Admin\Home\Model\CommonModel.class.php 第 79 行.
SQL: SHOW COLUMNS FROM `reg_task` [ RunTime:0.0055s ]
SQL: SELECT TE.CODE,TA.SCORE,TA.SUGGEST FROM reg_task AS TA left join reg_teacher AS TE on TA.pwid=TE.id  WHERE `projectid` = '6'  [ RunTime:0.0004s ]
SQL: SHOW COLUMNS FROM `reg_college` [ RunTime:0.0065s ]
SQL: SELECT * FROM `reg_college` WHERE `id` = 1 LIMIT 1   [ RunTime:0.0004s ]
SQL: SELECT * FROM `reg_college` WHERE `id` = 1 LIMIT 1   [ RunTime:0.0002s ]
SQL: SELECT * FROM `reg_college`  [ RunTime:0.0002s ]
INFO: [ view_parse ] --START--
INFO: [ template_filter ] --START--
INFO: Run Behavior\ContentReplaceBehavior [ RunTime:0.000094s ]
INFO: [ template_filter ] --END-- [ RunTime:0.000224s ]
INFO: Run Behavior\ParseTemplateBehavior [ RunTime:0.024403s ]
INFO: [ view_parse ] --END-- [ RunTime:0.024535s ]
INFO: [ view_filter ] --START--
INFO: Run Behavior\WriteHtmlCacheBehavior [ RunTime:0.000655s ]
INFO: [ view_filter ] --END-- [ RunTime:0.000809s ]
INFO: [ app_end ] --START--
INFO: Run Behavior\ShowPageTraceBehavior [ RunTime:0.000751s ]
INFO: [ app_end ] --END-- [ RunTime:0.000889s ]

[ 2016-11-11T17:48:39+08:00 ] 127.0.0.1 /signup/admin.php/Home/Reginfo/getAllInfo.html
INFO: [ app_init ] --START--
INFO: Run Behavior\BuildLiteBehavior [ RunTime:0.000027s ]
INFO: [ app_init ] --END-- [ RunTime:0.000427s ]
INFO: [ app_begin ] --START--
INFO: Run Behavior\ReadHtmlCacheBehavior [ RunTime:0.000409s ]
INFO: [ app_begin ] --END-- [ RunTime:0.000512s ]
SQL: SHOW COLUMNS FROM `reg_admin` [ RunTime:0.0066s ]
SQL: SELECT * FROM `reg_admin` WHERE `id` = 1 AND `username` = 'admin' LIMIT 1   [ RunTime:0.0003s ]
SQL: SHOW COLUMNS FROM `reg_reginfo` [ RunTime:0.0068s ]
SQL: SELECT * FROM `reg_reginfo` WHERE `id` = 6 LIMIT 1   [ RunTime:0.0004s ]
NOTIC: [8] Undefined index: ppt D:\phpStudy\WWW\signup\Admin\Home\Model\CommonModel.class.php 第 179 行.
NOTIC: [8] Undefined index: tupian D:\phpStudy\WWW\signup\Admin\Home\Model\CommonModel.class.php 第 182 行.
NOTIC: [8] Undefined index: shuoming D:\phpStudy\WWW\signup\Admin\Home\Model\CommonModel.class.php 第 185 行.
SQL: SHOW COLUMNS FROM `reg_task` [ RunTime:0.0050s ]
SQL: SELECT * FROM `reg_task` WHERE `projectid` = 6  [ RunTime:0.0003s ]
SQL: SHOW COLUMNS FROM `reg_teacher` [ RunTime:0.0048s ]
SQL: SELECT `code` FROM `reg_teacher` WHERE `id` = 5 LIMIT 1   [ RunTime:0.0006s ]
SQL: SELECT `code` FROM `reg_teacher` WHERE `id` = 3 LIMIT 1   [ RunTime:0.0004s ]
INFO: [ app_end ] --START--
INFO: Run Behavior\ShowPageTraceBehavior [ RunTime:0.001018s ]
INFO: [ app_end ] --END-- [ RunTime:0.001213s ]

[ 2016-11-11T17:49:11+08:00 ] 127.0.0.1 /signup/admin.php/Home/Reginfo/reginfo/m/1.html
INFO: [ app_init ] --START--
INFO: Run Behavior\BuildLiteBehavior [ RunTime:0.000025s ]
INFO: [ app_init ] --END-- [ RunTime:0.000422s ]
INFO: [ app_begin ] --START--
INFO: Run Behavior\ReadHtmlCacheBehavior [ RunTime:0.000430s ]
INFO: [ app_begin ] --END-- [ RunTime:0.000573s ]
SQL: SHOW COLUMNS FROM `reg_admin` [ RunTime:0.0073s ]
SQL: SELECT * FROM `reg_admin` WHERE `id` = 1 AND `username` = 'admin' LIMIT 1   [ RunTime:0.0003s ]
SQL: SHOW COLUMNS FROM `reg_match` [ RunTime:0.0059s ]
SQL: SELECT * FROM `reg_match` WHERE `id` = 1 LIMIT 1   [ RunTime:0.0004s ]
SQL: SHOW COLUMNS FROM `reg_reginfo` [ RunTime:0.0052s ]
SQL: SELECT * FROM `reg_reginfo` WHERE `matchid` = 1 ORDER BY date desc  [ RunTime:0.0003s ]
SQL: SHOW COLUMNS FROM `reg_task` [ RunTime:0.0051s ]
SQL: SELECT TE.CODE,TA.SCORE,TA.SUGGEST FROM reg_task AS TA left join reg_teacher AS TE on TA.pwid=TE.id  WHERE `projectid` = '7'  [ RunTime:0.0006s ]
NOTIC: [2] Division by zero D:\phpStudy\WWW\signup\Admin\Home\Model\CommonModel.class.php 第 79 行.
SQL: SHOW COLUMNS FROM `reg_task` [ RunTime:0.0057s ]
SQL: SELECT TE.CODE,TA.SCORE,TA.SUGGEST FROM reg_task AS TA left join reg_teacher AS TE on TA.pwid=TE.id  WHERE `projectid` = '6'  [ RunTime:0.0003s ]
SQL: SHOW COLUMNS FROM `reg_college` [ RunTime:0.0047s ]
SQL: SELECT * FROM `reg_college` WHERE `id` = 1 LIMIT 1   [ RunTime:0.0003s ]
SQL: SELECT * FROM `reg_college` WHERE `id` = 1 LIMIT 1   [ RunTime:0.0003s ]
SQL: SELECT * FROM `reg_college`  [ RunTime:0.0002s ]
INFO: [ view_parse ] --START--
INFO: [ template_filter ] --START--
INFO: Run Behavior\ContentReplaceBehavior [ RunTime:0.000093s ]
INFO: [ template_filter ] --END-- [ RunTime:0.000239s ]
INFO: Run Behavior\ParseTemplateBehavior [ RunTime:0.017842s ]
INFO: [ view_parse ] --END-- [ RunTime:0.017986s ]
INFO: [ view_filter ] --START--
INFO: Run Behavior\WriteHtmlCacheBehavior [ RunTime:0.000524s ]
INFO: [ view_filter ] --END-- [ RunTime:0.000654s ]
INFO: [ app_end ] --START--
INFO: Run Behavior\ShowPageTraceBehavior [ RunTime:0.000567s ]
INFO: [ app_end ] --END-- [ RunTime:0.000684s ]

[ 2016-11-11T17:49:13+08:00 ] 127.0.0.1 /signup/admin.php/Home/Reginfo/getAllInfo.html
INFO: [ app_init ] --START--
INFO: Run Behavior\BuildLiteBehavior [ RunTime:0.000028s ]
INFO: [ app_init ] --END-- [ RunTime:0.000506s ]
INFO: [ app_begin ] --START--
INFO: Run Behavior\ReadHtmlCacheBehavior [ RunTime:0.000449s ]
INFO: [ app_begin ] --END-- [ RunTime:0.000551s ]
SQL: SHOW COLUMNS FROM `reg_admin` [ RunTime:0.0066s ]
SQL: SELECT * FROM `reg_admin` WHERE `id` = 1 AND `username` = 'admin' LIMIT 1   [ RunTime:0.0004s ]
SQL: SHOW COLUMNS FROM `reg_reginfo` [ RunTime:0.0067s ]
SQL: SELECT * FROM `reg_reginfo` WHERE `id` = 6 LIMIT 1   [ RunTime:0.0004s ]
NOTIC: [8] Undefined index: ppt D:\phpStudy\WWW\signup\Admin\Home\Model\CommonModel.class.php 第 179 行.
NOTIC: [8] Undefined index: tupian D:\phpStudy\WWW\signup\Admin\Home\Model\CommonModel.class.php 第 182 行.
NOTIC: [8] Undefined index: shuoming D:\phpStudy\WWW\signup\Admin\Home\Model\CommonModel.class.php 第 185 行.
SQL: SHOW COLUMNS FROM `reg_task` [ RunTime:0.0049s ]
SQL: SELECT * FROM `reg_task` WHERE `projectid` = 6  [ RunTime:0.0003s ]
SQL: SHOW COLUMNS FROM `reg_teacher` [ RunTime:0.0055s ]
SQL: SELECT `code` FROM `reg_teacher` WHERE `id` = 5 LIMIT 1   [ RunTime:0.0005s ]
SQL: SELECT `code` FROM `reg_teacher` WHERE `id` = 3 LIMIT 1   [ RunTime:0.0005s ]
INFO: [ app_end ] --START--
INFO: Run Behavior\ShowPageTraceBehavior [ RunTime:0.000685s ]
INFO: [ app_end ] --END-- [ RunTime:0.000809s ]

[ 2016-11-11T17:49:28+08:00 ] 127.0.0.1 /signup/admin.php/Home/Account/stuList.html
INFO: [ app_init ] --START--
INFO: Run Behavior\BuildLiteBehavior [ RunTime:0.000046s ]
INFO: [ app_init ] --END-- [ RunTime:0.000567s ]
INFO: [ app_begin ] --START--
INFO: Run Behavior\ReadHtmlCacheBehavior [ RunTime:0.000491s ]
INFO: [ app_begin ] --END-- [ RunTime:0.000655s ]
SQL: SHOW COLUMNS FROM `reg_admin` [ RunTime:0.0075s ]
SQL: SELECT * FROM `reg_admin` WHERE `id` = 1 AND `username` = 'admin' LIMIT 1   [ RunTime:0.0004s ]
SQL: SHOW COLUMNS FROM `reg_student` [ RunTime:0.0056s ]
NOTIC: [8] Undefined index: p D:\phpStudy\WWW\signup\Admin\Home\Controller\AccountController.class.php 第 111 行.
SQL: SELECT * FROM `reg_student` ORDER BY id desc LIMIT 0,20   [ RunTime:0.0005s ]
SQL: SHOW COLUMNS FROM `reg_match` [ RunTime:0.0053s ]
SQL: SELECT `title` FROM `reg_match` WHERE `id` = 3 LIMIT 1   [ RunTime:0.0003s ]
SQL: SHOW COLUMNS FROM `reg_college` [ RunTime:0.0049s ]
SQL: SELECT `college` FROM `reg_college` WHERE `id` = 1 LIMIT 1   [ RunTime:0.0003s ]
SQL: SELECT `title` FROM `reg_match` WHERE `id` = 1 LIMIT 1   [ RunTime:0.0002s ]
SQL: SELECT `college` FROM `reg_college` WHERE `id` = 2 LIMIT 1   [ RunTime:0.0002s ]
SQL: SELECT `title` FROM `reg_match` WHERE `id` = 1 LIMIT 1   [ RunTime:0.0002s ]
SQL: SELECT `college` FROM `reg_college` WHERE `id` = 1 LIMIT 1   [ RunTime:0.0002s ]
SQL: SELECT `title` FROM `reg_match` WHERE `id` = 1 LIMIT 1   [ RunTime:0.0002s ]
SQL: SELECT `college` FROM `reg_college` WHERE `id` = 2 LIMIT 1   [ RunTime:0.0003s ]
SQL: SELECT `title` FROM `reg_match` WHERE `id` = 1 LIMIT 1   [ RunTime:0.0004s ]
SQL: SELECT `college` FROM `reg_college` WHERE `id` = 1 LIMIT 1   [ RunTime:0.0004s ]
SQL: SELECT COUNT(*) AS tp_count FROM `reg_student` LIMIT 1   [ RunTime:0.0002s ]
SQL: SHOW COLUMNS FROM `reg_match` [ RunTime:0.0053s ]
SQL: SELECT * FROM `reg_match`  [ RunTime:0.0003s ]
SQL: SELECT * FROM `reg_college`  [ RunTime:0.0002s ]
INFO: [ view_parse ] --START--
INFO: [ template_filter ] --START--
INFO: Run Behavior\ContentReplaceBehavior [ RunTime:0.000088s ]
INFO: [ template_filter ] --END-- [ RunTime:0.000231s ]
INFO: Run Behavior\ParseTemplateBehavior [ RunTime:0.017706s ]
INFO: [ view_parse ] --END-- [ RunTime:0.017851s ]
INFO: [ view_filter ] --START--
INFO: Run Behavior\WriteHtmlCacheBehavior [ RunTime:0.000454s ]
INFO: [ view_filter ] --END-- [ RunTime:0.000570s ]
INFO: [ app_end ] --START--
INFO: Run Behavior\ShowPageTraceBehavior [ RunTime:0.000479s ]
INFO: [ app_end ] --END-- [ RunTime:0.000604s ]

[ 2016-11-11T17:49:30+08:00 ] 127.0.0.1 /signup/admin.php/Home/Type/index.html
INFO: [ app_init ] --START--
INFO: Run Behavior\BuildLiteBehavior [ RunTime:0.000028s ]
INFO: [ app_init ] --END-- [ RunTime:0.000556s ]
INFO: [ app_begin ] --START--
INFO: Run Behavior\ReadHtmlCacheBehavior [ RunTime:0.000435s ]
INFO: [ app_begin ] --END-- [ RunTime:0.000605s ]
SQL: SHOW COLUMNS FROM `reg_type` [ RunTime:0.0077s ]
SQL: SELECT * FROM `reg_type`  [ RunTime:0.0003s ]
INFO: [ view_parse ] --START--
INFO: [ template_filter ] --START--
INFO: Run Behavior\ContentReplaceBehavior [ RunTime:0.000102s ]
INFO: [ template_filter ] --END-- [ RunTime:0.000275s ]
INFO: Run Behavior\ParseTemplateBehavior [ RunTime:0.012084s ]
INFO: [ view_parse ] --END-- [ RunTime:0.012223s ]
INFO: [ view_filter ] --START--
INFO: Run Behavior\WriteHtmlCacheBehavior [ RunTime:0.000340s ]
INFO: [ view_filter ] --END-- [ RunTime:0.000454s ]
INFO: [ app_end ] --START--
INFO: Run Behavior\ShowPageTraceBehavior [ RunTime:0.000510s ]
INFO: [ app_end ] --END-- [ RunTime:0.000639s ]

[ 2016-11-11T17:50:19+08:00 ] 127.0.0.1 /signup/admin.php/Home/Login/logout.html
INFO: [ app_init ] --START--
INFO: Run Behavior\BuildLiteBehavior [ RunTime:0.000038s ]
INFO: [ app_init ] --END-- [ RunTime:0.000647s ]
INFO: [ app_begin ] --START--
INFO: Run Behavior\ReadHtmlCacheBehavior [ RunTime:0.000480s ]
INFO: [ app_begin ] --END-- [ RunTime:0.000612s ]
INFO: [ view_parse ] --START--
INFO: [ template_filter ] --START--
INFO: Run Behavior\ContentReplaceBehavior [ RunTime:0.000139s ]
INFO: [ template_filter ] --END-- [ RunTime:0.000418s ]
INFO: Run Behavior\ParseTemplateBehavior [ RunTime:0.007348s ]
INFO: [ view_parse ] --END-- [ RunTime:0.007576s ]
INFO: [ view_filter ] --START--
INFO: Run Behavior\WriteHtmlCacheBehavior [ RunTime:0.000716s ]
INFO: [ view_filter ] --END-- [ RunTime:0.001070s ]
INFO: [ app_end ] --START--
INFO: Run Behavior\ShowPageTraceBehavior [ RunTime:0.000876s ]
INFO: [ app_end ] --END-- [ RunTime:0.001132s ]

[ 2016-11-11T17:50:20+08:00 ] 127.0.0.1 /signup/admin.php/Home/Login/index.html
INFO: [ app_init ] --START--
INFO: Run Behavior\BuildLiteBehavior [ RunTime:0.000031s ]
INFO: [ app_init ] --END-- [ RunTime:0.000561s ]
INFO: [ app_begin ] --START--
INFO: Run Behavior\ReadHtmlCacheBehavior [ RunTime:0.000566s ]
INFO: [ app_begin ] --END-- [ RunTime:0.000737s ]
INFO: [ view_parse ] --START--
INFO: [ template_filter ] --START--
INFO: Run Behavior\ContentReplaceBehavior [ RunTime:0.000080s ]
INFO: [ template_filter ] --END-- [ RunTime:0.000228s ]
INFO: Run Behavior\ParseTemplateBehavior [ RunTime:0.006841s ]
INFO: [ view_parse ] --END-- [ RunTime:0.006996s ]
INFO: [ view_filter ] --START--
INFO: Run Behavior\WriteHtmlCacheBehavior [ RunTime:0.000324s ]
INFO: [ view_filter ] --END-- [ RunTime:0.000493s ]
INFO: [ app_end ] --START--
INFO: Run Behavior\ShowPageTraceBehavior [ RunTime:0.000525s ]
INFO: [ app_end ] --END-- [ RunTime:0.000646s ]

[ 2016-11-11T17:50:20+08:00 ] 127.0.0.1 /signup/admin.php/Home/Login/verify.html
INFO: [ app_init ] --START--
INFO: Run Behavior\BuildLiteBehavior [ RunTime:0.000061s ]
INFO: [ app_init ] --END-- [ RunTime:0.001054s ]
INFO: [ app_begin ] --START--
INFO: Run Behavior\ReadHtmlCacheBehavior [ RunTime:0.000984s ]
INFO: [ app_begin ] --END-- [ RunTime:0.001280s ]
INFO: [ app_end ] --START--
INFO: Run Behavior\ShowPageTraceBehavior [ RunTime:0.000740s ]
INFO: [ app_end ] --END-- [ RunTime:0.000916s ]

